1000 1.00001e-010 1.00001e-010 0 0
2000 -3.33338e-011 -3.33338e-011 0 0
3000 -6.19278e-018 -6.19278e-018 0 0
4000 8.84682e-019 8.84682e-019 0 0
5000 2.45537e-025 2.45537e-025 0 0
6000 -3.63861e-026 -3.63861e-026 0 0
7000 8.64138e-027 8.64138e-027 0 0
8000 2.64203e-027 2.64203e-027 0 0
9000 2.64203e-027 2.64203e-027 0 0
10000 5.88338e-027 5.88338e-027 0 0
11000 -1.74721e-026 -1.74721e-026 0 0
12000 2.06363e-026 2.06363e-026 0 0
13000 -2.17329e-026 -2.17329e-026 0 0
14000 1.446e-026 1.446e-026 0 0
15000 -1.80541e-026 -1.80541e-026 0 0
16000 1.91782e-026 1.91782e-026 0 0
17000 -1.86561e-026 -1.86561e-026 0 0
18000 1.88007e-026 1.88007e-026 0 0
19000 6.50908e-027 6.50908e-027 0 0
20000 -3.19807e-026 -3.19807e-026 0 0
21000 1.7122e-026 1.7122e-026 0 0
22000 1.4501e-026 1.4501e-026 0 0
23000 -1.93029e-026 -1.93029e-026 0 0
24000 1.86922e-026 1.86922e-026 0 0
25000 -1.83308e-026 -1.83308e-026 0 0
26000 1.86922e-026 1.86922e-026 0 0
27000 -2.12469e-026 -2.12469e-026 0 0
28000 1.96643e-026 1.96643e-026 0 0
29000 6.50908e-027 6.50908e-027 0 0
30000 -3.19807e-026 -3.19807e-026 0 0
31000 1.7122e-026 1.7122e-026 0 0
32000 1.4501e-026 1.4501e-026 0 0
33000 -1.93029e-026 -1.93029e-026 0 0
34000 1.86922e-026 1.86922e-026 0 0
35000 -1.83308e-026 -1.83308e-026 0 0
36000 1.86922e-026 1.86922e-026 0 0
37000 -1.83308e-026 -1.83308e-026 0 0
38000 1.86922e-026 1.86922e-026 0 0
39000 -2.12469e-026 -2.12469e-026 0 0
40000 1.96643e-026 1.96643e-026 0 0
41000 6.50908e-027 6.50908e-027 0 0
42000 -3.19807e-026 -3.19807e-026 0 0
43000 1.7122e-026 1.7122e-026 0 0
44000 1.4501e-026 1.4501e-026 0 0
45000 -1.93029e-026 -1.93029e-026 0 0
46000 1.86922e-026 1.86922e-026 0 0
47000 -1.83308e-026 -1.83308e-026 0 0
48000 1.86922e-026 1.86922e-026 0 0
49000 -2.12469e-026 -2.12469e-026 0 0
50000 1.96643e-026 1.96643e-026 0 0
51000 6.50908e-027 6.50908e-027 0 0
52000 -3.19807e-026 -3.19807e-026 0 0
53000 1.7122e-026 1.7122e-026 0 0
54000 1.4501e-026 1.4501e-026 0 0
55000 -1.93029e-026 -1.93029e-026 0 0
56000 1.86922e-026 1.86922e-026 0 0
57000 -1.83308e-026 -1.83308e-026 0 0
58000 1.86922e-026 1.86922e-026 0 0
59000 -2.12469e-026 -2.12469e-026 0 0
60000 1.96643e-026 1.96643e-026 0 0
61000 6.50908e-027 6.50908e-027 0 0
62000 -3.19807e-026 -3.19807e-026 0 0
63000 4.52033e-026 4.52033e-026 0 0
64000 -3.87104e-026 -3.87104e-026 0 0
65000 2.30814e-026 2.30814e-026 0 0
66000 -1.86561e-026 -1.86561e-026 0 0
67000 1.88007e-026 1.88007e-026 0 0
68000 6.50908e-027 6.50908e-027 0 0
69000 -3.19807e-026 -3.19807e-026 0 0
70000 1.7122e-026 1.7122e-026 0 0
71000 1.4501e-026 1.4501e-026 0 0
72000 -1.93029e-026 -1.93029e-026 0 0
73000 1.86922e-026 1.86922e-026 0 0
74000 -1.83308e-026 -1.83308e-026 0 0
75000 1.86922e-026 1.86922e-026 0 0
76000 -2.12469e-026 -2.12469e-026 0 0
77000 1.96643e-026 1.96643e-026 0 0
78000 6.50908e-027 6.50908e-027 0 0
79000 -3.19807e-026 -3.19807e-026 0 0
80000 1.7122e-026 1.7122e-026 0 0
81000 1.4501e-026 1.4501e-026 0 0
82000 -1.93029e-026 -1.93029e-026 0 0
83000 1.86922e-026 1.86922e-026 0 0
84000 -1.83308e-026 -1.83308e-026 0 0
85000 1.86922e-026 1.86922e-026 0 0
86000 -2.12469e-026 -2.12469e-026 0 0
87000 1.96643e-026 1.96643e-026 0 0
88000 6.50908e-027 6.50908e-027 0 0
89000 -3.19807e-026 -3.19807e-026 0 0
90000 1.7122e-026 1.7122e-026 0 0
91000 1.4501e-026 1.4501e-026 0 0
92000 -1.93029e-026 -1.93029e-026 0 0
93000 1.86922e-026 1.86922e-026 0 0
94000 -1.80056e-026 -1.80056e-026 0 0
95000 1.85838e-026 1.85838e-026 0 0
96000 -1.97889e-026 -1.97889e-026 0 0
97000 1.8853e-026 1.8853e-026 0 0
98000 -1.96804e-026 -1.96804e-026 0 0
99000 1.8853e-026 1.8853e-026 0 0
100000 6.6175e-027 6.6175e-027 0 0
101000 -2.67764e-026 -2.67764e-026 0 0
102000 1.30991e-026 1.30991e-026 0 0
103000 -1.83357e-026 -1.83357e-026 0 0
104000 1.96643e-026 1.96643e-026 0 0
105000 -1.83308e-026 -1.83308e-026 0 0
106000 1.86922e-026 1.86922e-026 0 0
107000 -2.12469e-026 -2.12469e-026 0 0
108000 1.96643e-026 1.96643e-026 0 0
109000 6.50908e-027 6.50908e-027 0 0
110000 -3.19807e-026 -3.19807e-026 0 0
111000 1.7122e-026 1.7122e-026 0 0
112000 1.4501e-026 1.4501e-026 0 0
113000 -1.93029e-026 -1.93029e-026 0 0
114000 1.86922e-026 1.86922e-026 0 0
115000 -1.83308e-026 -1.83308e-026 0 0
116000 1.86922e-026 1.86922e-026 0 0
117000 -2.12469e-026 -2.12469e-026 0 0
118000 1.96643e-026 1.96643e-026 0 0
119000 6.50908e-027 6.50908e-027 0 0
120000 -3.19807e-026 -3.19807e-026 0 0
121000 1.7122e-026 1.7122e-026 0 0
122000 1.4501e-026 1.4501e-026 0 0
123000 -1.93029e-026 -1.93029e-026 0 0
124000 1.86922e-026 1.86922e-026 0 0
125000 -1.80056e-026 -1.80056e-026 0 0
126000 1.85838e-026 1.85838e-026 0 0
127000 -1.97889e-026 -1.97889e-026 0 0
128000 1.62509e-026 1.62509e-026 0 0
129000 7.48488e-027 7.48488e-027 0 0
130000 -3.23059e-026 -3.23059e-026 0 0
131000 4.53117e-026 4.53117e-026 0 0
132000 -3.72523e-026 -3.72523e-026 0 0
133000 1.73912e-026 1.73912e-026 0 0
134000 -1.80541e-026 -1.80541e-026 0 0
135000 1.3974e-026 1.3974e-026 0 0
136000 -1.95122e-026 -1.95122e-026 0 0
137000 1.96643e-026 1.96643e-026 0 0
138000 -1.86561e-026 -1.86561e-026 0 0
139000 1.88007e-026 1.88007e-026 0 0
140000 6.50908e-027 6.50908e-027 0 0
141000 -3.19807e-026 -3.19807e-026 0 0
142000 1.7122e-026 1.7122e-026 0 0
143000 1.4501e-026 1.4501e-026 0 0
144000 -1.93029e-026 -1.93029e-026 0 0
145000 1.86922e-026 1.86922e-026 0 0
146000 -1.83308e-026 -1.83308e-026 0 0
147000 1.86922e-026 1.86922e-026 0 0
148000 -2.12469e-026 -2.12469e-026 0 0
149000 1.96643e-026 1.96643e-026 0 0
150000 6.50908e-027 6.50908e-027 0 0
151000 -3.19807e-026 -3.19807e-026 0 0
152000 4.52033e-026 4.52033e-026 0 0
153000 -3.87104e-026 -3.87104e-026 0 0
154000 2.30814e-026 2.30814e-026 0 0
155000 -1.86561e-026 -1.86561e-026 0 0
156000 1.88007e-026 1.88007e-026 0 0
157000 6.50908e-027 6.50908e-027 0 0
158000 -3.19807e-026 -3.19807e-026 0 0
159000 4.52033e-026 4.52033e-026 0 0
160000 -3.87104e-026 -3.87104e-026 0 0
161000 2.30814e-026 2.30814e-026 0 0
162000 -2.12469e-026 -2.12469e-026 0 0
163000 1.96643e-026 1.96643e-026 0 0
164000 -1.83308e-026 -1.83308e-026 0 0
165000 1.86922e-026 1.86922e-026 0 0
166000 -1.83308e-026 -1.83308e-026 0 0
167000 1.86922e-026 1.86922e-026 0 0
168000 -2.12469e-026 -2.12469e-026 0 0
169000 1.96643e-026 1.96643e-026 0 0
170000 6.50908e-027 6.50908e-027 0 0
171000 -3.19807e-026 -3.19807e-026 0 0
172000 4.52033e-026 4.52033e-026 0 0
173000 -3.87104e-026 -3.87104e-026 0 0
174000 2.30814e-026 2.30814e-026 0 0
175000 -1.86561e-026 -1.86561e-026 0 0
176000 1.88007e-026 1.88007e-026 0 0
177000 6.50908e-027 6.50908e-027 0 0
178000 -3.19807e-026 -3.19807e-026 0 0
179000 1.7122e-026 1.7122e-026 0 0
180000 1.4501e-026 1.4501e-026 0 0
181000 -1.93029e-026 -1.93029e-026 0 0
182000 1.86922e-026 1.86922e-026 0 0
183000 -1.83308e-026 -1.83308e-026 0 0
184000 1.86922e-026 1.86922e-026 0 0
185000 -2.12469e-026 -2.12469e-026 0 0
186000 1.96643e-026 1.96643e-026 0 0
187000 6.50908e-027 6.50908e-027 0 0
188000 -3.19807e-026 -3.19807e-026 0 0
189000 1.7122e-026 1.7122e-026 0 0
190000 1.4501e-026 1.4501e-026 0 0
191000 -1.93029e-026 -1.93029e-026 0 0
192000 1.86922e-026 1.86922e-026 0 0
193000 -1.83308e-026 -1.83308e-026 0 0
194000 1.86922e-026 1.86922e-026 0 0
195000 -2.12469e-026 -2.12469e-026 0 0
196000 1.96643e-026 1.96643e-026 0 0
197000 6.50908e-027 6.50908e-027 0 0
198000 -3.19807e-026 -3.19807e-026 0 0
199000 1.7122e-026 1.7122e-026 0 0
200000 1.4501e-026 1.4501e-026 0 0
200100 -5.72463e-025 -5.72463e-025 0 0
200200 1.2671e-024 1.2671e-024 0 0
200300 -1.64356e-024 -1.64356e-024 0 0
200400 1.13867e-024 1.13867e-024 0 0
200500 4.27712e-025 4.27712e-025 0 0
200600 -2.40995e-024 -2.40995e-024 0 0
200700 3.66586e-024 3.66586e-024 0 0
200800 -1.53641e-024 -1.53641e-024 0 0
200900 -2.28083e-024 -2.28083e-024 0 0
201000 2.16387e-024 2.16387e-024 0 0
201100 -1.15884e-024 -1.15884e-024 0 0
201200 4.34221e-025 4.34221e-025 0 0
201300 -1.54764e-026 -1.54764e-026 0 0
201400 2.62905e-025 2.62905e-025 0 0
201500 -1.55479e-025 -1.55479e-025 0 0
201600 -3.67544e-025 -3.67544e-025 0 0
201700 4.42598e-025 4.42598e-025 0 0
201800 -2.17187e-025 -2.17187e-025 0 0
201900 -2.85612e-026 -2.85612e-026 0 0
202000 2.92951e-025 2.92951e-025 0 0
202100 -3.77536e-025 -3.77536e-025 0 0
202200 3.66642e-025 3.66642e-025 0 0
202300 -3.98432e-025 -3.98432e-025 0 0
202400 2.26044e-025 2.26044e-025 0 0
202500 2.29786e-025 2.29786e-025 0 0
202600 -3.98432e-025 -3.98432e-025 0 0
202700 2.26044e-025 2.26044e-025 0 0
202800 2.29786e-025 2.29786e-025 0 0
202900 -3.98432e-025 -3.98432e-025 0 0
203000 2.26044e-025 2.26044e-025 0 0
203100 2.29786e-025 2.29786e-025 0 0
203200 -3.98432e-025 -3.98432e-025 0 0
203300 2.26044e-025 2.26044e-025 0 0
203400 2.29786e-025 2.29786e-025 0 0
203500 -3.98432e-025 -3.98432e-025 0 0
203600 2.26044e-025 2.26044e-025 0 0
203700 2.29786e-025 2.29786e-025 0 0
203800 -3.98432e-025 -3.98432e-025 0 0
203900 2.26044e-025 2.26044e-025 0 0
204000 2.29786e-025 2.29786e-025 0 0
204100 -3.98432e-025 -3.98432e-025 0 0
204200 1.24981e-025 1.24981e-025 0 0
204300 1.0133e-025 1.0133e-025 0 0
204400 2.34646e-025 2.34646e-025 0 0
204500 -3.77536e-025 -3.77536e-025 0 0
204600 3.66642e-025 3.66642e-025 0 0
204700 -3.98432e-025 -3.98432e-025 0 0
204800 2.26044e-025 2.26044e-025 0 0
204900 2.29786e-025 2.29786e-025 0 0
205000 -3.98432e-025 -3.98432e-025 0 0
205100 2.26044e-025 2.26044e-025 0 0
205200 2.29786e-025 2.29786e-025 0 0
205300 -3.98432e-025 -3.98432e-025 0 0
205400 2.26044e-025 2.26044e-025 0 0
205500 2.29786e-025 2.29786e-025 0 0
205600 -3.98432e-025 -3.98432e-025 0 0
205700 2.26044e-025 2.26044e-025 0 0
205800 2.29786e-025 2.29786e-025 0 0
205900 -3.98432e-025 -3.98432e-025 0 0
206000 2.26044e-025 2.26044e-025 0 0
206100 2.29786e-025 2.29786e-025 0 0
206200 -3.98432e-025 -3.98432e-025 0 0
206300 2.26044e-025 2.26044e-025 0 0
206400 2.29786e-025 2.29786e-025 0 0
206500 -3.98432e-025 -3.98432e-025 0 0
206600 2.26044e-025 2.26044e-025 0 0
206700 2.29786e-025 2.29786e-025 0 0
206800 -3.98432e-025 -3.98432e-025 0 0
206900 2.26044e-025 2.26044e-025 0 0
207000 2.29786e-025 2.29786e-025 0 0
207100 -3.98432e-025 -3.98432e-025 0 0
207200 2.26044e-025 2.26044e-025 0 0
207300 2.29786e-025 2.29786e-025 0 0
207400 -3.98432e-025 -3.98432e-025 0 0
207500 2.26044e-025 2.26044e-025 0 0
207600 2.29786e-025 2.29786e-025 0 0
207700 -3.98432e-025 -3.98432e-025 0 0
207800 2.26044e-025 2.26044e-025 0 0
207900 2.29786e-025 2.29786e-025 0 0
208000 -3.98432e-025 -3.98432e-025 0 0
208100 2.26044e-025 2.26044e-025 0 0
208200 2.29786e-025 2.29786e-025 0 0
208300 -3.98432e-025 -3.98432e-025 0 0
208400 2.26044e-025 2.26044e-025 0 0
208500 2.29786e-025 2.29786e-025 0 0
208600 -3.98432e-025 -3.98432e-025 0 0
208700 2.26044e-025 2.26044e-025 0 0
208800 2.29786e-025 2.29786e-025 0 0
208900 -3.98432e-025 -3.98432e-025 0 0
209000 2.26044e-025 2.26044e-025 0 0
209100 2.29786e-025 2.29786e-025 0 0
209200 -3.98432e-025 -3.98432e-025 0 0
209300 2.26044e-025 2.26044e-025 0 0
209400 2.29786e-025 2.29786e-025 0 0
209500 -3.98432e-025 -3.98432e-025 0 0
209600 2.26044e-025 2.26044e-025 0 0
209700 2.29786e-025 2.29786e-025 0 0
209800 -3.98432e-025 -3.98432e-025 0 0
209900 2.26044e-025 2.26044e-025 0 0
210000 2.29786e-025 2.29786e-025 0 0
211000 1.00234e-025 1.00234e-025 0 0
212000 2.26044e-026 2.26044e-026 0 0
213000 2.29786e-026 2.29786e-026 0 0
214000 -3.98433e-026 -3.98433e-026 0 0
215000 2.26044e-026 2.26044e-026 0 0
216000 2.29786e-026 2.29786e-026 0 0
217000 -3.98433e-026 -3.98433e-026 0 0
218000 2.26044e-026 2.26044e-026 0 0
219000 2.29786e-026 2.29786e-026 0 0
220000 -3.98433e-026 -3.98433e-026 0 0
221000 2.26044e-026 2.26044e-026 0 0
222000 2.29786e-026 2.29786e-026 0 0
223000 -3.98433e-026 -3.98433e-026 0 0
224000 2.26044e-026 2.26044e-026 0 0
225000 2.29786e-026 2.29786e-026 0 0
226000 -3.98433e-026 -3.98433e-026 0 0
227000 2.26044e-026 2.26044e-026 0 0
228000 2.29786e-026 2.29786e-026 0 0
229000 -3.98433e-026 -3.98433e-026 0 0
230000 2.26044e-026 2.26044e-026 0 0
231000 2.29786e-026 2.29786e-026 0 0
232000 -3.98433e-026 -3.98433e-026 0 0
233000 2.26044e-026 2.26044e-026 0 0
234000 2.29786e-026 2.29786e-026 0 0
235000 -3.98433e-026 -3.98433e-026 0 0
236000 2.26044e-026 2.26044e-026 0 0
237000 2.29786e-026 2.29786e-026 0 0
238000 -3.98433e-026 -3.98433e-026 0 0
239000 2.26044e-026 2.26044e-026 0 0
240000 2.29786e-026 2.29786e-026 0 0
241000 -3.98433e-026 -3.98433e-026 0 0
242000 2.26044e-026 2.26044e-026 0 0
243000 2.29786e-026 2.29786e-026 0 0
244000 -3.98433e-026 -3.98433e-026 0 0
245000 2.26044e-026 2.26044e-026 0 0
246000 2.29786e-026 2.29786e-026 0 0
247000 -3.98433e-026 -3.98433e-026 0 0
248000 2.26044e-026 2.26044e-026 0 0
249000 2.29786e-026 2.29786e-026 0 0
250000 -3.98433e-026 -3.98433e-026 0 0
251000 2.26044e-026 2.26044e-026 0 0
252000 2.29786e-026 2.29786e-026 0 0
253000 -3.98433e-026 -3.98433e-026 0 0
254000 2.26044e-026 2.26044e-026 0 0
255000 2.29786e-026 2.29786e-026 0 0
256000 -3.98433e-026 -3.98433e-026 0 0
257000 2.26044e-026 2.26044e-026 0 0
258000 2.29786e-026 2.29786e-026 0 0
259000 -3.98433e-026 -3.98433e-026 0 0
260000 2.26044e-026 2.26044e-026 0 0
261000 2.29786e-026 2.29786e-026 0 0
262000 -3.98433e-026 -3.98433e-026 0 0
263000 2.26044e-026 2.26044e-026 0 0
264000 2.29786e-026 2.29786e-026 0 0
265000 -3.98433e-026 -3.98433e-026 0 0
266000 1.24981e-026 1.24981e-026 0 0
267000 1.0133e-026 1.0133e-026 0 0
268000 2.34646e-026 2.34646e-026 0 0
269000 -3.83853e-026 -3.83853e-026 0 0
270000 1.20121e-026 1.20121e-026 0 0
271000 1.26596e-026 1.26596e-026 0 0
272000 2.40804e-026 2.40804e-026 0 0
273000 -1.99219e-026 -1.99219e-026 0 0
274000 -1.07272e-026 -1.07272e-026 0 0
275000 -1.88413e-027 -1.88413e-027 0 0
276000 1.55936e-026 1.55936e-026 0 0
277000 -2.51697e-026 -2.51697e-026 0 0
278000 1.05873e-026 1.05873e-026 0 0
279000 -7.84439e-027 -7.84439e-027 0 0
280000 5.48724e-027 5.48724e-027 0 0
281000 -1.16946e-026 -1.16946e-026 0 0
282000 -5.80381e-027 -5.80381e-027 0 0
283000 3.31182e-026 3.31182e-026 0 0
284000 3.4e-027 3.4e-027 0 0
285000 -1.57471e-026 -1.57471e-026 0 0
286000 4.3872e-026 4.3872e-026 0 0
287000 -3.02878e-026 -3.02878e-026 0 0
288000 -1.63788e-026 -1.63788e-026 0 0
289000 4.59934e-026 4.59934e-026 0 0
290000 -8.81418e-026 -8.81418e-026 0 0
291000 3.91056e-026 3.91056e-026 0 0
292000 -1.45948e-026 -1.45948e-026 0 0
293000 4.7646e-026 4.7646e-026 0 0
294000 -8.2894e-026 -8.2894e-026 0 0
295000 4.24095e-026 4.24095e-026 0 0
296000 -8.95748e-027 -8.95748e-027 0 0
297000 5.81576e-026 5.81576e-026 0 0
298000 -3.04002e-026 -3.04002e-026 0 0
299000 -2.20478e-026 -2.20478e-026 0 0
300000 -6.66185e-027 -6.66185e-027 0 0
301000 2.33348e-026 2.33348e-026 0 0
302000 -6.70062e-026 -6.70062e-026 0 0
303000 7.53849e-026 7.53849e-026 0 0
304000 -3.54708e-026 -3.54708e-026 0 0
305000 2.68666e-026 2.68666e-026 0 0
306000 -1.22123e-026 -1.22123e-026 0 0
307000 1.36496e-026 1.36496e-026 0 0
308000 -1.273e-026 -1.273e-026 0 0
309000 -1.23467e-026 -1.23467e-026 0 0
310000 3.72311e-026 3.72311e-026 0 0
311000 -5.94898e-026 -5.94898e-026 0 0
312000 3.63663e-026 3.63663e-026 0 0
313000 -2.11407e-026 -2.11407e-026 0 0
314000 6.07635e-026 6.07635e-026 0 0
315000 1.53876e-026 1.53876e-026 0 0
316000 -8.57767e-026 -8.57767e-026 0 0
317000 3.9704e-026 3.9704e-026 0 0
318000 -6.61308e-026 -6.61308e-026 0 0
319000 5.73901e-026 5.73901e-026 0 0
320000 -2.67719e-026 -2.67719e-026 0 0
321000 6.58166e-026 6.58166e-026 0 0
322000 -4.02153e-026 -4.02153e-026 0 0
323000 -3.32581e-026 -3.32581e-026 0 0
324000 6.20554e-026 6.20554e-026 0 0
325000 -3.51131e-026 -3.51131e-026 0 0
326000 3.23214e-026 3.23214e-026 0 0
327000 5.77853e-027 5.77853e-027 0 0
328000 -1.16297e-026 -1.16297e-026 0 0
329000 -4.58398e-026 -4.58398e-026 0 0
330000 5.26011e-026 5.26011e-026 0 0
331000 -3.28951e-026 -3.28951e-026 0 0
332000 -2.03497e-026 -2.03497e-026 0 0
333000 2.45619e-026 2.45619e-026 0 0
334000 -8.81183e-027 -8.81183e-027 0 0
335000 1.97064e-026 1.97064e-026 0 0
336000 -4.71165e-026 -4.71165e-026 0 0
337000 4.43361e-026 4.43361e-026 0 0
338000 4.29536e-026 4.29536e-026 0 0
339000 -6.58237e-026 -6.58237e-026 0 0
340000 5.61917e-026 5.61917e-026 0 0
341000 -7.47475e-026 -7.47475e-026 0 0
342000 7.93204e-026 7.93204e-026 0 0
343000 -4.89301e-026 -4.89301e-026 0 0
344000 1.91391e-026 1.91391e-026 0 0
345000 2.68825e-026 2.68825e-026 0 0
346000 -5.62509e-026 -5.62509e-026 0 0
347000 4.61012e-026 4.61012e-026 0 0
348000 -5.05502e-026 -5.05502e-026 0 0
349000 4.39308e-026 4.39308e-026 0 0
350000 1.35395e-026 1.35395e-026 0 0
351000 -2.715e-026 -2.715e-026 0 0
352000 3.01193e-026 3.01193e-026 0 0
353000 -2.715e-026 -2.715e-026 0 0
354000 3.01193e-026 3.01193e-026 0 0
355000 -2.715e-026 -2.715e-026 0 0
356000 3.01193e-026 3.01193e-026 0 0
357000 -2.65183e-026 -2.65183e-026 0 0
358000 -2.40098e-026 -2.40098e-026 0 0
359000 3.84249e-026 3.84249e-026 0 0
360000 1.71679e-026 1.71679e-026 0 0
361000 -2.958e-026 -2.958e-026 0 0
362000 -3.06667e-027 -3.06667e-027 0 0
363000 1.54141e-026 1.54141e-026 0 0
364000 -4.87399e-026 -4.87399e-026 0 0
365000 5.48206e-026 5.48206e-026 0 0
366000 -4.34875e-026 -4.34875e-026 0 0
367000 6.00843e-026 6.00843e-026 0 0
368000 -6.0981e-026 -6.0981e-026 0 0
369000 4.8175e-026 4.8175e-026 0 0
370000 -2.61576e-026 -2.61576e-026 0 0
371000 -1.32206e-026 -1.32206e-026 0 0
372000 -1.24938e-026 -1.24938e-026 0 0
373000 1.3907e-026 1.3907e-026 0 0
374000 1.56743e-026 1.56743e-026 0 0
375000 -2.28046e-026 -2.28046e-026 0 0
376000 1.09525e-027 1.09525e-027 0 0
377000 4.58014e-027 4.58014e-027 0 0
378000 -5.50795e-027 -5.50795e-027 0 0
379000 4.58014e-027 4.58014e-027 0 0
380000 -2.59196e-027 -2.59196e-027 0 0
381000 -1.04193e-027 -1.04193e-027 0 0
382000 -4.10286e-028 -4.10286e-028 0 0
383000 -4.16847e-027 -4.16847e-027 0 0
384000 4.58014e-027 4.58014e-027 0 0
385000 -5.50795e-027 -5.50795e-027 0 0
386000 4.58014e-027 4.58014e-027 0 0
387000 -5.50795e-027 -5.50795e-027 0 0
388000 4.58014e-027 4.58014e-027 0 0
389000 -5.50795e-027 -5.50795e-027 0 0
390000 4.58014e-027 4.58014e-027 0 0
391000 -5.50795e-027 -5.50795e-027 0 0
392000 4.58014e-027 4.58014e-027 0 0
393000 -2.59196e-027 -2.59196e-027 0 0
394000 -1.04193e-027 -1.04193e-027 0 0
395000 -4.10286e-028 -4.10286e-028 0 0
396000 -4.16847e-027 -4.16847e-027 0 0
397000 4.58014e-027 4.58014e-027 0 0
398000 -5.50795e-027 -5.50795e-027 0 0
399000 4.58014e-027 4.58014e-027 0 0
400000 -2.59196e-027 -2.59196e-027 0 0
401000 -1.04193e-027 -1.04193e-027 0 0
402000 -4.10286e-028 -4.10286e-028 0 0
403000 -1.25248e-027 -1.25248e-027 0 0
404000 -1.04193e-027 -1.04193e-027 0 0
405000 -4.10286e-028 -4.10286e-028 0 0
406000 -4.16847e-027 -4.16847e-027 0 0
407000 4.58014e-027 4.58014e-027 0 0
408000 -5.50795e-027 -5.50795e-027 0 0
409000 4.58014e-027 4.58014e-027 0 0
410000 -2.59196e-027 -2.59196e-027 0 0
0.01 1.0975e-015 1.0975e-015 -3.17047e-015 -3.17047e-015
0.02 0.0776431 0.0776431 0.0764042 0.0764042
0.03 0.144544 0.144544 0.14677 0.14677
0.04 0.247132 0.247132 0.243015 0.243015
0.05 0.343843 0.343843 0.348247 0.348247
0.06 0.47647 0.47647 0.469942 0.469942
0.07 0.577276 0.577276 0.583457 0.583457
0.08 0.708952 0.708952 0.701396 0.701396
0.09 0.789034 0.789034 0.795198 0.795198
0.1 0.888153 0.888153 0.881609 0.881609
0.11 0.928422 0.928422 0.932555 0.932555
0.12 0.971102 0.971102 0.967414 0.967414
0.13 0.971673 0.971673 0.967624 0.967624
0.14 0.971004 0.971004 0.967495 0.967495
0.15 0.972915 0.972915 0.968903 0.968903
0.16 0.977616 0.977616 0.973972 0.973972
0.17 0.989491 0.989491 0.986244 0.986244
0.18 1.01143 1.01143 1.0065 1.0065
0.19 1.04323 1.04323 1.04102 1.04102
0.2 1.09656 1.09656 1.09057 1.09057
0.21 1.16007 1.16007 1.16114 1.16114
0.22 1.25793 1.25793 1.24993 1.24993
0.23 1.36415 1.36415 1.36427 1.36427
0.24 1.51283 1.51283 1.50193 1.50193
0.25 1.66292 1.66292 1.6649 1.6649
0.26 1.85949 1.85949 1.8485 1.8485
0.27 2.04796 2.04796 2.05132 2.05132
0.28 2.2759 2.2759 2.2655 2.2655
0.29 2.4895 2.4895 2.49126 2.49126
0.3 2.72236 2.72236 2.71444 2.71444
0.31 2.93672 2.93672 2.9351 2.9351
0.32 3.14256 3.14256 3.13814 3.13814
0.33 3.33254 3.33254 3.32681 3.32681
0.34 3.48305 3.48305 3.48231 3.48231
0.35 3.61908 3.61908 3.60975 3.60975
0.36 3.68999 3.68999 3.69207 3.69207
0.37 3.75056 3.75056 3.73905 3.73905
0.38 3.74825 3.74825 3.73886 3.73886
0.39 3.75043 3.75043 3.73924 3.73924
0.4 3.74802 3.74802 3.73903 3.73903
0.41 3.75307 3.75307 3.74238 3.74238
0.42 3.7588 3.7588 3.7497 3.7497
0.43 3.77538 3.77538 3.76527 3.76527
0.44 3.79835 3.79835 3.78919 3.78919
0.45 3.83803 3.83803 3.82769 3.82769
0.46 3.88921 3.88921 3.88001 3.88001
0.47 3.9613 3.9613 3.95063 3.95063
0.48 4.04695 4.04695 4.03797 4.03797
0.49 4.15552 4.15552 4.1441 4.1441
0.5 4.27432 4.27432 4.26613 4.26613
0.51 4.41808 4.41808 4.40589 4.40589
0.52 4.56333 4.56333 4.55603 4.55603
0.53 4.7298 4.7298 4.71675 4.71675
0.54 4.88653 4.88653 4.88002 4.88002
0.55 5.05883 5.05883 5.04545 5.04545
0.56 5.20821 5.20821 5.20212 5.20212
0.57 5.36417 5.36417 5.35118 5.35118
0.58 5.48746 5.48746 5.48129 5.48129
0.59 5.60692 5.60692 5.59486 5.59486
0.6 5.68652 5.68652 5.67972 5.67972
0.61 5.75299 5.75299 5.74234 5.74234
0.62 5.77955 5.77955 5.77186 5.77186
0.63 5.78291 5.78291 5.77374 5.77374
0.64 5.77953 5.77953 5.77349 5.77349
0.65 5.78281 5.78281 5.77395 5.77395
0.66 5.78086 5.78086 5.77523 5.77523
0.67 5.78927 5.78927 5.78059 5.78059
0.68 5.79661 5.79661 5.79137 5.79137
0.69 5.81756 5.81756 5.8095 5.8095
0.7 5.84512 5.84512 5.83958 5.83958
0.71 5.88975 5.88975 5.88052 5.88052
0.72 5.93895 5.93895 5.93419 5.93419
0.73 6.01099 6.01099 6.00214 6.00214
0.74 6.08767 6.08767 6.08365 6.08365
0.75 6.1861 6.1861 6.17778 6.17778
0.76 6.28758 6.28758 6.28425 6.28425
0.77 6.40599 6.40599 6.39833 6.39833
0.78 6.52327 6.52327 6.52057 6.52057
0.79 6.65064 6.65064 6.64372 6.64372
0.8 6.76971 6.76971 6.76759 6.76759
0.81 6.89188 6.89188 6.88574 6.88574
0.82 6.99662 6.99662 6.99488 6.99488
0.83 7.09714 7.09714 7.09167 7.09167
0.84 7.17522 7.17522 7.17386 7.17386
0.85 7.24157 7.24157 7.23684 7.23684
0.86 7.2831 7.2831 7.28092 7.28092
0.87 7.30923 7.30923 7.30361 7.30361
0.88 7.30626 7.30626 7.30421 7.30421
0.89 7.31003 7.31003 7.30473 7.30473
0.9 7.30622 7.30622 7.30431 7.30431
0.91 7.31103 7.31103 7.30583 7.30583
0.92 7.3114 7.3114 7.30966 7.30966
0.93 7.32417 7.32417 7.31905 7.31905
0.94 7.33453 7.33453 7.33272 7.33272
0.95 7.36205 7.36205 7.35769 7.35769
0.96 7.39078 7.39078 7.39029 7.39029
0.97 7.4385 7.4385 7.43425 7.43425
0.98 7.48793 7.48793 7.48764 7.48764
0.99 7.5577 7.5577 7.55369 7.55369
1 7.62832 7.62832 7.62815 7.62815
1.01 7.7163 7.7163 7.71274 7.71274
1.02 7.80327 7.80327 7.80313 7.80313
1.03 7.90222 7.90222 7.89929 7.89929
1.04 7.99561 7.99561 7.99546 7.99546
1.05 8.09466 8.09466 8.09242 8.09242
1.06 8.18353 8.18353 8.1834 8.1834
1.07 8.26965 8.26965 8.26895 8.26895
1.08 8.34208 8.34208 8.34295 8.34295
1.09 8.40671 8.40671 8.40626 8.40626
1.1 8.4532 8.4532 8.45415 8.45415
1.11 8.48911 8.48911 8.48863 8.48863
1.12 8.50438 8.50438 8.5055 8.5055
1.13 8.50803 8.50803 8.50606 8.50606
1.14 8.50435 8.50435 8.5056 8.5056
1.15 8.50802 8.50802 8.50605 8.50605
1.16 8.50517 8.50517 8.5064 8.5064
1.17 8.51269 8.51269 8.5107 8.5107
1.18 8.51681 8.51681 8.51798 8.51798
1.19 8.53354 8.53354 8.53157 8.53157
1.2 8.54986 8.54986 8.55091 8.55091
1.21 8.58138 8.58138 8.57896 8.57896
1.22 8.61503 8.61503 8.61586 8.61586
1.23 8.66358 8.66358 8.66167 8.66167
1.24 8.71573 8.71573 8.71648 8.71648
1.25 8.78192 8.78192 8.7801 8.7801
1.26 8.84963 8.84963 8.85012 8.85012
1.27 8.92796 8.92796 8.92615 8.92615
1.28 9.0038 9.0038 9.00467 9.00467
1.29 9.0863 9.0863 9.08444 9.08444
1.3 9.16162 9.16162 9.16267 9.16267
1.31 9.23984 9.23984 9.2379 9.2379
1.32 9.30481 9.30481 9.30608 9.30608
1.33 9.3687 9.3687 9.36667 9.36667
1.34 9.41519 9.41519 9.41663 9.41663
1.35 9.45808 9.45808 9.45603 9.45603
1.36 9.48111 9.48111 9.48261 9.48261
1.37 9.49912 9.49912 9.49707 9.49707
1.38 9.49593 9.49593 9.49671 9.49671
1.39 9.49907 9.49907 9.49712 9.49712
1.4 9.49595 9.49595 9.49672 9.49672
1.41 9.49977 9.49977 9.49788 9.49788
1.42 9.50034 9.50034 9.50107 9.50107
1.43 9.51048 9.51048 9.50861 9.50861
1.44 9.51946 9.51946 9.52015 9.52015
1.45 9.54036 9.54036 9.53848 9.53848
1.46 9.56292 9.56292 9.56359 9.56359
1.47 9.59881 9.59881 9.59694 9.59694
1.48 9.63671 9.63671 9.6374 9.6374
1.49 9.68899 9.68899 9.68712 9.68712
1.5 9.7423 9.7423 9.743 9.743
1.51 9.8075 9.8075 9.80567 9.80567
1.52 9.87141 9.87141 9.8721 9.8721
1.53 9.94304 9.94304 9.94131 9.94131
1.54 10.0099 10.0099 10.0106 10.0106
1.55 10.0806 10.0806 10.079 10.079
1.56 10.1426 10.1426 10.1432 10.1432
1.57 10.204 10.204 10.2026 10.2026
1.58 10.2534 10.2534 10.2539 10.2539
1.59 10.2989 10.2989 10.2976 10.2976
1.6 10.3301 10.3301 10.3305 10.3305
1.61 10.355 10.355 10.3539 10.3539
1.62 10.3648 10.3648 10.3651 10.3651
1.63 10.3669 10.3669 10.3656 10.3656
1.64 10.3648 10.3648 10.3653 10.3653
1.65 10.3669 10.3669 10.3656 10.3656
1.66 10.3656 10.3656 10.3661 10.3661
1.67 10.371 10.371 10.3697 10.3697
1.68 10.3758 10.3758 10.3763 10.3763
1.69 10.3889 10.3889 10.3877 10.3877
1.7 10.4043 10.4043 10.4047 10.4047
1.71 10.4296 10.4296 10.4285 10.4285
1.72 10.4584 10.4584 10.4588 10.4588
1.73 10.4989 10.4989 10.4979 10.4979
1.74 10.5424 10.5424 10.5428 10.5428
1.75 10.5951 10.5951 10.5941 10.5941
1.76 10.6512 10.6512 10.6517 10.6517
1.77 10.7136 10.7136 10.7127 10.7127
1.78 10.7752 10.7752 10.7759 10.7759
1.79 10.8399 10.8399 10.839 10.839
1.8 10.8996 10.8996 10.9004 10.9004
1.81 10.9594 10.9594 10.9585 10.9585
1.82 11.0107 11.0107 11.0116 11.0116
1.83 11.0585 11.0585 11.0576 11.0576
1.84 11.0949 11.0949 11.0959 11.0959
1.85 11.1267 11.1267 11.1259 11.1259
1.86 11.1453 11.1453 11.1462 11.1462
1.87 11.1578 11.1578 11.1571 11.1571
1.88 11.1567 11.1567 11.1572 11.1572
1.89 11.1577 11.1577 11.1574 11.1574
1.9 11.1568 11.1568 11.1572 11.1572
1.91 11.1585 11.1585 11.1583 11.1583
1.92 11.1611 11.1611 11.1613 11.1613
1.93 11.1686 11.1686 11.1684 11.1684
1.94 11.1789 11.1789 11.1791 11.1791
1.95 11.1967 11.1967 11.1965 11.1965
1.96 11.2192 11.2192 11.2195 11.2195
1.97 11.2498 11.2498 11.2498 11.2498
1.98 11.287 11.287 11.2873 11.2873
1.99 11.3316 11.3316 11.3317 11.3317
2 11.3819 11.3819 11.3821 11.3821
2.01 11.4387 11.4387 11.4389 11.4389
2.02 11.4971 11.4971 11.4972 11.4972
2.03 11.5589 11.5589 11.5595 11.5595
2.04 11.6197 11.6197 11.6197 11.6197
2.05 11.6792 11.6792 11.6801 11.6801
2.06 11.7357 11.7357 11.7356 11.7356
2.07 11.7857 11.7857 11.7869 11.7869
2.08 11.8311 11.8311 11.8308 11.8308
2.09 11.8667 11.8667 11.8681 11.8681
2.1 11.8962 11.8962 11.896 11.896
2.11 11.9144 11.9144 11.9157 11.9157
2.12 11.9257 11.9257 11.9254 11.9254
2.13 11.9252 11.9252 11.9257 11.9257
2.14 11.9257 11.9257 11.9256 11.9256
2.15 11.9251 11.9251 11.9256 11.9256
2.16 11.9266 11.9266 11.9265 11.9265
2.17 11.9293 11.9293 11.9298 11.9298
2.18 11.9368 11.9368 11.9364 11.9364
2.19 11.9471 11.9471 11.9476 11.9476
2.2 11.9649 11.9649 11.9645 11.9645
2.21 11.9867 11.9867 11.9873 11.9873
2.22 12.0177 12.0177 12.0171 12.0171
2.23 12.0533 12.0533 12.0539 12.0539
2.24 12.0983 12.0983 12.0975 12.0975
2.25 12.146 12.146 12.1465 12.1465
2.26 12.2022 12.2022 12.2013 12.2013
2.27 12.2584 12.2584 12.2589 12.2589
2.28 12.3191 12.3191 12.3181 12.3181
2.29 12.3772 12.3772 12.3776 12.3776
2.3 12.4354 12.4354 12.4344 12.4344
2.31 12.4883 12.4883 12.4885 12.4885
2.32 12.5386 12.5386 12.5376 12.5376
2.33 12.5796 12.5796 12.5797 12.5797
2.34 12.6158 12.6158 12.6148 12.6148
2.35 12.6418 12.6418 12.6419 12.6419
2.36 12.6615 12.6615 12.6605 12.6605
2.37 12.67 12.67 12.6702 12.6702
2.38 12.6716 12.6716 12.6703 12.6703
2.39 12.6699 12.6699 12.6703 12.6703
2.4 12.6717 12.6717 12.6703 12.6703
2.41 12.6708 12.6708 12.6713 12.6713
2.42 12.6761 12.6761 12.6747 12.6747
2.43 12.6811 12.6811 12.6816 12.6816
2.44 12.6944 12.6944 12.6929 12.6929
2.45 12.7096 12.7096 12.7101 12.7101
2.46 12.7343 12.7343 12.7329 12.7329
2.47 12.7629 12.7629 12.7634 12.7634
2.48 12.8015 12.8015 12.8001 12.8001
2.49 12.8438 12.8438 12.8444 12.8444
2.5 12.8958 12.8958 12.8943 12.8943
2.51 12.9481 12.9481 12.949 12.949
2.52 13.0083 13.0083 13.0068 13.0068
2.53 13.0657 13.0657 13.0668 13.0668
2.54 13.1274 13.1274 13.1258 13.1258
2.55 13.182 13.182 13.1835 13.1835
2.56 13.2387 13.2387 13.237 13.237
2.57 13.284 13.284 13.2857 13.2857
2.58 13.3296 13.3296 13.3278 13.3278
2.59 13.361 13.361 13.3628 13.3628
2.6 13.3914 13.3914 13.3896 13.3896
2.61 13.408 13.408 13.4098 13.4098
2.62 13.4253 13.4253 13.4232 13.4232
2.63 13.4225 13.4225 13.4234 13.4234
2.64 13.4253 13.4253 13.4235 13.4235
2.65 13.4225 13.4225 13.4234 13.4234
2.66 13.4265 13.4265 13.4247 13.4247
2.67 13.4273 13.4273 13.4282 13.4282
2.68 13.438 13.438 13.4361 13.4361
2.69 13.4473 13.4473 13.4482 13.4482
2.7 13.4693 13.4693 13.4674 13.4674
2.71 13.4911 13.4911 13.4921 13.4921
2.72 13.5287 13.5287 13.5265 13.5265
2.73 13.5662 13.5662 13.5671 13.5671
2.74 13.6187 13.6187 13.6165 13.6165
2.75 13.6709 13.6709 13.6716 13.6716
2.76 13.7364 13.7364 13.7343 13.7343
2.77 13.7972 13.7972 13.7975 13.7975
2.78 13.8673 13.8673 13.8653 13.8653
2.79 13.9315 13.9315 13.9315 13.9315
2.8 13.9983 13.9983 13.9967 13.9967
2.81 14.057 14.057 14.0568 14.0568
2.82 14.114 14.114 14.1124 14.1124
2.83 14.1601 14.1601 14.1596 14.1596
2.84 14.2014 14.2014 14.1996 14.1996
2.85 14.2298 14.2298 14.2293 14.2293
2.86 14.2525 14.2525 14.2506 14.2506
2.87 14.2609 14.2609 14.2606 14.2606
2.88 14.2641 14.2641 14.2611 14.2611
2.89 14.2608 14.2608 14.2609 14.2609
2.9 14.2641 14.2641 14.2611 14.2611
2.91 14.262 14.262 14.2621 14.2621
2.92 14.2691 14.2691 14.266 14.266
2.93 14.2733 14.2733 14.2733 14.2733
2.94 14.2886 14.2886 14.2856 14.2856
2.95 14.3036 14.3036 14.3035 14.3035
2.96 14.3302 14.3302 14.3269 14.3269
2.97 14.3607 14.3607 14.3608 14.3608
2.98 14.4037 14.4037 14.4007 14.4007
2.99 14.4476 14.4476 14.4474 14.4474
3 14.5035 14.5035 14.5004 14.5004
3.01 14.5589 14.5589 14.5587 14.5587
3.02 14.6238 14.6238 14.6205 14.6205
3.03 14.6838 14.6838 14.6835 14.6835
3.04 14.7498 14.7498 14.7463 14.7463
3.05 14.8074 14.8074 14.8072 14.8072
3.06 14.8675 14.8675 14.8637 14.8637
3.07 14.9147 14.9147 14.9146 14.9146
3.08 14.9631 14.9631 14.9591 14.9591
3.09 14.9954 14.9954 14.9952 14.9952
3.1 15.0275 15.0275 15.0235 15.0235
3.11 15.0443 15.0443 15.0442 15.0442
3.12 15.0601 15.0601 15.056 15.056
3.13 15.0566 15.0566 15.0559 15.0559
3.14 15.06 15.06 15.0561 15.0561
3.15 15.0565 15.0565 15.0559 15.0559
3.16 15.0613 15.0613 15.0575 15.0575
3.17 15.0618 15.0618 15.0612 15.0612
3.18 15.0731 15.0731 15.0692 15.0692
3.19 15.0822 15.0822 15.0817 15.0817
3.2 15.1043 15.1043 15.1005 15.1005
3.21 15.1269 15.1269 15.1265 15.1265
3.22 15.1641 15.1641 15.1602 15.1602
3.23 15.2018 15.2018 15.2014 15.2014
3.24 15.2546 15.2546 15.2507 15.2507
3.25 15.3062 15.3062 15.3057 15.3057
3.26 15.3704 15.3704 15.3665 15.3665
3.27 15.4308 15.4308 15.4302 15.4302
3.28 15.5 15.5 15.4962 15.4962
3.29 15.5621 15.5621 15.5614 15.5614
3.3 15.6281 15.6281 15.6245 15.6245
3.31 15.6838 15.6838 15.6829 15.6829
3.32 15.7394 15.7394 15.7358 15.7358
3.33 15.7821 15.7821 15.7812 15.7812
3.34 15.8225 15.8225 15.819 15.819
3.35 15.8488 15.8488 15.8478 15.8478
3.36 15.8708 15.8708 15.8674 15.8674
3.37 15.8781 15.8781 15.8773 15.8773
3.38 15.8812 15.8812 15.8777 15.8777
3.39 15.8781 15.8781 15.8775 15.8775
3.4 15.8812 15.8812 15.8777 15.8777
3.41 15.8796 15.8796 15.8791 15.8791
3.42 15.8865 15.8865 15.8831 15.8831
3.43 15.8914 15.8914 15.8909 15.8909
3.44 15.9067 15.9067 15.9034 15.9034
3.45 15.9226 15.9226 15.9221 15.9221
3.46 15.9509 15.9509 15.9478 15.9478
3.47 15.9818 15.9818 15.9813 15.9813
3.48 16.0247 16.0247 16.0216 16.0216
3.49 16.0702 16.0702 16.0699 16.0699
3.5 16.127 16.127 16.1238 16.1238
3.51 16.1837 16.1837 16.1836 16.1836
3.52 16.2489 16.2489 16.2456 16.2456
3.53 16.3096 16.3096 16.3098 16.3098
3.54 16.3759 16.3759 16.3723 16.3723
3.55 16.4329 16.4329 16.4332 16.4332
3.56 16.4928 16.4928 16.4892 16.4892
3.57 16.5393 16.5393 16.5398 16.5398
3.58 16.5866 16.5866 16.583 16.583
3.59 16.6183 16.6183 16.6187 16.6187
3.6 16.6496 16.6496 16.6462 16.6462
3.61 16.6658 16.6658 16.666 16.666
3.62 16.6803 16.6803 16.677 16.677
3.63 16.6777 16.6777 16.6773 16.6773
3.64 16.6802 16.6802 16.6774 16.6774
3.65 16.6778 16.6778 16.6773 16.6773
3.66 16.6818 16.6818 16.6791 16.6791
3.67 16.6836 16.6836 16.683 16.683
3.68 16.6943 16.6943 16.6917 16.6917
3.69 16.7049 16.7049 16.7045 16.7045
3.7 16.7278 16.7278 16.7251 16.7251
3.71 16.7521 16.7521 16.7517 16.7517
3.72 16.7907 16.7907 16.788 16.788
3.73 16.8312 16.8312 16.8308 16.8308
3.74 16.8853 16.8853 16.8828 16.8828
3.75 16.9404 16.9404 16.9398 16.9398
3.76 17.0078 17.0078 17.0061 17.0061
3.77 17.0707 17.0707 17.0697 17.0697
3.78 17.1401 17.1401 17.1384 17.1384
3.79 17.2064 17.2064 17.205 17.205
3.8 17.2716 17.2716 17.2704 17.2704
3.81 17.3313 17.3313 17.3297 17.3297
3.82 17.3849 17.3849 17.3839 17.3839
3.83 17.4313 17.4313 17.4297 17.4297
3.84 17.4689 17.4689 17.4678 17.4678
3.85 17.498 17.498 17.4966 17.4966
3.86 17.5173 17.5173 17.516 17.516
3.87 17.527 17.527 17.5259 17.5259
3.88 17.5282 17.5282 17.5263 17.5263
3.89 17.527 17.527 17.5263 17.5263
3.9 17.5282 17.5282 17.5263 17.5263
3.91 17.5288 17.5288 17.5281 17.5281
3.92 17.5342 17.5342 17.5323 17.5323
3.93 17.542 17.542 17.5411 17.5411
3.94 17.5561 17.5561 17.5545 17.5545
3.95 17.5769 17.5769 17.5759 17.5759
3.96 17.6049 17.6049 17.6036 17.6036
3.97 17.6419 17.6419 17.6408 17.6408
3.98 17.6865 17.6865 17.6853 17.6853
3.99 17.7399 17.7399 17.7391 17.7391
4 17.7994 17.7994 17.7982 17.7982
4.01 17.8644 17.8644 17.8641 17.8641
4.02 17.9333 17.9333 17.932 17.932
4.03 18.0021 18.0021 18.0026 18.0026
4.04 18.0724 18.0724 18.071 18.071
4.05 18.1364 18.1364 18.1375 18.1375
4.06 18.1994 18.1994 18.1979 18.1979
4.07 18.2516 18.2516 18.253 18.253
4.08 18.3008 18.3008 18.2996 18.2996
4.09 18.3367 18.3367 18.338 18.338
4.1 18.3679 18.3679 18.3672 18.3672
4.11 18.3859 18.3859 18.3872 18.3872
4.12 18.3975 18.3975 18.3973 18.3973
4.13 18.3973 18.3973 18.3976 18.3976
4.14 18.3974 18.3974 18.3975 18.3975
4.15 18.3971 18.3971 18.3983 18.3983
4.16 18.3993 18.3993 18.3995 18.3995
4.17 18.4037 18.4037 18.4041 18.4041
4.18 18.4128 18.4128 18.4128 18.4128
4.19 18.4263 18.4263 18.4269 18.4269
4.2 18.4485 18.4485 18.4482 18.4482
4.21 18.4765 18.4765 18.4773 18.4773
4.22 18.5151 18.5151 18.5146 18.5146
4.23 18.5597 18.5597 18.5605 18.5605
4.24 18.6148 18.6148 18.6142 18.6142
4.25 18.6747 18.6747 18.675 18.675
4.26 18.741 18.741 18.7407 18.7407
4.27 18.8104 18.8104 18.8101 18.8101
4.28 18.88 18.88 18.88 18.88
4.29 18.9504 18.9504 18.9494 18.9494
4.3 19.0145 19.0145 19.0147 19.0147
4.31 19.0771 19.0771 19.0756 19.0756
4.32 19.129 19.129 19.1293 19.1293
4.33 19.1777 19.1777 19.176 19.176
4.34 19.2129 19.2129 19.213 19.213
4.35 19.2451 19.2451 19.2435 19.2435
4.36 19.2788 19.2788 19.2795 19.2795
4.37 19.3113 19.3113 19.3103 19.3103
4.38 19.3103 19.3103 19.3104 19.3104
4.39 19.3114 19.3114 19.3106 19.3106
4.4 19.3133 19.3133 19.3141 19.3141
4.41 19.3173 19.3173 19.3168 19.3168
4.42 19.321 19.321 19.3223 19.3223
4.43 19.3351 19.3351 19.334 19.334
4.44 19.3503 19.3503 19.3526 19.3526
4.45 19.3838 19.3838 19.3818 19.3818
4.46 19.4172 19.4172 19.4199 19.4199
4.47 19.475 19.475 19.4728 19.4728
4.48 19.5312 19.5312 19.5346 19.5346
4.49 19.6125 19.6125 19.6111 19.6111
4.5 19.6921 19.6921 19.6947 19.6947
4.51 19.7895 19.7895 19.7896 19.7896
4.52 19.8861 19.8861 19.8871 19.8871
4.53 19.9875 19.9875 19.9895 19.9895
4.54 20.09 20.09 20.0894 20.0894
4.55 20.1834 20.1834 20.1869 20.1869
4.56 20.2783 20.2783 20.2767 20.2767
4.57 20.3537 20.3537 20.3581 20.3581
4.58 20.4292 20.4292 20.4282 20.4282
4.59 20.4822 20.4822 20.4864 20.4864
4.6 20.5297 20.5297 20.5301 20.5301
4.61 20.5575 20.5575 20.5605 20.5605
4.62 20.5732 20.5732 20.5753 20.5753
4.63 20.5751 20.5751 20.5762 20.5762
4.64 20.573 20.573 20.576 20.576
4.65 20.5742 20.5742 20.5786 20.5786
4.66 20.575 20.575 20.5796 20.5796
4.67 20.582 20.582 20.5853 20.5853
4.68 20.5911 20.5911 20.5954 20.5954
4.69 20.6087 20.6087 20.6126 20.6126
4.7 20.6339 20.6339 20.6378 20.6378
4.71 20.6676 20.6676 20.6722 20.6722
4.72 20.7133 20.7133 20.7171 20.7171
4.73 20.7672 20.7672 20.7719 20.7719
4.74 20.8319 20.8319 20.8362 20.8362
4.75 20.9045 20.9045 20.9086 20.9086
4.76 20.9817 20.9817 20.9869 20.9869
4.77 21.0667 21.0667 21.0699 21.0699
4.78 21.147 21.147 21.1533 21.1533
4.79 21.2338 21.2338 21.236 21.236
4.8 21.3065 21.3065 21.3135 21.3135
4.81 21.3844 21.3844 21.386 21.386
4.82 21.4418 21.4418 21.4489 21.4489
4.83 21.5025 21.5025 21.5042 21.5042
4.84 21.5413 21.5413 21.5478 21.5478
4.85 21.5839 21.5839 21.5859 21.5859
4.86 21.6198 21.6198 21.6256 21.6256
4.87 21.6465 21.6465 21.6491 21.6491
4.88 21.6447 21.6447 21.6492 21.6492
4.89 21.6478 21.6478 21.6496 21.6496
4.9 21.6494 21.6494 21.6539 21.6539
4.91 21.6554 21.6554 21.657 21.657
4.92 21.6572 21.6572 21.6623 21.6623
4.93 21.674 21.674 21.6745 21.6745
4.94 21.6861 21.6861 21.6919 21.6919
4.95 21.7211 21.7211 21.7206 21.7206
4.96 21.7504 21.7504 21.7566 21.7566
4.97 21.8075 21.8075 21.8066 21.8066
4.98 21.8582 21.8582 21.864 21.864
4.99 21.9361 21.9361 21.9354 21.9354
5 22.0077 22.0077 22.0118 22.0118
5.01 22.097 22.097 22.0978 22.0978
5.02 22.1837 22.1837 22.1855 22.1855
5.03 22.2739 22.2739 22.2765 22.2765
5.04 22.3638 22.3638 22.3637 22.3637
5.05 22.4442 22.4442 22.4478 22.4478
5.06 22.5251 22.5251 22.524 22.524
5.07 22.5891 22.5891 22.5923 22.5923
5.08 22.6504 22.6504 22.6494 22.6494
5.09 22.6948 22.6948 22.6965 22.6965
5.1 22.731 22.731 22.7314 22.7314
5.11 22.7555 22.7555 22.7555 22.7555
5.12 22.7652 22.7652 22.7671 22.7671
5.13 22.7693 22.7693 22.7679 22.7679
5.14 22.7664 22.7664 22.7677 22.7677
5.15 22.7704 22.7704 22.7696 22.7696
5.16 22.7697 22.7697 22.771 22.771
5.17 22.7773 22.7773 22.7767 22.7767
5.18 22.7877 22.7877 22.788 22.788
5.19 22.8047 22.8047 22.805 22.805
5.2 22.8328 22.8328 22.8317 22.8317
5.21 22.8654 22.8654 22.8661 22.8661
5.22 22.9137 22.9137 22.9126 22.9126
5.23 22.9666 22.9666 22.9669 22.9669
5.24 23.0322 23.0322 23.0319 23.0319
5.25 23.1044 23.1044 23.1033 23.1033
5.26 23.1795 23.1795 23.181 23.181
5.27 23.2643 23.2643 23.261 23.261
5.28 23.3382 23.3382 23.3414 23.3414
5.29 23.4243 23.4243 23.4194 23.4194
5.3 23.4879 23.4879 23.492 23.492
5.31 23.5635 23.5635 23.5582 23.5582
5.32 23.6115 23.6115 23.615 23.615
5.33 23.668 23.668 23.6637 23.6637
5.34 23.6993 23.6993 23.7015 23.7015
5.35 23.7455 23.7455 23.7422 23.7422
5.36 23.7789 23.7789 23.7795 23.7795
5.37 23.8009 23.8009 23.8001 23.8001
5.38 23.8036 23.8036 23.8017 23.8017
5.39 23.8067 23.8067 23.802 23.802
5.4 23.8097 23.8097 23.8064 23.8064
5.41 23.817 23.817 23.8099 23.8099
5.42 23.8183 23.8183 23.816 23.816
5.43 23.8379 23.8379 23.8298 23.8298
5.44 23.8504 23.8504 23.849 23.849
5.45 23.8905 23.8905 23.8808 23.8808
5.46 23.9211 23.9211 23.9199 23.9199
5.47 23.985 23.985 23.9745 23.9745
5.48 24.0396 24.0396 24.0368 24.0368
5.49 24.1231 24.1231 24.1134 24.1134
5.5 24.2017 24.2017 24.1956 24.1956
5.51 24.2952 24.2952 24.2873 24.2873
5.52 24.3897 24.3897 24.3798 24.3798
5.53 24.4809 24.4809 24.4747 24.4747
5.54 24.5779 24.5779 24.5651 24.5651
5.55 24.6567 24.6567 24.6504 24.6504
5.56 24.741 24.741 24.7273 24.7273
5.57 24.8025 24.8025 24.7943 24.7943
5.58 24.8628 24.8628 24.8504 24.8504
5.59 24.9062 24.9062 24.8954 24.8954
5.6 24.9395 24.9395 24.9285 24.9285
5.61 24.9642 24.9642 24.9512 24.9512
5.62 24.9714 24.9714 24.9623 24.9623
5.63 24.9773 24.9773 24.9634 24.9634
5.64 24.9747 24.9747 24.9633 24.9633
5.65 24.9801 24.9801 24.9674 24.9674
5.66 24.9802 24.9802 24.968 24.968
5.67 24.9865 24.9865 24.9743 24.9743
5.68 25.0013 25.0013 24.9875 24.9875
5.69 25.0171 25.0171 25.0063 25.0063
5.7 25.0526 25.0526 25.0372 25.0372
5.71 25.0846 25.0846 25.0749 25.0749
5.72 25.1433 25.1433 25.1278 25.1278
5.73 25.1976 25.1976 25.1865 25.1865
5.74 25.2736 25.2736 25.2595 25.2595
5.75 25.3507 25.3507 25.3363 25.3363
5.76 25.4328 25.4328 25.4219 25.4219
5.77 25.5252 25.5252 25.5068 25.5068
5.78 25.6011 25.6011 25.5927 25.5927
5.79 25.6944 25.6944 25.6738 25.6738
5.8 25.7564 25.7564 25.7486 25.7486
5.81 25.8353 25.8353 25.8151 25.8151
5.82 25.881 25.881 25.8715 25.8715
5.83 25.9359 25.9359 25.9179 25.9179
5.84 25.9669 25.9669 25.9552 25.9552
5.85 26.0137 26.0137 25.9995 25.9995
5.86 26.0534 26.0534 26.04 26.04
5.87 26.0716 26.0716 26.062 26.062
5.88 26.0804 26.0804 26.0647 26.0647
5.89 26.0829 26.0829 26.0648 26.0648
5.9 26.0866 26.0866 26.0698 26.0698
5.91 26.0938 26.0938 26.0739 26.0739
5.92 26.097 26.097 26.0812 26.0812
5.93 26.1188 26.1188 26.0973 26.0973
5.94 26.1344 26.1344 26.1198 26.1198
5.95 26.1801 26.1801 26.157 26.157
5.96 26.2177 26.2177 26.2028 26.2028
5.97 26.2899 26.2899 26.2664 26.2664
5.98 26.3563 26.3563 26.339 26.339
5.99 26.4493 26.4493 26.4273 26.4273
6 26.5437 26.5437 26.5222 26.5222
6.01 26.6456 26.6456 26.6262 26.6262
6.02 26.7576 26.7576 26.7318 26.7318
6.03 26.8548 26.8548 26.837 26.837
6.04 26.9655 26.9655 26.9376 26.9376
6.05 27.0484 27.0484 27.0297 27.0297
6.06 27.1387 27.1387 27.1119 27.1119
6.07 27.2029 27.2029 27.1815 27.1815
6.08 27.2632 27.2632 27.2388 27.2388
6.09 27.3074 27.3074 27.2835 27.2835
6.1 27.3385 27.3385 27.3162 27.3162
6.11 27.3632 27.3632 27.338 27.338
6.12 27.37 27.37 27.3489 27.3489
6.13 27.3748 27.3748 27.3498 27.3498
6.14 27.3743 27.3743 27.3498 27.3498
6.15 27.3761 27.3761 27.3518 27.3518
6.16 27.3803 27.3803 27.356 27.356
6.17 27.3867 27.3867 27.3635 27.3635
6.18 27.4044 27.4044 27.3793 27.3793
6.19 27.4241 27.4241 27.402 27.402
6.2 27.4641 27.4641 27.4379 27.4379
6.21 27.5052 27.5052 27.4831 27.4831
6.22 27.5698 27.5698 27.544 27.544
6.23 27.6376 27.6376 27.6139 27.6139
6.24 27.7218 27.7218 27.6973 27.6973
6.25 27.813 27.813 27.7865 27.7865
6.26 27.9057 27.9057 27.8829 27.8829
6.27 28.0083 28.0083 27.9795 27.9795
6.28 28.0957 28.0957 28.0738 28.0738
6.29 28.1907 28.1907 28.1616 28.1616
6.3 28.2629 28.2629 28.2401 28.2401
6.31 28.3352 28.3352 28.3074 28.3074
6.32 28.3872 28.3872 28.3625 28.3625
6.33 28.4317 28.4317 28.4058 28.4058
6.34 28.4717 28.4717 28.447 28.447
6.35 28.5218 28.5218 28.5003 28.5003
6.36 28.5724 28.5724 28.5482 28.5482
6.37 28.5953 28.5953 28.5764 28.5764
6.38 28.6026 28.6026 28.5793 28.5793
6.39 28.6028 28.6028 28.5793 28.5793
6.4 28.6066 28.6066 28.5842 28.5842
6.41 28.6117 28.6117 28.5888 28.5888
6.42 28.6195 28.6195 28.5982 28.5982
6.43 28.6415 28.6415 28.6178 28.6178
6.44 28.6664 28.6664 28.6465 28.6465
6.45 28.7159 28.7159 28.6916 28.6916
6.46 28.7687 28.7687 28.7489 28.7489
6.47 28.8498 28.8498 28.8264 28.8264
6.48 28.9372 28.9372 28.916 28.916
6.49 29.0442 29.0442 29.0233 29.0233
6.5 29.1624 29.1624 29.1387 29.1387
6.51 29.2815 29.2815 29.2635 29.2635
6.52 29.4142 29.4142 29.3888 29.3888
6.53 29.5278 29.5278 29.5113 29.5113
6.54 29.6503 29.6503 29.6255 29.6255
6.55 29.7444 29.7444 29.727 29.727
6.56 29.8362 29.8362 29.814 29.814
6.57 29.9037 29.9037 29.8849 29.8849
6.58 29.9603 29.9603 29.9405 29.9405
6.59 30.0013 30.0013 29.982 29.982
6.6 30.03 30.03 30.0116 30.0116
6.61 30.0636 30.0636 30.0411 30.0411
6.62 30.0872 30.0872 30.0673 30.0673
6.63 30.0895 30.0895 30.0692 30.0692
6.64 30.0911 30.0911 30.0698 30.0698
6.65 30.0917 30.0917 30.0724 30.0724
6.66 30.0987 30.0987 30.0779 30.0779
6.67 30.106 30.106 30.088 30.088
6.68 30.1308 30.1308 30.1093 30.1093
6.69 30.1565 30.1565 30.14 30.14
6.7 30.2104 30.2104 30.1884 30.1884
6.71 30.2651 30.2651 30.2489 30.2489
6.72 30.3518 30.3518 30.3312 30.3312
6.73 30.4418 30.4418 30.4247 30.4247
6.74 30.5545 30.5545 30.5368 30.5368
6.75 30.6741 30.6741 30.6554 30.6554
6.76 30.7972 30.7972 30.7829 30.7829
6.77 30.9271 30.9271 30.9079 30.9079
6.78 31.0408 31.0408 31.0281 31.0281
6.79 31.1529 31.1529 31.1345 31.1345
6.8 31.2415 31.2415 31.2282 31.2282
6.81 31.3154 31.3154 31.3021 31.3021
6.82 31.3727 31.3727 31.3593 31.3593
6.83 31.4113 31.4113 31.4005 31.4005
6.84 31.4418 31.4418 31.4292 31.4292
6.85 31.457 31.457 31.4471 31.4471
6.86 31.4706 31.4706 31.4589 31.4589
6.87 31.4736 31.4736 31.4637 31.4637
6.88 31.4756 31.4756 31.4643 31.4643
6.89 31.4741 31.4741 31.4645 31.4645
6.9 31.4767 31.4767 31.4658 31.4658
6.91 31.4812 31.4812 31.4712 31.4712
6.92 31.4925 31.4925 31.4825 31.4825
6.93 31.5166 31.5166 31.5055 31.5055
6.94 31.5477 31.5477 31.5387 31.5387
6.95 31.602 31.602 31.5905 31.5905
6.96 31.6651 31.6651 31.6558 31.6558
6.97 31.7533 31.7533 31.7424 31.7424
6.98 31.8536 31.8536 31.842 31.842
6.99 31.9677 31.9677 31.959 31.959
7 32.0974 32.0974 32.0831 32.0831
7.01 32.2198 32.2198 32.2127 32.2127
7.02 32.3541 32.3541 32.3381 32.3381
7.03 32.4612 32.4612 32.453 32.453
7.04 32.5658 32.5658 32.5515 32.5515
7.05 32.6377 32.6377 32.6275 32.6275
7.06 32.6952 32.6952 32.6824 32.6824
7.07 32.7269 32.7269 32.7158 32.7158
7.08 32.7472 32.7472 32.7347 32.7347
7.09 32.7533 32.7533 32.7429 32.7429
7.1 32.7573 32.7573 32.7449 32.7449
7.11 32.756 32.756 32.746 32.746
7.12 32.7594 32.7594 32.7474 32.7474
7.13 32.7573 32.7573 32.7475 32.7475
7.14 32.7599 32.7599 32.7482 32.7482
7.15 32.7585 32.7585 32.7487 32.7487
7.16 32.7634 32.7634 32.7516 32.7516
7.17 32.7726 32.7726 32.7638 32.7638
7.18 32.8002 32.8002 32.7858 32.7858
7.19 32.8313 32.8313 32.8259 32.8259
7.2 32.9007 32.9007 32.8813 32.8813
7.21 32.9626 32.9626 32.9614 32.9614
7.22 33.0835 33.0835 33.0593 33.0593
7.23 33.1819 33.1819 33.1816 33.1816
7.24 33.3428 33.3428 33.3184 33.3184
7.25 33.4765 33.4765 33.4713 33.4713
7.26 33.6439 33.6439 33.6248 33.6248
7.27 33.7894 33.7894 33.7757 33.7757
7.28 33.9213 33.9213 33.9065 33.9065
7.29 34.0274 34.0274 34.0107 34.0107
7.3 34.0922 34.0922 34.0846 34.0846
7.31 34.1324 34.1324 34.1182 34.1182
7.32 34.1479 34.1479 34.1311 34.1311
7.33 34.1473 34.1473 34.1322 34.1322
7.34 34.15 34.15 34.1334 34.1334
7.35 34.1477 34.1477 34.1331 34.1331
7.36 34.1483 34.1483 34.1324 34.1324
7.37 34.0907 34.0907 34.0696 34.0696
7.38 33.8838 33.8838 33.9032 33.9032
7.39 33.8043 33.8043 33.8577 33.8577
7.4 33.8135 33.8135 33.8589 33.8589
7.41 33.8105 33.8105 33.8629 33.8629
7.42 33.8532 33.8532 33.8844 33.8844
7.43 33.851 33.851 33.9099 33.9099
7.44 33.9541 33.9541 33.9707 33.9707
7.45 33.9771 33.9771 34.0369 34.0369
7.46 34.138 34.138 34.151 34.151
7.47 34.2288 34.2288 34.2737 34.2737
7.48 34.4163 34.4163 34.4434 34.4434
7.49 34.61 34.61 34.6251 34.6251
7.5 34.792 34.792 34.8352 34.8352
7.51 35.0512 35.0512 35.0507 35.0507
7.52 35.2248 35.2248 35.2541 35.2541
7.53 35.4148 35.4148 35.4255 35.4255
7.54 35.5302 35.5302 35.5378 35.5378
7.55 35.58 35.58 35.5872 35.5872
7.56 35.5909 35.5909 35.5965 35.5965
7.57 35.5893 35.5893 35.5961 35.5961
7.58 35.5904 35.5904 35.5957 35.5957
7.59 35.3855 35.3855 35.397 35.397
7.6 34.6391 34.6391 34.7718 34.7718
7.61 34.2512 34.2512 34.3652 34.3652
7.615 34.1717 34.1717 34.2397 34.2397
7.62 34.1133 34.1133 34.1454 34.1454
7.625 34.0744 34.0744 34.0896 34.0896
7.63 34.0482 34.0482 34.0645 34.0645
7.635 34.0499 34.0499 34.065 34.065
7.64 34.0492 34.0492 34.0648 34.0648
7.645 34.0496 34.0496 34.0649 34.0649
7.65 34.052 34.052 34.067 34.067
7.655 34.0543 34.0543 34.0697 34.0697
7.66 34.0594 34.0594 34.0757 34.0757
7.665 34.0712 34.0712 34.0835 34.0835
7.675 34.0914 34.0914 34.1108 34.1108
7.685 34.1495 34.1495 34.1564 34.1564
7.695 34.2028 34.2028 34.2262 34.2262
7.705 34.3207 34.3207 34.3228 34.3228
7.715 34.4255 34.4255 34.4501 34.4501
7.725 34.6058 34.6058 34.6088 34.6088
7.735 34.7778 34.7778 34.7982 34.7982
7.745 35.003 35.003 35.0134 35.0134
7.755 35.2341 35.2341 35.2475 35.2475
7.765 35.4627 35.4627 35.4804 35.4804
7.775 35.675 35.675 35.6889 35.6889
7.785 35.8261 35.8261 35.8391 35.8391
7.795 35.9023 35.9023 35.9137 35.9137
7.805 35.923 35.923 35.9332 35.9332
7.815 35.9209 35.9209 35.932 35.932
7.825 35.9231 35.9231 35.9328 35.9328
7.835 35.412 35.412 35.6497 35.6497
7.845 34.7526 34.7526 34.9432 34.9432
7.855 34.3806 34.3806 34.4999 34.4999
7.865 34.1947 34.1947 34.2554 34.2554
7.875 34.091 34.091 34.1266 34.1266
7.885 34.0757 34.0757 34.0964 34.0964
7.895 34.0753 34.0753 34.0954 34.0954
7.905 34.0808 34.0808 34.1005 34.1005
7.915 34.0981 34.0981 34.1148 34.1148
7.925 34.12 34.12 34.1403 34.1403
7.935 34.1753 34.1753 34.1888 34.1888
7.945 34.2364 34.2364 34.2555 34.2555
7.955 34.343 34.343 34.3561 34.3561
7.965 34.4667 34.4667 34.4808 34.4808
7.975 34.626 34.626 34.643 34.643
7.985 34.8248 34.8248 34.8319 34.8319
7.995 35.0288 35.0288 35.0493 35.0493
8.005 35.2802 35.2802 35.2854 35.2854
8.015 35.503 35.503 35.5194 35.5194
8.025 35.7193 35.7193 35.7307 35.7307
8.035 35.8702 35.8702 35.8795 35.8795
8.045 35.9487 35.9487 35.9553 35.9553
8.055 35.9644 35.9644 35.9719 35.9719
8.065 35.9664 35.9664 35.9727 35.9727
8.075 35.9648 35.9648 35.9716 35.9716
8.085 35.9664 35.9664 35.9727 35.9727
8.09 35.9648 35.9648 35.9716 35.9716
8.0925 35.8347 35.8347 36.0251 36.0251
8.095 35.3992 35.3992 35.8329 35.8329
8.0975 35.0675 35.0675 35.4389 35.4389
8.1 34.8 34.8 35.1364 35.1364
8.1025 34.6056 34.6056 34.9051 34.9051
8.105 34.4752 34.4752 34.7275 34.7275
8.1075 34.3837 34.3837 34.5914 34.5914
8.11 34.3241 34.3241 34.484 34.484
8.1125 34.2745 34.2745 34.4006 34.4006
8.115 34.2419 34.2419 34.3333 34.3333
8.1175 34.2075 34.2075 34.2809 34.2809
8.1225 34.169 34.169 34.2033 34.2033
8.1275 34.1422 34.1422 34.1584 34.1584
8.1325 34.1452 34.1452 34.1563 34.1563
8.1375 34.1394 34.1394 34.1552 34.1552
8.1425 34.1443 34.1443 34.1544 34.1544
8.1475 34.1411 34.1411 34.1568 34.1568
8.1525 34.1481 34.1481 34.1575 34.1575
8.1575 34.1468 34.1468 34.164 34.164
8.1625 34.1625 34.1625 34.1686 34.1686
8.1675 34.1605 34.1605 34.1808 34.1808
8.1725 34.1898 34.1898 34.1926 34.1926
8.1825 34.2143 34.2143 34.2365 34.2365
8.1925 34.2988 34.2988 34.299 34.299
8.2025 34.3711 34.3711 34.3932 34.3932
8.2125 34.5117 34.5117 34.5129 34.5129
8.2225 34.6525 34.6525 34.6704 34.6704
8.2325 34.8472 34.8472 34.8539 34.8539
8.2425 35.0605 35.0605 35.0728 35.0728
8.2525 35.2953 35.2953 35.3074 35.3074
8.2625 35.5398 35.5398 35.553 35.553
8.2725 35.7656 35.7656 35.7772 35.7772
8.2825 35.9305 35.9305 35.9465 35.9465
8.2925 36.0339 36.0339 36.0382 36.0382
8.3025 36.0534 36.0534 36.0661 36.0661
8.3125 36.0614 36.0614 36.066 36.066
8.3225 36.0531 36.0531 36.0655 36.0655
8.3325 36.0612 36.0612 36.065 36.065
8.3425 36.053 36.053 36.0654 36.0654
8.3475 35.9045 35.9045 36.1274 36.1274
8.3525 34.9216 34.9216 36.0568 36.0568
8.3575 34.4255 34.4255 35.1627 35.1627
8.3625 34.1988 34.1988 34.6606 34.6606
8.3675 34.1533 34.1533 34.4015 34.4015
8.3725 34.1366 34.1366 34.2655 34.2655
8.3775 34.1432 34.1432 34.195 34.195
8.3825 34.1389 34.1389 34.1752 34.1752
8.3875 34.1451 34.1451 34.1752 34.1752
8.3925 34.1395 34.1395 34.1744 34.1744
8.3975 34.147 34.147 34.1764 34.1764
8.4075 34.1487 34.1487 34.1817 34.1817
8.4175 34.1732 34.1732 34.2011 34.2011
8.4275 34.1999 34.1999 34.2297 34.2297
8.4375 34.2579 34.2579 34.2851 34.2851
8.4475 34.3336 34.3336 34.3595 34.3595
8.4575 34.4427 34.4427 34.4699 34.4699
8.4675 34.5823 34.5823 34.6046 34.6046
8.4775 34.7523 34.7523 34.7791 34.7791
8.4875 34.9569 34.9569 34.9779 34.9779
8.4975 35.1846 35.1846 35.209 35.209
8.5075 35.4269 35.4269 35.4505 35.4505
8.5175 35.6683 35.6683 35.691 35.691
8.5275 35.8665 35.8665 35.8914 35.8914
8.5375 36.0069 36.0069 36.0233 36.0233
8.5475 36.0599 36.0599 36.0774 36.0774
8.5575 36.0714 36.0714 36.0856 36.0856
8.5675 36.0674 36.0674 36.0849 36.0849
8.5775 36.0713 36.0713 36.0855 36.0855
8.5875 36.0676 36.0676 36.0848 36.0848
8.5975 36.0712 36.0712 36.0854 36.0854
8.6025 36.0678 36.0678 36.0847 36.0847
8.6075 35.2101 35.2101 36.3264 36.3264
8.6125 34.3288 34.3288 35.6248 35.6248
8.6175 34.0735 34.0735 34.8335 34.8335
8.6225 34.0598 34.0598 34.4581 34.4581
8.6275 34.0837 34.0837 34.3104 34.3104
8.6325 34.0867 34.0867 34.26 34.26
8.6375 34.0906 34.0906 34.2588 34.2588
8.6425 34.0888 34.0888 34.2592 34.2592
8.6475 34.0939 34.0939 34.2573 34.2573
8.6525 34.0967 34.0967 34.2612 34.2612
8.6625 34.111 34.111 34.2673 34.2673
8.6725 34.1392 34.1392 34.2947 34.2947
8.6825 34.1834 34.1834 34.328 34.328
8.6925 34.253 34.253 34.4003 34.4003
8.7025 34.3493 34.3493 34.4812 34.4812
8.7125 34.4723 34.4723 34.6143 34.6143
8.7225 34.6376 34.6376 34.7584 34.7584
8.7325 34.8173 34.8173 34.9563 34.9563
8.7425 35.0508 35.0508 35.1652 35.1652
8.7525 35.2785 35.2785 35.4122 35.4122
8.7625 35.5368 35.5368 35.6543 35.6543
8.7725 35.7609 35.7609 35.8835 35.8835
8.7825 35.9383 35.9383 36.0505 36.0505
8.7925 36.0372 36.0372 36.1398 36.1398
8.8025 36.0657 36.0657 36.1627 36.1627
8.8125 36.0662 36.0662 36.1629 36.1629
8.8225 36.0663 36.0663 36.162 36.162
8.8325 36.0667 36.0667 36.1624 36.1624
8.8425 36.0666 36.0666 36.1615 36.1615
8.8525 36.0672 36.0672 36.1619 36.1619
8.8575 36.0667 36.0667 36.1611 36.1611
8.8625 35.1783 35.1783 36.5155 36.5155
8.8675 34.142 34.142 35.9901 35.9901
8.8725 33.9619 33.9619 34.9656 34.9656
8.8775 34.0008 34.0008 34.5069 34.5069
8.8825 34.0282 34.0282 34.361 34.361
8.8875 34.0249 34.0249 34.3558 34.3558
8.8925 34.0334 34.0334 34.3482 34.3482
8.8975 34.0316 34.0316 34.3474 34.3474
8.9025 34.0397 34.0397 34.3488 34.3488
8.9075 34.043 34.043 34.3503 34.3503
8.9175 34.0639 34.0639 34.3641 34.3641
8.9275 34.1091 34.1091 34.3906 34.3906
8.9375 34.1533 34.1533 34.4404 34.4404
8.9475 34.2589 34.2589 34.514 34.514
8.9575 34.3442 34.3442 34.6188 34.6188
8.9675 34.5169 34.5169 34.7548 34.7548
8.9775 34.6689 34.6689 34.9244 34.9244
8.9875 34.8912 34.8912 35.1259 35.1259
8.9975 35.1207 35.1207 35.3577 35.3577
9.0075 35.3594 35.3594 35.6 35.6
9.0175 35.6197 35.6197 35.8424 35.8424
9.0275 35.8148 35.8148 36.0407 36.0407
9.0375 35.9647 35.9647 36.166 36.166
9.0475 36.0228 36.0228 36.2131 36.2131
9.0575 36.0365 36.0365 36.2182 36.2182
9.0675 36.032 36.032 36.2174 36.2174
9.0775 36.0373 36.0373 36.2175 36.2175
9.0875 36.0327 36.0327 36.2166 36.2166
9.0975 36.0373 36.0373 36.2176 36.2176
9.1075 36.0334 36.0334 36.2157 36.2157
9.1175 35.5385 35.5385 36.4146 36.4146
9.1225 34.3382 34.3382 36.3822 36.3822
9.1275 33.9878 33.9878 35.1401 35.1401
9.1325 33.9641 33.9641 34.5792 34.5792
9.1375 33.9983 33.9983 34.4343 34.4343
9.1425 33.994 33.994 34.4285 34.4285
9.1475 34.0038 34.0038 34.4265 34.4265
9.1525 34.0013 34.0013 34.425 34.425
9.1575 34.0128 34.0128 34.4287 34.4287
9.1625 34.0222 34.0222 34.4305 34.4305
9.1675 34.0302 34.0302 34.4397 34.4397
9.1725 34.058 34.058 34.4476 34.4476
9.1825 34.0933 34.0933 34.4861 34.4861
9.1925 34.1819 34.1819 34.542 34.542
9.2025 34.2648 34.2648 34.6329 34.6329
9.2125 34.4069 34.4069 34.7466 34.7466
9.2225 34.5626 34.5626 34.905 34.905
9.2325 34.7527 34.7527 35.0829 35.0829
9.2425 34.987 34.987 35.3082 35.3082
9.2525 35.2136 35.2136 35.5385 35.5385
9.2625 35.4807 35.4807 35.792 35.792
9.2725 35.7037 35.7037 36.0105 36.0105
9.2825 35.8879 35.8879 36.1768 36.1768
9.2925 35.9905 35.9905 36.2543 36.2543
9.3025 36.0233 36.0233 36.2749 36.2749
9.3125 36.0225 36.0225 36.2718 36.2718
9.3225 36.0255 36.0255 36.2737 36.2737
9.3325 36.0237 36.0237 36.2706 36.2706
9.3425 36.0266 36.0266 36.2726 36.2726
9.3525 36.0248 36.0248 36.2695 36.2695
9.3625 36.0277 36.0277 36.2715 36.2715
9.3725 36.0261 36.0261 36.2683 36.2683
9.3775 34.484 34.484 36.0938 36.0938
9.3825 33.9966 33.9966 34.9899 34.9899
9.3875 34.0134 34.0134 34.5297 34.5297
9.3925 34.0326 34.0326 34.4651 34.4651
9.3975 34.0398 34.0398 34.4661 34.4661
9.4025 34.0422 34.0422 34.4577 34.4577
9.4075 34.0501 34.0501 34.4657 34.4657
9.4125 34.053 34.053 34.462 34.462
9.4175 34.0756 34.0756 34.478 34.478
9.4225 34.0758 34.0758 34.4781 34.4781
9.4275 34.1191 34.1191 34.5029 34.5029
9.4375 34.1544 34.1544 34.5377 34.5377
9.4475 34.2632 34.2632 34.622 34.622
9.4575 34.3547 34.3547 34.7106 34.7106
9.4675 34.5154 34.5154 34.8577 34.8577
9.4775 34.6847 34.6847 35.0154 35.0154
9.4875 34.8919 34.8919 35.2249 35.2249
9.4975 35.1333 35.1333 35.4487 35.4487
9.5075 35.3761 35.3761 35.6957 35.6957
9.5175 35.6212 35.6212 35.9347 35.9347
9.5275 35.8412 35.8412 36.1327 36.1327
9.5375 35.9701 35.9701 36.2515 36.2515
9.5475 36.047 36.047 36.296 36.296
9.5575 36.0412 36.0412 36.2965 36.2965
9.5675 36.0564 36.0564 36.2986 36.2986
9.5775 36.0428 36.0428 36.2961 36.2961
9.5875 36.0577 36.0577 36.2975 36.2975
9.5975 36.0438 36.0438 36.2949 36.2949
9.6075 36.059 36.059 36.2964 36.2964
9.6175 36.0447 36.0447 36.2937 36.2937
9.6275 35.5304 35.5304 36.5057 36.5057
9.6375 33.7463 33.7463 36.0642 36.0642
9.6475 33.9507 33.9507 34.5761 34.5761
9.6575 33.9803 33.9803 34.5628 34.5628
9.6675 33.9933 33.9933 34.5703 34.5703
9.6775 34.0943 34.0943 34.5894 34.5894
9.6875 34.098 34.098 34.6196 34.6196
9.6975 34.2829 34.2829 34.7001 34.7001
9.7075 34.2792 34.2792 34.7854 34.7854
9.7175 34.535 34.535 34.9295 34.9295
9.7275 34.5888 34.5888 35.1111 35.1111
9.7375 34.8555 34.8555 35.2901 35.2901
9.7475 35.1137 35.1137 35.5464 35.5464
9.7575 35.2804 35.2804 35.7607 35.7607
9.7675 35.6278 35.6278 36.024 36.024
9.7775 35.777 35.777 36.2036 36.2036
9.7875 35.9477 35.9477 36.3255 36.3255
9.7975 36.0019 36.0019 36.3614 36.3614
9.8075 36.0247 36.0247 36.3654 36.3654
9.8175 36.0118 36.0118 36.3625 36.3625
9.8275 36.0271 36.0271 36.3648 36.3648
9.8375 36.0134 36.0134 36.3609 36.3609
9.8475 36.0287 36.0287 36.3632 36.3632
9.8575 36.015 36.015 36.3593 36.3593
9.8675 36.0303 36.0303 36.3616 36.3616
9.8775 36.0166 36.0166 36.3577 36.3577
9.8825 35.6956 35.6956 36.494 36.494
9.8875 34.4361 34.4361 36.5983 36.5983
9.8925 34.0418 34.0418 35.3887 35.3887
9.8975 34.0694 34.0694 34.7833 34.7833
9.9025 34.1247 34.1247 34.7173 34.7173
9.9075 34.112 34.112 34.7124 34.7124
9.9125 34.1433 34.1433 34.7098 34.7098
9.9175 34.1298 34.1298 34.7194 34.7194
9.9225 34.1614 34.1614 34.7189 34.7189
9.9275 34.1746 34.1746 34.7362 34.7362
9.9325 34.1999 34.1999 34.7444 34.7444
9.9425 34.2761 34.2761 34.809 34.809
9.9525 34.3657 34.3657 34.8717 34.8717
9.9625 34.4997 34.4997 35.0025 35.0025
9.9725 34.6607 34.6607 35.1306 35.1306
9.9825 34.8426 34.8426 35.327 35.327
9.9925 35.088 35.088 35.5302 35.5302
10.0025 35.2498 35.2498 35.7198 35.7198
