1000 0 -0.000133335 -1.35525e-020
2000 0 -0.000133335 0
3000 0 -0.000133335 1.35525e-020
4000 0 -0.000133335 1.35525e-020
5000 0 -0.000133335 -2.71051e-020
6000 0 -0.000133335 -1.35525e-020
7000 0 -0.000133335 -1.35525e-020
8000 0 -0.000133335 -1.35525e-020
9000 0 -0.000133335 1.35525e-020
10000 0 -0.000133335 1.35525e-020
11000 0 -0.000133335 0
12000 0 -0.000133335 0
13000 0 -0.000133335 0
14000 0 -0.000133335 1.35525e-020
15000 0 -0.000133335 -1.35525e-020
16000 0 -0.000133335 2.71051e-020
17000 0 -0.000133335 -1.35525e-020
18000 0 -0.000133335 -1.35525e-020
19000 0 -0.000133335 0
20000 0 -0.000133335 -1.35525e-020
21000 0 -0.000133335 1.35525e-020
22000 0 -0.000133335 1.35525e-020
23000 0 -0.000133335 0
24000 0 -0.000133335 2.71051e-020
25000 0 -0.000133335 -1.35525e-020
26000 0 -0.000133335 -1.35525e-020
27000 0 -0.000133335 -1.35525e-020
28000 0 -0.000133335 -2.71051e-020
29000 0 -0.000133335 0
30000 0 -0.000133335 -1.35525e-020
31000 0 -0.000133335 1.35525e-020
32000 0 -0.000133335 1.35525e-020
33000 0 -0.000133335 0
34000 0 -0.000133335 2.71051e-020
35000 0 -0.000133335 0
36000 0 -0.000133335 2.71051e-020
37000 0 -0.000133335 -1.35525e-020
38000 0 -0.000133335 -1.35525e-020
39000 0 -0.000133335 -1.35525e-020
40000 0 -0.000133335 -1.35525e-020
41000 0 -0.000133335 0
42000 0 -0.000133335 -1.35525e-020
43000 0 -0.000133335 1.35525e-020
44000 0 -0.000133335 1.35525e-020
45000 0 -0.000133335 0
46000 0 -0.000133335 2.71051e-020
47000 0 -0.000133335 -1.35525e-020
48000 0 -0.000133335 -1.35525e-020
49000 0 -0.000133335 -1.35525e-020
50000 0 -0.000133335 -1.35525e-020
51000 0 -0.000133335 0
52000 0 -0.000133335 -1.35525e-020
53000 0 -0.000133335 1.35525e-020
54000 0 -0.000133335 1.35525e-020
55000 0 -0.000133335 0
56000 0 -0.000133335 2.71051e-020
57000 0 -0.000133335 -1.35525e-020
58000 0 -0.000133335 -1.35525e-020
59000 0 -0.000133335 -1.35525e-020
60000 0 -0.000133335 -2.71051e-020
61000 0 -0.000133335 0
62000 0 -0.000133335 -1.35525e-020
63000 0 -0.000133335 1.35525e-020
64000 0 -0.000133335 -2.71051e-020
65000 0 -0.000133335 2.71051e-020
66000 0 -0.000133335 -1.35525e-020
67000 0 -0.000133335 -2.71051e-020
68000 0 -0.000133335 0
69000 0 -0.000133335 -1.35525e-020
70000 0 -0.000133335 1.35525e-020
71000 0 -0.000133335 1.35525e-020
72000 0 -0.000133335 0
73000 0 -0.000133335 2.71051e-020
74000 0 -0.000133335 -1.35525e-020
75000 0 -0.000133335 -1.35525e-020
76000 0 -0.000133335 -1.35525e-020
77000 0 -0.000133335 -1.35525e-020
78000 0 -0.000133335 0
79000 0 -0.000133335 -1.35525e-020
80000 0 -0.000133335 1.35525e-020
81000 0 -0.000133335 1.35525e-020
82000 0 -0.000133335 0
83000 0 -0.000133335 2.71051e-020
84000 0 -0.000133335 -1.35525e-020
85000 0 -0.000133335 -1.35525e-020
86000 0 -0.000133335 -1.35525e-020
87000 0 -0.000133335 -1.35525e-020
88000 0 -0.000133335 0
89000 0 -0.000133335 -1.35525e-020
90000 0 -0.000133335 1.35525e-020
91000 0 -0.000133335 1.35525e-020
92000 0 -0.000133335 0
93000 0 -0.000133335 2.71051e-020
94000 0 -0.000133335 0
95000 0 -0.000133335 0
96000 0 -0.000133335 -2.71051e-020
97000 0 -0.000133335 1.35525e-020
98000 0 -0.000133335 -1.35525e-020
99000 0 -0.000133335 -1.35525e-020
100000 0 -0.000133335 -1.35525e-020
101000 0 -0.000133335 1.35525e-020
102000 0 -0.000133335 0
103000 0 -0.000133335 0
104000 0 -0.000133335 2.71051e-020
105000 0 -0.000133335 -1.35525e-020
106000 0 -0.000133335 -1.35525e-020
107000 0 -0.000133335 -1.35525e-020
108000 0 -0.000133335 -1.35525e-020
109000 0 -0.000133335 0
110000 0 -0.000133335 -1.35525e-020
111000 0 -0.000133335 1.35525e-020
112000 0 -0.000133335 1.35525e-020
113000 0 -0.000133335 0
114000 0 -0.000133335 2.71051e-020
115000 0 -0.000133335 -1.35525e-020
116000 0 -0.000133335 -1.35525e-020
117000 0 -0.000133335 -1.35525e-020
118000 0 -0.000133335 -1.35525e-020
119000 0 -0.000133335 0
120000 0 -0.000133335 -1.35525e-020
121000 0 -0.000133335 1.35525e-020
122000 0 -0.000133335 1.35525e-020
123000 0 -0.000133335 0
124000 0 -0.000133335 2.71051e-020
125000 0 -0.000133335 0
126000 0 -0.000133335 0
127000 0 -0.000133335 -1.35525e-020
128000 0 -0.000133335 -1.35525e-020
129000 0 -0.000133335 0
130000 0 -0.000133335 -1.35525e-020
131000 0 -0.000133335 2.71051e-020
132000 0 -0.000133335 0
133000 0 -0.000133335 1.35525e-020
134000 0 -0.000133335 0
135000 0 -0.000133335 0
136000 0 -0.000133335 -1.35525e-020
137000 0 -0.000133335 2.71051e-020
138000 0 -0.000133335 -1.35525e-020
139000 0 -0.000133335 -2.71051e-020
140000 0 -0.000133335 0
141000 0 -0.000133335 -1.35525e-020
142000 0 -0.000133335 1.35525e-020
143000 0 -0.000133335 1.35525e-020
144000 0 -0.000133335 0
145000 0 -0.000133335 2.71051e-020
146000 0 -0.000133335 -1.35525e-020
147000 0 -0.000133335 -1.35525e-020
148000 0 -0.000133335 -1.35525e-020
149000 0 -0.000133335 -2.71051e-020
150000 0 -0.000133335 0
151000 0 -0.000133335 -1.35525e-020
152000 0 -0.000133335 1.35525e-020
153000 0 -0.000133335 -2.71051e-020
154000 0 -0.000133335 2.71051e-020
155000 0 -0.000133335 -1.35525e-020
156000 0 -0.000133335 -2.71051e-020
157000 0 -0.000133335 0
158000 0 -0.000133335 -1.35525e-020
159000 0 -0.000133335 1.35525e-020
160000 0 -0.000133335 -1.35525e-020
161000 0 -0.000133335 -1.35525e-020
162000 0 -0.000133335 -1.35525e-020
163000 0 -0.000133335 2.71051e-020
164000 0 -0.000133335 0
165000 0 -0.000133335 2.71051e-020
166000 0 -0.000133335 -1.35525e-020
167000 0 -0.000133335 -1.35525e-020
168000 0 -0.000133335 -1.35525e-020
169000 0 -0.000133335 -2.71051e-020
170000 0 -0.000133335 0
171000 0 -0.000133335 -1.35525e-020
172000 0 -0.000133335 1.35525e-020
173000 0 -0.000133335 -2.71051e-020
174000 0 -0.000133335 2.71051e-020
175000 0 -0.000133335 -1.35525e-020
176000 0 -0.000133335 -2.71051e-020
177000 0 -0.000133335 0
178000 0 -0.000133335 -1.35525e-020
179000 0 -0.000133335 1.35525e-020
180000 0 -0.000133335 1.35525e-020
181000 0 -0.000133335 0
182000 0 -0.000133335 2.71051e-020
183000 0 -0.000133335 -1.35525e-020
184000 0 -0.000133335 -1.35525e-020
185000 0 -0.000133335 -1.35525e-020
186000 0 -0.000133335 -1.35525e-020
187000 0 -0.000133335 0
188000 0 -0.000133335 -1.35525e-020
189000 0 -0.000133335 1.35525e-020
190000 0 -0.000133335 1.35525e-020
191000 0 -0.000133335 0
192000 0 -0.000133335 2.71051e-020
193000 0 -0.000133335 -1.35525e-020
194000 0 -0.000133335 -1.35525e-020
195000 0 -0.000133335 -1.35525e-020
196000 0 -0.000133335 -1.35525e-020
197000 0 -0.000133335 0
198000 0 -0.000133335 -1.35525e-020
199000 0 -0.000133335 1.35525e-020
200000 0 -0.000133335 1.35525e-020
200100 0 -0.000133335 -5.42101e-020
200200 0 -0.000133335 1.0842e-019
200300 0 -0.000133335 -5.42101e-020
200400 0 -0.000133335 4.06576e-020
200500 0 -0.000133335 -8.13152e-020
200600 0 -0.000133335 8.13152e-020
200700 0 -0.000133335 0
200800 0 -0.000133335 2.71051e-020
200900 0 -0.000133335 2.71051e-020
201000 0 -0.000133335 6.77626e-020
201100 0 -0.000133335 5.42101e-020
201200 0 -0.000133335 4.06576e-020
201300 0 -0.000133335 -6.77626e-020
201400 0 -0.000133335 1.35525e-020
201500 0 -0.000133335 -1.35525e-020
201600 0 -0.000133335 -1.35525e-020
201700 0 -0.000133335 2.71051e-020
201800 0 -0.000133335 0
201900 0 -0.000133335 -1.35525e-020
202000 0 -0.000133335 -2.71051e-020
202100 0 -0.000133335 -1.35525e-020
202200 0 -0.000133335 -4.06576e-020
202300 0 -0.000133335 1.35525e-020
202400 0 -0.000133335 -1.35525e-020
202500 0 -0.000133335 -4.06576e-020
202600 0 -0.000133335 1.35525e-020
202700 0 -0.000133335 -1.35525e-020
202800 0 -0.000133335 -4.06576e-020
202900 0 -0.000133335 1.35525e-020
203000 0 -0.000133335 -1.35525e-020
203100 0 -0.000133335 -4.06576e-020
203200 0 -0.000133335 1.35525e-020
203300 0 -0.000133335 -1.35525e-020
203400 0 -0.000133335 -4.06576e-020
203500 0 -0.000133335 1.35525e-020
203600 0 -0.000133335 -1.35525e-020
203700 0 -0.000133335 -4.06576e-020
203800 0 -0.000133335 1.35525e-020
203900 0 -0.000133335 -1.35525e-020
204000 0 -0.000133335 -4.06576e-020
204100 0 -0.000133335 1.35525e-020
204200 0 -0.000133335 -1.35525e-020
204300 0 -0.000133335 -1.35525e-020
204400 0 -0.000133335 -2.71051e-020
204500 0 -0.000133335 -1.35525e-020
204600 0 -0.000133335 -4.06576e-020
204700 0 -0.000133335 1.35525e-020
204800 0 -0.000133335 -1.35525e-020
204900 0 -0.000133335 -4.06576e-020
205000 0 -0.000133335 1.35525e-020
205100 0 -0.000133335 -1.35525e-020
205200 0 -0.000133335 -4.06576e-020
205300 0 -0.000133335 1.35525e-020
205400 0 -0.000133335 -1.35525e-020
205500 0 -0.000133335 -4.06576e-020
205600 0 -0.000133335 1.35525e-020
205700 0 -0.000133335 -1.35525e-020
205800 0 -0.000133335 -4.06576e-020
205900 0 -0.000133335 1.35525e-020
206000 0 -0.000133335 -1.35525e-020
206100 0 -0.000133335 -4.06576e-020
206200 0 -0.000133335 1.35525e-020
206300 0 -0.000133335 -1.35525e-020
206400 0 -0.000133335 -4.06576e-020
206500 0 -0.000133335 1.35525e-020
206600 0 -0.000133335 -1.35525e-020
206700 0 -0.000133335 -4.06576e-020
206800 0 -0.000133335 1.35525e-020
206900 0 -0.000133335 -1.35525e-020
207000 0 -0.000133335 -4.06576e-020
207100 0 -0.000133335 1.35525e-020
207200 0 -0.000133335 -1.35525e-020
207300 0 -0.000133335 -4.06576e-020
207400 0 -0.000133335 1.35525e-020
207500 0 -0.000133335 -1.35525e-020
207600 0 -0.000133335 -4.06576e-020
207700 0 -0.000133335 1.35525e-020
207800 0 -0.000133335 -1.35525e-020
207900 0 -0.000133335 -4.06576e-020
208000 0 -0.000133335 1.35525e-020
208100 0 -0.000133335 -1.35525e-020
208200 0 -0.000133335 -4.06576e-020
208300 0 -0.000133335 1.35525e-020
208400 0 -0.000133335 -1.35525e-020
208500 0 -0.000133335 -4.06576e-020
208600 0 -0.000133335 1.35525e-020
208700 0 -0.000133335 -1.35525e-020
208800 0 -0.000133335 -4.06576e-020
208900 0 -0.000133335 1.35525e-020
209000 0 -0.000133335 -1.35525e-020
209100 0 -0.000133335 -4.06576e-020
209200 0 -0.000133335 1.35525e-020
209300 0 -0.000133335 -1.35525e-020
209400 0 -0.000133335 -4.06576e-020
209500 0 -0.000133335 1.35525e-020
209600 0 -0.000133335 -1.35525e-020
209700 0 -0.000133335 -4.06576e-020
209800 0 -0.000133335 1.35525e-020
209900 0 -0.000133335 -1.35525e-020
210000 0 -0.000133335 -4.06576e-020
211000 0 -0.000133335 1.35525e-020
212000 0 -0.000133335 -1.35525e-020
213000 0 -0.000133335 -4.06576e-020
214000 0 -0.000133335 1.35525e-020
215000 0 -0.000133335 -1.35525e-020
216000 0 -0.000133335 -4.06576e-020
217000 0 -0.000133335 1.35525e-020
218000 0 -0.000133335 -1.35525e-020
219000 0 -0.000133335 -4.06576e-020
220000 0 -0.000133335 1.35525e-020
221000 0 -0.000133335 -1.35525e-020
222000 0 -0.000133335 -4.06576e-020
223000 0 -0.000133335 1.35525e-020
224000 0 -0.000133335 -1.35525e-020
225000 0 -0.000133335 -4.06576e-020
226000 0 -0.000133335 1.35525e-020
227000 0 -0.000133335 -1.35525e-020
228000 0 -0.000133335 -4.06576e-020
229000 0 -0.000133335 1.35525e-020
230000 0 -0.000133335 -1.35525e-020
231000 0 -0.000133335 -4.06576e-020
232000 0 -0.000133335 1.35525e-020
233000 0 -0.000133335 -1.35525e-020
234000 0 -0.000133335 -4.06576e-020
235000 0 -0.000133335 1.35525e-020
236000 0 -0.000133335 -1.35525e-020
237000 0 -0.000133335 -4.06576e-020
238000 0 -0.000133335 1.35525e-020
239000 0 -0.000133335 -1.35525e-020
240000 0 -0.000133335 -4.06576e-020
241000 0 -0.000133335 1.35525e-020
242000 0 -0.000133335 -1.35525e-020
243000 0 -0.000133335 -4.06576e-020
244000 0 -0.000133335 1.35525e-020
245000 0 -0.000133335 -1.35525e-020
246000 0 -0.000133335 -4.06576e-020
247000 0 -0.000133335 1.35525e-020
248000 0 -0.000133335 -1.35525e-020
249000 0 -0.000133335 -4.06576e-020
250000 0 -0.000133335 1.35525e-020
251000 0 -0.000133335 -1.35525e-020
252000 0 -0.000133335 -4.06576e-020
253000 0 -0.000133335 1.35525e-020
254000 0 -0.000133335 -1.35525e-020
255000 0 -0.000133335 -4.06576e-020
256000 0 -0.000133335 1.35525e-020
257000 0 -0.000133335 -1.35525e-020
258000 0 -0.000133335 -4.06576e-020
259000 0 -0.000133335 1.35525e-020
260000 0 -0.000133335 -1.35525e-020
261000 0 -0.000133335 -4.06576e-020
262000 0 -0.000133335 1.35525e-020
263000 0 -0.000133335 -1.35525e-020
264000 0 -0.000133335 -4.06576e-020
265000 0 -0.000133335 1.35525e-020
266000 0 -0.000133335 -1.35525e-020
267000 0 -0.000133335 -2.71051e-020
268000 0 -0.000133335 -2.71051e-020
269000 0 -0.000133335 1.35525e-020
270000 0 -0.000133335 -2.71051e-020
271000 0 -0.000133335 1.35525e-020
272000 0 -0.000133335 -2.71051e-020
273000 0 -0.000133335 -2.71051e-020
274000 0 -0.000133335 -2.71051e-020
275000 0 -0.000133335 1.35525e-020
276000 0 -0.000133335 -4.06576e-020
277000 0 -0.000133335 2.71051e-020
278000 0 -0.000133335 0
279000 0 -0.000133335 1.35525e-020
280000 0 -0.000133335 -5.42101e-020
281000 0 -0.000133335 0
282000 0 -0.000133335 2.71051e-020
283000 0 -0.000133335 -5.42101e-020
284000 0 -0.000133335 1.35525e-020
285000 0 -0.000133335 1.35525e-020
286000 0 -0.000133335 -1.35525e-020
287000 0 -0.000133335 2.71051e-020
288000 0 -0.000133335 1.35525e-020
289000 0 -0.000133335 -5.42101e-020
290000 0 -0.000133335 1.35525e-020
291000 0 -0.000133335 -8.13152e-020
292000 0 -0.000133335 1.35525e-020
293000 0 -0.000133335 -2.71051e-020
294000 0 -0.000133335 1.35525e-020
295000 0 -0.000133335 -2.71051e-020
296000 0 -0.000133335 8.13152e-020
297000 0 -0.000133335 1.35525e-020
298000 0 -0.000133335 4.06576e-020
299000 0 -0.000133335 4.06576e-020
300000 0 -0.000133335 0
301000 0 -0.000133335 -2.71051e-020
302000 0 -0.000133335 2.71051e-020
303000 0 -0.000133335 -6.77626e-020
304000 0 -0.000133335 2.71051e-020
305000 0 -0.000133335 5.42101e-020
306000 0 -0.000133335 1.35525e-020
307000 0 -0.000133335 5.42101e-020
308000 0 -0.000133335 1.35525e-020
309000 0 -0.000133335 -1.35525e-020
310000 0 -0.000133335 1.35525e-020
311000 0 -0.000133335 0
312000 0 -0.000133335 2.71051e-020
313000 0 -0.000133335 0
314000 0 -0.000133335 0
315000 0 -0.000133335 -1.35525e-020
316000 0 -0.000133335 -2.71051e-020
317000 0 -0.000133335 -1.35525e-020
318000 0 -0.000133335 -1.35525e-020
319000 0 -0.000133335 2.71051e-020
320000 0 -0.000133335 0
321000 0 -0.000133335 -1.35525e-020
322000 0 -0.000133335 -2.71051e-020
323000 0 -0.000133335 2.71051e-020
324000 0 -0.000133335 1.35525e-020
325000 0 -0.000133335 0
326000 0 -0.000133335 -1.35525e-020
327000 0 -0.000133335 0
328000 0 -0.000133335 1.35525e-020
329000 0 -0.000133335 1.35525e-020
330000 0 -0.000133335 -2.71051e-020
331000 0 -0.000133335 -2.71051e-020
332000 0 -0.000133335 2.71051e-020
333000 0 -0.000133335 0
334000 0 -0.000133335 -5.42101e-020
335000 0 -0.000133335 -2.71051e-020
336000 0 -0.000133335 -1.35525e-020
337000 0 -0.000133335 2.71051e-020
338000 0 -0.000133335 -1.35525e-020
339000 0 -0.000133335 0
340000 0 -0.000133335 -4.06576e-020
341000 0 -0.000133335 0
342000 0 -0.000133335 -8.13152e-020
343000 0 -0.000133335 1.35525e-020
344000 0 -0.000133335 1.35525e-020
345000 0 -0.000133335 1.35525e-020
346000 0 -0.000133335 -1.35525e-020
347000 0 -0.000133335 -1.35525e-020
348000 0 -0.000133335 -5.42101e-020
349000 0 -0.000133335 0
350000 0 -0.000133335 -1.35525e-020
351000 0 -0.000133335 -1.35525e-020
352000 0 -0.000133335 -2.71051e-020
353000 0 -0.000133335 -1.35525e-020
354000 0 -0.000133335 -2.71051e-020
355000 0 -0.000133335 -1.35525e-020
356000 0 -0.000133335 -2.71051e-020
357000 0 -0.000133335 0
358000 0 -0.000133335 -1.35525e-020
359000 0 -0.000133335 1.35525e-020
360000 0 -0.000133335 -1.35525e-020
361000 0 -0.000133335 -2.71051e-020
362000 0 -0.000133335 1.35525e-020
363000 0 -0.000133335 -5.42101e-020
364000 0 -0.000133335 2.71051e-020
365000 0 -0.000133335 -4.06576e-020
366000 0 -0.000133335 4.06576e-020
367000 0 -0.000133335 -4.06576e-020
368000 0 -0.000133335 1.35525e-020
369000 0 -0.000133335 -5.42101e-020
370000 0 -0.000133335 2.71051e-020
371000 0 -0.000133335 -6.77626e-020
372000 0 -0.000133335 -1.35525e-020
373000 0 -0.000133335 -2.71051e-020
374000 0 -0.000133335 1.35525e-020
375000 0 -0.000133335 -4.06576e-020
376000 0 -0.000133335 -1.35525e-020
377000 0 -0.000133335 -4.06576e-020
378000 0 -0.000133335 0
379000 0 -0.000133335 -2.71051e-020
380000 0 -0.000133335 -1.35525e-020
381000 0 -0.000133335 -2.71051e-020
382000 0 -0.000133335 -2.71051e-020
383000 0 -0.000133335 0
384000 0 -0.000133335 -2.71051e-020
385000 0 -0.000133335 0
386000 0 -0.000133335 -5.42101e-020
387000 0 -0.000133335 -1.35525e-020
388000 0 -0.000133335 -2.71051e-020
389000 0 -0.000133335 0
390000 0 -0.000133335 -5.42101e-020
391000 0 -0.000133335 -1.35525e-020
392000 0 -0.000133335 -2.71051e-020
393000 0 -0.000133335 -1.35525e-020
394000 0 -0.000133335 -2.71051e-020
395000 0 -0.000133335 -2.71051e-020
396000 0 -0.000133335 0
397000 0 -0.000133335 -5.42101e-020
398000 0 -0.000133335 -1.35525e-020
399000 0 -0.000133335 -2.71051e-020
400000 0 -0.000133335 -1.35525e-020
401000 0 -0.000133335 -2.71051e-020
402000 0 -0.000133335 -2.71051e-020
403000 0 -0.000133335 -1.35525e-020
404000 0 -0.000133335 -2.71051e-020
405000 0 -0.000133335 -2.71051e-020
406000 0 -0.000133335 0
407000 0 -0.000133335 -5.42101e-020
408000 0 -0.000133335 -1.35525e-020
409000 0 -0.000133335 -2.71051e-020
410000 0 -0.000133335 -1.35525e-020
0.01 0 -0.000133335 1.38975e-005
0.02 0 -0.000133349 2.86928e-005
0.03 0 -0.000133362 4.18135e-005
0.04 0 -0.00013338 5.59322e-005
0.05 0 -0.000133398 6.76034e-005
0.06 0 -0.000133421 8.02642e-005
0.07 0 -0.000133441 8.9787e-005
0.08 0 -0.000133464 0.000100015
0.09 0 -0.000133479 0.000106687
0.1 0 -0.000133496 0.000113533
0.11 0 -0.000133505 0.000116771
0.12 0 -0.000133512 0.000119515
0.13 0 -0.000133512 0.000119072
0.14 0 -0.000133512 0.000117616
0.15 0 -0.000133512 0.00011387
0.16 0 -0.000133513 0.000108567
0.17 0 -0.000133515 0.000101619
0.18 0 -0.000133519 9.27487e-005
0.19 0 -0.000133525 8.29345e-005
0.2 0 -0.000133534 7.09183e-005
0.21 0 -0.000133546 5.8605e-005
0.22 0 -0.000133563 4.40703e-005
0.23 0 -0.000133583 2.97566e-005
0.24 0 -0.000133609 1.3365e-005
0.25 0 -0.000133638 -2.38708e-006
0.26 0 -0.000133672 -1.98427e-005
0.27 0 -0.000133708 -3.6275e-005
0.28 0 -0.000133748 -5.37331e-005
0.29 0 -0.000133788 -6.99307e-005
0.3 0 -0.00013383 -8.61617e-005
0.31 0 -0.000133869 -0.000100977
0.32 0 -0.000133906 -0.000114635
0.33 0 -0.000133941 -0.000126924
0.34 0 -0.000133969 -0.000136806
0.35 0 -0.000133992 -0.00014508
0.36 0 -0.000134006 -0.000149979
0.37 0 -0.000134016 -0.000153268
0.38 0 -0.000134016 -0.000152948
0.39 0 -0.000134016 -0.000151505
0.4 0 -0.000134016 -0.000147528
0.41 0 -0.000134017 -0.00014253
0.42 0 -0.000134018 -0.000134999
0.43 0 -0.000134021 -0.000126501
0.44 0 -0.000134025 -0.000115757
0.45 0 -0.000134032 -0.00010405
0.46 0 -0.000134042 -9.05369e-005
0.47 0 -0.000134055 -7.60282e-005
0.48 0 -0.00013407 -6.02479e-005
0.49 0 -0.00013409 -4.35421e-005
0.5 0 -0.000134112 -2.62235e-005
0.51 0 -0.000134138 -8.09882e-006
0.52 0 -0.000134164 9.88142e-006
0.53 0 -0.000134194 2.83314e-005
0.54 0 -0.000134223 4.58429e-005
0.55 0 -0.000134254 6.33364e-005
0.56 0 -0.000134282 7.91449e-005
0.57 0 -0.000134309 9.42474e-005
0.58 0 -0.000134332 0.000106869
0.59 0 -0.000134354 0.000118005
0.6 0 -0.000134369 0.000126209
0.61 0 -0.00013438 0.000132199
0.62 0 -0.000134385 0.000135045
0.63 0 -0.000134386 0.000135122
0.64 0 -0.000134386 0.000133709
0.65 0 -0.000134386 0.00012969
0.66 0 -0.000134386 0.000124296
0.67 0 -0.000134387 0.000117061
0.68 0 -0.000134389 0.000108149
0.69 0 -0.000134392 9.75028e-005
0.7 0 -0.000134398 8.53765e-005
0.71 0 -0.000134405 7.16892e-005
0.72 0 -0.000134415 5.67611e-005
0.73 0 -0.000134427 4.05188e-005
0.74 0 -0.000134442 2.33511e-005
0.75 0 -0.000134459 5.28869e-006
0.76 0 -0.000134478 -1.33152e-005
0.77 0 -0.000134499 -3.22282e-005
0.78 0 -0.000134521 -5.11819e-005
0.79 0 -0.000134544 -6.97437e-005
0.8 0 -0.000134566 -8.76784e-005
0.81 0 -0.000134588 -0.000104468
0.82 0 -0.000134607 -0.000119887
0.83 0 -0.000134625 -0.000133356
0.84 0 -0.00013464 -0.000144721
0.85 0 -0.000134652 -0.000153462
0.86 0 -0.000134659 -0.000159573
0.87 0 -0.000134664 -0.0001626
0.88 0 -0.000134664 -0.000162718
0.89 0 -0.000134664 -0.000161385
0.9 0 -0.000134664 -0.000157284
0.91 0 -0.000134664 -0.000151688
0.92 0 -0.000134665 -0.000144574
0.93 0 -0.000134667 -0.000135334
0.94 0 -0.000134669 -0.00012482
0.95 0 -0.000134673 -0.000112275
0.96 0 -0.000134679 -9.86275e-005
0.97 0 -0.000134687 -8.31771e-005
0.98 0 -0.000134697 -6.68829e-005
0.99 0 -0.000134709 -4.91323e-005
1 0 -0.000134722 -3.08419e-005
1.01 0 -0.000134738 -1.16674e-005
1.02 0 -0.000134754 7.67589e-006
1.03 0 -0.000134772 2.71476e-005
1.04 0 -0.000134789 4.62686e-005
1.05 0 -0.000134807 6.46541e-005
1.06 0 -0.000134823 8.20607e-005
1.07 0 -0.000134839 9.77556e-005
1.08 0 -0.000134852 0.000111844
1.09 0 -0.000134864 0.000123346
1.1 0 -0.000134872 0.000132546
1.11 0 -0.000134879 0.000138644
1.12 0 -0.000134882 0.000141992
1.13 0 -0.000134882 0.000141963
1.14 0 -0.000134882 0.000140255
1.15 0 -0.000134882 0.000136442
1.16 0 -0.000134882 0.00013094
1.17 0 -0.000134883 0.000123605
1.18 0 -0.000134884 0.000114412
1.19 0 -0.000134887 0.00010364
1.2 0 -0.00013489 9.10766e-005
1.21 0 -0.000134895 7.71374e-005
1.22 0 -0.000134902 6.15432e-005
1.23 0 -0.00013491 4.49357e-005
1.24 0 -0.00013492 2.69193e-005
1.25 0 -0.000134932 8.29509e-006
1.26 0 -0.000134944 -1.1267e-005
1.27 0 -0.000134958 -3.09644e-005
1.28 0 -0.000134972 -5.09252e-005
1.29 0 -0.000134987 -7.03942e-005
1.3 0 -0.000135001 -8.93137e-005
1.31 0 -0.000135015 -0.000107062
1.32 0 -0.000135027 -0.000123256
1.33 0 -0.000135039 -0.000137606
1.34 0 -0.000135047 -0.000149499
1.35 0 -0.000135055 -0.00015888
1.36 0 -0.000135059 -0.000165194
1.37 0 -0.000135062 -0.000168594
1.38 0 -0.000135062 -0.000168574
1.39 0 -0.000135062 -0.00016686
1.4 0 -0.000135062 -0.000162992
1.41 0 -0.000135062 -0.000157448
1.42 0 -0.000135063 -0.00015001
1.43 0 -0.000135064 -0.000140751
1.44 0 -0.000135066 -0.000129813
1.45 0 -0.00013507 -0.00011714
1.46 0 -0.000135074 -0.00010296
1.47 0 -0.00013508 -8.72161e-005
1.48 0 -0.000135088 -7.02962e-005
1.49 0 -0.000135097 -5.20626e-005
1.5 0 -0.000135107 -3.30599e-005
1.51 0 -0.000135118 -1.32037e-005
1.52 0 -0.00013513 6.91271e-006
1.53 0 -0.000135143 2.72341e-005
1.54 0 -0.000135155 4.7149e-005
1.55 0 -0.000135168 6.64834e-005
1.56 0 -0.000135179 8.45887e-005
1.57 0 -0.00013519 0.000101206
1.58 0 -0.0001352 0.000115852
1.59 0 -0.000135208 0.000128133
1.6 0 -0.000135214 0.000137703
1.61 0 -0.000135218 0.000144235
1.62 0 -0.00013522 0.000147637
1.63 0 -0.00013522 0.000147645
1.64 0 -0.00013522 0.000146261
1.65 0 -0.00013522 0.000142034
1.66 0 -0.00013522 0.000136351
1.67 0 -0.000135221 0.000128917
1.68 0 -0.000135222 0.000119464
1.69 0 -0.000135224 0.000108486
1.7 0 -0.000135227 9.55474e-005
1.71 0 -0.000135232 8.12732e-005
1.72 0 -0.000135237 6.52404e-005
1.73 0 -0.000135244 4.81156e-005
1.74 0 -0.000135252 2.95533e-005
1.75 0 -0.000135262 1.0274e-005
1.76 0 -0.000135272 -9.9748e-006
1.77 0 -0.000135283 -3.04553e-005
1.78 0 -0.000135295 -5.11999e-005
1.79 0 -0.000135306 -7.15389e-005
1.8 0 -0.000135317 -9.12555e-005
1.81 0 -0.000135328 -0.000109826
1.82 0 -0.000135337 -0.000126842
1.83 0 -0.000135346 -0.000141866
1.84 0 -0.000135353 -0.000154372
1.85 0 -0.000135358 -0.000164275
1.86 0 -0.000135362 -0.00017096
1.87 0 -0.000135364 -0.000174507
1.88 0 -0.000135364 -0.000174534
1.89 0 -0.000135364 -0.000173189
1.9 0 -0.000135364 -0.000168871
1.91 0 -0.000135364 -0.000163083
1.92 0 -0.000135365 -0.000155609
1.93 0 -0.000135366 -0.000145994
1.94 0 -0.000135368 -0.000134934
1.95 0 -0.000135371 -0.000121757
1.96 0 -0.000135375 -0.000107346
1.97 0 -0.000135381 -9.10337e-005
1.98 0 -0.000135388 -7.36927e-005
1.99 0 -0.000135396 -5.47777e-005
2 0 -0.000135405 -3.52007e-005
2.01 0 -0.000135415 -1.45166e-005
2.02 0 -0.000135426 6.28782e-006
2.03 0 -0.000135437 2.75116e-005
2.04 0 -0.000135448 4.82492e-005
2.05 0 -0.000135459 6.84446e-005
2.06 0 -0.000135469 8.74985e-005
2.07 0 -0.000135478 0.000104838
2.08 0 -0.000135486 0.000120334
2.09 0 -0.000135493 0.000133125
2.1 0 -0.000135498 0.000143316
2.11 0 -0.000135502 0.0001501
2.12 0 -0.000135504 0.000153781
2.13 0 -0.000135504 0.000153772
2.14 0 -0.000135504 0.000152009
2.15 0 -0.000135504 0.000148005
2.16 0 -0.000135504 0.000142232
2.17 0 -0.000135504 0.000134575
2.18 0 -0.000135506 0.000124941
2.19 0 -0.000135508 0.000113622
2.2 0 -0.000135511 0.000100364
2.21 0 -0.000135515 8.56565e-005
2.22 0 -0.00013552 6.91651e-005
2.23 0 -0.000135527 5.14816e-005
2.24 0 -0.000135535 3.22883e-005
2.25 0 -0.000135544 1.23319e-005
2.26 0 -0.000135554 -8.71355e-006
2.27 0 -0.000135564 -3.00215e-005
2.28 0 -0.000135575 -5.16269e-005
2.29 0 -0.000135586 -7.2908e-005
2.3 0 -0.000135596 -9.35459e-005
2.31 0 -0.000135606 -0.000113036
2.32 0 -0.000135615 -0.000130911
2.33 0 -0.000135623 -0.000146756
2.34 0 -0.000135629 -0.000159935
2.35 0 -0.000135634 -0.000170388
2.36 0 -0.000135637 -0.000177436
2.37 0 -0.000135639 -0.000181199
2.38 0 -0.000135639 -0.000181203
2.39 0 -0.000135639 -0.000179894
2.4 0 -0.000135639 -0.000175411
2.41 0 -0.000135639 -0.000169472
2.42 0 -0.00013564 -0.000161816
2.43 0 -0.000135641 -0.000151949
2.44 0 -0.000135643 -0.000140579
2.45 0 -0.000135646 -0.000127023
2.46 0 -0.000135651 -0.000112215
2.47 0 -0.000135656 -9.53398e-005
2.48 0 -0.000135663 -7.74742e-005
2.49 0 -0.000135671 -5.78482e-005
2.5 0 -0.00013568 -3.75268e-005
2.51 0 -0.00013569 -1.608e-005
2.52 0 -0.0001357 5.69383e-006
2.53 0 -0.000135711 2.78125e-005
2.54 0 -0.000135722 4.95801e-005
2.55 0 -0.000135732 7.0737e-005
2.56 0 -0.000135742 9.08025e-005
2.57 0 -0.000135751 0.000109059
2.58 0 -0.000135759 0.000125419
2.59 0 -0.000135765 0.000138953
2.6 0 -0.00013577 0.00014977
2.61 0 -0.000135773 0.000157167
2.62 0 -0.000135776 0.00016133
2.63 0 -0.000135776 0.000161344
2.64 0 -0.000135776 0.000160204
2.65 0 -0.000135776 0.000155488
2.66 0 -0.000135776 0.000149417
2.67 0 -0.000135777 0.000141719
2.68 0 -0.000135778 0.000131631
2.69 0 -0.00013578 0.000120188
2.7 0 -0.000135784 0.000106333
2.71 0 -0.000135788 9.14004e-005
2.72 0 -0.000135795 7.41251e-005
2.73 0 -0.000135802 5.60283e-005
2.74 0 -0.000135811 3.59733e-005
2.75 0 -0.000135821 1.53247e-005
2.76 0 -0.000135833 -6.70794e-006
2.77 0 -0.000135844 -2.88485e-005
2.78 0 -0.000135856 -5.15316e-005
2.79 0 -0.000135868 -7.38627e-005
2.8 0 -0.00013588 -9.55224e-005
2.81 0 -0.000135891 -0.000116184
2.82 0 -0.000135901 -0.000134954
2.83 0 -0.00013591 -0.000151853
2.84 0 -0.000135917 -0.000165724
2.85 0 -0.000135923 -0.0001769
2.86 0 -0.000135927 -0.000184287
2.87 0 -0.000135928 -0.000188352
2.88 0 -0.000135929 -0.000188351
2.89 0 -0.000135928 -0.000186534
2.9 0 -0.000135929 -0.000182363
2.91 0 -0.000135928 -0.000176324
2.92 0 -0.000135929 -0.000168374
2.93 0 -0.00013593 -0.000158293
2.94 0 -0.000135933 -0.000146512
2.95 0 -0.000135936 -0.000132615
2.96 0 -0.000135941 -0.000117266
2.97 0 -0.000135946 -9.98472e-005
2.98 0 -0.000135954 -8.1227e-005
2.99 0 -0.000135962 -6.08908e-005
3 0 -0.000135972 -3.97199e-005
3.01 0 -0.000135982 -1.72786e-005
3.02 0 -0.000135994 5.52367e-006
3.03 0 -0.000136005 2.87553e-005
3.04 0 -0.000136017 5.16636e-005
3.05 0 -0.000136028 7.40433e-005
3.06 0 -0.000136038 9.52378e-005
3.07 0 -0.000136047 0.000114656
3.08 0 -0.000136056 0.000132058
3.09 0 -0.000136062 0.000146454
3.1 0 -0.000136067 0.000157999
3.11 0 -0.000136071 0.000165989
3.12 0 -0.000136073 0.000170354
3.13 0 -0.000136073 0.000170346
3.14 0 -0.000136073 0.000168552
3.15 0 -0.000136073 0.000164278
3.16 0 -0.000136073 0.000158156
3.17 0 -0.000136074 0.00015007
3.18 0 -0.000136076 0.000139854
3.19 0 -0.000136078 0.000127857
3.2 0 -0.000136081 0.000113773
3.21 0 -0.000136086 9.80644e-005
3.22 0 -0.000136092 8.03963e-005
3.23 0 -0.000136099 6.13754e-005
3.24 0 -0.000136109 4.0621e-005
3.25 0 -0.000136118 1.89112e-005
3.26 0 -0.00013613 -4.02849e-006
3.27 0 -0.000136141 -2.74033e-005
3.28 0 -0.000136153 -5.12731e-005
3.29 0 -0.000136165 -7.49007e-005
3.3 0 -0.000136176 -9.79141e-005
3.31 0 -0.000136187 -0.000119817
3.32 0 -0.000136197 -0.000139899
3.33 0 -0.000136205 -0.000157812
3.34 0 -0.000136212 -0.000172817
3.35 0 -0.000136217 -0.00018474
3.36 0 -0.000136221 -0.000192741
3.37 0 -0.000136222 -0.000197041
3.38 0 -0.000136223 -0.000197078
3.39 0 -0.000136222 -0.000195877
3.4 0 -0.000136223 -0.00019099
3.41 0 -0.000136222 -0.000184614
3.42 0 -0.000136223 -0.000176577
3.43 0 -0.000136225 -0.000166004
3.44 0 -0.000136227 -0.000154007
3.45 0 -0.00013623 -0.000139465
3.46 0 -0.000136235 -0.000123663
3.47 0 -0.000136241 -0.000105433
3.48 0 -0.000136249 -8.61954e-005
3.49 0 -0.000136257 -6.48446e-005
3.5 0 -0.000136267 -4.27038e-005
3.51 0 -0.000136278 -1.907e-005
3.52 0 -0.000136289 4.94688e-006
3.53 0 -0.000136301 2.95251e-005
3.54 0 -0.000136312 5.38981e-005
3.55 0 -0.000136323 7.763e-005
3.56 0 -0.000136334 0.000100393
3.57 0 -0.000136343 0.000121111
3.58 0 -0.000136351 0.000139854
3.59 0 -0.000136357 0.000155303
3.6 0 -0.000136362 0.000167859
3.61 0 -0.000136365 0.000176313
3.62 0 -0.000136368 0.000180933
3.63 0 -0.000136368 0.00018097
3.64 0 -0.000136368 0.000179899
3.65 0 -0.000136368 0.000174805
3.66 0 -0.000136368 0.000168264
3.67 0 -0.000136369 0.000160167
3.68 0 -0.00013637 0.000149318
3.69 0 -0.000136373 0.000137218
3.7 0 -0.000136377 0.000122262
3.71 0 -0.000136381 0.000106287
3.72 0 -0.000136388 8.75349e-005
3.73 0 -0.000136396 6.79494e-005
3.74 0 -0.000136405 4.59661e-005
3.75 0 -0.000136415 2.33457e-005
3.76 0 -0.000136428 -1.03228e-006
3.77 0 -0.000136439 -2.56908e-005
3.78 0 -0.000136452 -5.10332e-005
3.79 0 -0.000136464 -7.62819e-005
3.8 0 -0.000136476 -0.000100827
3.81 0 -0.000136486 -0.000124498
3.82 0 -0.000136496 -0.000145943
3.83 0 -0.000136505 -0.000165578
3.84 0 -0.000136511 -0.000181556
3.85 0 -0.000136517 -0.000194695
3.86 0 -0.00013652 -0.000203199
3.87 0 -0.000136522 -0.000207997
3.88 0 -0.000136522 -0.000208028
3.89 0 -0.000136522 -0.000206907
3.9 0 -0.000136522 -0.000201772
3.91 0 -0.000136522 -0.00019508
3.92 0 -0.000136523 -0.000186884
3.93 0 -0.000136525 -0.000175784
3.94 0 -0.000136527 -0.000163519
3.95 0 -0.000136531 -0.000148183
3.96 0 -0.000136536 -0.000131927
3.97 0 -0.000136543 -0.000112713
3.98 0 -0.000136551 -9.26889e-005
3.99 0 -0.000136561 -7.00849e-005
4 0 -0.000136571 -4.68497e-005
4.01 0 -0.000136583 -2.17577e-005
4.02 0 -0.000136596 3.74262e-006
4.03 0 -0.000136608 2.9968e-005
4.04 0 -0.000136621 5.61891e-005
4.05 0 -0.000136633 8.16277e-005
4.06 0 -0.000136644 0.000106302
4.07 0 -0.000136654 0.000128634
4.08 0 -0.000136663 0.000149207
4.09 0 -0.000136669 0.00016587
4.1 0 -0.000136675 0.000179678
4.11 0 -0.000136678 0.000188578
4.12 0 -0.00013668 0.000193639
4.13 0 -0.00013668 0.000193668
4.14 0 -0.00013668 0.000192599
4.15 0 -0.00013668 0.000188075
4.16 0 -0.000136681 0.000180518
4.17 0 -0.000136681 0.00017211
4.18 0 -0.000136683 0.000160862
4.19 0 -0.000136686 0.000148262
4.2 0 -0.00013669 0.000132685
4.21 0 -0.000136695 0.000115942
4.22 0 -0.000136702 9.63416e-005
4.23 0 -0.00013671 7.56985e-005
4.24 0 -0.00013672 5.25582e-005
4.25 0 -0.000136731 2.84937e-005
4.26 0 -0.000136743 2.68426e-006
4.27 0 -0.000136755 -2.38351e-005
4.28 0 -0.000136768 -5.09422e-005
4.29 0 -0.000136781 -7.83134e-005
4.3 0 -0.000136793 -0.000104748
4.31 0 -0.000136804 -0.000130609
4.32 0 -0.000136813 -0.000153958
4.33 0 -0.000136822 -0.000175566
4.34 0 -0.000136829 -0.000193064
4.35 0 -0.000136834 -0.000207712
4.36 0 -0.000136841 -0.000218184
4.37 0 -0.000136846 -0.000224707
4.38 0 -0.000136846 -0.000224744
4.39 0 -0.000136846 -0.000225367
4.4 0 -0.000136847 -0.000218835
4.41 0 -0.000136848 -0.000211437
4.42 0 -0.000136848 -0.000203456
4.43 0 -0.000136851 -0.000191268
4.44 0 -0.000136854 -0.000179132
4.45 0 -0.000136859 -0.000162378
4.46 0 -0.000136866 -0.000146061
4.47 0 -0.000136876 -0.000125132
4.48 0 -0.000136887 -0.000104652
4.49 0 -0.000136901 -8.01656e-005
4.5 0 -0.000136916 -5.58341e-005
4.51 0 -0.000136933 -2.87639e-005
4.52 0 -0.000136951 -1.40959e-006
4.53 0 -0.00013697 2.67453e-005
4.54 0 -0.000136988 5.55419e-005
4.55 0 -0.000137005 8.28064e-005
4.56 0 -0.000137022 0.000110562
4.57 0 -0.000137036 0.000134406
4.58 0 -0.00013705 0.000157905
4.59 0 -0.00013706 0.000175843
4.6 0 -0.000137068 0.000191676
4.61 0 -0.000137073 0.000201373
4.62 0 -0.000137076 0.000207096
4.63 0 -0.000137076 0.000207201
4.64 0 -0.000137076 0.000206226
4.65 0 -0.000137077 0.000201668
4.66 0 -0.000137077 0.000193392
4.67 0 -0.000137078 0.000184955
4.68 0 -0.00013708 0.000172836
4.69 0 -0.000137083 0.000160019
4.7 0 -0.000137087 0.000143269
4.71 0 -0.000137093 0.000126059
4.72 0 -0.000137102 0.000104965
4.73 0 -0.000137112 8.33748e-005
4.74 0 -0.000137123 5.84546e-005
4.75 0 -0.000137137 3.28492e-005
4.76 0 -0.000137151 5.00559e-006
4.77 0 -0.000137166 -2.37881e-005
4.78 0 -0.000137181 -5.3193e-005
4.79 0 -0.000137196 -8.34358e-005
4.8 0 -0.00013721 -0.000112283
4.81 0 -0.000137224 -0.000141369
4.82 0 -0.000137234 -0.000166933
4.83 0 -0.000137245 -0.000191513
4.84 0 -0.000137253 -0.000210982
4.85 0 -0.00013726 -0.00022851
4.86 0 -0.000137267 -0.000241638
4.87 0 -0.000137271 -0.000248994
4.88 0 -0.000137271 -0.00024925
4.89 0 -0.000137271 -0.000250584
4.9 0 -0.000137272 -0.000243651
4.91 0 -0.000137273 -0.000235641
4.92 0 -0.000137273 -0.000227601
4.93 0 -0.000137276 -0.000214446
4.94 0 -0.000137279 -0.000202057
4.95 0 -0.000137285 -0.000184027
4.96 0 -0.000137291 -0.000167049
4.97 0 -0.0001373 -0.000144521
4.98 0 -0.00013731 -0.000122835
4.99 0 -0.000137324 -9.63776e-005
5 0 -0.000137337 -7.00829e-005
5.01 0 -0.000137353 -4.07389e-005
5.02 0 -0.000137369 -1.05388e-005
5.03 0 -0.000137385 2.02801e-005
5.04 0 -0.000137401 5.25912e-005
5.05 0 -0.000137416 8.27245e-005
5.06 0 -0.000137431 0.000114311
5.07 0 -0.000137443 0.000141125
5.08 0 -0.000137453 0.000167984
5.09 0 -0.000137462 0.00018845
5.1 0 -0.000137468 0.000206577
5.11 0 -0.000137473 0.000217956
5.12 0 -0.000137475 0.000224283
5.13 0 -0.000137475 0.000224763
5.14 0 -0.000137475 0.00022499
5.15 0 -0.000137475 0.000218263
5.16 0 -0.000137475 0.000209919
5.17 0 -0.000137477 0.000201826
5.18 0 -0.000137479 0.000188173
5.19 0 -0.000137482 0.000175587
5.2 0 -0.000137487 0.000156894
5.21 0 -0.000137493 0.00013947
5.22 0 -0.000137501 0.000116091
5.23 0 -0.000137511 9.35694e-005
5.24 0 -0.000137523 6.61142e-005
5.25 0 -0.000137536 3.85032e-005
5.26 0 -0.00013755 7.85093e-006
5.27 0 -0.000137565 -2.41584e-005
5.28 0 -0.000137579 -5.65498e-005
5.29 0 -0.000137594 -9.11439e-005
5.3 0 -0.000137606 -0.000123132
5.31 0 -0.000137619 -0.000157136
5.32 0 -0.000137629 -0.000185834
5.33 0 -0.000137638 -0.000214852
5.34 0 -0.000137644 -0.000237088
5.35 0 -0.000137652 -0.00025915
5.36 0 -0.000137659 -0.000274883
5.37 0 -0.000137663 -0.000282531
5.38 0 -0.000137663 -0.000283909
5.39 0 -0.000137663 -0.000285798
5.4 0 -0.000137664 -0.000278517
5.41 0 -0.000137665 -0.000269456
5.42 0 -0.000137666 -0.000261607
5.43 0 -0.000137669 -0.000247026
5.44 0 -0.000137672 -0.00023448
5.45 0 -0.000137678 -0.000214662
5.46 0 -0.000137685 -0.000196961
5.47 0 -0.000137695 -0.000172314
5.48 0 -0.000137706 -0.000148978
5.49 0 -0.00013772 -0.000120059
5.5 0 -0.000137735 -9.09145e-005
5.51 0 -0.000137752 -5.8599e-005
5.52 0 -0.000137769 -2.42461e-005
5.53 0 -0.000137786 1.00605e-005
5.54 0 -0.000137803 4.77625e-005
5.55 0 -0.000137818 8.19028e-005
5.56 0 -0.000137832 0.00011937
5.57 0 -0.000137844 0.00015048
5.58 0 -0.000137855 0.000182428
5.59 0 -0.000137863 0.00020711
5.6 0 -0.000137869 0.000228398
5.61 0 -0.000137873 0.000242791
5.62 0 -0.000137875 0.000249737
5.63 0 -0.000137875 0.000251167
5.64 0 -0.000137875 0.000251919
5.65 0 -0.000137876 0.000241843
5.66 0 -0.000137876 0.000235157
5.67 0 -0.000137877 0.000227582
5.68 0 -0.00013788 0.000211877
5.69 0 -0.000137883 0.000199641
5.7 0 -0.000137889 0.000178289
5.71 0 -0.000137895 0.000160699
5.72 0 -0.000137905 0.000134138
5.73 0 -0.000137916 0.000110407
5.74 0 -0.000137929 7.93405e-005
5.75 0 -0.000137943 4.88815e-005
5.76 0 -0.000137958 1.4248e-005
5.77 0 -0.000137975 -2.26448e-005
5.78 0 -0.000137989 -5.93179e-005
5.79 0 -0.000138005 -0.000100782
5.8 0 -0.000138018 -0.0001375
5.81 0 -0.000138031 -0.000179283
5.82 0 -0.00013804 -0.000213225
5.83 0 -0.000138049 -0.00024909
5.84 0 -0.000138056 -0.000276998
5.85 0 -0.000138064 -0.000304073
5.86 0 -0.000138071 -0.000324093
5.87 0 -0.000138075 -0.000332433
5.88 0 -0.000138076 -0.000335197
5.89 0 -0.000138076 -0.000337285
5.9 0 -0.000138077 -0.000329611
5.91 0 -0.000138078 -0.000319588
5.92 0 -0.000138079 -0.000311514
5.93 0 -0.000138082 -0.000295572
5.94 0 -0.000138086 -0.000282285
5.95 0 -0.000138093 -0.000260662
5.96 0 -0.000138101 -0.000241383
5.97 0 -0.000138113 -0.000214347
5.98 0 -0.000138126 -0.000188211
5.99 0 -0.000138142 -0.000156122
6 0 -0.00013816 -0.000122531
6.01 0 -0.000138178 -8.59572e-005
6.02 0 -0.000138198 -4.5154e-005
6.03 0 -0.000138216 -5.1678e-006
6.04 0 -0.000138236 4.07088e-005
6.05 0 -0.000138252 8.22049e-005
6.06 0 -0.000138267 0.000128447
6.07 0 -0.000138279 0.000168129
6.08 0 -0.00013829 0.000207894
6.09 0 -0.000138298 0.000240715
6.1 0 -0.000138304 0.000267082
6.11 0 -0.000138308 0.000287132
6.12 0 -0.00013831 0.000295569
6.13 0 -0.00013831 0.000297845
6.14 0 -0.00013831 0.000299076
6.15 0 -0.000138311 0.000291178
6.16 0 -0.000138311 0.000281325
6.17 0 -0.000138313 0.000272274
6.18 0 -0.000138316 0.000256389
6.19 0 -0.00013832 0.000241699
6.2 0 -0.000138326 0.000219811
6.21 0 -0.000138334 0.000198698
6.22 0 -0.000138346 0.000170787
6.23 0 -0.000138358 0.00014228
6.24 0 -0.000138373 0.000108306
6.25 0 -0.00013839 7.16216e-005
6.26 0 -0.000138407 3.16682e-005
6.27 0 -0.000138425 -1.32399e-005
6.28 0 -0.000138442 -5.83929e-005
6.29 0 -0.000138458 -0.000109421
6.3 0 -0.000138472 -0.000157796
6.31 0 -0.000138485 -0.000210022
6.32 0 -0.000138494 -0.000257362
6.33 0 -0.000138502 -0.000303062
6.34 0 -0.00013851 -0.000344515
6.35 0 -0.000138519 -0.000378951
6.36 0 -0.000138528 -0.000405501
6.37 0 -0.000138533 -0.000418
6.38 0 -0.000138534 -0.000420126
6.39 0 -0.000138534 -0.000421709
6.4 0 -0.000138534 -0.000413461
6.41 0 -0.000138535 -0.000403404
6.42 0 -0.000138537 -0.000393676
6.43 0 -0.000138541 -0.000377212
6.44 0 -0.000138546 -0.000361498
6.45 0 -0.000138554 -0.00033854
6.46 0 -0.000138564 -0.000315875
6.47 0 -0.000138579 -0.000286116
6.48 0 -0.000138595 -0.000255181
6.49 0 -0.000138614 -0.000218165
6.5 0 -0.000138635 -0.000177621
6.51 0 -0.000138658 -0.0001329
6.52 0 -0.000138681 -8.20995e-005
6.53 0 -0.000138703 -2.98146e-005
6.54 0 -0.000138724 2.95697e-005
6.55 0 -0.000138742 8.77056e-005
6.56 0 -0.000138758 0.00015007
6.57 0 -0.000138771 0.000208979
6.58 0 -0.000138781 0.000265227
6.59 0 -0.000138788 0.000315715
6.6 0 -0.000138794 0.000355372
6.61 0 -0.000138799 0.000387352
6.62 0 -0.000138804 0.000404407
6.63 0 -0.000138804 0.000406503
6.64 0 -0.000138805 0.000407835
6.65 0 -0.000138805 0.000399277
6.66 0 -0.000138806 0.000388816
6.67 0 -0.000138808 0.000378386
6.68 0 -0.000138812 0.000361085
6.69 0 -0.000138817 0.000344208
6.7 0 -0.000138826 0.000319754
6.71 0 -0.000138837 0.000295168
6.72 0 -0.000138852 0.000262918
6.73 0 -0.000138869 0.000228731
6.74 0 -0.000138889 0.000187567
6.75 0 -0.000138911 0.000141495
6.76 0 -0.000138934 8.99078e-005
6.77 0 -0.000138957 3.00323e-005
6.78 0 -0.000138978 -3.31805e-005
6.79 0 -0.000138998 -0.000105984
6.8 0 -0.000139014 -0.000180022
6.81 0 -0.000139028 -0.00025985
6.82 0 -0.000139038 -0.000338374
6.83 0 -0.000139045 -0.000413954
6.84 0 -0.000139051 -0.000483949
6.85 0 -0.000139054 -0.000543434
6.86 0 -0.000139056 -0.000594015
6.87 0 -0.000139057 -0.000620835
6.88 0 -0.000139057 -0.000622881
6.89 0 -0.000139057 -0.000623533
6.9 0 -0.000139057 -0.000614861
6.91 0 -0.000139058 -0.000603762
6.92 0 -0.00013906 -0.000592567
6.93 0 -0.000139065 -0.000574042
6.94 0 -0.00013907 -0.00055574
6.95 0 -0.00013908 -0.000529275
6.96 0 -0.000139092 -0.000502106
6.97 0 -0.000139108 -0.000466443
6.98 0 -0.000139126 -0.000427557
6.99 0 -0.000139147 -0.000380319
7 0 -0.00013917 -0.000325586
7.01 0 -0.000139193 -0.000262997
7.02 0 -0.000139216 -0.000187615
7.03 0 -0.000139237 -0.000104929
7.04 0 -0.000139255 -6.66196e-006
7.05 0 -0.000139269 9.90226e-005
7.06 0 -0.000139279 0.000215205
7.07 0 -0.000139285 0.000336471
7.08 0 -0.000139288 0.000456417
7.09 0 -0.00013929 0.000577007
7.1 0 -0.00013929 0.000629968
7.11 0 -0.00013929 0.000672811
7.12 0 -0.00013929 0.000734337
7.13 0 -0.00013929 0.000761864
7.14 0 -0.000139291 0.00078418
7.15 0 -0.000139291 0.000778922
7.16 0 -0.000139291 0.000770687
7.17 0 -0.000139293 0.000755722
7.18 0 -0.000139298 0.000738078
7.19 0 -0.000139304 0.000716777
7.2 0 -0.000139316 0.000688419
7.21 0 -0.000139328 0.000658671
7.22 0 -0.000139348 0.000617202
7.23 0 -0.000139368 0.00057456
7.24 0 -0.000139395 0.000515676
7.25 0 -0.000139421 0.000451263
7.26 0 -0.000139451 0.000367414
7.27 0 -0.000139478 0.000266421
7.28 0 -0.000139501 0.000144883
7.29 0 -0.000139521 -9.46733e-006
7.3 0 -0.000139533 -0.000184777
7.31 0 -0.00013954 -0.000397168
7.32 0 -0.000139543 -0.000640535
7.33 0 -0.000139543 -0.000748979
7.34 0 -0.000139543 -0.000836864
7.35 0 -0.000139543 -0.000991072
7.36 0 -0.000139543 -0.00110333
7.37 0 -0.000139532 -0.00161093
7.38 0 -0.000139498 -0.00226735
7.39 0 -0.000139486 -0.002425
7.4 0 -0.000139487 -0.00241176
7.41 0 -0.000139487 -0.00240897
7.42 0 -0.000139493 -0.00238307
7.43 0 -0.000139495 -0.0023752
7.44 0 -0.00013951 -0.00233792
7.45 0 -0.000139518 -0.00231998
7.46 0 -0.000139543 -0.00227182
7.47 0 -0.000139563 -0.00223527
7.48 0 -0.000139595 -0.00217401
7.49 0 -0.000139629 -0.00210289
7.5 0 -0.000139665 -0.00201727
7.51 0 -0.000139708 -0.00188204
7.52 0 -0.000139743 -0.00172941
7.53 0 -0.000139775 -0.00148157
7.54 0 -0.000139796 -0.00115034
7.55 0 -0.000139805 -0.000695399
7.56 0 -0.000139807 -5.12759e-005
7.57 0 -0.000139807 0.000110103
7.58 0 -0.000139807 0.000214462
7.59 0 -0.00013977 0.00158307
7.6 0 -0.000139645 0.00310677
7.61 0 -0.000139573 0.00376127
7.615 0 -0.000139555 0.00392192
7.62 0 -0.000139541 0.00403594
7.625 0 -0.000139532 0.00410888
7.63 0 -0.000139527 0.00414493
7.635 0 -0.000139528 0.00414572
7.64 0 -0.000139528 0.00414229
7.645 0 -0.000139528 0.00414144
7.65 0 -0.000139528 0.00413279
7.655 0 -0.000139528 0.004131
7.66 0 -0.000139529 0.00412291
7.665 0 -0.000139531 0.00411559
7.675 0 -0.000139536 0.00409895
7.685 0 -0.000139545 0.00407418
7.695 0 -0.000139556 0.00404869
7.705 0 -0.000139576 0.00401108
7.715 0 -0.000139597 0.00397195
7.725 0 -0.000139628 0.0039163
7.735 0 -0.00013966 0.00385228
7.745 0 -0.0001397 0.00376483
7.755 0 -0.000139743 0.00364794
7.765 0 -0.000139785 0.00348872
7.775 0 -0.000139823 0.00324938
7.785 0 -0.00013985 0.00290584
7.795 0 -0.000139864 0.00239878
7.805 0 -0.000139868 0.0016693
7.815 0 -0.000139867 0.000610781
7.825 0 -0.000139868 -0.00082681
7.835 0 -0.000139795 -0.00242633
7.845 0 -0.000139671 -0.00365923
7.855 0 -0.000139597 -0.00429124
7.865 0 -0.000139558 -0.00460292
7.875 0 -0.000139537 -0.00477001
7.885 0 -0.000139533 -0.00480411
7.895 0 -0.000139533 -0.00479611
7.905 0 -0.000139534 -0.00478956
7.915 0 -0.000139537 -0.00477259
7.925 0 -0.000139541 -0.00475809
7.935 0 -0.00013955 -0.00473186
7.945 0 -0.000139562 -0.00470679
7.955 0 -0.000139581 -0.00466953
7.965 0 -0.000139603 -0.00462878
7.975 0 -0.000139633 -0.00457523
7.985 0 -0.000139668 -0.00450772
7.995 0 -0.000139706 -0.00442292
8.005 0 -0.00013975 -0.00430184
8.015 0 -0.000139792 -0.00414127
8.025 0 -0.000139831 -0.00389865
8.035 0 -0.000139858 -0.00354241
8.045 0 -0.000139872 -0.00302116
8.055 0 -0.000139875 -0.00226531
8.065 0 -0.000139875 -0.00118475
8.075 0 -0.000139875 0.000296803
8.085 0 -0.000139875 0.00221763
8.09 0 -0.000139875 0.00335419
8.0925 0 -0.000139868 0.00396464
8.095 0 -0.000139811 0.00456288
8.0975 0 -0.000139745 0.00507533
8.1 0 -0.000139693 0.00546569
8.1025 0 -0.000139654 0.00574837
8.105 0 -0.000139626 0.00595009
8.1075 0 -0.000139606 0.00609611
8.11 0 -0.000139591 0.00620448
8.1125 0 -0.000139579 0.0062875
8.115 0 -0.000139569 0.00635294
8.1175 0 -0.000139562 0.00640536
8.1225 0 -0.000139551 0.00648097
8.1275 0 -0.000139544 0.0065231
8.1325 0 -0.000139545 0.00652745
8.1375 0 -0.000139544 0.00652463
8.1425 0 -0.000139544 0.00652474
8.1475 0 -0.000139544 0.00651666
8.1525 0 -0.000139545 0.00651515
8.1575 0 -0.000139545 0.00650767
8.1625 0 -0.000139547 0.0065008
8.1675 0 -0.000139548 0.00649429
8.1725 0 -0.000139552 0.00648308
8.1825 0 -0.000139558 0.00646375
8.1925 0 -0.000139572 0.00643452
8.2025 0 -0.000139587 0.00640331
8.2125 0 -0.00013961 0.00636112
8.2225 0 -0.000139637 0.00631125
8.2325 0 -0.000139672 0.00624787
8.2425 0 -0.000139711 0.00616362
8.2525 0 -0.000139754 0.00605528
8.2625 0 -0.000139798 0.0058958
8.2725 0 -0.000139839 0.00567061
8.2825 0 -0.00013987 0.00532882
8.2925 0 -0.000139887 0.00481603
8.3025 0 -0.000139892 0.00407036
8.3125 0 -0.000139892 0.00303321
8.3225 0 -0.000139892 0.00159082
8.3325 0 -0.000139892 -0.000378238
8.3425 0 -0.000139892 -0.00281143
8.3475 0 -0.000139884 -0.00417977
8.3525 0 -0.000139788 -0.00550179
8.3575 0 -0.000139662 -0.00643626
8.3625 0 -0.000139595 -0.00689631
8.3675 0 -0.000139568 -0.00709155
8.3725 0 -0.000139554 -0.00718153
8.3775 0 -0.000139548 -0.00722549
8.3825 0 -0.000139546 -0.00723597
8.3875 0 -0.000139546 -0.00723401
8.3925 0 -0.000139546 -0.00723176
8.3975 0 -0.000139547 -0.00722683
8.4075 0 -0.000139547 -0.0072172
8.4175 0 -0.000139551 -0.00720158
8.4275 0 -0.000139556 -0.00718293
8.4375 0 -0.000139567 -0.00715829
8.4475 0 -0.00013958 -0.00712843
8.4575 0 -0.0001396 -0.00709176
8.4675 0 -0.000139625 -0.00704599
8.4775 0 -0.000139656 -0.00698991
8.4875 0 -0.000139693 -0.00691665
8.4975 0 -0.000139735 -0.00682167
8.5075 0 -0.000139779 -0.00668953
8.5175 0 -0.000139823 -0.00650046
8.5275 0 -0.000139859 -0.00622026
8.5375 0 -0.000139884 -0.0057961
8.5475 0 -0.000139893 -0.00516785
8.5575 0 -0.000139895 -0.00425442
8.5675 0 -0.000139895 -0.0029685
8.5775 0 -0.000139895 -0.00123336
8.5875 0 -0.000139895 0.000981043
8.5975 0 -0.000139895 0.00363861
8.6025 0 -0.000139895 0.00512521
8.6075 0 -0.000139839 0.00663485
8.6125 0 -0.000139695 0.00783219
8.6175 0 -0.0001396 0.00846458
8.6225 0 -0.000139564 0.00869208
8.6275 0 -0.000139553 0.00876468
8.6325 0 -0.000139549 0.00879171
8.6375 0 -0.000139549 0.00878957
8.6425 0 -0.000139549 0.00878647
8.6475 0 -0.000139549 0.00878405
8.6525 0 -0.00013955 0.00877685
8.6625 0 -0.000139552 0.00876678
8.6725 0 -0.000139557 0.0087471
8.6825 0 -0.000139564 0.00872784
8.6925 0 -0.000139577 0.00869844
8.7025 0 -0.000139593 0.00866698
8.7125 0 -0.000139616 0.00862456
8.7225 0 -0.000139644 0.0085744
8.7325 0 -0.000139678 0.00851012
8.7425 0 -0.000139719 0.00842556
8.7525 0 -0.000139762 0.0083142
8.7625 0 -0.000139807 0.00815308
8.7725 0 -0.000139848 0.00791946
8.7825 0 -0.00013988 0.00756588
8.7925 0 -0.000139897 0.00702906
8.8025 0 -0.000139902 0.00624458
8.8125 0 -0.000139902 0.00512238
8.8225 0 -0.000139902 0.00356437
8.8325 0 -0.000139902 0.00151732
8.8425 0 -0.000139902 -0.00100767
8.8525 0 -0.000139902 -0.00389198
8.8575 0 -0.000139902 -0.00546237
8.8625 0 -0.000139853 -0.00709924
8.8675 0 -0.000139711 -0.00845217
8.8725 0 -0.000139601 -0.00917776
8.8775 0 -0.000139563 -0.00942229
8.8825 0 -0.000139553 -0.00949054
8.8875 0 -0.000139552 -0.00949933
8.8925 0 -0.000139552 -0.00949079
8.8975 0 -0.000139552 -0.0094934
8.9025 0 -0.000139552 -0.00948501
8.9075 0 -0.000139553 -0.00948002
8.9175 0 -0.000139556 -0.0094665
8.9275 0 -0.000139563 -0.00944453
8.9375 0 -0.000139571 -0.00942391
8.9475 0 -0.000139587 -0.00938916
8.9575 0 -0.000139605 -0.00935737
8.9675 0 -0.000139633 -0.00930646
8.9775 0 -0.000139662 -0.00925414
8.9875 0 -0.000139701 -0.00917765
8.9975 0 -0.000139742 -0.00908176
9.0075 0 -0.000139786 -0.00895055
9.0175 0 -0.000139832 -0.0087513
9.0275 0 -0.000139868 -0.00846884
9.0375 0 -0.000139893 -0.00802688
9.0475 0 -0.000139902 -0.00736851
9.0575 0 -0.000139904 -0.0064109
9.0675 0 -0.000139903 -0.00506686
9.0775 0 -0.000139904 -0.00326339
9.0875 0 -0.000139903 -0.000962718
9.0975 0 -0.000139904 0.00174492
9.1075 0 -0.000139903 0.00482206
9.1175 0 -0.000139877 0.00812905
9.1225 0 -0.000139764 0.00963118
9.1275 0 -0.00013962 0.0105844
9.1325 0 -0.000139567 0.0109185
9.1375 0 -0.000139556 0.0109829
9.1425 0 -0.000139556 0.0109886
9.1475 0 -0.000139556 0.0109788
9.1525 0 -0.000139556 0.0109788
9.1575 0 -0.000139557 0.0109715
9.1625 0 -0.000139558 0.0109636
9.1675 0 -0.00013956 0.0109587
9.1725 0 -0.000139563 0.0109456
9.1825 0 -0.00013957 0.0109279
9.1925 0 -0.000139583 0.010897
9.2025 0 -0.000139599 0.0108667
9.2125 0 -0.000139622 0.0108235
9.2225 0 -0.000139651 0.0107733
9.2325 0 -0.000139684 0.0107098
9.2425 0 -0.000139726 0.0106226
9.2525 0 -0.000139767 0.0105141
9.2625 0 -0.000139815 0.010347
9.2725 0 -0.000139855 0.0101138
9.2825 0 -0.000139887 0.00975222
9.2925 0 -0.000139903 0.00920315
9.3025 0 -0.000139908 0.00839883
9.3125 0 -0.000139908 0.00724817
9.3225 0 -0.000139908 0.00565948
9.3325 0 -0.000139908 0.00356694
9.3425 0 -0.000139908 0.000982565
9.3525 0 -0.000139908 -0.00206848
9.3625 0 -0.000139908 -0.00539986
9.3725 0 -0.000139908 -0.00886609
9.3775 0 -0.000139751 -0.0104474
9.3825 0 -0.000139607 -0.0113756
9.3875 0 -0.000139567 -0.0116336
9.3925 0 -0.000139562 -0.0116535
9.3975 0 -0.000139563 -0.0116563
9.4025 0 -0.000139563 -0.0116475
9.4075 0 -0.000139564 -0.0116436
9.4125 0 -0.000139564 -0.0116375
9.4175 0 -0.000139567 -0.0116263
9.4225 0 -0.000139568 -0.0116222
9.4275 0 -0.000139574 -0.0116065
9.4375 0 -0.00013958 -0.0115873
9.4475 0 -0.000139598 -0.0115526
9.4575 0 -0.000139614 -0.0115193
9.4675 0 -0.000139642 -0.0114712
9.4775 0 -0.000139672 -0.0114148
9.4875 0 -0.00013971 -0.0113426
9.4975 0 -0.000139752 -0.0112417
9.5075 0 -0.000139796 -0.0111121
9.5175 0 -0.00013984 -0.0109106
9.5275 0 -0.000139878 -0.0106178
9.5375 0 -0.000139901 -0.010169
9.5475 0 -0.000139912 -0.00948982
9.5575 0 -0.000139911 -0.00850602
9.5675 0 -0.000139913 -0.00712216
9.5775 0 -0.000139912 -0.005252
9.5875 0 -0.000139913 -0.00287228
9.5975 0 -0.000139912 -3.04814e-005
9.6075 0 -0.000139913 0.00300116
9.6175 0 -0.000139912 0.00629141
9.6275 0 -0.000139884 0.00980448
9.6375 0 -0.000139682 0.0123818
9.6475 0 -0.000139565 0.0131283
9.6575 0 -0.000139567 0.0131059
9.6675 0 -0.000139568 0.0131095
9.6775 0 -0.000139579 0.0130659
9.6875 0 -0.000139582 0.0130686
9.6975 0 -0.000139607 0.013009
9.7075 0 -0.000139614 0.0130011
9.7175 0 -0.00013965 0.0129294
9.7275 0 -0.000139672 0.0128931
9.7375 0 -0.000139712 0.0128106
9.7475 0 -0.000139759 0.0127049
9.7575 0 -0.000139794 0.012597
9.7675 0 -0.000139849 0.0123556
9.7775 0 -0.000139879 0.0120971
9.7875 0 -0.000139906 0.0116342
9.7975 0 -0.000139914 0.0109305
9.8075 0 -0.000139916 0.00993901
9.8175 0 -0.000139915 0.00853493
9.8275 0 -0.000139916 0.00664422
9.8375 0 -0.000139915 0.0042359
9.8475 0 -0.000139916 0.001361
9.8575 0 -0.000139915 -0.00188993
9.8675 0 -0.000139916 -0.00533499
9.8775 0 -0.000139915 -0.0088963
9.8825 0 -0.000139898 -0.0107038
9.8875 0 -0.000139793 -0.0123081
9.8925 0 -0.000139647 -0.0133093
9.8975 0 -0.000139595 -0.0136268
9.9025 0 -0.000139594 -0.0136429
9.9075 0 -0.000139592 -0.0136433
9.9125 0 -0.000139595 -0.0136331
9.9175 0 -0.000139594 -0.0136255
9.9225 0 -0.000139597 -0.0136197
9.9275 0 -0.0001396 -0.0136035
9.9325 0 -0.000139603 -0.0135995
9.9425 0 -0.000139616 -0.0135646
9.9525 0 -0.00013963 -0.013539
9.9625 0 -0.000139654 -0.0134911
9.9725 0 -0.00013968 -0.0134457
9.9825 0 -0.000139714 -0.0133776
9.9925 0 -0.000139755 -0.0132932
10.0025 0 -0.000139787 -0.013208
