1000 0 0 -1.23322e-027 -1.23322e-027
2000 0 0 2.57446e-027 2.57446e-027
3000 0 0 2.06203e-028 2.06203e-028
4000 0 0 -1.50809e-027 -1.50809e-027
5000 0 0 -4.0207e-027 -4.0207e-027
6000 0 0 5.32006e-027 5.32006e-027
7000 0 0 -1.20341e-027 -1.20341e-027
8000 0 0 -5.94461e-028 -5.94461e-028
9000 0 0 3.60081e-027 3.60081e-027
10000 0 0 -3.93903e-027 -3.93903e-027
11000 0 0 2.52339e-028 2.52339e-028
12000 0 0 2.91412e-028 2.91412e-028
13000 0 0 2.19788e-028 2.19788e-028
14000 0 0 9.05135e-028 9.05135e-028
15000 0 0 -2.93532e-027 -2.93532e-027
16000 0 0 6.00005e-027 6.00005e-027
17000 0 0 -8.32423e-027 -8.32423e-027
18000 0 0 3.85687e-027 3.85687e-027
19000 0 0 2.39619e-027 2.39619e-027
20000 0 0 -3.60269e-027 -3.60269e-027
21000 0 0 5.55557e-027 5.55557e-027
22000 0 0 -4.12557e-027 -4.12557e-027
23000 0 0 -1.58287e-027 -1.58287e-027
24000 0 0 5.19146e-027 5.19146e-027
25000 0 0 -7.41164e-027 -7.41164e-027
26000 0 0 4.01355e-027 4.01355e-027
27000 0 0 -2.94324e-028 -2.94324e-028
28000 0 0 -1.89541e-028 -1.89541e-028
29000 0 0 2.74098e-027 2.74098e-027
30000 0 0 -4.01551e-027 -4.01551e-027
31000 0 0 5.59233e-027 5.59233e-027
32000 0 0 -4.06701e-027 -4.06701e-027
33000 0 0 -1.48963e-027 -1.48963e-027
34000 0 0 5.12671e-027 5.12671e-027
35000 0 0 -6.58958e-027 -6.58958e-027
36000 0 0 6.60368e-027 6.60368e-027
37000 0 0 -7.50641e-027 -7.50641e-027
38000 0 0 4.07588e-027 4.07588e-027
39000 0 0 -1.95052e-028 -1.95052e-028
40000 0 0 -2.44699e-028 -2.44699e-028
41000 0 0 2.38543e-027 2.38543e-027
42000 0 0 -3.61983e-027 -3.61983e-027
43000 0 0 5.6349e-027 5.6349e-027
44000 0 0 -4.10585e-027 -4.10585e-027
45000 0 0 -1.6581e-027 -1.6581e-027
46000 0 0 5.28491e-027 5.28491e-027
47000 0 0 -7.47607e-027 -7.47607e-027
48000 0 0 3.91093e-027 3.91093e-027
49000 0 0 -4.00507e-030 -4.00507e-030
50000 0 0 -4.21403e-028 -4.21403e-028
51000 0 0 2.45113e-027 2.45113e-027
52000 0 0 -3.62183e-027 -3.62183e-027
53000 0 0 5.6317e-027 5.6317e-027
54000 0 0 -4.11094e-027 -4.11094e-027
55000 0 0 -1.55958e-027 -1.55958e-027
56000 0 0 5.22856e-027 5.22856e-027
57000 0 0 -7.56581e-027 -7.56581e-027
58000 0 0 3.98127e-027 3.98127e-027
59000 0 0 -1.32468e-028 -1.32468e-028
60000 0 0 -2.51659e-028 -2.51659e-028
61000 0 0 2.64205e-027 2.64205e-027
62000 0 0 -3.85317e-027 -3.85317e-027
63000 0 0 4.60579e-027 4.60579e-027
64000 0 0 -6.62217e-027 -6.62217e-027
65000 0 0 9.31541e-027 9.31541e-027
66000 0 0 -9.90414e-027 -9.90414e-027
67000 0 0 3.88207e-027 3.88207e-027
68000 0 0 2.6581e-027 2.6581e-027
69000 0 0 -4.01791e-027 -4.01791e-027
70000 0 0 5.58851e-027 5.58851e-027
71000 0 0 -4.0731e-027 -4.0731e-027
72000 0 0 -1.49932e-027 -1.49932e-027
73000 0 0 5.21791e-027 5.21791e-027
74000 0 0 -7.47615e-027 -7.47615e-027
75000 0 0 3.9108e-027 3.9108e-027
76000 0 0 -4.21686e-030 -4.21686e-030
77000 0 0 -4.21741e-028 -4.21741e-028
78000 0 0 2.45059e-027 2.45059e-027
79000 0 0 -3.62269e-027 -3.62269e-027
80000 0 0 5.63034e-027 5.63034e-027
81000 0 0 -4.11311e-027 -4.11311e-027
82000 0 0 -1.56303e-027 -1.56303e-027
83000 0 0 5.22306e-027 5.22306e-027
84000 0 0 -7.57458e-027 -7.57458e-027
85000 0 0 4.07394e-027 4.07394e-027
86000 0 0 -1.98141e-028 -1.98141e-028
87000 0 0 -2.49619e-028 -2.49619e-028
88000 0 0 2.3776e-027 2.3776e-027
89000 0 0 -3.52567e-027 -3.52567e-027
90000 0 0 5.46495e-027 5.46495e-027
91000 0 0 -4.05661e-027 -4.05661e-027
92000 0 0 -1.55672e-027 -1.55672e-027
93000 0 0 4.28496e-027 4.28496e-027
94000 0 0 -4.76918e-027 -4.76918e-027
95000 0 0 3.04747e-027 3.04747e-027
96000 0 0 -3.25389e-027 -3.25389e-027
97000 0 0 5.31631e-027 5.31631e-027
98000 0 0 -5.25767e-027 -5.25767e-027
99000 0 0 2.5755e-027 2.5755e-027
100000 0 0 7.65725e-028 7.65725e-028
101000 0 0 7.43195e-028 7.43195e-028
102000 0 0 -2.52085e-027 -2.52085e-027
103000 0 0 6.21242e-028 6.21242e-028
104000 0 0 3.75542e-027 3.75542e-027
105000 0 0 -7.55999e-027 -7.55999e-027
106000 0 0 4.01351e-027 4.01351e-027
107000 0 0 -5.39051e-029 -5.39051e-029
108000 0 0 -3.94244e-028 -3.94244e-028
109000 0 0 2.38775e-027 2.38775e-027
110000 0 0 -3.61613e-027 -3.61613e-027
111000 0 0 5.53415e-027 5.53415e-027
112000 0 0 -4.05305e-027 -4.05305e-027
113000 0 0 -1.57401e-027 -1.57401e-027
114000 0 0 5.20558e-027 5.20558e-027
115000 0 0 -7.49578e-027 -7.49578e-027
116000 0 0 3.98617e-027 3.98617e-027
117000 0 0 9.18558e-030 9.18558e-030
118000 0 0 -4.00396e-028 -4.00396e-028
119000 0 0 2.37795e-027 2.37795e-027
120000 0 0 -3.52511e-027 -3.52511e-027
121000 0 0 5.46586e-027 5.46586e-027
122000 0 0 -4.05518e-027 -4.05518e-027
123000 0 0 -1.5774e-027 -1.5774e-027
124000 0 0 4.29796e-027 4.29796e-027
125000 0 0 -4.77144e-027 -4.77144e-027
126000 0 0 3.04386e-027 3.04386e-027
127000 0 0 -2.33445e-027 -2.33445e-027
128000 0 0 1.11758e-027 1.11758e-027
129000 0 0 1.88744e-027 1.88744e-027
130000 0 0 -2.52425e-027 -2.52425e-027
131000 0 0 4.80531e-027 4.80531e-027
132000 0 0 -5.46133e-027 -5.46133e-027
133000 0 0 2.70531e-027 2.70531e-027
134000 0 0 -2.0827e-027 -2.0827e-027
135000 0 0 1.21438e-027 1.21438e-027
136000 0 0 -9.12333e-028 -9.12333e-028
137000 0 0 4.6174e-027 4.6174e-027
138000 0 0 -8.18479e-027 -8.18479e-027
139000 0 0 3.94509e-027 3.94509e-027
140000 0 0 2.65182e-027 2.65182e-027
141000 0 0 -3.92128e-027 -3.92128e-027
142000 0 0 5.52915e-027 5.52915e-027
143000 0 0 -4.06101e-027 -4.06101e-027
144000 0 0 -1.5867e-027 -1.5867e-027
145000 0 0 5.29201e-027 5.29201e-027
146000 0 0 -7.5714e-027 -7.5714e-027
147000 0 0 4.07899e-027 4.07899e-027
148000 0 0 -2.96723e-028 -2.96723e-028
149000 0 0 -1.93361e-028 -1.93361e-028
150000 0 0 2.7349e-027 2.7349e-027
151000 0 0 -3.91857e-027 -3.91857e-027
152000 0 0 4.60827e-027 4.60827e-027
153000 0 0 -6.61822e-027 -6.61822e-027
154000 0 0 9.3217e-027 9.3217e-027
155000 0 0 -9.89412e-027 -9.89412e-027
156000 0 0 3.76844e-027 3.76844e-027
157000 0 0 2.73632e-027 2.73632e-027
158000 0 0 -3.9163e-027 -3.9163e-027
159000 0 0 4.61188e-027 4.61188e-027
160000 0 0 -5.79392e-027 -5.79392e-027
161000 0 0 2.92699e-027 2.92699e-027
162000 0 0 3.96919e-028 3.96919e-028
163000 0 0 3.16762e-027 3.16762e-027
164000 0 0 -5.80123e-027 -5.80123e-027
165000 0 0 5.55975e-027 5.55975e-027
166000 0 0 -7.4127e-027 -7.4127e-027
167000 0 0 4.01186e-027 4.01186e-027
168000 0 0 -2.97012e-028 -2.97012e-028
169000 0 0 -1.93821e-028 -1.93821e-028
170000 0 0 2.73416e-027 2.73416e-027
171000 0 0 -3.91974e-027 -3.91974e-027
172000 0 0 4.60641e-027 4.60641e-027
173000 0 0 -6.62118e-027 -6.62118e-027
174000 0 0 9.31699e-027 9.31699e-027
175000 0 0 -9.90162e-027 -9.90162e-027
176000 0 0 3.88609e-027 3.88609e-027
177000 0 0 2.55785e-027 2.55785e-027
178000 0 0 -3.85766e-027 -3.85766e-027
179000 0 0 5.52382e-027 5.52382e-027
180000 0 0 -4.06949e-027 -4.06949e-027
181000 0 0 -1.49356e-027 -1.49356e-027
182000 0 0 5.22707e-027 5.22707e-027
183000 0 0 -7.56819e-027 -7.56819e-027
184000 0 0 3.97748e-027 3.97748e-027
185000 0 0 -4.65572e-030 -4.65572e-030
186000 0 0 -4.2244e-028 -4.2244e-028
187000 0 0 2.44948e-027 2.44948e-027
188000 0 0 -3.62446e-027 -3.62446e-027
189000 0 0 5.62752e-027 5.62752e-027
190000 0 0 -4.1176e-027 -4.1176e-027
191000 0 0 -1.5702e-027 -1.5702e-027
192000 0 0 5.21166e-027 5.21166e-027
193000 0 0 -7.48611e-027 -7.48611e-027
194000 0 0 4.00158e-027 4.00158e-027
195000 0 0 -7.291e-029 -7.291e-029
196000 0 0 -4.24511e-028 -4.24511e-028
197000 0 0 2.44618e-027 2.44618e-027
198000 0 0 -3.62972e-027 -3.62972e-027
199000 0 0 5.61915e-027 5.61915e-027
200000 0 0 -4.13093e-027 -4.13093e-027
200100 0 0 -7.26132e-025 -7.26132e-025
200200 0 0 2.41984e-024 2.41984e-024
200300 0 0 -3.32478e-024 -3.32478e-024
200400 0 0 2.64855e-024 2.64855e-024
200500 0 0 -2.18323e-024 -2.18323e-024
200600 0 0 2.81173e-024 2.81173e-024
200700 0 0 -2.41692e-024 -2.41692e-024
200800 0 0 1.03055e-024 1.03055e-024
200900 0 0 -3.09608e-025 -3.09608e-025
201000 0 0 4.98985e-025 4.98985e-025
201100 0 0 -5.99599e-025 -5.99599e-025
201200 0 0 6.3517e-026 6.3517e-026
201300 0 0 -9.1928e-025 -9.1928e-025
201400 0 0 1.85628e-024 1.85628e-024
201500 0 0 -1.11566e-024 -1.11566e-024
201600 0 0 2.027e-025 2.027e-025
201700 0 0 5.5499e-025 5.5499e-025
201800 0 0 -7.17096e-025 -7.17096e-025
201900 0 0 4.86398e-026 4.86398e-026
202000 0 0 1.09418e-025 1.09418e-025
202100 0 0 2.44068e-025 2.44068e-025
202200 0 0 -4.53498e-025 -4.53498e-025
202300 0 0 8.12457e-025 8.12457e-025
202400 0 0 -7.38275e-025 -7.38275e-025
202500 0 0 -5.51302e-026 -5.51302e-026
202600 0 0 7.8674e-025 7.8674e-025
202700 0 0 -7.29265e-025 -7.29265e-025
202800 0 0 -6.71258e-026 -6.71258e-026
202900 0 0 7.96703e-025 7.96703e-025
203000 0 0 -7.31376e-025 -7.31376e-025
203100 0 0 -5.48066e-026 -5.48066e-026
203200 0 0 7.87255e-025 7.87255e-025
203300 0 0 -7.28444e-025 -7.28444e-025
203400 0 0 -7.64817e-026 -7.64817e-026
203500 0 0 8.03129e-025 8.03129e-025
203600 0 0 -7.31806e-025 -7.31806e-025
203700 0 0 -5.54906e-026 -5.54906e-026
203800 0 0 7.88463e-025 7.88463e-025
203900 0 0 -7.31115e-025 -7.31115e-025
204000 0 0 -5.43898e-026 -5.43898e-026
204100 0 0 7.87919e-025 7.87919e-025
204200 0 0 -7.3805e-025 -7.3805e-025
204300 0 0 1.35988e-025 1.35988e-025
204400 0 0 9.35565e-027 9.35565e-027
204500 0 0 2.39746e-025 2.39746e-025
204600 0 0 -4.40926e-025 -4.40926e-025
204700 0 0 7.97342e-025 7.97342e-025
204800 0 0 -7.38299e-025 -7.38299e-025
204900 0 0 -5.51691e-026 -5.51691e-026
205000 0 0 7.86678e-025 7.86678e-025
205100 0 0 -7.29363e-025 -7.29363e-025
205200 0 0 -6.7283e-026 -6.7283e-026
205300 0 0 7.96453e-025 7.96453e-025
205400 0 0 -7.31775e-025 -7.31775e-025
205500 0 0 -5.54416e-026 -5.54416e-026
205600 0 0 7.88541e-025 7.88541e-025
205700 0 0 -7.3099e-025 -7.3099e-025
205800 0 0 -6.75772e-026 -6.75772e-026
205900 0 0 8.06647e-025 8.06647e-025
206000 0 0 -7.36865e-025 -7.36865e-025
206100 0 0 -7.69337e-026 -7.69337e-026
206200 0 0 8.13072e-025 8.13072e-025
206300 0 0 -7.37296e-025 -7.37296e-025
206400 0 0 -7.76201e-026 -7.76201e-026
206500 0 0 8.11979e-025 8.11979e-025
206600 0 0 -7.39037e-025 -7.39037e-025
206700 0 0 -5.63442e-026 -5.63442e-026
206800 0 0 7.97766e-025 7.97766e-025
206900 0 0 -7.37624e-025 -7.37624e-025
207000 0 0 -6.74785e-026 -6.74785e-026
207100 0 0 7.96141e-025 7.96141e-025
207200 0 0 -7.32271e-025 -7.32271e-025
207300 0 0 -5.62315e-026 -5.62315e-026
207400 0 0 7.97946e-025 7.97946e-025
207500 0 0 -7.37338e-025 -7.37338e-025
207600 0 0 -7.76864e-026 -7.76864e-026
207700 0 0 8.11873e-025 8.11873e-025
207800 0 0 -7.39205e-025 -7.39205e-025
207900 0 0 -5.66121e-026 -5.66121e-026
208000 0 0 7.9734e-025 7.9734e-025
208100 0 0 -7.38303e-025 -7.38303e-025
208200 0 0 -5.51755e-026 -5.51755e-026
208300 0 0 7.86667e-025 7.86667e-025
208400 0 0 -7.29379e-025 -7.29379e-025
208500 0 0 -6.73089e-026 -6.73089e-026
208600 0 0 7.96411e-025 7.96411e-025
208700 0 0 -7.31841e-025 -7.31841e-025
208800 0 0 -5.55464e-026 -5.55464e-026
208900 0 0 7.88374e-025 7.88374e-025
209000 0 0 -7.31256e-025 -7.31256e-025
209100 0 0 -5.4615e-026 -5.4615e-026
209200 0 0 7.8756e-025 7.8756e-025
209300 0 0 -7.38621e-025 -7.38621e-025
209400 0 0 -6.07007e-026 -6.07007e-026
209500 0 0 7.96273e-025 7.96273e-025
209600 0 0 -7.32062e-025 -7.32062e-025
209700 0 0 -5.58984e-026 -5.58984e-026
209800 0 0 7.87813e-025 7.87813e-025
209900 0 0 -7.32149e-025 -7.32149e-025
210000 0 0 -5.6037e-026 -5.6037e-026
211000 0 0 8.016e-027 8.016e-027
212000 0 0 -7.32501e-027 -7.32501e-027
213000 0 0 -5.65967e-028 -5.65967e-028
214000 0 0 7.97365e-027 7.97365e-027
215000 0 0 -7.38265e-027 -7.38265e-027
216000 0 0 -5.51131e-028 -5.51131e-028
217000 0 0 7.86768e-027 7.86768e-027
218000 0 0 -7.29222e-027 -7.29222e-027
219000 0 0 -7.77195e-028 -7.77195e-028
220000 0 0 8.11821e-027 8.11821e-027
221000 0 0 -7.3929e-027 -7.3929e-027
222000 0 0 -4.60828e-028 -4.60828e-028
223000 0 0 7.79823e-027 7.79823e-027
224000 0 0 -7.29619e-027 -7.29619e-027
225000 0 0 -6.76884e-028 -6.76884e-028
226000 0 0 8.06471e-027 8.06471e-027
227000 0 0 -7.37148e-027 -7.37148e-027
228000 0 0 -7.73827e-028 -7.73827e-028
229000 0 0 8.12358e-027 8.12358e-027
230000 0 0 -7.38436e-027 -7.38436e-027
231000 0 0 -5.53851e-028 -5.53851e-028
232000 0 0 7.86335e-027 7.86335e-027
233000 0 0 -7.29912e-027 -7.29912e-027
234000 0 0 -5.47703e-028 -5.47703e-028
235000 0 0 7.87314e-027 7.87314e-027
236000 0 0 -7.28352e-027 -7.28352e-027
237000 0 0 -7.63348e-028 -7.63348e-028
238000 0 0 8.03364e-027 8.03364e-027
239000 0 0 -7.31434e-027 -7.31434e-027
240000 0 0 -5.48968e-028 -5.48968e-028
241000 0 0 7.87112e-027 7.87112e-027
242000 0 0 -7.28673e-027 -7.28673e-027
243000 0 0 -7.68461e-028 -7.68461e-028
244000 0 0 8.13212e-027 8.13212e-027
245000 0 0 -7.37075e-027 -7.37075e-027
246000 0 0 -7.72659e-028 -7.72659e-028
247000 0 0 8.12544e-027 8.12544e-027
248000 0 0 -7.38139e-027 -7.38139e-027
249000 0 0 -5.49133e-028 -5.49133e-028
250000 0 0 7.87086e-027 7.87086e-027
251000 0 0 -7.28715e-027 -7.28715e-027
252000 0 0 -7.69126e-028 -7.69126e-028
253000 0 0 8.13107e-027 8.13107e-027
254000 0 0 -7.37243e-027 -7.37243e-027
255000 0 0 -7.75344e-028 -7.75344e-028
256000 0 0 8.12116e-027 8.12116e-027
257000 0 0 -7.3882e-027 -7.3882e-027
258000 0 0 -5.59979e-028 -5.59979e-028
259000 0 0 7.87656e-027 7.87656e-027
260000 0 0 -7.32402e-027 -7.32402e-027
261000 0 0 -5.64389e-028 -5.64389e-028
262000 0 0 7.97616e-027 7.97616e-027
263000 0 0 -7.37865e-027 -7.37865e-027
264000 0 0 -5.44758e-028 -5.44758e-028
265000 0 0 7.87783e-027 7.87783e-027
266000 0 0 -7.38268e-027 -7.38268e-027
267000 0 0 1.35641e-027 1.35641e-027
268000 0 0 3.5573e-028 3.5573e-028
269000 0 0 3.9467e-027 3.9467e-027
270000 0 0 -6.54756e-027 -6.54756e-027
271000 0 0 6.65808e-027 6.65808e-027
272000 0 0 -6.83854e-027 -6.83854e-027
273000 0 0 3.02153e-027 3.02153e-027
274000 0 0 6.83595e-028 6.83595e-028
275000 0 0 2.79237e-027 2.79237e-027
276000 0 0 -8.26763e-027 -8.26763e-027
277000 0 0 1.19641e-026 1.19641e-026
278000 0 0 -9.20519e-027 -9.20519e-027
279000 0 0 3.21208e-027 3.21208e-027
280000 0 0 -7.76965e-027 -7.76965e-027
281000 0 0 1.27548e-026 1.27548e-026
282000 0 0 -2.8441e-027 -2.8441e-027
283000 0 0 -1.17809e-026 -1.17809e-026
284000 0 0 1.65386e-026 1.65386e-026
285000 0 0 -8.00185e-027 -8.00185e-027
286000 0 0 -2.59694e-027 -2.59694e-027
287000 0 0 6.52805e-027 6.52805e-027
288000 0 0 -5.1695e-027 -5.1695e-027
289000 0 0 -5.45128e-027 -5.45128e-027
290000 0 0 1.38732e-026 1.38732e-026
291000 0 0 -1.56756e-026 -1.56756e-026
292000 0 0 1.80987e-026 1.80987e-026
293000 0 0 -1.31022e-026 -1.31022e-026
294000 0 0 6.76493e-027 6.76493e-027
295000 0 0 -6.53452e-027 -6.53452e-027
296000 0 0 1.40089e-026 1.40089e-026
297000 0 0 -1.68549e-026 -1.68549e-026
298000 0 0 9.10687e-027 9.10687e-027
299000 0 0 -3.39785e-027 -3.39785e-027
300000 0 0 -2.46514e-027 -2.46514e-027
301000 0 0 -6.98737e-028 -6.98737e-028
302000 0 0 1.04232e-026 1.04232e-026
303000 0 0 -1.63632e-026 -1.63632e-026
304000 0 0 1.89977e-026 1.89977e-026
305000 0 0 -6.56859e-027 -6.56859e-027
306000 0 0 -7.43122e-027 -7.43122e-027
307000 0 0 8.86067e-027 8.86067e-027
308000 0 0 -6.96623e-027 -6.96623e-027
309000 0 0 6.41242e-029 6.41242e-029
310000 0 0 5.13352e-027 5.13352e-027
311000 0 0 -3.29891e-027 -3.29891e-027
312000 0 0 3.39309e-027 3.39309e-027
313000 0 0 -5.16941e-027 -5.16941e-027
314000 0 0 2.82493e-027 2.82493e-027
315000 0 0 -1.68227e-027 -1.68227e-027
316000 0 0 6.44959e-028 6.44959e-028
317000 0 0 1.4264e-027 1.4264e-027
318000 0 0 -5.71819e-028 -5.71819e-028
319000 0 0 4.90631e-027 4.90631e-027
320000 0 0 -7.57209e-027 -7.57209e-027
321000 0 0 1.12086e-027 1.12086e-027
322000 0 0 1.91625e-029 1.91625e-029
323000 0 0 7.83925e-027 7.83925e-027
324000 0 0 -7.65081e-027 -7.65081e-027
325000 0 0 -4.97566e-028 -4.97566e-028
326000 0 0 5.53189e-028 5.53189e-028
327000 0 0 2.48711e-027 2.48711e-027
328000 0 0 1.17809e-027 1.17809e-027
329000 0 0 -3.21738e-027 -3.21738e-027
330000 0 0 -3.02137e-027 -3.02137e-027
331000 0 0 3.99389e-027 3.99389e-027
332000 0 0 6.27699e-027 6.27699e-027
333000 0 0 -9.73411e-027 -9.73411e-027
334000 0 0 -1.52767e-027 -1.52767e-027
335000 0 0 7.92632e-027 7.92632e-027
336000 0 0 -1.60905e-027 -1.60905e-027
337000 0 0 2.03171e-027 2.03171e-027
338000 0 0 -7.49314e-027 -7.49314e-027
339000 0 0 5.04588e-027 5.04588e-027
340000 0 0 -4.06462e-027 -4.06462e-027
341000 0 0 7.15832e-027 7.15832e-027
342000 0 0 -1.20539e-026 -1.20539e-026
343000 0 0 1.72724e-026 1.72724e-026
344000 0 0 -9.14784e-027 -9.14784e-027
345000 0 0 -1.69792e-028 -1.69792e-028
346000 0 0 -3.62336e-027 -3.62336e-027
347000 0 0 4.81207e-027 4.81207e-027
348000 0 0 -5.19042e-027 -5.19042e-027
349000 0 0 8.99149e-027 8.99149e-027
350000 0 0 -6.60139e-027 -6.60139e-027
351000 0 0 1.8971e-027 1.8971e-027
352000 0 0 -1.22901e-027 -1.22901e-027
353000 0 0 1.70967e-027 1.70967e-027
354000 0 0 -1.63839e-027 -1.63839e-027
355000 0 0 1.6223e-027 1.6223e-027
356000 0 0 -1.5413e-027 -1.5413e-027
357000 0 0 3.36039e-027 3.36039e-027
358000 0 0 -4.22332e-027 -4.22332e-027
359000 0 0 5.43809e-027 5.43809e-027
360000 0 0 -7.4378e-027 -7.4378e-027
361000 0 0 2.19873e-027 2.19873e-027
362000 0 0 6.78302e-027 6.78302e-027
363000 0 0 -1.25353e-026 -1.25353e-026
364000 0 0 1.492e-026 1.492e-026
365000 0 0 -1.33605e-026 -1.33605e-026
366000 0 0 1.34933e-026 1.34933e-026
367000 0 0 -1.62241e-026 -1.62241e-026
368000 0 0 1.33691e-026 1.33691e-026
369000 0 0 -1.07253e-026 -1.07253e-026
370000 0 0 1.31919e-026 1.31919e-026
371000 0 0 -1.70438e-026 -1.70438e-026
372000 0 0 1.55939e-026 1.55939e-026
373000 0 0 -7.78902e-027 -7.78902e-027
374000 0 0 6.22674e-027 6.22674e-027
375000 0 0 -9.53282e-027 -9.53282e-027
376000 0 0 7.6948e-027 7.6948e-027
377000 0 0 -5.333e-027 -5.333e-027
378000 0 0 6.21426e-027 6.21426e-027
379000 0 0 -5.98171e-027 -5.98171e-027
380000 0 0 4.20825e-027 4.20825e-027
381000 0 0 -2.86683e-027 -2.86683e-027
382000 0 0 5.60624e-028 5.60624e-028
383000 0 0 4.37027e-027 4.37027e-027
384000 0 0 -7.57474e-027 -7.57474e-027
385000 0 0 7.61128e-027 7.61128e-027
386000 0 0 -9.3498e-027 -9.3498e-027
387000 0 0 9.56972e-027 9.56972e-027
388000 0 0 -5.97316e-027 -5.97316e-027
389000 0 0 5.75088e-027 5.75088e-027
390000 0 0 -9.3512e-027 -9.3512e-027
391000 0 0 9.5675e-027 9.5675e-027
392000 0 0 -5.9767e-027 -5.9767e-027
393000 0 0 3.68082e-027 3.68082e-027
394000 0 0 -2.85577e-027 -2.85577e-027
395000 0 0 5.78247e-028 5.78247e-028
396000 0 0 4.29171e-027 4.29171e-027
397000 0 0 -9.28331e-027 -9.28331e-027
398000 0 0 9.56898e-027 9.56898e-027
399000 0 0 -5.97434e-027 -5.97434e-027
400000 0 0 3.68457e-027 3.68457e-027
401000 0 0 -2.84979e-027 -2.84979e-027
402000 0 0 5.87769e-028 5.87769e-028
403000 0 0 2.24245e-027 2.24245e-027
404000 0 0 -2.86139e-027 -2.86139e-027
405000 0 0 5.69301e-028 5.69301e-028
406000 0 0 4.38409e-027 4.38409e-027
407000 0 0 -9.34945e-027 -9.34945e-027
408000 0 0 9.57029e-027 9.57029e-027
409000 0 0 -5.97226e-027 -5.97226e-027
410000 0 0 3.58126e-027 3.58126e-027
0.01 0 0 0.0555898 0.0555898
0.02 0 0 -0.107588 -0.107588
0.03 0 0 0.152887 0.152887
0.04 0 0 -0.194195 -0.194195
0.05 0 0 0.225712 0.225712
0.06 0 0 -0.253271 -0.253271
0.07 0 0 0.268277 0.268277
0.08 0 0 -0.280462 -0.280462
0.09 0 0 0.278422 0.278422
0.1 0 0 -0.275685 -0.275685
0.11 0 0 0.258515 0.258515
0.12 0 0 -0.243317 -0.243317
0.13 0 0 0.215365 0.215365
0.14 0 0 -0.191466 -0.191466
0.15 0 0 0.15841 0.15841
0.16 0 0 -0.131587 -0.131587
0.17 0 0 0.0981863 0.0981863
0.18 0 0 -0.0724732 -0.0724732
0.19 0 0 0.0429827 0.0429827
0.2 0 0 -0.0223003 -0.0223003
0.21 0 0 0.000429399 0.000429399
0.22 0 0 0.0125562 0.0125562
0.23 0 0 -0.0246579 -0.0246579
0.24 0 0 0.028448 0.028448
0.25 0 0 -0.02968 -0.02968
0.26 0 0 0.0240976 0.0240976
0.27 0 0 -0.0144219 -0.0144219
0.28 0 0 0.000643078 0.000643078
0.29 0 0 0.0181777 0.0181777
0.3 0 0 -0.0371325 -0.0371325
0.31 0 0 0.0617487 0.0617487
0.32 0 0 -0.0817309 -0.0817309
0.33 0 0 0.107185 0.107185
0.34 0 0 -0.123009 -0.123009
0.35 0 0 0.145261 0.145261
0.36 0 0 -0.154009 -0.154009
0.37 0 0 0.1692 0.1692
0.38 0 0 -0.169959 -0.169959
0.39 0 0 0.175215 0.175215
0.4 0 0 -0.170332 -0.170332
0.41 0 0 0.169529 0.169529
0.42 0 0 -0.158589 -0.158589
0.43 0 0 0.151519 0.151519
0.44 0 0 -0.135467 -0.135467
0.45 0 0 0.123269 0.123269
0.46 0 0 -0.103847 -0.103847
0.47 0 0 0.0884068 0.0884068
0.48 0 0 -0.0678806 -0.0678806
0.49 0 0 0.0510565 0.0510565
0.5 0 0 -0.0317812 -0.0317812
0.51 0 0 0.0157302 0.0157302
0.52 0 0 -0.000256939 -0.000256939
0.53 0 0 -0.0133375 -0.0133375
0.54 0 0 0.0231784 0.0231784
0.55 0 0 -0.0330912 -0.0330912
0.56 0 0 0.036264 0.036264
0.57 0 0 -0.0422609 -0.0422609
0.58 0 0 0.0383343 0.0383343
0.59 0 0 -0.0403494 -0.0403494
0.6 0 0 0.0306373 0.0306373
0.61 0 0 -0.0297857 -0.0297857
0.62 0 0 0.0163612 0.0163612
0.63 0 0 -0.0140092 -0.0140092
0.64 0 0 0.00569067 0.00569067
0.65 0 0 -0.00779091 -0.00779091
0.66 0 0 0.00438835 0.00438835
0.67 0 0 -0.00835097 -0.00835097
0.68 0 0 0.00560878 0.00560878
0.69 0 0 -0.00980567 -0.00980567
0.7 0 0 0.00808331 0.00808331
0.71 0 0 -0.0126057 -0.0126057
0.72 0 0 0.0121653 0.0121653
0.73 0 0 -0.0169816 -0.0169816
0.74 0 0 0.0180962 0.0180962
0.75 0 0 -0.0227893 -0.0227893
0.76 0 0 0.0253163 0.0253163
0.77 0 0 -0.0290793 -0.0290793
0.78 0 0 0.0326792 0.0326792
0.79 0 0 -0.0347111 -0.0347111
0.8 0 0 0.0392512 0.0392512
0.81 0 0 -0.0392103 -0.0392103
0.82 0 0 0.0446504 0.0446504
0.83 0 0 -0.0422884 -0.0422884
0.84 0 0 0.048339 0.048339
0.85 0 0 -0.0438902 -0.0438902
0.86 0 0 0.0499593 0.0499593
0.87 0 0 -0.0436886 -0.0436886
0.88 0 0 0.0490502 0.0490502
0.89 0 0 -0.0486082 -0.0486082
0.9 0 0 0.0592423 0.0592423
0.91 0 0 -0.0638988 -0.0638988
0.92 0 0 0.0746256 0.0746256
0.93 0 0 -0.0768447 -0.0768447
0.94 0 0 0.0841553 0.0841553
0.95 0 0 -0.0833381 -0.0833381
0.96 0 0 0.0869292 0.0869292
0.97 0 0 -0.0833085 -0.0833085
0.98 0 0 0.0830627 0.0830627
0.99 0 0 -0.076991 -0.076991
1 0 0 0.0730788 0.0730788
1.01 0 0 -0.0656306 -0.0656306
1.02 0 0 0.0588573 0.0588573
1.03 0 0 -0.05157 -0.05157
1.04 0 0 0.0428796 0.0428796
1.05 0 0 -0.0371312 -0.0371312
1.06 0 0 0.0274674 0.0274674
1.07 0 0 -0.0246505 -0.0246505
1.08 0 0 0.0154077 0.0154077
1.09 0 0 -0.0165097 -0.0165097
1.1 0 0 0.00840198 0.00840198
1.11 0 0 -0.0127014 -0.0127014
1.12 0 0 0.00600253 0.00600253
1.13 0 0 -0.0128138 -0.0128138
1.14 0 0 0.0129131 0.0129131
1.15 0 0 -0.0214356 -0.0214356
1.16 0 0 0.0232022 0.0232022
1.17 0 0 -0.0323029 -0.0323029
1.18 0 0 0.0339739 0.0339739
1.19 0 0 -0.0419583 -0.0419583
1.2 0 0 0.0427732 0.0427732
1.21 0 0 -0.0490899 -0.0490899
1.22 0 0 0.0487866 0.0487866
1.23 0 0 -0.0525361 -0.0525361
1.24 0 0 0.0506499 0.0506499
1.25 0 0 -0.0511949 -0.0511949
1.26 0 0 0.0479886 0.0479886
1.27 0 0 -0.0453237 -0.0453237
1.28 0 0 0.0416058 0.0416058
1.29 0 0 -0.0359214 -0.0359214
1.3 0 0 0.0324352 0.0324352
1.31 0 0 -0.0242654 -0.0242654
1.32 0 0 0.0223154 0.0223154
1.33 0 0 -0.0129921 -0.0129921
1.34 0 0 0.0134997 0.0134997
1.35 0 0 -0.0039631 -0.0039631
1.36 0 0 0.00669749 0.00669749
1.37 0 0 0.00222266 0.00222266
1.38 0 0 0.00253557 0.00253557
1.39 0 0 -0.000514763 -0.000514763
1.4 0 0 0.00710789 0.00710789
1.41 0 0 -0.00699453 -0.00699453
1.42 0 0 0.0144545 0.0144545
1.43 0 0 -0.0146277 -0.0146277
1.44 0 0 0.0215132 0.0215132
1.45 0 0 -0.0214553 -0.0214553
1.46 0 0 0.0274237 0.0274237
1.47 0 0 -0.0271382 -0.0271382
1.48 0 0 0.0315585 0.0315585
1.49 0 0 -0.0307245 -0.0307245
1.5 0 0 0.032967 0.032967
1.51 0 0 -0.0317959 -0.0317959
1.52 0 0 0.0316655 0.0316655
1.53 0 0 -0.0307154 -0.0307154
1.54 0 0 0.0281397 0.0281397
1.55 0 0 -0.0278867 -0.0278867
1.56 0 0 0.0227173 0.0227173
1.57 0 0 -0.0235011 -0.0235011
1.58 0 0 0.0164041 0.0164041
1.59 0 0 -0.0187741 -0.0187741
1.6 0 0 0.0103058 0.0103058
1.61 0 0 -0.0139938 -0.0139938
1.62 0 0 0.00516541 0.00516541
1.63 0 0 -0.00991631 -0.00991631
1.64 0 0 0.00910149 0.00910149
1.65 0 0 -0.0196584 -0.0196584
1.66 0 0 0.024391 0.024391
1.67 0 0 -0.0361311 -0.0361311
1.68 0 0 0.0397995 0.0397995
1.69 0 0 -0.0495671 -0.0495671
1.7 0 0 0.0514882 0.0514882
1.71 0 0 -0.0587496 -0.0587496
1.72 0 0 0.058976 0.058976
1.73 0 0 -0.0635702 -0.0635702
1.74 0 0 0.0624147 0.0624147
1.75 0 0 -0.0641276 -0.0641276
1.76 0 0 0.0619627 0.0619627
1.77 0 0 -0.0607248 -0.0607248
1.78 0 0 0.058431 0.058431
1.79 0 0 -0.0545153 -0.0545153
1.8 0 0 0.0530897 0.0530897
1.81 0 0 -0.0470805 -0.0470805
1.82 0 0 0.0472889 0.0472889
1.83 0 0 -0.0395276 -0.0395276
1.84 0 0 0.0418396 0.0418396
1.85 0 0 -0.0337428 -0.0337428
1.86 0 0 0.0385191 0.0385191
1.87 0 0 -0.0307448 -0.0307448
1.88 0 0 0.0370546 0.0370546
1.89 0 0 -0.0378798 -0.0378798
1.9 0 0 0.0505992 0.0505992
1.91 0 0 -0.0574394 -0.0574394
1.92 0 0 0.0710231 0.0710231
1.93 0 0 -0.0760416 -0.0760416
1.94 0 0 0.0868367 0.0868367
1.95 0 0 -0.0891594 -0.0891594
1.96 0 0 0.0964146 0.0964146
1.97 0 0 -0.0960606 -0.0960606
1.98 0 0 0.0998197 0.0998197
1.99 0 0 -0.0972826 -0.0972826
2 0 0 0.0973933 0.0973933
2.01 0 0 -0.0930756 -0.0930756
2.02 0 0 0.0892392 0.0892392
2.03 0 0 -0.0837253 -0.0837253
2.04 0 0 0.0762668 0.0762668
2.05 0 0 -0.0709771 -0.0709771
2.06 0 0 0.0611217 0.0611217
2.07 0 0 -0.0581221 -0.0581221
2.08 0 0 0.0477433 0.0477433
2.09 0 0 -0.0481812 -0.0481812
2.1 0 0 0.0382207 0.0382207
2.11 0 0 -0.041888 -0.041888
2.12 0 0 0.0331384 0.0331384
2.13 0 0 -0.0391428 -0.0391428
2.14 0 0 0.0381265 0.0381265
2.15 0 0 -0.0460727 -0.0460727
2.16 0 0 0.0469427 0.0469427
2.17 0 0 -0.0553464 -0.0553464
2.18 0 0 0.0558415 0.0558415
2.19 0 0 -0.0630811 -0.0630811
2.2 0 0 0.0625683 0.0625683
2.21 0 0 -0.0678528 -0.0678528
2.22 0 0 0.0660008 0.0660008
2.23 0 0 -0.0689172 -0.0689172
2.24 0 0 0.0657944 0.0657944
2.25 0 0 -0.0657241 -0.0657241
2.26 0 0 0.0612978 0.0612978
2.27 0 0 -0.0579215 -0.0579215
2.28 0 0 0.0533553 0.0533553
2.29 0 0 -0.0474918 -0.0474918
2.3 0 0 0.0442017 0.0442017
2.31 0 0 -0.0363201 -0.0363201
2.32 0 0 0.0348962 0.0348962
2.33 0 0 -0.0253489 -0.0253489
2.34 0 0 0.0264637 0.0264637
2.35 0 0 -0.0166734 -0.0166734
2.36 0 0 0.0205044 0.0205044
2.37 0 0 -0.0111969 -0.0111969
2.38 0 0 0.0169236 0.0169236
2.39 0 0 -0.0173952 -0.0173952
2.4 0 0 0.0305615 0.0305615
2.41 0 0 -0.0379012 -0.0379012
2.42 0 0 0.0521031 0.0521031
2.43 0 0 -0.0574574 -0.0574574
2.44 0 0 0.0688236 0.0688236
2.45 0 0 -0.0714436 -0.0714436
2.46 0 0 0.0790694 0.0790694
2.47 0 0 -0.0784276 -0.0784276
2.48 0 0 0.0817486 0.0817486
2.49 0 0 -0.0780278 -0.0780278
2.5 0 0 0.0770885 0.0770885
2.51 0 0 -0.0716474 -0.0716474
2.52 0 0 0.0675142 0.0675142
2.53 0 0 -0.0620016 -0.0620016
2.54 0 0 0.055085 0.055085
2.55 0 0 -0.0506109 -0.0506109
2.56 0 0 0.0417713 0.0417713
2.57 0 0 -0.0401691 -0.0401691
2.58 0 0 0.0309837 0.0309837
2.59 0 0 -0.0331026 -0.0331026
2.6 0 0 0.0243509 0.0243509
2.61 0 0 -0.0292785 -0.0292785
2.62 0 0 0.0212709 0.0212709
2.63 0 0 -0.029859 -0.029859
2.64 0 0 0.0338283 0.0338283
2.65 0 0 -0.0520957 -0.0520957
2.66 0 0 0.0649379 0.0649379
2.67 0 0 -0.0842855 -0.0842855
2.68 0 0 0.0940694 0.0940694
2.69 0 0 -0.10927 -0.10927
2.7 0 0 0.114818 0.114818
2.71 0 0 -0.124673 -0.124673
2.72 0 0 0.125155 0.125155
2.73 0 0 -0.128923 -0.128923
2.74 0 0 0.124857 0.124857
2.75 0 0 -0.123167 -0.123167
2.76 0 0 0.115939 0.115939
2.77 0 0 -0.109144 -0.109144
2.78 0 0 0.100179 0.100179
2.79 0 0 -0.0898058 -0.0898058
2.8 0 0 0.0821191 0.0821191
2.81 0 0 -0.0704388 -0.0704388
2.82 0 0 0.0663207 0.0663207
2.83 0 0 -0.054714 -0.054714
2.84 0 0 0.0552183 0.0552183
2.85 0 0 -0.0449431 -0.0449431
2.86 0 0 0.0498225 0.0498225
2.87 0 0 -0.0414133 -0.0414133
2.88 0 0 0.0492705 0.0492705
2.89 0 0 -0.0498656 -0.0498656
2.9 0 0 0.0598773 0.0598773
2.91 0 0 -0.0624195 -0.0624195
2.92 0 0 0.0726086 0.0726086
2.93 0 0 -0.0742756 -0.0742756
2.94 0 0 0.0827442 0.0827442
2.95 0 0 -0.0827488 -0.0827488
2.96 0 0 0.0885591 0.0885591
2.97 0 0 -0.0860866 -0.0860866
2.98 0 0 0.0884178 0.0884178
2.99 0 0 -0.083885 -0.083885
3 0 0 0.0826912 0.0826912
3.01 0 0 -0.0764162 -0.0764162
3.02 0 0 0.071585 0.071585
3.03 0 0 -0.0650365 -0.0650365
3.04 0 0 0.0571946 0.0571946
3.05 0 0 -0.0514671 -0.0514671
3.06 0 0 0.0409991 0.0409991
3.07 0 0 -0.0376357 -0.0376357
3.08 0 0 0.0262054 0.0262054
3.09 0 0 -0.0267978 -0.0267978
3.1 0 0 0.015989 0.015989
3.11 0 0 -0.0194044 -0.0194044
3.12 0 0 0.00831967 0.00831967
3.13 0 0 -0.0147219 -0.0147219
3.14 0 0 0.013974 0.013974
3.15 0 0 -0.0231408 -0.0231408
3.16 0 0 0.02491 0.02491
3.17 0 0 -0.0345326 -0.0345326
3.18 0 0 0.0356375 0.0356375
3.19 0 0 -0.0438714 -0.0438714
3.2 0 0 0.0437604 0.0437604
3.21 0 0 -0.0501468 -0.0501468
3.22 0 0 0.0486936 0.0486936
3.23 0 0 -0.0526513 -0.0526513
3.24 0 0 0.049675 0.049675
3.25 0 0 -0.0505205 -0.0505205
3.26 0 0 0.0464467 0.0464467
3.27 0 0 -0.0441134 -0.0441134
3.28 0 0 0.0397999 0.0397999
3.29 0 0 -0.0345172 -0.0345172
3.3 0 0 0.0316916 0.0316916
3.31 0 0 -0.0244263 -0.0244263
3.32 0 0 0.0244506 0.0244506
3.33 0 0 -0.0158057 -0.0158057
3.34 0 0 0.0187949 0.0187949
3.35 0 0 -0.00945222 -0.00945222
3.36 0 0 0.015792 0.015792
3.37 0 0 -0.00732321 -0.00732321
3.38 0 0 0.0159037 0.0159037
3.39 0 0 -0.0195299 -0.0195299
3.4 0 0 0.0378993 0.0378993
3.41 0 0 -0.0503144 -0.0503144
3.42 0 0 0.0693746 0.0693746
3.43 0 0 -0.0782924 -0.0782924
3.44 0 0 0.092907 0.092907
3.45 0 0 -0.0973414 -0.0973414
3.46 0 0 0.106818 0.106818
3.47 0 0 -0.106583 -0.106583
3.48 0 0 0.110379 0.110379
3.49 0 0 -0.105723 -0.105723
3.5 0 0 0.104226 0.104226
3.51 0 0 -0.0967578 -0.0967578
3.52 0 0 0.0908219 0.0908219
3.53 0 0 -0.0826408 -0.0826408
3.54 0 0 0.0736392 0.0736392
3.55 0 0 -0.0672025 -0.0672025
3.56 0 0 0.0568905 0.0568905
3.57 0 0 -0.0547588 -0.0547588
3.58 0 0 0.0447286 0.0447286
3.59 0 0 -0.0478744 -0.0478744
3.6 0 0 0.0394456 0.0394456
3.61 0 0 -0.0474218 -0.0474218
3.62 0 0 0.0400613 0.0400613
3.63 0 0 -0.0510337 -0.0510337
3.64 0 0 0.0575744 0.0575744
3.65 0 0 -0.0802067 -0.0802067
3.66 0 0 0.0970495 0.0970495
3.67 0 0 -0.120112 -0.120112
3.68 0 0 0.132162 0.132162
3.69 0 0 -0.149213 -0.149213
3.7 0 0 0.15484 0.15484
3.71 0 0 -0.164544 -0.164544
3.72 0 0 0.163139 0.163139
3.73 0 0 -0.165068 -0.165068
3.74 0 0 0.157407 0.157407
3.75 0 0 -0.152294 -0.152294
3.76 0 0 0.14015 0.14015
3.77 0 0 -0.129129 -0.129129
3.78 0 0 0.115372 0.115372
3.79 0 0 -0.101241 -0.101241
3.8 0 0 0.089923 0.089923
3.81 0 0 -0.0751075 -0.0751075
3.82 0 0 0.0691907 0.0691907
3.83 0 0 -0.0560284 -0.0560284
3.84 0 0 0.0574942 0.0574942
3.85 0 0 -0.0476087 -0.0476087
3.86 0 0 0.0562676 0.0562676
3.87 0 0 -0.0501044 -0.0501044
3.88 0 0 0.0630124 0.0630124
3.89 0 0 -0.0713165 -0.0713165
3.9 0 0 0.0956768 0.0956768
3.91 0 0 -0.113806 -0.113806
3.92 0 0 0.137947 0.137947
3.93 0 0 -0.150471 -0.150471
3.94 0 0 0.167652 0.167652
3.95 0 0 -0.172549 -0.172549
3.96 0 0 0.181126 0.181126
3.97 0 0 -0.17787 -0.17787
3.98 0 0 0.177851 0.177851
3.99 0 0 -0.167511 -0.167511
4 0 0 0.159697 0.159697
4.01 0 0 -0.144455 -0.144455
4.02 0 0 0.130847 0.130847
4.03 0 0 -0.114339 -0.114339
4.04 0 0 0.0978135 0.0978135
4.05 0 0 -0.0844182 -0.0844182
4.06 0 0 0.0679666 0.0679666
4.07 0 0 -0.0608852 -0.0608852
4.08 0 0 0.0467687 0.0467687
4.09 0 0 -0.0482941 -0.0482941
4.1 0 0 0.0384004 0.0384004
4.11 0 0 -0.0481416 -0.0481416
4.12 0 0 0.0425322 0.0425322
4.13 0 0 -0.0570533 -0.0570533
4.14 0 0 0.0671828 0.0671828
4.15 0 0 -0.0911347 -0.0911347
4.16 0 0 0.102959 0.102959
4.17 0 0 -0.11819 -0.11819
4.18 0 0 0.122064 0.122064
4.19 0 0 -0.13135 -0.13135
4.2 0 0 0.12873 0.12873
4.21 0 0 -0.130773 -0.130773
4.22 0 0 0.121386 0.121386
4.23 0 0 -0.116169 -0.116169
4.24 0 0 0.100964 0.100964
4.25 0 0 -0.0894554 -0.0894554
4.26 0 0 0.0709668 0.0709668
4.27 0 0 -0.0553177 -0.0553177
4.28 0 0 0.0373178 0.0373178
4.29 0 0 -0.0203743 -0.0203743
4.3 0 0 0.00717541 0.00717541
4.31 0 0 0.00832136 0.00832136
4.32 0 0 -0.01377 -0.01377
4.33 0 0 0.0261789 0.0261789
4.34 0 0 -0.0221465 -0.0221465
4.35 0 0 0.0295163 0.0295163
4.36 0 0 -0.0201854 -0.0201854
4.37 0 0 0.0266518 0.0266518
4.38 0 0 -0.00717451 -0.00717451
4.39 0 0 -0.014647 -0.014647
4.4 0 0 0.0650907 0.0650907
4.41 0 0 -0.112074 -0.112074
4.42 0 0 0.161393 0.161393
4.43 0 0 -0.193886 -0.193886
4.44 0 0 0.22617 0.22617
4.45 0 0 -0.23998 -0.23998
4.46 0 0 0.252045 0.252045
4.47 0 0 -0.245664 -0.245664
4.48 0 0 0.237492 0.237492
4.49 0 0 -0.213298 -0.213298
4.5 0 0 0.188488 0.188488
4.51 0 0 -0.152722 -0.152722
4.52 0 0 0.118093 0.118093
4.53 0 0 -0.0802613 -0.0802613
4.54 0 0 0.0449971 0.0449971
4.55 0 0 -0.0158618 -0.0158618
4.56 0 0 -0.0113089 -0.0113089
4.57 0 0 0.022834 0.022834
4.58 0 0 -0.0357412 -0.0357412
4.59 0 0 0.0264048 0.0264048
4.6 0 0 -0.0254856 -0.0254856
4.61 0 0 1.93361e-005 1.93361e-005
4.62 0 0 0.00955398 0.00955398
4.63 0 0 -0.0416 -0.0416
4.64 0 0 0.0693262 0.0693262
4.65 0 0 -0.111388 -0.111388
4.66 0 0 0.138578 0.138578
4.67 0 0 -0.16641 -0.16641
4.68 0 0 0.179511 0.179511
4.69 0 0 -0.195401 -0.195401
4.7 0 0 0.195559 0.195559
4.71 0 0 -0.197559 -0.197559
4.72 0 0 0.184027 0.184027
4.73 0 0 -0.172481 -0.172481
4.74 0 0 0.147614 0.147614
4.75 0 0 -0.125488 -0.125488
4.76 0 0 0.0944095 0.0944095
4.77 0 0 -0.0671314 -0.0671314
4.78 0 0 0.0374081 0.0374081
4.79 0 0 -0.0110362 -0.0110362
4.8 0 0 -0.00975399 -0.00975399
4.81 0 0 0.0295896 0.0295896
4.82 0 0 -0.0353352 -0.0353352
4.83 0 0 0.0450115 0.0450115
4.84 0 0 -0.0342374 -0.0342374
4.85 0 0 0.0312214 0.0312214
4.86 0 0 -0.0106037 -0.0106037
4.87 0 0 0.0130782 0.0130782
4.88 0 0 0.0128433 0.0128433
4.89 0 0 -0.0430763 -0.0430763
4.9 0 0 0.106377 0.106377
4.91 0 0 -0.165367 -0.165367
4.92 0 0 0.224476 0.224476
4.93 0 0 -0.263123 -0.263123
4.94 0 0 0.298705 0.298705
4.95 0 0 -0.311717 -0.311717
4.96 0 0 0.320516 0.320516
4.97 0 0 -0.307115 -0.307115
4.98 0 0 0.290347 0.290347
4.99 0 0 -0.254493 -0.254493
5 0 0 0.217989 0.217989
5.01 0 0 -0.169287 -0.169287
5.02 0 0 0.124011 0.124011
5.03 0 0 -0.0762587 -0.0762587
5.04 0 0 0.0344757 0.0344757
5.05 0 0 -0.00140414 -0.00140414
5.06 0 0 -0.0258536 -0.0258536
5.07 0 0 0.0340172 0.0340172
5.08 0 0 -0.0419977 -0.0419977
5.09 0 0 0.0244057 0.0244057
5.1 0 0 -0.0161661 -0.0161661
5.11 0 0 -0.0190704 -0.0190704
5.12 0 0 0.0340996 0.0340996
5.13 0 0 -0.0725135 -0.0725135
5.14 0 0 0.109913 0.109913
5.15 0 0 -0.175132 -0.175132
5.16 0 0 0.233889 0.233889
5.17 0 0 -0.291646 -0.291646
5.18 0 0 0.327161 0.327161
5.19 0 0 -0.358405 -0.358405
5.2 0 0 0.365225 0.365225
5.21 0 0 -0.366972 -0.366972
5.22 0 0 0.344897 0.344897
5.23 0 0 -0.319392 -0.319392
5.24 0 0 0.274151 0.274151
5.25 0 0 -0.229534 -0.229534
5.26 0 0 0.172751 0.172751
5.27 0 0 -0.121396 -0.121396
5.28 0 0 0.0685122 0.0685122
5.29 0 0 -0.024439 -0.024439
5.3 0 0 -0.00921143 -0.00921143
5.31 0 0 0.0347999 0.0347999
5.32 0 0 -0.0391641 -0.0391641
5.33 0 0 0.042246 0.042246
5.34 0 0 -0.0181982 -0.0181982
5.35 0 0 -0.0051538 -0.0051538
5.36 0 0 0.0538203 0.0538203
5.37 0 0 -0.0701433 -0.0701433
5.38 0 0 0.111543 0.111543
5.39 0 0 -0.154984 -0.154984
5.4 0 0 0.235103 0.235103
5.41 0 0 -0.308099 -0.308099
5.42 0 0 0.376245 0.376245
5.43 0 0 -0.417464 -0.417464
5.44 0 0 0.450545 0.450545
5.45 0 0 -0.454538 -0.454538
5.46 0 0 0.450063 0.450063
5.47 0 0 -0.417807 -0.417807
5.48 0 0 0.38031 0.38031
5.49 0 0 -0.32048 -0.32048
5.5 0 0 0.261554 0.261554
5.51 0 0 -0.189944 -0.189944
5.52 0 0 0.126485 0.126485
5.53 0 0 -0.0632111 -0.0632111
5.54 0 0 0.013519 0.013519
5.55 0 0 0.0219258 0.0219258
5.56 0 0 -0.0440627 -0.0440627
5.57 0 0 0.0407726 0.0407726
5.58 0 0 -0.034132 -0.034132
5.59 0 0 -0.00157487 -0.00157487
5.6 0 0 0.0237097 0.0237097
5.61 0 0 -0.0734263 -0.0734263
5.62 0 0 0.0933525 0.0933525
5.63 0 0 -0.135338 -0.135338
5.64 0 0 0.174607 0.174607
5.65 0 0 -0.257187 -0.257187
5.66 0 0 0.353328 0.353328
5.67 0 0 -0.453025 -0.453025
5.68 0 0 0.520204 0.520204
5.69 0 0 -0.573508 -0.573508
5.7 0 0 0.59035 0.59035
5.71 0 0 -0.592144 -0.592144
5.72 0 0 0.558055 0.558055
5.73 0 0 -0.51265 -0.51265
5.74 0 0 0.437908 0.437908
5.75 0 0 -0.360737 -0.360737
5.76 0 0 0.266868 0.266868
5.77 0 0 -0.182036 -0.182036
5.78 0 0 0.0980833 0.0980833
5.79 0 0 -0.033296 -0.033296
5.8 0 0 -0.012505 -0.012505
5.81 0 0 0.0380464 0.0380464
5.82 0 0 -0.0322237 -0.0322237
5.83 0 0 0.0187058 0.0187058
5.84 0 0 0.0266422 0.0266422
5.85 0 0 -0.0686569 -0.0686569
5.86 0 0 0.138889 0.138889
5.87 0 0 -0.162399 -0.162399
5.88 0 0 0.208213 0.208213
5.89 0 0 -0.251321 -0.251321
5.9 0 0 0.333475 0.333475
5.91 0 0 -0.406233 -0.406233
5.92 0 0 0.471193 0.471193
5.93 0 0 -0.504682 -0.504682
5.94 0 0 0.52755 0.52755
5.95 0 0 -0.517072 -0.517072
5.96 0 0 0.497218 0.497218
5.97 0 0 -0.446336 -0.446336
5.98 0 0 0.391857 0.391857
5.99 0 0 -0.313567 -0.313567
6 0 0 0.241285 0.241285
6.01 0 0 -0.15707 -0.15707
6.02 0 0 0.0897716 0.0897716
6.03 0 0 -0.0257411 -0.0257411
6.04 0 0 -0.014728 -0.014728
6.05 0 0 0.0376752 0.0376752
6.06 0 0 -0.0416368 -0.0416368
6.07 0 0 0.0193562 0.0193562
6.08 0 0 0.0032532 0.0032532
6.09 0 0 -0.0536345 -0.0536345
6.1 0 0 0.0781999 0.0781999
6.11 0 0 -0.128035 -0.128035
6.12 0 0 0.131418 0.131418
6.13 0 0 -0.159443 -0.159443
6.14 0 0 0.183289 0.183289
6.15 0 0 -0.243653 -0.243653
6.16 0 0 0.2962 0.2962
6.17 0 0 -0.345543 -0.345543
6.18 0 0 0.367553 0.367553
6.19 0 0 -0.384789 -0.384789
6.2 0 0 0.373237 0.373237
6.21 0 0 -0.35859 -0.35859
6.22 0 0 0.316753 0.316753
6.23 0 0 -0.277299 -0.277299
6.24 0 0 0.215978 0.215978
6.25 0 0 -0.165501 -0.165501
6.26 0 0 0.101949 0.101949
6.27 0 0 -0.0582162 -0.0582162
6.28 0 0 0.0135031 0.0135031
6.29 0 0 0.00771079 0.00771079
6.3 0 0 -0.0183146 -0.0183146
6.31 0 0 0.013516 0.013516
6.32 0 0 0.0108288 0.0108288
6.33 0 0 -0.0286197 -0.0286197
6.34 0 0 0.0634035 0.0634035
6.35 0 0 -0.070119 -0.070119
6.36 0 0 0.108375 0.108375
6.37 0 0 -0.0904252 -0.0904252
6.38 0 0 0.113969 0.113969
6.39 0 0 -0.135341 -0.135341
6.4 0 0 0.196036 0.196036
6.41 0 0 -0.249497 -0.249497
6.42 0 0 0.301642 0.301642
6.43 0 0 -0.326842 -0.326842
6.44 0 0 0.349041 0.349041
6.45 0 0 -0.342263 -0.342263
6.46 0 0 0.334314 0.334314
6.47 0 0 -0.297993 -0.297993
6.48 0 0 0.266381 0.266381
6.49 0 0 -0.210452 -0.210452
6.5 0 0 0.168639 0.168639
6.51 0 0 -0.110121 -0.110121
6.52 0 0 0.0759214 0.0759214
6.53 0 0 -0.0357833 -0.0357833
6.54 0 0 0.0240428 0.0240428
6.55 0 0 -0.0172956 -0.0172956
6.56 0 0 0.0274624 0.0274624
6.57 0 0 -0.0514488 -0.0514488
6.58 0 0 0.0647874 0.0647874
6.59 0 0 -0.101163 -0.101163
6.6 0 0 0.0942111 0.0942111
6.61 0 0 -0.117962 -0.117962
6.62 0 0 0.0820113 0.0820113
6.63 0 0 -0.105897 -0.105897
6.64 0 0 0.126727 0.126727
6.65 0 0 -0.187119 -0.187119
6.66 0 0 0.239901 0.239901
6.67 0 0 -0.292561 -0.292561
6.68 0 0 0.317738 0.317738
6.69 0 0 -0.341222 -0.341222
6.7 0 0 0.334398 0.334398
6.71 0 0 -0.328105 -0.328105
6.72 0 0 0.291157 0.291157
6.73 0 0 -0.261954 -0.261954
6.74 0 0 0.204842 0.204842
6.75 0 0 -0.167362 -0.167362
6.76 0 0 0.107825 0.107825
6.77 0 0 -0.0814432 -0.0814432
6.78 0 0 0.0417114 0.0417114
6.79 0 0 -0.0403414 -0.0403414
6.8 0 0 0.0340331 0.0340331
6.81 0 0 -0.0508889 -0.0508889
6.82 0 0 0.0729674 0.0729674
6.83 0 0 -0.0832738 -0.0832738
6.84 0 0 0.115918 0.115918
6.85 0 0 -0.106519 -0.106519
6.86 0 0 0.132736 0.132736
6.87 0 0 -0.0639101 -0.0639101
6.88 0 0 0.0941778 0.0941778
6.89 0 0 -0.118865 -0.118865
6.9 0 0 0.180844 0.180844
6.91 0 0 -0.233117 -0.233117
6.92 0 0 0.285775 0.285775
6.93 0 0 -0.30911 -0.30911
6.94 0 0 0.331552 0.331552
6.95 0 0 -0.321341 -0.321341
6.96 0 0 0.313944 0.313944
6.97 0 0 -0.272571 -0.272571
6.98 0 0 0.244087 0.244087
6.99 0 0 -0.182193 -0.182193
7 0 0 0.15028 0.15028
7.01 0 0 -0.0869395 -0.0869395
7.02 0 0 0.0747667 0.0747667
7.03 0 0 -0.0333761 -0.0333761
7.04 0 0 0.0543073 0.0543073
7.05 0 0 -0.0455672 -0.0455672
7.06 0 0 0.078819 0.078819
7.07 0 0 -0.0917369 -0.0917369
7.08 0 0 0.0993735 0.0993735
7.09 0 0 -0.104431 -0.104431
7.1 0 0 -0.16103 -0.16103
7.11 0 0 0.386019 0.386019
7.12 0 0 -0.536279 -0.536279
7.13 0 0 0.550544 0.550544
7.14 0 0 -0.585653 -0.585653
7.15 0 0 0.510464 0.510464
7.16 0 0 -0.447182 -0.447182
7.17 0 0 0.35698 0.35698
7.18 0 0 -0.277493 -0.277493
7.19 0 0 0.183379 0.183379
7.2 0 0 -0.117494 -0.117494
7.21 0 0 0.0460487 0.0460487
7.22 0 0 -0.0214906 -0.0214906
7.23 0 0 -0.00775732 -0.00775732
7.24 0 0 -0.0279615 -0.0279615
7.25 0 0 0.0415632 0.0415632
7.26 0 0 -0.132909 -0.132909
7.27 0 0 0.155681 0.155681
7.28 0 0 -0.260631 -0.260631
7.29 0 0 0.234328 0.234328
7.3 0 0 -0.291863 -0.291863
7.31 0 0 0.201077 0.201077
7.32 0 0 -0.234195 -0.234195
7.33 0 0 0.807001 0.807001
7.34 0 0 -1.29757 -1.29757
7.35 0 0 1.52284 1.52284
7.36 0 0 -1.58031 -1.58031
7.37 0 0 0.0563888 0.0563888
7.38 0 0 0.872256 0.872256
7.39 0 0 0.194192 0.194192
7.4 0 0 -0.577097 -0.577097
7.41 0 0 0.918196 0.918196
7.42 0 0 -1.16683 -1.16683
7.43 0 0 1.34332 1.34332
7.44 0 0 -1.40216 -1.40216
7.45 0 0 1.38361 1.38361
7.46 0 0 -1.24414 -1.24414
7.47 0 0 1.05819 1.05819
7.48 0 0 -0.773431 -0.773431
7.49 0 0 0.528167 0.528167
7.5 0 0 -0.224926 -0.224926
7.51 0 0 0.120108 0.120108
7.52 0 0 0.054324 0.054324
7.53 0 0 0.152093 0.152093
7.54 0 0 -0.0249526 -0.0249526
7.55 0 0 0.392638 0.392638
7.56 0 0 -0.00358312 -0.00358312
7.57 0 0 -2.31645 -2.31645
7.58 0 0 4.4084 4.4084
7.59 0 0 -1.44337 -1.44337
7.6 0 0 -0.901267 -0.901267
7.61 0 0 -0.230941 -0.230941
7.615 0 0 -0.170168 -0.170168
7.62 0 0 -0.174834 -0.174834
7.625 0 0 -0.137469 -0.137469
7.63 0 0 -0.140412 -0.140412
7.635 0 0 -0.14592 -0.14592
7.64 0 0 0.364749 0.364749
7.645 0 0 -0.542351 -0.542351
7.65 0 0 0.595232 0.595232
7.655 0 0 -0.538373 -0.538373
7.66 0 0 0.380652 0.380652
7.665 0 0 -0.210445 -0.210445
7.675 0 0 0.11725 0.11725
7.685 0 0 -0.056537 -0.056537
7.695 0 0 -0.00704805 -0.00704805
7.705 0 0 0.0221653 0.0221653
7.715 0 0 -0.0433994 -0.0433994
7.725 0 0 -0.00142392 -0.00142392
7.735 0 0 0.0127363 0.0127363
7.745 0 0 -0.117707 -0.117707
7.755 0 0 0.104843 0.104843
7.765 0 0 -0.261241 -0.261241
7.775 0 0 0.0971282 0.0971282
7.785 0 0 -0.349783 -0.349783
7.795 0 0 -0.051655 -0.051655
7.805 0 0 -0.43659 -0.43659
7.815 0 0 -0.391338 -0.391338
7.825 0 0 -0.297006 -0.297006
7.835 0 0 0.337616 0.337616
7.845 0 0 1.08829 1.08829
7.855 0 0 -0.110651 -0.110651
7.865 0 0 0.414342 0.414342
7.875 0 0 -0.139692 -0.139692
7.885 0 0 0.397003 0.397003
7.895 0 0 -0.48589 -0.48589
7.905 0 0 0.568966 0.568966
7.915 0 0 -0.610371 -0.610371
7.925 0 0 0.64188 0.64188
7.935 0 0 -0.626442 -0.626442
7.945 0 0 0.606377 0.606377
7.955 0 0 -0.537568 -0.537568
7.965 0 0 0.48269 0.48269
7.975 0 0 -0.376576 -0.376576
7.985 0 0 0.326313 0.326313
7.995 0 0 -0.206904 -0.206904
8.005 0 0 0.232578 0.232578
8.015 0 0 -0.100246 -0.100246
8.025 0 0 0.296105 0.296105
8.035 0 0 -0.0375152 -0.0375152
8.045 0 0 0.439017 0.439017
8.055 0 0 0.0978507 0.0978507
8.065 0 0 0.664118 0.664118
8.075 0 0 0.177889 0.177889
8.085 0 0 0.737214 0.737214
8.09 0 0 0.250765 0.250765
8.0925 0 0 0.472857 0.472857
8.095 0 0 -1.97865 -1.97865
8.0975 0 0 -2.00597 -2.00597
8.1 0 0 -1.82296 -1.82296
8.1025 0 0 -1.23968 -1.23968
8.105 0 0 -0.879183 -0.879183
8.1075 0 0 -0.566321 -0.566321
8.11 0 0 -0.398569 -0.398569
8.1125 0 0 -0.258164 -0.258164
8.115 0 0 -0.210404 -0.210404
8.1175 0 0 -0.154834 -0.154834
8.1225 0 0 -0.13005 -0.13005
8.1275 0 0 -0.1207 -0.1207
8.1325 0 0 -0.233043 -0.233043
8.1375 0 0 0.471921 0.471921
8.1425 0 0 -0.66379 -0.66379
8.1475 0 0 0.724533 0.724533
8.1525 0 0 -0.680006 -0.680006
8.1575 0 0 0.539796 0.539796
8.1625 0 0 -0.389654 -0.389654
8.1675 0 0 0.245071 0.245071
8.1725 0 0 -0.17554 -0.17554
8.1825 0 0 0.153128 0.153128
8.1925 0 0 -0.170329 -0.170329
8.2025 0 0 0.179592 0.179592
8.2125 0 0 -0.232762 -0.232762
8.2225 0 0 0.255252 0.255252
8.2325 0 0 -0.331819 -0.331819
8.2425 0 0 0.32489 0.32489
8.2525 0 0 -0.414283 -0.414283
8.2625 0 0 0.299099 0.299099
8.2725 0 0 -0.44677 -0.44677
8.2825 0 0 0.128047 0.128047
8.2925 0 0 -0.493305 -0.493305
8.3025 0 0 -0.0729792 -0.0729792
8.3125 0 0 -0.526648 -0.526648
8.3225 0 0 -0.494662 -0.494662
8.3325 0 0 -0.590736 -0.590736
8.3425 0 0 -0.180373 -0.180373
8.3475 0 0 -0.705357 -0.705357
8.3525 0 0 2.3322 2.3322
8.3575 0 0 2.24179 2.24179
8.3625 0 0 0.774872 0.774872
8.3675 0 0 0.445538 0.445538
8.3725 0 0 0.0181408 0.0181408
8.3775 0 0 0.254423 0.254423
8.3825 0 0 0.00887624 0.00887624
8.3875 0 0 -0.0733551 -0.0733551
8.3925 0 0 0.142676 0.142676
8.3975 0 0 -0.169171 -0.169171
8.4075 0 0 0.181474 0.181474
8.4175 0 0 -0.169799 -0.169799
8.4275 0 0 0.170229 0.170229
8.4375 0 0 -0.146706 -0.146706
8.4475 0 0 0.144076 0.144076
8.4575 0 0 -0.114205 -0.114205
8.4675 0 0 0.120733 0.120733
8.4775 0 0 -0.0860096 -0.0860096
8.4875 0 0 0.119986 0.119986
8.4975 0 0 -0.0671021 -0.0671021
8.5075 0 0 0.162883 0.162883
8.5175 0 0 -0.0309222 -0.0309222
8.5275 0 0 0.263469 0.263469
8.5375 0 0 0.0797942 0.0797942
8.5475 0 0 0.393347 0.393347
8.5575 0 0 0.274188 0.274188
8.5675 0 0 0.548272 0.548272
8.5775 0 0 0.426133 0.426133
8.5875 0 0 0.516508 0.516508
8.5975 0 0 0.313511 0.313511
8.6025 0 0 0.551532 0.551532
8.6075 0 0 -1.04802 -1.04802
8.6125 0 0 -3.45209 -3.45209
8.6175 0 0 -1.08726 -1.08726
8.6225 0 0 -0.851502 -0.851502
8.6275 0 0 0.311948 0.311948
8.6325 0 0 -0.50165 -0.50165
8.6375 0 0 0.224717 0.224717
8.6425 0 0 0.0367816 0.0367816
8.6475 0 0 -0.287309 -0.287309
8.6525 0 0 0.461292 0.461292
8.6625 0 0 -0.530958 -0.530958
8.6725 0 0 0.562178 0.562178
8.6825 0 0 -0.591724 -0.591724
8.6925 0 0 0.58072 0.58072
8.7025 0 0 -0.577949 -0.577949
8.7125 0 0 0.531327 0.531327
8.7225 0 0 -0.515655 -0.515655
8.7325 0 0 0.443494 0.443494
8.7425 0 0 -0.452429 -0.452429
8.7525 0 0 0.354152 0.354152
8.7625 0 0 -0.454952 -0.454952
8.7725 0 0 0.265824 0.265824
8.7825 0 0 -0.55658 -0.55658
8.7925 0 0 0.11436 0.11436
8.8025 0 0 -0.662734 -0.662734
8.8125 0 0 -0.139791 -0.139791
8.8225 0 0 -0.800959 -0.800959
8.8325 0 0 -0.214421 -0.214421
8.8425 0 0 -0.681956 -0.681956
8.8525 0 0 0.141058 0.141058
8.8575 0 0 -1.11098 -1.11098
8.8625 0 0 1.01717 1.01717
8.8675 0 0 3.61965 3.61965
8.8725 0 0 1.78102 1.78102
8.8775 0 0 0.515124 0.515124
8.8825 0 0 0.00932971 0.00932971
8.8875 0 0 0.417592 0.417592
8.8925 0 0 -0.567266 -0.567266
8.8975 0 0 0.538571 0.538571
8.9025 0 0 -0.333837 -0.333837
8.9075 0 0 0.0745096 0.0745096
8.9175 0 0 0.0694015 0.0694015
8.9275 0 0 -0.179553 -0.179553
8.9375 0 0 0.284314 0.284314
8.9475 0 0 -0.332542 -0.332542
8.9575 0 0 0.368943 0.368943
8.9675 0 0 -0.328904 -0.328904
8.9775 0 0 0.294544 0.294544
8.9875 0 0 -0.163503 -0.163503
8.9975 0 0 0.110026 0.110026
9.0075 0 0 0.0847573 0.0847573
9.0175 0 0 -0.00738458 -0.00738458
9.0275 0 0 0.262848 0.262848
9.0375 0 0 0.119687 0.119687
9.0475 0 0 0.363383 0.363383
9.0575 0 0 0.350572 0.350572
9.0675 0 0 0.481152 0.481152
9.0775 0 0 0.524845 0.524845
9.0875 0 0 0.457984 0.457984
9.0975 0 0 0.18703 0.18703
9.1075 0 0 0.646002 0.646002
9.1175 0 0 -0.559683 -0.559683
9.1225 0 0 -2.03462 -2.03462
9.1275 0 0 -4.15448 -4.15448
9.1325 0 0 0.438526 0.438526
9.1375 0 0 -1.03718 -1.03718
9.1425 0 0 0.695471 0.695471
9.1475 0 0 -0.60161 -0.60161
9.1525 0 0 0.665787 0.665787
9.1575 0 0 -0.847357 -0.847357
9.1625 0 0 1.01777 1.01777
9.1675 0 0 -1.1385 -1.1385
9.1725 0 0 1.12743 1.12743
9.1825 0 0 -1.08786 -1.08786
9.1925 0 0 0.995395 0.995395
9.2025 0 0 -0.900213 -0.900213
9.2125 0 0 0.753153 0.753153
9.2225 0 0 -0.634193 -0.634193
9.2325 0 0 0.462282 0.462282
9.2425 0 0 -0.38502 -0.38502
9.2525 0 0 0.222234 0.222234
9.2625 0 0 -0.293958 -0.293958
9.2725 0 0 0.101782 0.101782
9.2825 0 0 -0.423622 -0.423622
9.2925 0 0 -0.00431825 -0.00431825
9.3025 0 0 -0.588707 -0.588707
9.3125 0 0 -0.20364 -0.20364
9.3225 0 0 -0.756151 -0.756151
9.3325 0 0 -0.299412 -0.299412
9.3425 0 0 -0.612414 -0.612414
9.3525 0 0 -0.342437 -0.342437
9.3625 0 0 0.175991 0.175991
9.3725 0 0 -0.549009 -0.549009
9.3775 0 0 3.72418 3.72418
9.3825 0 0 3.55086 3.55086
9.3875 0 0 -0.104405 -0.104405
9.3925 0 0 0.469547 0.469547
9.3975 0 0 -0.562907 -0.562907
9.4025 0 0 0.843051 0.843051
9.4075 0 0 -1.20249 -1.20249
9.4125 0 0 1.59766 1.59766
9.4175 0 0 -1.91079 -1.91079
9.4225 0 0 2.10961 2.10961
9.4275 0 0 -2.12166 -2.12166
9.4375 0 0 2.07838 2.07838
9.4475 0 0 -1.97274 -1.97274
9.4575 0 0 1.86097 1.86097
9.4675 0 0 -1.68949 -1.68949
9.4775 0 0 1.55097 1.55097
9.4875 0 0 -1.34953 -1.34953
9.4975 0 0 1.26341 1.26341
9.5075 0 0 -1.06299 -1.06299
9.5175 0 0 1.15069 1.15069
9.5275 0 0 -0.873593 -0.873593
9.5375 0 0 1.22062 1.22062
9.5475 0 0 -0.646163 -0.646163
9.5575 0 0 1.29022 1.29022
9.5675 0 0 -0.334058 -0.334058
9.5775 0 0 1.32313 1.32313
9.5875 0 0 -0.273979 -0.273979
9.5975 0 0 1.07317 1.07317
9.6075 0 0 -1.113 -1.113
9.6175 0 0 2.18726 2.18726
9.6275 0 0 -2.37026 -2.37026
9.6375 0 0 -1.18986 -1.18986
9.6475 0 0 -2.57305 -2.57305
9.6575 0 0 3.26007 3.26007
9.6675 0 0 -3.84285 -3.84285
9.6775 0 0 4.2367 4.2367
9.6875 0 0 -4.44497 -4.44497
9.6975 0 0 4.40363 4.40363
9.7075 0 0 -4.1556 -4.1556
9.7175 0 0 3.65269 3.65269
9.7275 0 0 -3.00821 -3.00821
9.7375 0 0 2.17883 2.17883
9.7475 0 0 -1.44228 -1.44228
9.7575 0 0 0.696915 0.696915
9.7675 0 0 -0.485311 -0.485311
9.7775 0 0 0.204969 0.204969
9.7875 0 0 -0.742121 -0.742121
9.7975 0 0 0.316341 0.316341
9.8075 0 0 -1.04194 -1.04194
9.8175 0 0 0.117204 0.117204
9.8275 0 0 -1.13895 -1.13895
9.8375 0 0 0.0902034 0.0902034
9.8475 0 0 -0.907748 -0.907748
9.8575 0 0 0.221204 0.221204
9.8675 0 0 -0.311239 -0.311239
9.8775 0 0 -0.0636703 -0.0636703
9.8825 0 0 0.383088 0.383088
9.8875 0 0 2.54957 2.54957
9.8925 0 0 4.16865 4.16865
9.8975 0 0 0.0507742 0.0507742
9.9025 0 0 0.551704 0.551704
9.9075 0 0 -0.9026 -0.9026
9.9125 0 0 1.42478 1.42478
9.9175 0 0 -1.9912 -1.9912
9.9225 0 0 2.53104 2.53104
9.9275 0 0 -2.90577 -2.90577
9.9325 0 0 3.08535 3.08535
9.9425 0 0 -3.06723 -3.06723
9.9525 0 0 3.01163 3.01163
9.9625 0 0 -2.86662 -2.86662
9.9725 0 0 2.71148 2.71148
9.9825 0 0 -2.46577 -2.46577
9.9925 0 0 2.28567 2.28567
10.0025 0 0 -2.10239 -2.10239
