1000 0 0 -1.33335e-011 -1.33335e-011
2000 0 0 1.33335e-011 1.33335e-011
3000 0 0 1.76935e-018 1.76935e-018
4000 0 0 -3.5387e-019 -3.5387e-019
5000 0 0 -8.0695e-026 -8.0695e-026
6000 0 0 1.21422e-026 1.21422e-026
7000 0 0 -2.83342e-027 -2.83342e-027
8000 0 0 2.30182e-035 2.30182e-035
9000 0 0 -1.3541e-040 -1.3541e-040
10000 0 0 -2.8812e-028 -2.8812e-028
11000 0 0 1.98e-027 1.98e-027
12000 0 0 -3.96101e-027 -3.96101e-027
13000 0 0 4.09061e-027 4.09061e-027
14000 0 0 -3.49841e-027 -3.49841e-027
15000 0 0 3.36881e-027 3.36881e-027
16000 0 0 -3.83141e-027 -3.83141e-027
17000 0 0 3.73072e-027 3.73072e-027
18000 0 0 -3.73072e-027 -3.73072e-027
19000 0 0 2.60212e-028 2.60212e-028
20000 0 0 4.74165e-027 4.74165e-027
21000 0 0 -3.19533e-027 -3.19533e-027
22000 0 0 -2.06574e-027 -2.06574e-027
23000 0 0 3.96101e-027 3.96101e-027
24000 0 0 -3.7018e-027 -3.7018e-027
25000 0 0 3.7018e-027 3.7018e-027
26000 0 0 -3.7018e-027 -3.7018e-027
27000 0 0 3.96101e-027 3.96101e-027
28000 0 0 -3.96101e-027 -3.96101e-027
29000 0 0 2.60212e-028 2.60212e-028
30000 0 0 4.74165e-027 4.74165e-027
31000 0 0 -3.19533e-027 -3.19533e-027
32000 0 0 -2.06574e-027 -2.06574e-027
33000 0 0 3.96101e-027 3.96101e-027
34000 0 0 -3.7018e-027 -3.7018e-027
35000 0 0 3.7018e-027 3.7018e-027
36000 0 0 -3.7018e-027 -3.7018e-027
37000 0 0 3.7018e-027 3.7018e-027
38000 0 0 -3.7018e-027 -3.7018e-027
39000 0 0 3.96101e-027 3.96101e-027
40000 0 0 -3.96101e-027 -3.96101e-027
41000 0 0 2.60212e-028 2.60212e-028
42000 0 0 4.74165e-027 4.74165e-027
43000 0 0 -3.19533e-027 -3.19533e-027
44000 0 0 -2.06574e-027 -2.06574e-027
45000 0 0 3.96101e-027 3.96101e-027
46000 0 0 -3.7018e-027 -3.7018e-027
47000 0 0 3.7018e-027 3.7018e-027
48000 0 0 -3.7018e-027 -3.7018e-027
49000 0 0 3.96101e-027 3.96101e-027
50000 0 0 -3.96101e-027 -3.96101e-027
51000 0 0 2.60212e-028 2.60212e-028
52000 0 0 4.74165e-027 4.74165e-027
53000 0 0 -3.19533e-027 -3.19533e-027
54000 0 0 -2.06574e-027 -2.06574e-027
55000 0 0 3.96101e-027 3.96101e-027
56000 0 0 -3.7018e-027 -3.7018e-027
57000 0 0 3.7018e-027 3.7018e-027
58000 0 0 -3.7018e-027 -3.7018e-027
59000 0 0 3.96101e-027 3.96101e-027
60000 0 0 -3.96101e-027 -3.96101e-027
61000 0 0 2.60212e-028 2.60212e-028
62000 0 0 4.74165e-027 4.74165e-027
63000 0 0 -6.92504e-027 -6.92504e-027
64000 0 0 6.79544e-027 6.79544e-027
65000 0 0 -4.87226e-027 -4.87226e-027
66000 0 0 3.73072e-027 3.73072e-027
67000 0 0 -3.73072e-027 -3.73072e-027
68000 0 0 2.60212e-028 2.60212e-028
69000 0 0 4.74165e-027 4.74165e-027
70000 0 0 -3.19533e-027 -3.19533e-027
71000 0 0 -2.06574e-027 -2.06574e-027
72000 0 0 3.96101e-027 3.96101e-027
73000 0 0 -3.7018e-027 -3.7018e-027
74000 0 0 3.7018e-027 3.7018e-027
75000 0 0 -3.7018e-027 -3.7018e-027
76000 0 0 3.96101e-027 3.96101e-027
77000 0 0 -3.96101e-027 -3.96101e-027
78000 0 0 2.60212e-028 2.60212e-028
79000 0 0 4.74165e-027 4.74165e-027
80000 0 0 -3.19533e-027 -3.19533e-027
81000 0 0 -2.06574e-027 -2.06574e-027
82000 0 0 3.96101e-027 3.96101e-027
83000 0 0 -3.7018e-027 -3.7018e-027
84000 0 0 3.7018e-027 3.7018e-027
85000 0 0 -3.7018e-027 -3.7018e-027
86000 0 0 3.96101e-027 3.96101e-027
87000 0 0 -3.96101e-027 -3.96101e-027
88000 0 0 2.60212e-028 2.60212e-028
89000 0 0 4.74165e-027 4.74165e-027
90000 0 0 -3.19533e-027 -3.19533e-027
91000 0 0 -2.06574e-027 -2.06574e-027
92000 0 0 3.96101e-027 3.96101e-027
93000 0 0 -3.7018e-027 -3.7018e-027
94000 0 0 3.67289e-027 3.67289e-027
95000 0 0 -3.67289e-027 -3.67289e-027
96000 0 0 3.83141e-027 3.83141e-027
97000 0 0 -3.80249e-027 -3.80249e-027
98000 0 0 3.80249e-027 3.80249e-027
99000 0 0 -3.80249e-027 -3.80249e-027
100000 0 0 2.313e-028 2.313e-028
101000 0 0 4.27905e-027 4.27905e-027
102000 0 0 -2.52934e-027 -2.52934e-027
103000 0 0 1.95109e-027 1.95109e-027
104000 0 0 -3.96101e-027 -3.96101e-027
105000 0 0 3.7018e-027 3.7018e-027
106000 0 0 -3.7018e-027 -3.7018e-027
107000 0 0 3.96101e-027 3.96101e-027
108000 0 0 -3.96101e-027 -3.96101e-027
109000 0 0 2.60212e-028 2.60212e-028
110000 0 0 4.74165e-027 4.74165e-027
111000 0 0 -3.19533e-027 -3.19533e-027
112000 0 0 -2.06574e-027 -2.06574e-027
113000 0 0 3.96101e-027 3.96101e-027
114000 0 0 -3.7018e-027 -3.7018e-027
115000 0 0 3.7018e-027 3.7018e-027
116000 0 0 -3.7018e-027 -3.7018e-027
117000 0 0 3.96101e-027 3.96101e-027
118000 0 0 -3.96101e-027 -3.96101e-027
119000 0 0 2.60212e-028 2.60212e-028
120000 0 0 4.74165e-027 4.74165e-027
121000 0 0 -3.19533e-027 -3.19533e-027
122000 0 0 -2.06574e-027 -2.06574e-027
123000 0 0 3.96101e-027 3.96101e-027
124000 0 0 -3.7018e-027 -3.7018e-027
125000 0 0 3.67289e-027 3.67289e-027
126000 0 0 -3.67289e-027 -3.67289e-027
127000 0 0 3.83141e-027 3.83141e-027
128000 0 0 -3.57119e-027 -3.57119e-027
129000 0 0 3.43825e-036 3.43825e-036
130000 0 0 4.77056e-027 4.77056e-027
131000 0 0 -6.95396e-027 -6.95396e-027
132000 0 0 6.66584e-027 6.66584e-027
133000 0 0 -4.28005e-027 -4.28005e-027
134000 0 0 3.36881e-027 3.36881e-027
135000 0 0 -3.36881e-027 -3.36881e-027
136000 0 0 3.49841e-027 3.49841e-027
137000 0 0 -3.96101e-027 -3.96101e-027
138000 0 0 3.73072e-027 3.73072e-027
139000 0 0 -3.73072e-027 -3.73072e-027
140000 0 0 2.60212e-028 2.60212e-028
141000 0 0 4.74165e-027 4.74165e-027
142000 0 0 -3.19533e-027 -3.19533e-027
143000 0 0 -2.06574e-027 -2.06574e-027
144000 0 0 3.96101e-027 3.96101e-027
145000 0 0 -3.7018e-027 -3.7018e-027
146000 0 0 3.7018e-027 3.7018e-027
147000 0 0 -3.7018e-027 -3.7018e-027
148000 0 0 3.96101e-027 3.96101e-027
149000 0 0 -3.96101e-027 -3.96101e-027
150000 0 0 2.60212e-028 2.60212e-028
151000 0 0 4.74165e-027 4.74165e-027
152000 0 0 -6.92504e-027 -6.92504e-027
153000 0 0 6.79544e-027 6.79544e-027
154000 0 0 -4.87226e-027 -4.87226e-027
155000 0 0 3.73072e-027 3.73072e-027
156000 0 0 -3.73072e-027 -3.73072e-027
157000 0 0 2.60212e-028 2.60212e-028
158000 0 0 4.74165e-027 4.74165e-027
159000 0 0 -6.92504e-027 -6.92504e-027
160000 0 0 6.79544e-027 6.79544e-027
161000 0 0 -4.87226e-027 -4.87226e-027
162000 0 0 3.96101e-027 3.96101e-027
163000 0 0 -3.96101e-027 -3.96101e-027
164000 0 0 3.7018e-027 3.7018e-027
165000 0 0 -3.7018e-027 -3.7018e-027
166000 0 0 3.7018e-027 3.7018e-027
167000 0 0 -3.7018e-027 -3.7018e-027
168000 0 0 3.96101e-027 3.96101e-027
169000 0 0 -3.96101e-027 -3.96101e-027
170000 0 0 2.60212e-028 2.60212e-028
171000 0 0 4.74165e-027 4.74165e-027
172000 0 0 -6.92504e-027 -6.92504e-027
173000 0 0 6.79544e-027 6.79544e-027
174000 0 0 -4.87226e-027 -4.87226e-027
175000 0 0 3.73072e-027 3.73072e-027
176000 0 0 -3.73072e-027 -3.73072e-027
177000 0 0 2.60212e-028 2.60212e-028
178000 0 0 4.74165e-027 4.74165e-027
179000 0 0 -3.19533e-027 -3.19533e-027
180000 0 0 -2.06574e-027 -2.06574e-027
181000 0 0 3.96101e-027 3.96101e-027
182000 0 0 -3.7018e-027 -3.7018e-027
183000 0 0 3.7018e-027 3.7018e-027
184000 0 0 -3.7018e-027 -3.7018e-027
185000 0 0 3.96101e-027 3.96101e-027
186000 0 0 -3.96101e-027 -3.96101e-027
187000 0 0 2.60212e-028 2.60212e-028
188000 0 0 4.74165e-027 4.74165e-027
189000 0 0 -3.19533e-027 -3.19533e-027
190000 0 0 -2.06574e-027 -2.06574e-027
191000 0 0 3.96101e-027 3.96101e-027
192000 0 0 -3.7018e-027 -3.7018e-027
193000 0 0 3.7018e-027 3.7018e-027
194000 0 0 -3.7018e-027 -3.7018e-027
195000 0 0 3.96101e-027 3.96101e-027
196000 0 0 -3.96101e-027 -3.96101e-027
197000 0 0 2.60212e-028 2.60212e-028
198000 0 0 4.74165e-027 4.74165e-027
199000 0 0 -3.19533e-027 -3.19533e-027
200000 0 0 -2.06574e-027 -2.06574e-027
200100 0 0 6.94784e-025 6.94784e-025
200200 0 0 -2.46983e-024 -2.46983e-024
200300 0 0 5.1386e-024 5.1386e-024
200400 0 0 -7.49408e-024 -7.49408e-024
200500 0 0 8.62585e-024 8.62585e-024
200600 0 0 -9.67021e-024 -9.67021e-024
200700 0 0 1.27493e-023 1.27493e-023
200800 0 0 -1.95622e-023 -1.95622e-023
200900 0 0 2.78841e-023 2.78841e-023
201000 0 0 -3.23513e-023 -3.23513e-023
201100 0 0 2.56602e-023 2.56602e-023
201200 0 0 -9.76864e-024 -9.76864e-024
201300 0 0 6.12855e-025 6.12855e-025
201400 0 0 -4.44479e-025 -4.44479e-025
201500 0 0 5.44328e-025 5.44328e-025
201600 0 0 2.89754e-025 2.89754e-025
201700 0 0 -8.6388e-025 -8.6388e-025
201800 0 0 6.19035e-025 6.19035e-025
201900 0 0 -4.14481e-026 -4.14481e-026
202000 0 0 -5.40022e-025 -5.40022e-025
202100 0 0 7.36498e-025 7.36498e-025
202200 0 0 -7.36498e-025 -7.36498e-025
202300 0 0 7.55069e-025 7.55069e-025
202400 0 0 -3.83455e-025 -3.83455e-025
202500 0 0 -3.71614e-025 -3.71614e-025
202600 0 0 7.55069e-025 7.55069e-025
202700 0 0 -3.83455e-025 -3.83455e-025
202800 0 0 -3.71614e-025 -3.71614e-025
202900 0 0 7.55069e-025 7.55069e-025
203000 0 0 -3.83455e-025 -3.83455e-025
203100 0 0 -3.71614e-025 -3.71614e-025
203200 0 0 7.55069e-025 7.55069e-025
203300 0 0 -3.83455e-025 -3.83455e-025
203400 0 0 -3.71614e-025 -3.71614e-025
203500 0 0 7.55069e-025 7.55069e-025
203600 0 0 -3.83455e-025 -3.83455e-025
203700 0 0 -3.71614e-025 -3.71614e-025
203800 0 0 7.55069e-025 7.55069e-025
203900 0 0 -3.83455e-025 -3.83455e-025
204000 0 0 -3.71614e-025 -3.71614e-025
204100 0 0 7.55069e-025 7.55069e-025
204200 0 0 -2.93637e-025 -2.93637e-025
204300 0 0 -7.68601e-026 -7.68601e-026
204400 0 0 -3.84572e-025 -3.84572e-025
204500 0 0 7.36498e-025 7.36498e-025
204600 0 0 -7.36498e-025 -7.36498e-025
204700 0 0 7.55069e-025 7.55069e-025
204800 0 0 -3.83455e-025 -3.83455e-025
204900 0 0 -3.71614e-025 -3.71614e-025
205000 0 0 7.55069e-025 7.55069e-025
205100 0 0 -3.83455e-025 -3.83455e-025
205200 0 0 -3.71614e-025 -3.71614e-025
205300 0 0 7.55069e-025 7.55069e-025
205400 0 0 -3.83455e-025 -3.83455e-025
205500 0 0 -3.71614e-025 -3.71614e-025
205600 0 0 7.55069e-025 7.55069e-025
205700 0 0 -3.83455e-025 -3.83455e-025
205800 0 0 -3.71614e-025 -3.71614e-025
205900 0 0 7.55069e-025 7.55069e-025
206000 0 0 -3.83455e-025 -3.83455e-025
206100 0 0 -3.71614e-025 -3.71614e-025
206200 0 0 7.55069e-025 7.55069e-025
206300 0 0 -3.83455e-025 -3.83455e-025
206400 0 0 -3.71614e-025 -3.71614e-025
206500 0 0 7.55069e-025 7.55069e-025
206600 0 0 -3.83455e-025 -3.83455e-025
206700 0 0 -3.71614e-025 -3.71614e-025
206800 0 0 7.55069e-025 7.55069e-025
206900 0 0 -3.83455e-025 -3.83455e-025
207000 0 0 -3.71614e-025 -3.71614e-025
207100 0 0 7.55069e-025 7.55069e-025
207200 0 0 -3.83455e-025 -3.83455e-025
207300 0 0 -3.71614e-025 -3.71614e-025
207400 0 0 7.55069e-025 7.55069e-025
207500 0 0 -3.83455e-025 -3.83455e-025
207600 0 0 -3.71614e-025 -3.71614e-025
207700 0 0 7.55069e-025 7.55069e-025
207800 0 0 -3.83455e-025 -3.83455e-025
207900 0 0 -3.71614e-025 -3.71614e-025
208000 0 0 7.55069e-025 7.55069e-025
208100 0 0 -3.83455e-025 -3.83455e-025
208200 0 0 -3.71614e-025 -3.71614e-025
208300 0 0 7.55069e-025 7.55069e-025
208400 0 0 -3.83455e-025 -3.83455e-025
208500 0 0 -3.71614e-025 -3.71614e-025
208600 0 0 7.55069e-025 7.55069e-025
208700 0 0 -3.83455e-025 -3.83455e-025
208800 0 0 -3.71614e-025 -3.71614e-025
208900 0 0 7.55069e-025 7.55069e-025
209000 0 0 -3.83455e-025 -3.83455e-025
209100 0 0 -3.71614e-025 -3.71614e-025
209200 0 0 7.55069e-025 7.55069e-025
209300 0 0 -3.83455e-025 -3.83455e-025
209400 0 0 -3.71614e-025 -3.71614e-025
209500 0 0 7.55069e-025 7.55069e-025
209600 0 0 -3.83455e-025 -3.83455e-025
209700 0 0 -3.71614e-025 -3.71614e-025
209800 0 0 7.55069e-025 7.55069e-025
209900 0 0 -3.83455e-025 -3.83455e-025
210000 0 0 -3.71614e-025 -3.71614e-025
211000 0 0 -1.21776e-025 -1.21776e-025
212000 0 0 -3.83455e-027 -3.83455e-027
213000 0 0 -3.71615e-027 -3.71615e-027
214000 0 0 7.5507e-027 7.5507e-027
215000 0 0 -3.83455e-027 -3.83455e-027
216000 0 0 -3.71615e-027 -3.71615e-027
217000 0 0 7.5507e-027 7.5507e-027
218000 0 0 -3.83455e-027 -3.83455e-027
219000 0 0 -3.71615e-027 -3.71615e-027
220000 0 0 7.5507e-027 7.5507e-027
221000 0 0 -3.83455e-027 -3.83455e-027
222000 0 0 -3.71615e-027 -3.71615e-027
223000 0 0 7.5507e-027 7.5507e-027
224000 0 0 -3.83455e-027 -3.83455e-027
225000 0 0 -3.71615e-027 -3.71615e-027
226000 0 0 7.5507e-027 7.5507e-027
227000 0 0 -3.83455e-027 -3.83455e-027
228000 0 0 -3.71615e-027 -3.71615e-027
229000 0 0 7.5507e-027 7.5507e-027
230000 0 0 -3.83455e-027 -3.83455e-027
231000 0 0 -3.71615e-027 -3.71615e-027
232000 0 0 7.5507e-027 7.5507e-027
233000 0 0 -3.83455e-027 -3.83455e-027
234000 0 0 -3.71615e-027 -3.71615e-027
235000 0 0 7.5507e-027 7.5507e-027
236000 0 0 -3.83455e-027 -3.83455e-027
237000 0 0 -3.71615e-027 -3.71615e-027
238000 0 0 7.5507e-027 7.5507e-027
239000 0 0 -3.83455e-027 -3.83455e-027
240000 0 0 -3.71615e-027 -3.71615e-027
241000 0 0 7.5507e-027 7.5507e-027
242000 0 0 -3.83455e-027 -3.83455e-027
243000 0 0 -3.71615e-027 -3.71615e-027
244000 0 0 7.5507e-027 7.5507e-027
245000 0 0 -3.83455e-027 -3.83455e-027
246000 0 0 -3.71615e-027 -3.71615e-027
247000 0 0 7.5507e-027 7.5507e-027
248000 0 0 -3.83455e-027 -3.83455e-027
249000 0 0 -3.71615e-027 -3.71615e-027
250000 0 0 7.5507e-027 7.5507e-027
251000 0 0 -3.83455e-027 -3.83455e-027
252000 0 0 -3.71615e-027 -3.71615e-027
253000 0 0 7.5507e-027 7.5507e-027
254000 0 0 -3.83455e-027 -3.83455e-027
255000 0 0 -3.71615e-027 -3.71615e-027
256000 0 0 7.5507e-027 7.5507e-027
257000 0 0 -3.83455e-027 -3.83455e-027
258000 0 0 -3.71615e-027 -3.71615e-027
259000 0 0 7.5507e-027 7.5507e-027
260000 0 0 -3.83455e-027 -3.83455e-027
261000 0 0 -3.71615e-027 -3.71615e-027
262000 0 0 7.5507e-027 7.5507e-027
263000 0 0 -3.83455e-027 -3.83455e-027
264000 0 0 -3.71615e-027 -3.71615e-027
265000 0 0 7.5507e-027 7.5507e-027
266000 0 0 -2.93638e-027 -2.93638e-027
267000 0 0 -7.68601e-028 -7.68601e-028
268000 0 0 -3.84572e-027 -3.84572e-027
269000 0 0 7.42112e-027 7.42112e-027
270000 0 0 -2.8068e-027 -2.8068e-027
271000 0 0 -9.93145e-028 -9.93145e-028
272000 0 0 -3.75075e-027 -3.75075e-027
273000 0 0 5.86662e-027 5.86662e-027
274000 0 0 3.36816e-028 3.36816e-028
275000 0 0 -6.73632e-028 -6.73632e-028
276000 0 0 -4.18254e-027 -4.18254e-027
277000 0 0 5.43483e-027 5.43483e-027
278000 0 0 -2.16778e-027 -2.16778e-027
279000 0 0 9.1548e-028 9.1548e-028
280000 0 0 -3.28436e-027 -3.28436e-027
281000 0 0 3.63848e-027 3.63848e-027
282000 0 0 -1.12272e-028 -1.12272e-028
283000 0 0 -5.90122e-027 -5.90122e-027
284000 0 0 3.88033e-027 3.88033e-027
285000 0 0 2.19353e-027 2.19353e-027
286000 0 0 -6.97203e-027 -6.97203e-027
287000 0 0 7.47303e-027 7.47303e-027
288000 0 0 4.53313e-028 4.53313e-028
289000 0 0 -7.79677e-027 -7.79677e-027
290000 0 0 1.4933e-026 1.4933e-026
291000 0 0 -1.27437e-026 -1.27437e-026
292000 0 0 4.53243e-027 4.53243e-027
293000 0 0 -7.22696e-027 -7.22696e-027
294000 0 0 1.48034e-026 1.48034e-026
295000 0 0 -1.26141e-026 -1.26141e-026
296000 0 0 4.36825e-027 4.36825e-027
297000 0 0 -7.71488e-027 -7.71488e-027
298000 0 0 8.50501e-027 8.50501e-027
299000 0 0 1.29113e-027 1.29113e-027
300000 0 0 -9.37009e-028 -9.37009e-028
301000 0 0 -5.38292e-027 -5.38292e-027
302000 0 0 1.18455e-026 1.18455e-026
303000 0 0 -1.51187e-026 -1.51187e-026
304000 0 0 8.8203e-027 8.8203e-027
305000 0 0 -5.80626e-027 -5.80626e-027
306000 0 0 4.7439e-027 4.7439e-027
307000 0 0 -3.92339e-027 -3.92339e-027
308000 0 0 4.2429e-027 4.2429e-027
309000 0 0 5.78664e-028 5.78664e-028
310000 0 0 -6.61791e-027 -6.61791e-027
311000 0 0 1.20008e-026 1.20008e-026
312000 0 0 -8.52654e-027 -8.52654e-027
313000 0 0 3.07018e-027 3.07018e-027
314000 0 0 -8.66034e-027 -8.66034e-027
315000 0 0 1.94746e-027 1.94746e-027
316000 0 0 1.44493e-026 1.44493e-026
317000 0 0 -1.27479e-026 -1.27479e-026
318000 0 0 1.15691e-026 1.15691e-026
319000 0 0 -1.35338e-026 -1.35338e-026
320000 0 0 6.97626e-027 6.97626e-027
321000 0 0 -9.10943e-027 -9.10943e-027
322000 0 0 9.59312e-027 9.59312e-027
323000 0 0 4.18254e-027 4.18254e-027
324000 0 0 -1.26875e-026 -1.26875e-026
325000 0 0 8.41427e-027 8.41427e-027
326000 0 0 -3.98988e-027 -3.98988e-027
327000 0 0 -1.37574e-027 -1.37574e-027
328000 0 0 4.29481e-027 4.29481e-027
329000 0 0 3.67037e-027 3.67037e-027
330000 0 0 -9.92994e-027 -9.92994e-027
331000 0 0 7.49456e-027 7.49456e-027
332000 0 0 2.98638e-027 2.98638e-027
333000 0 0 -8.60692e-027 -8.60692e-027
334000 0 0 4.10487e-027 4.10487e-027
335000 0 0 -4.37247e-027 -4.37247e-027
336000 0 0 1.00922e-026 1.00922e-026
337000 0 0 -1.11761e-026 -1.11761e-026
338000 0 0 -1.99937e-027 -1.99937e-027
339000 0 0 1.38103e-026 1.38103e-026
340000 0 0 -1.26529e-026 -1.26529e-026
341000 0 0 1.38318e-026 1.38318e-026
342000 0 0 -1.54943e-026 -1.54943e-026
343000 0 0 1.0241e-026 1.0241e-026
344000 0 0 -3.43738e-027 -3.43738e-027
345000 0 0 -4.23867e-027 -4.23867e-027
346000 0 0 1.15864e-026 1.15864e-026
347000 0 0 -1.16467e-026 -1.16467e-026
348000 0 0 1.112e-026 1.112e-026
349000 0 0 -1.11027e-026 -1.11027e-026
350000 0 0 3.00791e-027 3.00791e-027
351000 0 0 3.81725e-027 3.81725e-027
352000 0 0 -3.81725e-027 -3.81725e-027
353000 0 0 3.81725e-027 3.81725e-027
354000 0 0 -3.81725e-027 -3.81725e-027
355000 0 0 3.81725e-027 3.81725e-027
356000 0 0 -3.81725e-027 -3.81725e-027
357000 0 0 3.76111e-027 3.76111e-027
358000 0 0 3.43547e-027 3.43547e-027
359000 0 0 -1.00145e-026 -1.00145e-026
360000 0 0 2.55882e-027 2.55882e-027
361000 0 0 4.20598e-027 4.20598e-027
362000 0 0 -9.54312e-028 -9.54312e-028
363000 0 0 -1.96054e-027 -1.96054e-027
364000 0 0 5.04802e-027 5.04802e-027
365000 0 0 -9.92571e-027 -9.92571e-027
366000 0 0 8.63459e-027 8.63459e-027
367000 0 0 -9.53276e-027 -9.53276e-027
368000 0 0 1.31928e-026 1.31928e-026
369000 0 0 -1.17159e-026 -1.17159e-026
370000 0 0 6.70866e-027 6.70866e-027
371000 0 0 2.84905e-028 2.84905e-028
372000 0 0 3.03819e-029 3.03819e-029
373000 0 0 -2.33618e-027 -2.33618e-027
374000 0 0 -3.3405e-027 -3.3405e-027
375000 0 0 5.5125e-027 5.5125e-027
376000 0 0 -1.08811e-027 -1.08811e-027
377000 0 0 -3.07712e-027 -3.07712e-027
378000 0 0 3.07712e-027 3.07712e-027
379000 0 0 -3.07712e-027 -3.07712e-027
380000 0 0 2.81797e-027 2.81797e-027
381000 0 0 -2.26513e-034 -2.26513e-034
382000 0 0 -5.6136e-029 -5.6136e-029
383000 0 0 3.15287e-028 3.15287e-028
384000 0 0 -3.07712e-027 -3.07712e-027
385000 0 0 3.07712e-027 3.07712e-027
386000 0 0 -3.07712e-027 -3.07712e-027
387000 0 0 3.07712e-027 3.07712e-027
388000 0 0 -3.07712e-027 -3.07712e-027
389000 0 0 3.07712e-027 3.07712e-027
390000 0 0 -3.07712e-027 -3.07712e-027
391000 0 0 3.07712e-027 3.07712e-027
392000 0 0 -3.07712e-027 -3.07712e-027
393000 0 0 2.81797e-027 2.81797e-027
394000 0 0 -2.26513e-034 -2.26513e-034
395000 0 0 -5.6136e-029 -5.6136e-029
396000 0 0 3.15287e-028 3.15287e-028
397000 0 0 -3.07712e-027 -3.07712e-027
398000 0 0 3.07712e-027 3.07712e-027
399000 0 0 -3.07712e-027 -3.07712e-027
400000 0 0 2.81797e-027 2.81797e-027
401000 0 0 -2.26513e-034 -2.26513e-034
402000 0 0 -5.6136e-029 -5.6136e-029
403000 0 0 5.6136e-029 5.6136e-029
404000 0 0 2.89425e-036 2.89425e-036
405000 0 0 -5.6136e-029 -5.6136e-029
406000 0 0 3.15287e-028 3.15287e-028
407000 0 0 -3.07712e-027 -3.07712e-027
408000 0 0 3.07712e-027 3.07712e-027
409000 0 0 -3.07712e-027 -3.07712e-027
410000 0 0 2.81797e-027 2.81797e-027
0.01 0 0 2.75014e-018 2.75014e-018
0.02 0 0 -5.60172e-005 -5.60172e-005
0.03 0 0 0.000118136 0.000118136
0.04 0 0 -0.000202642 -0.000202642
0.05 0 0 0.000286016 0.000286016
0.06 0 0 -0.000388438 -0.000388438
0.07 0 0 0.000505405 0.000505405
0.08 0 0 -0.000635208 -0.000635208
0.09 0 0 0.000792549 0.000792549
0.1 0 0 -0.000954125 -0.000954125
0.11 0 0 0.00115 0.00115
0.12 0 0 -0.0013409 -0.0013409
0.13 0 0 0.00155971 0.00155971
0.14 0 0 -0.00177794 -0.00177794
0.15 0 0 0.00199468 0.00199468
0.16 0 0 -0.00221377 -0.00221377
0.17 0 0 0.00242763 0.00242763
0.18 0 0 -0.00264804 -0.00264804
0.19 0 0 0.00285968 0.00285968
0.2 0 0 -0.00308461 -0.00308461
0.21 0 0 0.0032982 0.0032982
0.22 0 0 -0.0035309 -0.0035309
0.23 0 0 0.00375127 0.00375127
0.24 0 0 -0.00399557 -0.00399557
0.25 0 0 0.00423016 0.00423016
0.26 0 0 -0.00448914 -0.00448914
0.27 0 0 0.00474409 0.00474409
0.28 0 0 -0.00501751 -0.00501751
0.29 0 0 0.00529193 0.00529193
0.3 0 0 -0.00557242 -0.00557242
0.31 0 0 0.00586055 0.00586055
0.32 0 0 -0.00613917 -0.00613917
0.33 0 0 0.00642878 0.00642878
0.34 0 0 -0.00669197 -0.00669197
0.35 0 0 0.00697062 0.00697062
0.36 0 0 -0.00720918 -0.00720918
0.37 0 0 0.00746435 0.00746435
0.38 0 0 -0.0076795 -0.0076795
0.39 0 0 0.00789281 0.00789281
0.4 0 0 -0.00810423 -0.00810423
0.41 0 0 0.00831164 0.00831164
0.42 0 0 -0.00852075 -0.00852075
0.43 0 0 0.00872291 0.00872291
0.44 0 0 -0.00893043 -0.00893043
0.45 0 0 0.00912657 0.00912657
0.46 0 0 -0.00933193 -0.00933193
0.47 0 0 0.00952303 0.00952303
0.48 0 0 -0.00972514 -0.00972514
0.49 0 0 0.00991208 0.00991208
0.5 0 0 -0.0101085 -0.0101085
0.51 0 0 0.0102894 0.0102894
0.52 0 0 -0.0104747 -0.0104747
0.53 0 0 0.0106483 0.0106483
0.54 0 0 -0.0108194 -0.0108194
0.55 0 0 0.010984 0.010984
0.56 0 0 -0.0111371 -0.0111371
0.57 0 0 0.0112906 0.0112906
0.58 0 0 -0.0114253 -0.0114253
0.59 0 0 0.0115674 0.0115674
0.6 0 0 -0.0116846 -0.0116846
0.61 0 0 0.0118146 0.0118146
0.62 0 0 -0.0119181 -0.0119181
0.63 0 0 0.0120401 0.0120401
0.64 0 0 -0.0121588 -0.0121588
0.65 0 0 0.0122749 0.0122749
0.66 0 0 -0.0123894 -0.0123894
0.67 0 0 0.0124986 0.0124986
0.68 0 0 -0.0126095 -0.0126095
0.69 0 0 0.0127127 0.0127127
0.7 0 0 -0.0128226 -0.0128226
0.71 0 0 0.0129224 0.0129224
0.72 0 0 -0.0130284 -0.0130284
0.73 0 0 0.013121 0.013121
0.74 0 0 -0.0132202 -0.0132202
0.75 0 0 0.0133069 0.0133069
0.76 0 0 -0.0133991 -0.0133991
0.77 0 0 0.0134825 0.0134825
0.78 0 0 -0.0135684 -0.0135684
0.79 0 0 0.0136503 0.0136503
0.8 0 0 -0.0137295 -0.0137295
0.81 0 0 0.0138096 0.0138096
0.82 0 0 -0.0138801 -0.0138801
0.83 0 0 0.0139566 0.0139566
0.84 0 0 -0.0140196 -0.0140196
0.85 0 0 0.0140939 0.0140939
0.86 0 0 -0.0141523 -0.0141523
0.87 0 0 0.0142241 0.0142241
0.88 0 0 -0.0142772 -0.0142772
0.89 0 0 0.0143279 0.0143279
0.9 0 0 -0.0143756 -0.0143756
0.91 0 0 0.0144194 0.0144194
0.92 0 0 -0.0144624 -0.0144624
0.93 0 0 0.0144989 0.0144989
0.94 0 0 -0.014536 -0.014536
0.95 0 0 0.0145629 0.0145629
0.96 0 0 -0.0145929 -0.0145929
0.97 0 0 0.014612 0.014612
0.98 0 0 -0.014635 -0.014635
0.99 0 0 0.0146461 0.0146461
1 0 0 -0.0146605 -0.0146605
1.01 0 0 0.014665 0.014665
1.02 0 0 -0.0146711 -0.0146711
1.03 0 0 0.0146709 0.0146709
1.04 0 0 -0.0146686 -0.0146686
1.05 0 0 0.0146639 0.0146639
1.06 0 0 -0.0146534 -0.0146534
1.07 0 0 0.0146458 0.0146458
1.08 0 0 -0.0146291 -0.0146291
1.09 0 0 0.0146191 0.0146191
1.1 0 0 -0.0145968 -0.0145968
1.11 0 0 0.0145833 0.0145833
1.12 0 0 -0.0145559 -0.0145559
1.13 0 0 0.0145386 0.0145386
1.14 0 0 -0.0145183 -0.0145183
1.15 0 0 0.014495 0.014495
1.16 0 0 -0.0144693 -0.0144693
1.17 0 0 0.0144384 0.0144384
1.18 0 0 -0.0144073 -0.0144073
1.19 0 0 0.0143694 0.0143694
1.2 0 0 -0.0143334 -0.0143334
1.21 0 0 0.0142887 0.0142887
1.22 0 0 -0.014248 -0.014248
1.23 0 0 0.0141986 0.0141986
1.24 0 0 -0.0141538 -0.0141538
1.25 0 0 0.0141007 0.0141007
1.26 0 0 -0.0140505 -0.0140505
1.27 0 0 0.0139942 0.0139942
1.28 0 0 -0.0139379 -0.0139379
1.29 0 0 0.0138788 0.0138788
1.3 0 0 -0.0138164 -0.0138164
1.31 0 0 0.0137541 0.0137541
1.32 0 0 -0.0136845 -0.0136845
1.33 0 0 0.013618 0.013618
1.34 0 0 -0.0135412 -0.0135412
1.35 0 0 0.0134697 0.0134697
1.36 0 0 -0.0133862 -0.0133862
1.37 0 0 0.013309 0.013309
1.38 0 0 -0.0132187 -0.0132187
1.39 0 0 0.0131258 0.0131258
1.4 0 0 -0.0130303 -0.0130303
1.41 0 0 0.0129318 0.0129318
1.42 0 0 -0.0128328 -0.0128328
1.43 0 0 0.0127288 0.0127288
1.44 0 0 -0.0126257 -0.0126257
1.45 0 0 0.0125159 0.0125159
1.46 0 0 -0.0124092 -0.0124092
1.47 0 0 0.0122946 0.0122946
1.48 0 0 -0.0121833 -0.0121833
1.49 0 0 0.0120634 0.0120634
1.5 0 0 -0.0119462 -0.0119462
1.51 0 0 0.0118221 0.0118221
1.52 0 0 -0.0116989 -0.0116989
1.53 0 0 0.0115719 0.0115719
1.54 0 0 -0.0114432 -0.0114432
1.55 0 0 0.0113135 0.0113135
1.56 0 0 -0.011179 -0.011179
1.57 0 0 0.0110464 0.0110464
1.58 0 0 -0.0109065 -0.0109065
1.59 0 0 0.0107707 0.0107707
1.6 0 0 -0.0106257 -0.0106257
1.61 0 0 0.0104865 0.0104865
1.62 0 0 -0.0103373 -0.0103373
1.63 0 0 0.0101948 0.0101948
1.64 0 0 -0.0100504 -0.0100504
1.65 0 0 0.00990427 0.00990427
1.66 0 0 -0.00975695 -0.00975695
1.67 0 0 0.00960602 0.00960602
1.68 0 0 -0.00945595 -0.00945595
1.69 0 0 0.00930113 0.00930113
1.7 0 0 -0.00914918 -0.00914918
1.71 0 0 0.00899117 0.00899117
1.72 0 0 -0.00883681 -0.00883681
1.73 0 0 0.00867491 0.00867491
1.74 0 0 -0.00851613 -0.00851613
1.75 0 0 0.00835168 0.00835168
1.76 0 0 -0.00819075 -0.00819075
1.77 0 0 0.00802624 0.00802624
1.78 0 0 -0.00786222 -0.00786222
1.79 0 0 0.00769713 0.00769713
1.8 0 0 -0.0075297 -0.0075297
1.81 0 0 0.00736352 0.00736352
1.82 0 0 -0.00719254 -0.00719254
1.83 0 0 0.00702551 0.00702551
1.84 0 0 -0.00685159 -0.00685159
1.85 0 0 0.0066824 0.0066824
1.86 0 0 -0.00650495 -0.00650495
1.87 0 0 0.00633319 0.00633319
1.88 0 0 -0.00615262 -0.00615262
1.89 0 0 0.00597128 0.00597128
1.9 0 0 -0.00578915 -0.00578915
1.91 0 0 0.00560566 0.00560566
1.92 0 0 -0.00542324 -0.00542324
1.93 0 0 0.0052376 0.0052376
1.94 0 0 -0.00505432 -0.00505432
1.95 0 0 0.00486591 0.00486591
1.96 0 0 -0.00468122 -0.00468122
1.97 0 0 0.00449093 0.00449093
1.98 0 0 -0.00430564 -0.00430564
1.99 0 0 0.00411511 0.00411511
2 0 0 -0.00392879 -0.00392879
2.01 0 0 0.00373772 0.00373772
2.02 0 0 -0.00354776 -0.00354776
2.03 0 0 0.0033551 0.0033551
2.04 0 0 -0.00316134 -0.00316134
2.05 0 0 0.00296801 0.00296801
2.06 0 0 -0.00277184 -0.00277184
2.07 0 0 0.00257958 0.00257958
2.08 0 0 -0.00238295 -0.00238295
2.09 0 0 0.00219227 0.00219227
2.1 0 0 -0.00199596 -0.00199596
2.11 0 0 0.00180671 0.00180671
2.12 0 0 -0.00161124 -0.00161124
2.13 0 0 0.00142348 0.00142348
2.14 0 0 -0.00123594 -0.00123594
2.15 0 0 0.00104873 0.00104873
2.16 0 0 -0.000862537 -0.000862537
2.17 0 0 0.000675029 0.000675029
2.18 0 0 -0.000490476 -0.000490476
2.19 0 0 0.000303208 0.000303208
2.2 0 0 -0.00012071 -0.00012071
2.21 0 0 -6.53821e-005 -6.53821e-005
2.22 0 0 0.000245557 0.000245557
2.23 0 0 -0.000429911 -0.000429911
2.24 0 0 0.000608338 0.000608338
2.25 0 0 -0.000789705 -0.000789705
2.26 0 0 0.000965908 0.000965908
2.27 0 0 -0.00114318 -0.00114318
2.28 0 0 0.00131828 0.00131828
2.29 0 0 -0.00149255 -0.00149255
2.3 0 0 0.00166779 0.00166779
2.31 0 0 -0.00184016 -0.00184016
2.32 0 0 0.00201533 0.00201533
2.33 0 0 -0.00218463 -0.00218463
2.34 0 0 0.00235825 0.00235825
2.35 0 0 -0.00252522 -0.00252522
2.36 0 0 0.00269754 0.00269754
2.37 0 0 -0.00286252 -0.00286252
2.38 0 0 0.00303344 0.00303344
2.39 0 0 -0.00320306 -0.00320306
2.4 0 0 0.00337136 0.00337136
2.41 0 0 -0.00353903 -0.00353903
2.42 0 0 0.00370361 0.00370361
2.43 0 0 -0.00386939 -0.00386939
2.44 0 0 0.00403049 0.00403049
2.45 0 0 -0.00419442 -0.00419442
2.46 0 0 0.00435288 0.00435288
2.47 0 0 -0.00451564 -0.00451564
2.48 0 0 0.00467257 0.00467257
2.49 0 0 -0.00483362 -0.00483362
2.5 0 0 0.00498913 0.00498913
2.51 0 0 -0.00514652 -0.00514652
2.52 0 0 0.0052999 0.0052999
2.53 0 0 -0.00545301 -0.00545301
2.54 0 0 0.0056049 0.0056049
2.55 0 0 -0.00575377 -0.00575377
2.56 0 0 0.00590341 0.00590341
2.57 0 0 -0.00604711 -0.00604711
2.58 0 0 0.00619304 0.00619304
2.59 0 0 -0.00633123 -0.00633123
2.6 0 0 0.00647277 0.00647277
2.61 0 0 -0.00660691 -0.00660691
2.62 0 0 0.00674325 0.00674325
2.63 0 0 -0.00686743 -0.00686743
2.64 0 0 0.00698957 0.00698957
2.65 0 0 -0.00710957 -0.00710957
2.66 0 0 0.00722655 0.00722655
2.67 0 0 -0.00734311 -0.00734311
2.68 0 0 0.00745445 0.00745445
2.69 0 0 -0.00756683 -0.00756683
2.7 0 0 0.00767207 0.00767207
2.71 0 0 -0.00777924 -0.00777924
2.72 0 0 0.0078771 0.0078771
2.73 0 0 -0.00797715 -0.00797715
2.74 0 0 0.00806848 0.00806848
2.75 0 0 -0.00816173 -0.00816173
2.76 0 0 0.00824734 0.00824734
2.77 0 0 -0.00833141 -0.00833141
2.78 0 0 0.00841043 0.00841043
2.79 0 0 -0.00848674 -0.00848674
2.8 0 0 0.00856249 0.00856249
2.81 0 0 -0.00863341 -0.00863341
2.82 0 0 0.00870654 0.00870654
2.83 0 0 -0.00877263 -0.00877263
2.84 0 0 0.0088431 0.0088431
2.85 0 0 -0.00890516 -0.00890516
2.86 0 0 0.00897234 0.00897234
2.87 0 0 -0.00903022 -0.00903022
2.88 0 0 0.0090935 0.0090935
2.89 0 0 -0.00915417 -0.00915417
2.9 0 0 0.00921227 0.00921227
2.91 0 0 -0.00926869 -0.00926869
2.92 0 0 0.00932071 0.00932071
2.93 0 0 -0.00937288 -0.00937288
2.94 0 0 0.00941918 0.00941918
2.95 0 0 -0.00946741 -0.00946741
2.96 0 0 0.00950941 0.00950941
2.97 0 0 -0.00955664 -0.00955664
2.98 0 0 0.00959716 0.00959716
2.99 0 0 -0.00964054 -0.00964054
3 0 0 0.00967734 0.00967734
3.01 0 0 -0.00971597 -0.00971597
3.02 0 0 0.00974994 0.00974994
3.03 0 0 -0.00978256 -0.00978256
3.04 0 0 0.00981307 0.00981307
3.05 0 0 -0.00983983 -0.00983983
3.06 0 0 0.00986728 0.00986728
3.07 0 0 -0.00988797 -0.00988797
3.08 0 0 0.00991052 0.00991052
3.09 0 0 -0.00992412 -0.00992412
3.1 0 0 0.0099406 0.0099406
3.11 0 0 -0.00994874 -0.00994874
3.12 0 0 0.00996047 0.00996047
3.13 0 0 -0.00996082 -0.00996082
3.14 0 0 0.00995851 0.00995851
3.15 0 0 -0.00995353 -0.00995353
3.16 0 0 0.00994491 0.00994491
3.17 0 0 -0.00993551 -0.00993551
3.18 0 0 0.00992063 0.00992063
3.19 0 0 -0.00990661 -0.00990661
3.2 0 0 0.00988555 0.00988555
3.21 0 0 -0.00986724 -0.00986724
3.22 0 0 0.00984079 0.00984079
3.23 0 0 -0.00981725 -0.00981725
3.24 0 0 0.0097853 0.0097853
3.25 0 0 -0.00975506 -0.00975506
3.26 0 0 0.00971818 0.00971818
3.27 0 0 -0.00968093 -0.00968093
3.28 0 0 0.00963963 0.00963963
3.29 0 0 -0.00959551 -0.00959551
3.3 0 0 0.00955079 0.00955079
3.31 0 0 -0.00950063 -0.00950063
3.32 0 0 0.00945251 0.00945251
3.33 0 0 -0.00939695 -0.00939695
3.34 0 0 0.00934494 0.00934494
3.35 0 0 -0.00928446 -0.00928446
3.36 0 0 0.00922888 0.00922888
3.37 0 0 -0.00916441 -0.00916441
3.38 0 0 0.00910491 0.00910491
3.39 0 0 -0.00904292 -0.00904292
3.4 0 0 0.00897854 0.00897854
3.41 0 0 -0.00891286 -0.00891286
3.42 0 0 0.00884307 0.00884307
3.43 0 0 -0.00877392 -0.00877392
3.44 0 0 0.00869928 0.00869928
3.45 0 0 -0.00862711 -0.00862711
3.46 0 0 0.00854788 0.00854788
3.47 0 0 -0.00847244 -0.00847244
3.48 0 0 0.00839016 0.00839016
3.49 0 0 -0.00831171 -0.00831171
3.5 0 0 0.00822709 0.00822709
3.51 0 0 -0.00814454 -0.00814454
3.52 0 0 0.00805811 0.00805811
3.53 0 0 -0.00797087 -0.00797087
3.54 0 0 0.00788224 0.00788224
3.55 0 0 -0.00778966 -0.00778966
3.56 0 0 0.00769779 0.00769779
3.57 0 0 -0.00759909 -0.00759909
3.58 0 0 0.00750284 0.00750284
3.59 0 0 -0.00739826 -0.00739826
3.6 0 0 0.00729686 0.00729686
3.61 0 0 -0.00718723 -0.00718723
3.62 0 0 0.00708141 0.00708141
3.63 0 0 -0.00696548 -0.00696548
3.64 0 0 0.00684776 0.00684776
3.65 0 0 -0.0067282 -0.0067282
3.66 0 0 0.00660564 0.00660564
3.67 0 0 -0.00648307 -0.00648307
3.68 0 0 0.00635556 0.00635556
3.69 0 0 -0.0062295 -0.0062295
3.7 0 0 0.00609616 0.00609616
3.71 0 0 -0.00596552 -0.00596552
3.72 0 0 0.00582612 0.00582612
3.73 0 0 -0.00568975 -0.00568975
3.74 0 0 0.0055451 0.0055451
3.75 0 0 -0.00540262 -0.00540262
3.76 0 0 0.00525232 0.00525232
3.77 0 0 -0.00509943 -0.00509943
3.78 0 0 0.00494227 0.00494227
3.79 0 0 -0.00478318 -0.00478318
3.8 0 0 0.00462492 0.00462492
3.81 0 0 -0.0044624 -0.0044624
3.82 0 0 0.00430391 0.00430391
3.83 0 0 -0.00413978 -0.00413978
3.84 0 0 0.00398172 0.00398172
3.85 0 0 -0.0038172 -0.0038172
3.86 0 0 0.00365961 0.00365961
3.87 0 0 -0.00349502 -0.00349502
3.88 0 0 0.00333697 0.00333697
3.89 0 0 -0.00317789 -0.00317789
3.9 0 0 0.00301789 0.00301789
3.91 0 0 -0.00285831 -0.00285831
3.92 0 0 0.00269609 0.00269609
3.93 0 0 -0.00253639 -0.00253639
3.94 0 0 0.00237273 0.00237273
3.95 0 0 -0.00221447 -0.00221447
3.96 0 0 0.00205134 0.00205134
3.97 0 0 -0.00189495 -0.00189495
3.98 0 0 0.00173316 0.00173316
3.99 0 0 -0.001578 -0.001578
4 0 0 0.00141874 0.00141874
4.01 0 0 -0.00126401 -0.00126401
4.02 0 0 0.00110715 0.00110715
4.03 0 0 -0.000951226 -0.000951226
4.04 0 0 0.000795523 0.000795523
4.05 0 0 -0.000636802 -0.000636802
4.06 0 0 0.00048067 0.00048067
4.07 0 0 -0.000318725 -0.000318725
4.08 0 0 0.000160984 0.000160984
4.09 0 0 4.5739e-006 4.5739e-006
4.1 0 0 -0.000165071 -0.000165071
4.11 0 0 0.0003337 0.0003337
4.12 0 0 -0.000496377 -0.000496377
4.13 0 0 0.000666887 0.000666887
4.14 0 0 -0.000837379 -0.000837379
4.15 0 0 0.00100772 0.00100772
4.16 0 0 -0.0011791 -0.0011791
4.17 0 0 0.0013484 0.0013484
4.18 0 0 -0.00152084 -0.00152084
4.19 0 0 0.00168965 0.00168965
4.2 0 0 -0.00186423 -0.00186423
4.21 0 0 0.00203389 0.00203389
4.22 0 0 -0.00221043 -0.00221043
4.23 0 0 0.00238173 0.00238173
4.24 0 0 -0.00255973 -0.00255973
4.25 0 0 0.00273342 0.00273342
4.26 0 0 -0.00291123 -0.00291123
4.27 0 0 0.00308656 0.00308656
4.28 0 0 -0.00326216 -0.00326216
4.29 0 0 0.00343767 0.00343767
4.3 0 0 -0.00360942 -0.00360942
4.31 0 0 0.0037833 0.0037833
4.32 0 0 -0.00395066 -0.00395066
4.33 0 0 0.00412178 0.00412178
4.34 0 0 -0.00428454 -0.00428454
4.35 0 0 0.00445082 0.00445082
4.36 0 0 -0.00461967 -0.00461967
4.37 0 0 0.00479083 0.00479083
4.38 0 0 -0.00493863 -0.00493863
4.39 0 0 0.00508559 0.00508559
4.4 0 0 -0.00523398 -0.00523398
4.41 0 0 0.00538185 0.00538185
4.42 0 0 -0.00553059 -0.00553059
4.43 0 0 0.00567322 0.00567322
4.44 0 0 -0.0058187 -0.0058187
4.45 0 0 0.00595369 0.00595369
4.46 0 0 -0.00609193 -0.00609193
4.47 0 0 0.00621594 0.00621594
4.48 0 0 -0.00634267 -0.00634267
4.49 0 0 0.00645498 0.00645498
4.5 0 0 -0.0065693 -0.0065693
4.51 0 0 0.00667309 0.00667309
4.52 0 0 -0.00677756 -0.00677756
4.53 0 0 0.00687847 0.00687847
4.54 0 0 -0.00697886 -0.00697886
4.55 0 0 0.00708344 0.00708344
4.56 0 0 -0.0071858 -0.0071858
4.57 0 0 0.00729837 0.00729837
4.58 0 0 -0.00740689 -0.00740689
4.59 0 0 0.00752793 0.00752793
4.6 0 0 -0.00764166 -0.00764166
4.61 0 0 0.00776739 0.00776739
4.62 0 0 -0.00788303 -0.00788303
4.63 0 0 0.00800872 0.00800872
4.64 0 0 -0.00813259 -0.00813259
4.65 0 0 0.00825427 0.00825427
4.66 0 0 -0.00837523 -0.00837523
4.67 0 0 0.00849225 0.00849225
4.68 0 0 -0.00861168 -0.00861168
4.69 0 0 0.00872544 0.00872544
4.7 0 0 -0.00884489 -0.00884489
4.71 0 0 0.00895791 0.00895791
4.72 0 0 -0.00907908 -0.00907908
4.73 0 0 0.00919362 0.00919362
4.74 0 0 -0.00931555 -0.00931555
4.75 0 0 0.00943169 0.00943169
4.76 0 0 -0.00955169 -0.00955169
4.77 0 0 0.00966719 0.00966719
4.78 0 0 -0.00978111 -0.00978111
4.79 0 0 0.00989287 0.00989287
4.8 0 0 -0.00999757 -0.00999757
4.81 0 0 0.0101022 0.0101022
4.82 0 0 -0.0101958 -0.0101958
4.83 0 0 0.010291 0.010291
4.84 0 0 -0.010374 -0.010374
4.85 0 0 0.0104575 0.0104575
4.86 0 0 -0.0105392 -0.0105392
4.87 0 0 0.0106302 0.0106302
4.88 0 0 -0.0107023 -0.0107023
4.89 0 0 0.0107725 0.0107725
4.9 0 0 -0.0108438 -0.0108438
4.91 0 0 0.0109138 0.0109138
4.92 0 0 -0.0109833 -0.0109833
4.93 0 0 0.0110447 0.0110447
4.94 0 0 -0.0111063 -0.0111063
4.95 0 0 0.0111555 0.0111555
4.96 0 0 -0.0112052 -0.0112052
4.97 0 0 0.0112396 0.0112396
4.98 0 0 -0.0112744 -0.0112744
4.99 0 0 0.0112941 0.0112941
5 0 0 -0.0113135 -0.0113135
5.01 0 0 0.011323 0.011323
5.02 0 0 -0.0113322 -0.0113322
5.03 0 0 0.011339 0.011339
5.04 0 0 -0.0113443 -0.0113443
5.05 0 0 0.0113541 0.0113541
5.06 0 0 -0.0113613 -0.0113613
5.07 0 0 0.0113774 0.0113774
5.08 0 0 -0.0113886 -0.0113886
5.09 0 0 0.0114094 0.0114094
5.1 0 0 -0.0114229 -0.0114229
5.11 0 0 0.0114445 0.0114445
5.12 0 0 -0.0114561 -0.0114561
5.13 0 0 0.0114736 0.0114736
5.14 0 0 -0.0114882 -0.0114882
5.15 0 0 0.0114995 0.0114995
5.16 0 0 -0.0115089 -0.0115089
5.17 0 0 0.0115137 0.0115137
5.18 0 0 -0.0115216 -0.0115216
5.19 0 0 0.0115251 0.0115251
5.2 0 0 -0.0115362 -0.0115362
5.21 0 0 0.011543 0.011543
5.22 0 0 -0.0115598 -0.0115598
5.23 0 0 0.0115721 0.0115721
5.24 0 0 -0.0115929 -0.0115929
5.25 0 0 0.011609 0.011609
5.26 0 0 -0.0116285 -0.0116285
5.27 0 0 0.0116435 0.0116435
5.28 0 0 -0.0116547 -0.0116547
5.29 0 0 0.0116623 0.0116623
5.3 0 0 -0.0116598 -0.0116598
5.31 0 0 0.0116553 0.0116553
5.32 0 0 -0.0116373 -0.0116373
5.33 0 0 0.0116192 0.0116192
5.34 0 0 -0.0115879 -0.0115879
5.35 0 0 0.0115501 0.0115501
5.36 0 0 -0.0115064 -0.0115064
5.37 0 0 0.0114729 0.0114729
5.38 0 0 -0.0114254 -0.0114254
5.39 0 0 0.0113782 0.0113782
5.4 0 0 -0.0113325 -0.0113325
5.41 0 0 0.0112855 0.0112855
5.42 0 0 -0.0112373 -0.0112373
5.43 0 0 0.0111797 0.0111797
5.44 0 0 -0.0111215 -0.0111215
5.45 0 0 0.0110488 0.0110488
5.46 0 0 -0.0109753 -0.0109753
5.47 0 0 0.0108841 0.0108841
5.48 0 0 -0.0107924 -0.0107924
5.49 0 0 0.010685 0.010685
5.5 0 0 -0.0105778 -0.0105778
5.51 0 0 0.0104618 0.0104618
5.52 0 0 -0.0103465 -0.0103465
5.53 0 0 0.0102315 0.0102315
5.54 0 0 -0.010117 -0.010117
5.55 0 0 0.0100108 0.0100108
5.56 0 0 -0.00990357 -0.00990357
5.57 0 0 0.00980819 0.00980819
5.58 0 0 -0.0097084 -0.0097084
5.59 0 0 0.00961876 0.00961876
5.6 0 0 -0.00952109 -0.00952109
5.61 0 0 0.00943032 0.00943032
5.62 0 0 -0.00932894 -0.00932894
5.63 0 0 0.00923165 0.00923165
5.64 0 0 -0.00913085 -0.00913085
5.65 0 0 0.00902564 0.00902564
5.66 0 0 -0.00891729 -0.00891729
5.67 0 0 0.00880466 0.00880466
5.68 0 0 -0.00869764 -0.00869764
5.69 0 0 0.00858825 0.00858825
5.7 0 0 -0.00849042 -0.00849042
5.71 0 0 0.00839134 0.00839134
5.72 0 0 -0.00830746 -0.00830746
5.73 0 0 0.00822305 0.00822305
5.74 0 0 -0.00815173 -0.00815173
5.75 0 0 0.00807864 0.00807864
5.76 0 0 -0.00801061 -0.00801061
5.77 0 0 0.0079391 0.0079391
5.78 0 0 -0.00786192 -0.00786192
5.79 0 0 0.00778009 0.00778009
5.8 0 0 -0.00768454 -0.00768454
5.81 0 0 0.00758586 0.00758586
5.82 0 0 -0.00747142 -0.00747142
5.83 0 0 0.00735727 0.00735727
5.84 0 0 -0.00723112 -0.00723112
5.85 0 0 0.00709672 0.00709672
5.86 0 0 -0.00695841 -0.00695841
5.87 0 0 0.00683465 0.00683465
5.88 0 0 -0.00670045 -0.00670045
5.89 0 0 0.00656951 0.00656951
5.9 0 0 -0.00644077 -0.00644077
5.91 0 0 0.00631107 0.00631107
5.92 0 0 -0.00618112 -0.00618112
5.93 0 0 0.00604128 0.00604128
5.94 0 0 -0.00590157 -0.00590157
5.95 0 0 0.00574561 0.00574561
5.96 0 0 -0.00558985 -0.00558985
5.97 0 0 0.00541502 0.00541502
5.98 0 0 -0.00524132 -0.00524132
5.99 0 0 0.00505221 0.00505221
6 0 0 -0.00486603 -0.00486603
6.01 0 0 0.00467384 0.00467384
6.02 0 0 -0.00448593 -0.00448593
6.03 0 0 0.00430356 0.00430356
6.04 0 0 -0.00412436 -0.00412436
6.05 0 0 0.00395826 0.00395826
6.06 0 0 -0.00379123 -0.00379123
6.07 0 0 0.00363831 0.00363831
6.08 0 0 -0.00347952 -0.00347952
6.09 0 0 0.00333119 0.00333119
6.1 0 0 -0.00317374 -0.00317374
6.11 0 0 0.00302253 0.00302253
6.12 0 0 -0.0028608 -0.0028608
6.13 0 0 0.00270339 0.00270339
6.14 0 0 -0.00254375 -0.00254375
6.15 0 0 0.00238258 0.00238258
6.16 0 0 -0.00222308 -0.00222308
6.17 0 0 0.00206159 0.00206159
6.18 0 0 -0.00190722 -0.00190722
6.19 0 0 0.00174961 0.00174961
6.2 0 0 -0.00160418 -0.00160418
6.21 0 0 0.00145497 0.00145497
6.22 0 0 -0.00132004 -0.00132004
6.23 0 0 0.0011807 0.0011807
6.24 0 0 -0.00105223 -0.00105223
6.25 0 0 0.000919038 0.000919038
6.26 0 0 -0.000788962 -0.000788962
6.27 0 0 0.000655226 0.000655226
6.28 0 0 -0.00051518 -0.00051518
6.29 0 0 0.000374773 0.000374773
6.3 0 0 -0.000222708 -0.000222708
6.31 0 0 7.47004e-005 7.47004e-005
6.32 0 0 8.50651e-005 8.50651e-005
6.33 0 0 -0.000237708 -0.000237708
6.34 0 0 0.000392689 0.000392689
6.35 0 0 -0.000555741 -0.000555741
6.36 0 0 0.000720543 0.000720543
6.37 0 0 -0.000868086 -0.000868086
6.38 0 0 0.00103053 0.00103053
6.39 0 0 -0.00118936 -0.00118936
6.4 0 0 0.00134513 0.00134513
6.41 0 0 -0.00150133 -0.00150133
6.42 0 0 0.00165485 0.00165485
6.43 0 0 -0.00181723 -0.00181723
6.44 0 0 0.00197527 0.00197527
6.45 0 0 -0.00214822 -0.00214822
6.46 0 0 0.00231554 0.00231554
6.47 0 0 -0.00250051 -0.00250051
6.48 0 0 0.00267881 0.00267881
6.49 0 0 -0.00287072 -0.00287072
6.5 0 0 0.00305568 0.00305568
6.51 0 0 -0.00324445 -0.00324445
6.52 0 0 0.00342809 0.00342809
6.53 0 0 -0.00360376 -0.00360376
6.54 0 0 0.00377927 0.00377927
6.55 0 0 -0.00393992 -0.00393992
6.56 0 0 0.00410676 0.00410676
6.57 0 0 -0.00425897 -0.00425897
6.58 0 0 0.00442072 0.00442072
6.59 0 0 -0.00457169 -0.00457169
6.6 0 0 0.00473145 0.00473145
6.61 0 0 -0.00489294 -0.00489294
6.62 0 0 0.00505923 0.00505923
6.63 0 0 -0.0052089 -0.0052089
6.64 0 0 0.00535925 0.00535925
6.65 0 0 -0.00550992 -0.00550992
6.66 0 0 0.00565718 0.00565718
6.67 0 0 -0.00580621 -0.00580621
6.68 0 0 0.00594483 0.00594483
6.69 0 0 -0.00608719 -0.00608719
6.7 0 0 0.0062128 0.0062128
6.71 0 0 -0.00634303 -0.00634303
6.72 0 0 0.00645366 0.00645366
6.73 0 0 -0.00656957 -0.00656957
6.74 0 0 0.00667042 0.00667042
6.75 0 0 -0.00677611 -0.00677611
6.76 0 0 0.00687726 0.00687726
6.77 0 0 -0.00697993 -0.00697993
6.78 0 0 0.00709016 0.00709016
6.79 0 0 -0.00719472 -0.00719472
6.8 0 0 0.00731242 0.00731242
6.81 0 0 -0.00741756 -0.00741756
6.82 0 0 0.00753483 0.00753483
6.83 0 0 -0.00763948 -0.00763948
6.84 0 0 0.00775164 0.00775164
6.85 0 0 -0.00785436 -0.00785436
6.86 0 0 0.00795993 0.00795993
6.87 0 0 -0.00805918 -0.00805918
6.88 0 0 0.00816039 0.00816039
6.89 0 0 -0.00826017 -0.00826017
6.9 0 0 0.00835805 0.00835805
6.91 0 0 -0.0084581 -0.0084581
6.92 0 0 0.00855353 0.00855353
6.93 0 0 -0.00865787 -0.00865787
6.94 0 0 0.00875598 0.00875598
6.95 0 0 -0.00886926 -0.00886926
6.96 0 0 0.0089744 0.0089744
6.97 0 0 -0.00909639 -0.00909639
6.98 0 0 0.00920921 0.00920921
6.99 0 0 -0.00933336 -0.00933336
7 0 0 0.00944926 0.00944926
7.01 0 0 -0.00956451 -0.00956451
7.02 0 0 0.00967692 0.00967692
7.03 0 0 -0.00977559 -0.00977559
7.04 0 0 0.00988112 0.00988112
7.05 0 0 -0.00996663 -0.00996663
7.06 0 0 0.0100651 0.0100651
7.07 0 0 -0.0101464 -0.0101464
7.08 0 0 0.0102371 0.0102371
7.09 0 0 -0.0103188 -0.0103188
7.1 0 0 0.0104035 0.0104035
7.11 0 0 -0.0104859 -0.0104859
7.12 0 0 0.0105665 0.0105665
7.13 0 0 -0.0106447 -0.0106447
7.14 0 0 0.0107209 0.0107209
7.15 0 0 -0.0107956 -0.0107956
7.16 0 0 0.0108671 0.0108671
7.17 0 0 -0.0109435 -0.0109435
7.18 0 0 0.0110097 0.0110097
7.19 0 0 -0.0110838 -0.0110838
7.2 0 0 0.0111384 0.0111384
7.21 0 0 -0.0111992 -0.0111992
7.22 0 0 0.0112321 0.0112321
7.23 0 0 -0.0112658 -0.0112658
7.24 0 0 0.0112715 0.0112715
7.25 0 0 -0.0112733 -0.0112733
7.26 0 0 0.0112625 0.0112625
7.27 0 0 -0.011243 -0.011243
7.28 0 0 0.0112356 0.0112356
7.29 0 0 -0.0112093 -0.0112093
7.3 0 0 0.0112089 0.0112089
7.31 0 0 -0.011185 -0.011185
7.32 0 0 0.0111777 0.0111777
7.33 0 0 -0.0111601 -0.0111601
7.34 0 0 0.0111413 0.0111413
7.35 0 0 -0.01112 -0.01112
7.36 0 0 0.0110978 0.0110978
7.37 0 0 -0.0110318 -0.0110318
7.38 0 0 0.0110577 0.0110577
7.39 0 0 -0.0111738 -0.0111738
7.4 0 0 0.0112407 0.0112407
7.41 0 0 -0.0113043 -0.0113043
7.42 0 0 0.0113449 0.0113449
7.43 0 0 -0.0113707 -0.0113707
7.44 0 0 0.0113454 0.0113454
7.45 0 0 -0.0112929 -0.0112929
7.46 0 0 0.0111729 0.0111729
7.47 0 0 -0.0110306 -0.0110306
7.48 0 0 0.0108359 0.0108359
7.49 0 0 -0.0106478 -0.0106478
7.5 0 0 0.0104536 0.0104536
7.51 0 0 -0.0102894 -0.0102894
7.52 0 0 0.0101607 0.0101607
7.53 0 0 -0.0100263 -0.0100263
7.54 0 0 0.00994055 0.00994055
7.55 0 0 -0.00980811 -0.00980811
7.56 0 0 0.00970442 0.00970442
7.57 0 0 -0.00959265 -0.00959265
7.58 0 0 0.00947989 0.00947989
7.59 0 0 -0.00922011 -0.00922011
7.6 0 0 0.00931234 0.00931234
7.61 0 0 -0.00961447 -0.00961447
7.615 0 0 0.0099392 0.0099392
7.62 0 0 -0.0103399 -0.0103399
7.625 0 0 0.0106563 0.0106563
7.63 0 0 -0.0110358 -0.0110358
7.635 0 0 0.0113374 0.0113374
7.64 0 0 -0.0116344 -0.0116344
7.645 0 0 0.0119292 0.0119292
7.65 0 0 -0.0122297 -0.0122297
7.655 0 0 0.0125293 0.0125293
7.66 0 0 -0.0128377 -0.0128377
7.665 0 0 0.0131335 0.0131335
7.675 0 0 -0.0132843 -0.0132843
7.685 0 0 0.0134147 0.0134147
7.695 0 0 -0.0135521 -0.0135521
7.705 0 0 0.0136561 0.0136561
7.715 0 0 -0.0137665 -0.0137665
7.725 0 0 0.013838 0.013838
7.735 0 0 -0.0139177 -0.0139177
7.745 0 0 0.0139687 0.0139687
7.755 0 0 -0.0140288 -0.0140288
7.765 0 0 0.0140904 0.0140904
7.775 0 0 -0.0141372 -0.0141372
7.785 0 0 0.0142274 0.0142274
7.795 0 0 -0.0142629 -0.0142629
7.805 0 0 0.0143387 0.0143387
7.815 0 0 -0.0143987 -0.0143987
7.825 0 0 0.0144563 0.0144563
7.835 0 0 -0.014224 -0.014224
7.845 0 0 0.0141996 0.0141996
7.855 0 0 -0.0143755 -0.0143755
7.865 0 0 0.0144114 0.0144114
7.875 0 0 -0.0145194 -0.0145194
7.885 0 0 0.0145593 0.0145593
7.895 0 0 -0.0146152 -0.0146152
7.905 0 0 0.0146668 0.0146668
7.915 0 0 -0.0147261 -0.0147261
7.925 0 0 0.0147795 0.0147795
7.935 0 0 -0.0148534 -0.0148534
7.945 0 0 0.0149187 0.0149187
7.955 0 0 -0.0150129 -0.0150129
7.965 0 0 0.0150922 0.0150922
7.975 0 0 -0.015198 -0.015198
7.985 0 0 0.0152797 0.0152797
7.995 0 0 -0.0153736 -0.0153736
8.005 0 0 0.0154434 0.0154434
8.015 0 0 -0.015502 -0.015502
8.025 0 0 0.0155713 0.0155713
8.035 0 0 -0.0155941 -0.0155941
8.045 0 0 0.0156697 0.0156697
8.055 0 0 -0.0157009 -0.0157009
8.065 0 0 0.0157428 0.0157428
8.075 0 0 -0.0157827 -0.0157827
8.085 0 0 0.0158206 0.0158206
8.09 0 0 -0.0158906 -0.0158906
8.0925 0 0 0.0164692 0.0164692
8.095 0 0 -0.0138418 -0.0138418
8.0975 0 0 0.0117847 0.0117847
8.1 0 0 -0.0106337 -0.0106337
8.1025 0 0 0.00864374 0.00864374
8.105 0 0 -0.00733914 -0.00733914
8.1075 0 0 0.00556698 0.00556698
8.11 0 0 -0.00414782 -0.00414782
8.1125 0 0 0.00253163 0.00253163
8.115 0 0 -0.00110829 -0.00110829
8.1175 0 0 -0.000391308 -0.000391308
8.1225 0 0 0.00105734 0.00105734
8.1275 0 0 -0.0017877 -0.0017877
8.1325 0 0 0.00241233 0.00241233
8.1375 0 0 -0.00302569 -0.00302569
8.1425 0 0 0.0036232 0.0036232
8.1475 0 0 -0.00421366 -0.00421366
8.1525 0 0 0.00479191 0.00479191
8.1575 0 0 -0.00536664 -0.00536664
8.1625 0 0 0.0059194 0.0059194
8.1675 0 0 -0.00645754 -0.00645754
8.1725 0 0 0.00695095 0.00695095
8.1825 0 0 -0.00719268 -0.00719268
8.1925 0 0 0.00740576 0.00740576
8.2025 0 0 -0.00762586 -0.00762586
8.2125 0 0 0.00781184 0.00781184
8.2225 0 0 -0.00801164 -0.00801164
8.2325 0 0 0.00818242 0.00818242
8.2425 0 0 -0.00837288 -0.00837288
8.2525 0 0 0.00854979 0.00854979
8.2625 0 0 -0.00873421 -0.00873421
8.2725 0 0 0.0089332 0.0089332
8.2825 0 0 -0.00909008 -0.00909008
8.2925 0 0 0.00929753 0.00929753
8.3025 0 0 -0.00945122 -0.00945122
8.3125 0 0 0.00961917 0.00961917
8.3225 0 0 -0.00978096 -0.00978096
8.3325 0 0 0.00993669 0.00993669
8.3425 0 0 -0.0100868 -0.0100868
8.3475 0 0 0.0105072 0.0105072
8.3525 0 0 -0.0095213 -0.0095213
8.3575 0 0 0.0090255 0.0090255
8.3625 0 0 -0.00949183 -0.00949183
8.3675 0 0 0.00934096 0.00934096
8.3725 0 0 -0.00941083 -0.00941083
8.3775 0 0 0.00935148 0.00935148
8.3825 0 0 -0.0093501 -0.0093501
8.3875 0 0 0.00930486 0.00930486
8.3925 0 0 -0.00924151 -0.00924151
8.3975 0 0 0.00915505 0.00915505
8.4075 0 0 -0.00910742 -0.00910742
8.4175 0 0 0.00904633 0.00904633
8.4275 0 0 -0.00898935 -0.00898935
8.4375 0 0 0.0089112 0.0089112
8.4475 0 0 -0.00884634 -0.00884634
8.4575 0 0 0.00875625 0.00875625
8.4675 0 0 -0.00868612 -0.00868612
8.4775 0 0 0.00859048 0.00859048
8.4875 0 0 -0.00851631 -0.00851631
8.4975 0 0 0.00842201 0.00842201
8.5075 0 0 -0.0083368 -0.0083368
8.5175 0 0 0.00825228 0.00825228
8.5275 0 0 -0.00813747 -0.00813747
8.5375 0 0 0.00806857 0.00806857
8.5475 0 0 -0.00793957 -0.00793957
8.5575 0 0 0.00784235 0.00784235
8.5675 0 0 -0.00773627 -0.00773627
8.5775 0 0 0.00762684 0.00762684
8.5875 0 0 -0.00751413 -0.00751413
8.5975 0 0 0.00739821 0.00739821
8.6025 0 0 -0.00715712 -0.00715712
8.6075 0 0 0.00780579 0.00780579
8.6125 0 0 -0.00704782 -0.00704782
8.6175 0 0 0.00550961 0.00550961
8.6225 0 0 -0.00492762 -0.00492762
8.6275 0 0 0.00395954 0.00395954
8.6325 0 0 -0.00310249 -0.00310249
8.6375 0 0 0.00217255 0.00217255
8.6425 0 0 -0.00123666 -0.00123666
8.6475 0 0 0.000294174 0.000294174
8.6525 0 0 0.000643157 0.000643157
8.6625 0 0 -0.0011144 -0.0011144
8.6725 0 0 0.00157289 0.00157289
8.6825 0 0 -0.00203939 -0.00203939
8.6925 0 0 0.00248249 0.00248249
8.7025 0 0 -0.00293846 -0.00293846
8.7125 0 0 0.00336578 0.00336578
8.7225 0 0 -0.00381256 -0.00381256
8.7325 0 0 0.00423458 0.00423458
8.7425 0 0 -0.00468018 -0.00468018
8.7525 0 0 0.00511404 0.00511404
8.7625 0 0 -0.00555728 -0.00555728
8.7725 0 0 0.00601765 0.00601765
8.7825 0 0 -0.00643838 -0.00643838
8.7925 0 0 0.00691587 0.00691587
8.8025 0 0 -0.00734363 -0.00734363
8.8125 0 0 0.00778985 0.00778985
8.8225 0 0 -0.0082355 -0.0082355
8.8325 0 0 0.00868053 0.00868053
8.8425 0 0 -0.0091249 -0.0091249
8.8525 0 0 0.00956848 0.00956848
8.8575 0 0 -0.0104529 -0.0104529
8.8625 0 0 0.0121122 0.0121122
8.8675 0 0 -0.0122768 -0.0122768
8.8725 0 0 0.0119219 0.0119219
8.8775 0 0 -0.0127085 -0.0127085
8.8825 0 0 0.0130568 0.0130568
8.8875 0 0 -0.0135648 -0.0135648
8.8925 0 0 0.0140589 0.0140589
8.8975 0 0 -0.0145478 -0.0145478
8.9025 0 0 0.015019 0.015019
8.9075 0 0 -0.0154834 -0.0154834
8.9175 0 0 0.0157065 0.0157065
8.9275 0 0 -0.015943 -0.015943
8.9375 0 0 0.0161713 0.0161713
8.9475 0 0 -0.0164306 -0.0164306
8.9575 0 0 0.016686 0.016686
8.9675 0 0 -0.0169845 -0.0169845
8.9775 0 0 0.0172782 0.0172782
8.9875 0 0 -0.0176091 -0.0176091
8.9975 0 0 0.0179263 0.0179263
9.0075 0 0 -0.0182506 -0.0182506
9.0175 0 0 0.018567 0.018567
9.0275 0 0 -0.0188435 -0.0188435
9.0375 0 0 0.019163 0.019163
9.0475 0 0 -0.0194207 -0.0194207
9.0575 0 0 0.0197098 0.0197098
9.0675 0 0 -0.0199901 -0.0199901
9.0775 0 0 0.0202666 0.0202666
9.0875 0 0 -0.0205392 -0.0205392
9.0975 0 0 0.0208076 0.0208076
9.1075 0 0 -0.021072 -0.021072
9.1175 0 0 0.0214418 0.0214418
9.1225 0 0 -0.0206038 -0.0206038
9.1275 0 0 0.0202889 0.0202889
9.1325 0 0 -0.0214399 -0.0214399
9.1375 0 0 0.0219015 0.0219015
9.1425 0 0 -0.0225094 -0.0225094
9.1475 0 0 0.0230913 0.0230913
9.1525 0 0 -0.023656 -0.023656
9.1575 0 0 0.0241927 0.0241927
9.1625 0 0 -0.0247234 -0.0247234
9.1675 0 0 0.0252454 0.0252454
9.1725 0 0 -0.0257943 -0.0257943
9.1825 0 0 0.0260679 0.0260679
9.1925 0 0 -0.0263672 -0.0263672
9.2025 0 0 0.0266558 0.0266558
9.2125 0 0 -0.0269742 -0.0269742
9.2225 0 0 0.0272713 0.0272713
9.2325 0 0 -0.0275879 -0.0275879
9.2425 0 0 0.0278712 0.0278712
9.2525 0 0 -0.0281534 -0.0281534
9.2625 0 0 0.0284124 0.0284124
9.2725 0 0 -0.0286427 -0.0286427
9.2825 0 0 0.0289061 0.0289061
9.2925 0 0 -0.0291075 -0.0291075
9.3025 0 0 0.029355 0.029355
9.3125 0 0 -0.0295818 -0.0295818
9.3225 0 0 0.0298053 0.0298053
9.3325 0 0 -0.0300252 -0.0300252
9.3425 0 0 0.0302416 0.0302416
9.3525 0 0 -0.0304544 -0.0304544
9.3625 0 0 0.0306637 0.0306637
9.3725 0 0 -0.0308694 -0.0308694
9.3775 0 0 0.0337744 0.0337744
9.3825 0 0 -0.0368617 -0.0368617
9.3875 0 0 0.0382794 0.0382794
9.3925 0 0 -0.0402758 -0.0402758
9.3975 0 0 0.0421944 0.0421944
9.4025 0 0 -0.0440925 -0.0440925
9.4075 0 0 0.0459586 0.0459586
9.4125 0 0 -0.0478003 -0.0478003
9.4175 0 0 0.0495845 0.0495845
9.4225 0 0 -0.051313 -0.051313
9.4275 0 0 0.0529429 0.0529429
9.4375 0 0 -0.0537339 -0.0537339
9.4475 0 0 0.0544801 0.0544801
9.4575 0 0 -0.0552215 -0.0552215
9.4675 0 0 0.0559165 0.0559165
9.4775 0 0 -0.0566184 -0.0566184
9.4875 0 0 0.0572878 0.0572878
9.4975 0 0 -0.0579748 -0.0579748
9.5075 0 0 0.0586529 0.0586529
9.5175 0 0 -0.059329 -0.059329
9.5275 0 0 0.0600291 0.0600291
9.5375 0 0 -0.0606672 -0.0606672
9.5475 0 0 0.0613513 0.0613513
9.5575 0 0 -0.0619893 -0.0619893
9.5675 0 0 0.062619 0.062619
9.5775 0 0 -0.0632366 -0.0632366
9.5875 0 0 0.0638424 0.0638424
9.5975 0 0 -0.0644362 -0.0644362
9.6075 0 0 0.0650179 0.0650179
9.6175 0 0 -0.0655874 -0.0655874
9.6275 0 0 0.0662607 0.0662607
9.6375 0 0 -0.0662346 -0.0662346
9.6475 0 0 0.0658661 0.0658661
9.6575 0 0 -0.0659704 -0.0659704
9.6675 0 0 0.0660731 0.0660731
9.6775 0 0 -0.0662121 -0.0662121
9.6875 0 0 0.0663824 0.0663824
9.6975 0 0 -0.0666368 -0.0666368
9.7075 0 0 0.066958 0.066958
9.7175 0 0 -0.067395 -0.067395
9.7275 0 0 0.0678918 0.0678918
9.7375 0 0 -0.0684651 -0.0684651
9.7475 0 0 0.0690134 0.0690134
9.7575 0 0 -0.0695131 -0.0695131
9.7675 0 0 0.0699294 0.0699294
9.7775 0 0 -0.0702432 -0.0702432
9.7875 0 0 0.0705702 0.0705702
9.7975 0 0 -0.0708236 -0.0708236
9.8075 0 0 0.0711001 0.0711001
9.8175 0 0 -0.0713611 -0.0713611
9.8275 0 0 0.07161 0.07161
9.8375 0 0 -0.0718462 -0.0718462
9.8475 0 0 0.0720695 0.0720695
9.8575 0 0 -0.0722799 -0.0722799
9.8675 0 0 0.0724776 0.0724776
9.8775 0 0 -0.0726625 -0.0726625
9.8825 0 0 0.0732881 0.0732881
9.8875 0 0 -0.0725021 -0.0725021
9.8925 0 0 0.0723686 0.0723686
9.8975 0 0 -0.0737275 -0.0737275
9.9025 0 0 0.0742615 0.0742615
9.9075 0 0 -0.0747855 -0.0747855
9.9125 0 0 0.0752421 0.0752421
9.9175 0 0 -0.0756511 -0.0756511
9.9225 0 0 0.0760092 0.0760092
9.9275 0 0 -0.0763664 -0.0763664
9.9325 0 0 0.0767192 0.0767192
9.9425 0 0 -0.0769223 -0.0769223
9.9525 0 0 0.0771213 0.0771213
9.9625 0 0 -0.0773611 -0.0773611
9.9725 0 0 0.0775921 0.0775921
9.9825 0 0 -0.0778556 -0.0778556
9.9925 0 0 0.0780935 0.0780935
10.0025 0 0 -0.078296 -0.078296
