1000 -19.9997 -40 -19.9997 -1.01644e-015 0
2000 -19.9997 -40 -19.9997 0 0
3000 -19.9997 -40 -19.9997 1.01644e-015 0
4000 -19.9997 -40 -19.9997 1.01644e-015 0
5000 -19.9997 -40 -19.9997 -2.03288e-015 0
6000 -19.9997 -40 -19.9997 -1.01644e-015 0
7000 -19.9997 -40 -19.9997 -1.01644e-015 0
8000 -19.9997 -40 -19.9997 -1.01644e-015 0
9000 -19.9997 -40 -19.9997 1.01644e-015 0
10000 -19.9997 -40 -19.9997 1.01644e-015 0
11000 -19.9997 -40 -19.9997 0 0
12000 -19.9997 -40 -19.9997 0 0
13000 -19.9997 -40 -19.9997 0 0
14000 -19.9997 -40 -19.9997 1.01644e-015 0
15000 -19.9997 -40 -19.9997 -1.01644e-015 0
16000 -19.9997 -40 -19.9997 2.03288e-015 0
17000 -19.9997 -40 -19.9997 -1.01644e-015 0
18000 -19.9997 -40 -19.9997 -1.01644e-015 0
19000 -19.9997 -40 -19.9997 0 0
20000 -19.9997 -40 -19.9997 -1.01644e-015 0
21000 -19.9997 -40 -19.9997 1.01644e-015 0
22000 -19.9997 -40 -19.9997 1.01644e-015 0
23000 -19.9997 -40 -19.9997 0 0
24000 -19.9997 -40 -19.9997 2.03288e-015 0
25000 -19.9997 -40 -19.9997 -1.01644e-015 0
26000 -19.9997 -40 -19.9997 -1.01644e-015 0
27000 -19.9997 -40 -19.9997 -1.01644e-015 0
28000 -19.9997 -40 -19.9997 -2.03288e-015 0
29000 -19.9997 -40 -19.9997 0 0
30000 -19.9997 -40 -19.9997 -1.01644e-015 0
31000 -19.9997 -40 -19.9997 1.01644e-015 0
32000 -19.9997 -40 -19.9997 1.01644e-015 0
33000 -19.9997 -40 -19.9997 0 0
34000 -19.9997 -40 -19.9997 2.03288e-015 0
35000 -19.9997 -40 -19.9997 0 0
36000 -19.9997 -40 -19.9997 2.03288e-015 0
37000 -19.9997 -40 -19.9997 -1.01644e-015 0
38000 -19.9997 -40 -19.9997 -1.01644e-015 0
39000 -19.9997 -40 -19.9997 -1.01644e-015 0
40000 -19.9997 -40 -19.9997 -1.01644e-015 0
41000 -19.9997 -40 -19.9997 0 0
42000 -19.9997 -40 -19.9997 -1.01644e-015 0
43000 -19.9997 -40 -19.9997 1.01644e-015 0
44000 -19.9997 -40 -19.9997 1.01644e-015 0
45000 -19.9997 -40 -19.9997 0 0
46000 -19.9997 -40 -19.9997 2.03288e-015 0
47000 -19.9997 -40 -19.9997 -1.01644e-015 0
48000 -19.9997 -40 -19.9997 -1.01644e-015 0
49000 -19.9997 -40 -19.9997 -1.01644e-015 0
50000 -19.9997 -40 -19.9997 -1.01644e-015 0
51000 -19.9997 -40 -19.9997 0 0
52000 -19.9997 -40 -19.9997 -1.01644e-015 0
53000 -19.9997 -40 -19.9997 1.01644e-015 0
54000 -19.9997 -40 -19.9997 1.01644e-015 0
55000 -19.9997 -40 -19.9997 0 0
56000 -19.9997 -40 -19.9997 2.03288e-015 0
57000 -19.9997 -40 -19.9997 -1.01644e-015 0
58000 -19.9997 -40 -19.9997 -1.01644e-015 0
59000 -19.9997 -40 -19.9997 -1.01644e-015 0
60000 -19.9997 -40 -19.9997 -2.03288e-015 0
61000 -19.9997 -40 -19.9997 0 0
62000 -19.9997 -40 -19.9997 -1.01644e-015 0
63000 -19.9997 -40 -19.9997 1.01644e-015 0
64000 -19.9997 -40 -19.9997 -2.03288e-015 0
65000 -19.9997 -40 -19.9997 2.03288e-015 0
66000 -19.9997 -40 -19.9997 -1.01644e-015 0
67000 -19.9997 -40 -19.9997 -2.03288e-015 0
68000 -19.9997 -40 -19.9997 0 0
69000 -19.9997 -40 -19.9997 -1.01644e-015 0
70000 -19.9997 -40 -19.9997 1.01644e-015 0
71000 -19.9997 -40 -19.9997 1.01644e-015 0
72000 -19.9997 -40 -19.9997 0 0
73000 -19.9997 -40 -19.9997 2.03288e-015 0
74000 -19.9997 -40 -19.9997 -1.01644e-015 0
75000 -19.9997 -40 -19.9997 -1.01644e-015 0
76000 -19.9997 -40 -19.9997 -1.01644e-015 0
77000 -19.9997 -40 -19.9997 -1.01644e-015 0
78000 -19.9997 -40 -19.9997 0 0
79000 -19.9997 -40 -19.9997 -1.01644e-015 0
80000 -19.9997 -40 -19.9997 1.01644e-015 0
81000 -19.9997 -40 -19.9997 1.01644e-015 0
82000 -19.9997 -40 -19.9997 0 0
83000 -19.9997 -40 -19.9997 2.03288e-015 0
84000 -19.9997 -40 -19.9997 -1.01644e-015 0
85000 -19.9997 -40 -19.9997 -1.01644e-015 0
86000 -19.9997 -40 -19.9997 -1.01644e-015 0
87000 -19.9997 -40 -19.9997 -1.01644e-015 0
88000 -19.9997 -40 -19.9997 0 0
89000 -19.9997 -40 -19.9997 -1.01644e-015 0
90000 -19.9997 -40 -19.9997 1.01644e-015 0
91000 -19.9997 -40 -19.9997 1.01644e-015 0
92000 -19.9997 -40 -19.9997 0 0
93000 -19.9997 -40 -19.9997 2.03288e-015 0
94000 -19.9997 -40 -19.9997 0 0
95000 -19.9997 -40 -19.9997 0 0
96000 -19.9997 -40 -19.9997 -2.03288e-015 0
97000 -19.9997 -40 -19.9997 1.01644e-015 0
98000 -19.9997 -40 -19.9997 -1.01644e-015 0
99000 -19.9997 -40 -19.9997 -1.01644e-015 0
100000 -19.9997 -40 -19.9997 -1.01644e-015 0
101000 -19.9997 -40 -19.9997 1.01644e-015 0
102000 -19.9997 -40 -19.9997 0 0
103000 -19.9997 -40 -19.9997 0 0
104000 -19.9997 -40 -19.9997 2.03288e-015 0
105000 -19.9997 -40 -19.9997 -1.01644e-015 0
106000 -19.9997 -40 -19.9997 -1.01644e-015 0
107000 -19.9997 -40 -19.9997 -1.01644e-015 0
108000 -19.9997 -40 -19.9997 -1.01644e-015 0
109000 -19.9997 -40 -19.9997 0 0
110000 -19.9997 -40 -19.9997 -1.01644e-015 0
111000 -19.9997 -40 -19.9997 1.01644e-015 0
112000 -19.9997 -40 -19.9997 1.01644e-015 0
113000 -19.9997 -40 -19.9997 0 0
114000 -19.9997 -40 -19.9997 2.03288e-015 0
115000 -19.9997 -40 -19.9997 -1.01644e-015 0
116000 -19.9997 -40 -19.9997 -1.01644e-015 0
117000 -19.9997 -40 -19.9997 -1.01644e-015 0
118000 -19.9997 -40 -19.9997 -1.01644e-015 0
119000 -19.9997 -40 -19.9997 0 0
120000 -19.9997 -40 -19.9997 -1.01644e-015 0
121000 -19.9997 -40 -19.9997 1.01644e-015 0
122000 -19.9997 -40 -19.9997 1.01644e-015 0
123000 -19.9997 -40 -19.9997 0 0
124000 -19.9997 -40 -19.9997 2.03288e-015 0
125000 -19.9997 -40 -19.9997 0 0
126000 -19.9997 -40 -19.9997 0 0
127000 -19.9997 -40 -19.9997 -1.01644e-015 0
128000 -19.9997 -40 -19.9997 -1.01644e-015 0
129000 -19.9997 -40 -19.9997 0 0
130000 -19.9997 -40 -19.9997 -1.01644e-015 0
131000 -19.9997 -40 -19.9997 2.03288e-015 0
132000 -19.9997 -40 -19.9997 0 0
133000 -19.9997 -40 -19.9997 1.01644e-015 0
134000 -19.9997 -40 -19.9997 0 0
135000 -19.9997 -40 -19.9997 0 0
136000 -19.9997 -40 -19.9997 -1.01644e-015 0
137000 -19.9997 -40 -19.9997 2.03288e-015 0
138000 -19.9997 -40 -19.9997 -1.01644e-015 0
139000 -19.9997 -40 -19.9997 -2.03288e-015 0
140000 -19.9997 -40 -19.9997 0 0
141000 -19.9997 -40 -19.9997 -1.01644e-015 0
142000 -19.9997 -40 -19.9997 1.01644e-015 0
143000 -19.9997 -40 -19.9997 1.01644e-015 0
144000 -19.9997 -40 -19.9997 0 0
145000 -19.9997 -40 -19.9997 2.03288e-015 0
146000 -19.9997 -40 -19.9997 -1.01644e-015 0
147000 -19.9997 -40 -19.9997 -1.01644e-015 0
148000 -19.9997 -40 -19.9997 -1.01644e-015 0
149000 -19.9997 -40 -19.9997 -2.03288e-015 0
150000 -19.9997 -40 -19.9997 0 0
151000 -19.9997 -40 -19.9997 -1.01644e-015 0
152000 -19.9997 -40 -19.9997 1.01644e-015 0
153000 -19.9997 -40 -19.9997 -2.03288e-015 0
154000 -19.9997 -40 -19.9997 2.03288e-015 0
155000 -19.9997 -40 -19.9997 -1.01644e-015 0
156000 -19.9997 -40 -19.9997 -2.03288e-015 0
157000 -19.9997 -40 -19.9997 0 0
158000 -19.9997 -40 -19.9997 -1.01644e-015 0
159000 -19.9997 -40 -19.9997 1.01644e-015 0
160000 -19.9997 -40 -19.9997 -1.01644e-015 0
161000 -19.9997 -40 -19.9997 -1.01644e-015 0
162000 -19.9997 -40 -19.9997 -1.01644e-015 0
163000 -19.9997 -40 -19.9997 2.03288e-015 0
164000 -19.9997 -40 -19.9997 0 0
165000 -19.9997 -40 -19.9997 2.03288e-015 0
166000 -19.9997 -40 -19.9997 -1.01644e-015 0
167000 -19.9997 -40 -19.9997 -1.01644e-015 0
168000 -19.9997 -40 -19.9997 -1.01644e-015 0
169000 -19.9997 -40 -19.9997 -2.03288e-015 0
170000 -19.9997 -40 -19.9997 0 0
171000 -19.9997 -40 -19.9997 -1.01644e-015 0
172000 -19.9997 -40 -19.9997 1.01644e-015 0
173000 -19.9997 -40 -19.9997 -2.03288e-015 0
174000 -19.9997 -40 -19.9997 2.03288e-015 0
175000 -19.9997 -40 -19.9997 -1.01644e-015 0
176000 -19.9997 -40 -19.9997 -2.03288e-015 0
177000 -19.9997 -40 -19.9997 0 0
178000 -19.9997 -40 -19.9997 -1.01644e-015 0
179000 -19.9997 -40 -19.9997 1.01644e-015 0
180000 -19.9997 -40 -19.9997 1.01644e-015 0
181000 -19.9997 -40 -19.9997 0 0
182000 -19.9997 -40 -19.9997 2.03288e-015 0
183000 -19.9997 -40 -19.9997 -1.01644e-015 0
184000 -19.9997 -40 -19.9997 -1.01644e-015 0
185000 -19.9997 -40 -19.9997 -1.01644e-015 0
186000 -19.9997 -40 -19.9997 -1.01644e-015 0
187000 -19.9997 -40 -19.9997 0 0
188000 -19.9997 -40 -19.9997 -1.01644e-015 0
189000 -19.9997 -40 -19.9997 1.01644e-015 0
190000 -19.9997 -40 -19.9997 1.01644e-015 0
191000 -19.9997 -40 -19.9997 0 0
192000 -19.9997 -40 -19.9997 2.03288e-015 0
193000 -19.9997 -40 -19.9997 -1.01644e-015 0
194000 -19.9997 -40 -19.9997 -1.01644e-015 0
195000 -19.9997 -40 -19.9997 -1.01644e-015 0
196000 -19.9997 -40 -19.9997 -1.01644e-015 0
197000 -19.9997 -40 -19.9997 0 0
198000 -19.9997 -40 -19.9997 -1.01644e-015 0
199000 -19.9997 -40 -19.9997 1.01644e-015 0
200000 -19.9997 -40 -19.9997 1.01644e-015 0
200100 -19.9997 -40 -19.9997 -1.60055e-015 0.579293
200200 -19.9997 -40 -19.9997 4.68022e-015 0.579293
200300 -19.9997 -40 -19.9997 -1.60055e-015 0.579293
200400 -19.9997 -40 -19.9997 2.06323e-015 0.579293
200500 -19.9997 -40 -19.9997 -2.64734e-015 0.579293
200600 -19.9997 -40 -19.9997 3.63343e-015 0.579293
200700 -19.9997 -40 -19.9997 4.93042e-016 0.579293
200800 -19.9997 -40 -19.9997 1.53984e-015 0.579293
200900 -19.9997 -40 -19.9997 1.53984e-015 0.579293
201000 -19.9997 -40 -19.9997 3.11003e-015 0.579293
201100 -19.9997 -40 -19.9997 2.58663e-015 0.579293
201200 -19.9997 -40 -19.9997 2.06323e-015 0.579293
201300 -19.9997 -40 -19.9997 -2.12394e-015 0.579293
201400 -19.9997 -40 -19.9997 1.01644e-015 0.579293
201500 -19.9997 -40 -19.9997 -3.03548e-017 0.579293
201600 -19.9997 -40 -19.9997 -3.03548e-017 0.579293
201700 -19.9997 -40 -19.9997 1.53984e-015 0.579293
201800 -19.9997 -40 -19.9997 4.93042e-016 0.579293
201900 -19.9997 -40 -19.9997 -3.03548e-017 0.579293
202000 -19.9997 -40 -19.9997 -5.53752e-016 0.579293
202100 -19.9997 -40 -19.9997 -3.03548e-017 0.579293
202200 -19.9997 -40 -19.9997 -1.07715e-015 0.579293
202300 -19.9997 -40 -19.9997 1.01644e-015 0.579293
202400 -19.9997 -40 -19.9997 -3.03548e-017 0.579293
202500 -19.9997 -40 -19.9997 -1.07715e-015 0.579293
202600 -19.9997 -40 -19.9997 1.01644e-015 0.579293
202700 -19.9997 -40 -19.9997 -3.03548e-017 0.579293
202800 -19.9997 -40 -19.9997 -1.07715e-015 0.579293
202900 -19.9997 -40 -19.9997 1.01644e-015 0.579293
203000 -19.9997 -40 -19.9997 -3.03548e-017 0.579293
203100 -19.9997 -40 -19.9997 -1.07715e-015 0.579293
203200 -19.9997 -40 -19.9997 1.01644e-015 0.579293
203300 -19.9997 -40 -19.9997 -3.03548e-017 0.579293
203400 -19.9997 -40 -19.9997 -1.07715e-015 0.579293
203500 -19.9997 -40 -19.9997 1.01644e-015 0.579293
203600 -19.9997 -40 -19.9997 -3.03548e-017 0.579293
203700 -19.9997 -40 -19.9997 -1.07715e-015 0.579293
203800 -19.9997 -40 -19.9997 1.01644e-015 0.579293
203900 -19.9997 -40 -19.9997 -3.03548e-017 0.579293
204000 -19.9997 -40 -19.9997 -1.07715e-015 0.579293
204100 -19.9997 -40 -19.9997 1.01644e-015 0.579293
204200 -19.9997 -40 -19.9997 -3.03548e-017 0.579293
204300 -19.9997 -40 -19.9997 -3.03548e-017 0.579293
204400 -19.9997 -40 -19.9997 -5.53752e-016 0.579293
204500 -19.9997 -40 -19.9997 -3.03548e-017 0.579293
204600 -19.9997 -40 -19.9997 -1.07715e-015 0.579293
204700 -19.9997 -40 -19.9997 1.01644e-015 0.579293
204800 -19.9997 -40 -19.9997 -3.03548e-017 0.579293
204900 -19.9997 -40 -19.9997 -1.07715e-015 0.579293
205000 -19.9997 -40 -19.9997 1.01644e-015 0.579293
205100 -19.9997 -40 -19.9997 -3.03548e-017 0.579293
205200 -19.9997 -40 -19.9997 -1.07715e-015 0.579293
205300 -19.9997 -40 -19.9997 1.01644e-015 0.579293
205400 -19.9997 -40 -19.9997 -3.03548e-017 0.579293
205500 -19.9997 -40 -19.9997 -1.07715e-015 0.579293
205600 -19.9997 -40 -19.9997 1.01644e-015 0.579293
205700 -19.9997 -40 -19.9997 -3.03548e-017 0.579293
205800 -19.9997 -40 -19.9997 -1.07715e-015 0.579293
205900 -19.9997 -40 -19.9997 1.01644e-015 0.579293
206000 -19.9997 -40 -19.9997 -3.03548e-017 0.579293
206100 -19.9997 -40 -19.9997 -1.07715e-015 0.579293
206200 -19.9997 -40 -19.9997 1.01644e-015 0.579293
206300 -19.9997 -40 -19.9997 -3.03548e-017 0.579293
206400 -19.9997 -40 -19.9997 -1.07715e-015 0.579293
206500 -19.9997 -40 -19.9997 1.01644e-015 0.579293
206600 -19.9997 -40 -19.9997 -3.03548e-017 0.579293
206700 -19.9997 -40 -19.9997 -1.07715e-015 0.579293
206800 -19.9997 -40 -19.9997 1.01644e-015 0.579293
206900 -19.9997 -40 -19.9997 -3.03548e-017 0.579293
207000 -19.9997 -40 -19.9997 -1.07715e-015 0.579293
207100 -19.9997 -40 -19.9997 1.01644e-015 0.579293
207200 -19.9997 -40 -19.9997 -3.03548e-017 0.579293
207300 -19.9997 -40 -19.9997 -1.07715e-015 0.579293
207400 -19.9997 -40 -19.9997 1.01644e-015 0.579293
207500 -19.9997 -40 -19.9997 -3.03548e-017 0.579293
207600 -19.9997 -40 -19.9997 -1.07715e-015 0.579293
207700 -19.9997 -40 -19.9997 1.01644e-015 0.579293
207800 -19.9997 -40 -19.9997 -3.03548e-017 0.579293
207900 -19.9997 -40 -19.9997 -1.07715e-015 0.579293
208000 -19.9997 -40 -19.9997 1.01644e-015 0.579293
208100 -19.9997 -40 -19.9997 -3.03548e-017 0.579293
208200 -19.9997 -40 -19.9997 -1.07715e-015 0.579293
208300 -19.9997 -40 -19.9997 1.01644e-015 0.579293
208400 -19.9997 -40 -19.9997 -3.03548e-017 0.579293
208500 -19.9997 -40 -19.9997 -1.07715e-015 0.579293
208600 -19.9997 -40 -19.9997 1.01644e-015 0.579293
208700 -19.9997 -40 -19.9997 -3.03548e-017 0.579293
208800 -19.9997 -40 -19.9997 -1.07715e-015 0.579293
208900 -19.9997 -40 -19.9997 1.01644e-015 0.579293
209000 -19.9997 -40 -19.9997 -3.03548e-017 0.579293
209100 -19.9997 -40 -19.9997 -1.07715e-015 0.579293
209200 -19.9997 -40 -19.9997 1.01644e-015 0.579293
209300 -19.9997 -40 -19.9997 -3.03548e-017 0.579293
209400 -19.9997 -40 -19.9997 -1.07715e-015 0.579293
209500 -19.9997 -40 -19.9997 1.01644e-015 0.579293
209600 -19.9997 -40 -19.9997 -3.03548e-017 0.579293
209700 -19.9997 -40 -19.9997 -1.07715e-015 0.579293
209800 -19.9997 -40 -19.9997 1.01644e-015 0.579293
209900 -19.9997 -40 -19.9997 -3.03548e-017 0.579293
210000 -19.9997 -40 -19.9997 -1.07715e-015 0.579293
211000 -19.9997 -40 -19.9997 1.01644e-015 0.579293
212000 -19.9997 -40 -19.9997 -3.03548e-017 0.579293
213000 -19.9997 -40 -19.9997 -1.07715e-015 0.579293
214000 -19.9997 -40 -19.9997 1.01644e-015 0.579293
215000 -19.9997 -40 -19.9997 -3.03548e-017 0.579293
216000 -19.9997 -40 -19.9997 -1.07715e-015 0.579293
217000 -19.9997 -40 -19.9997 1.01644e-015 0.579293
218000 -19.9997 -40 -19.9997 -3.03548e-017 0.579293
219000 -19.9997 -40 -19.9997 -1.07715e-015 0.579293
220000 -19.9997 -40 -19.9997 1.01644e-015 0.579293
221000 -19.9997 -40 -19.9997 -3.03548e-017 0.579293
222000 -19.9997 -40 -19.9997 -1.07715e-015 0.579293
223000 -19.9997 -40 -19.9997 1.01644e-015 0.579293
224000 -19.9997 -40 -19.9997 -3.03548e-017 0.579293
225000 -19.9997 -40 -19.9997 -1.07715e-015 0.579293
226000 -19.9997 -40 -19.9997 1.01644e-015 0.579293
227000 -19.9997 -40 -19.9997 -3.03548e-017 0.579293
228000 -19.9997 -40 -19.9997 -1.07715e-015 0.579293
229000 -19.9997 -40 -19.9997 1.01644e-015 0.579293
230000 -19.9997 -40 -19.9997 -3.03548e-017 0.579293
231000 -19.9997 -40 -19.9997 -1.07715e-015 0.579293
232000 -19.9997 -40 -19.9997 1.01644e-015 0.579293
233000 -19.9997 -40 -19.9997 -3.03548e-017 0.579293
234000 -19.9997 -40 -19.9997 -1.07715e-015 0.579293
235000 -19.9997 -40 -19.9997 1.01644e-015 0.579293
236000 -19.9997 -40 -19.9997 -3.03548e-017 0.579293
237000 -19.9997 -40 -19.9997 -1.07715e-015 0.579293
238000 -19.9997 -40 -19.9997 1.01644e-015 0.579293
239000 -19.9997 -40 -19.9997 -3.03548e-017 0.579293
240000 -19.9997 -40 -19.9997 -1.07715e-015 0.579293
241000 -19.9997 -40 -19.9997 1.01644e-015 0.579293
242000 -19.9997 -40 -19.9997 -3.03548e-017 0.579293
243000 -19.9997 -40 -19.9997 -1.07715e-015 0.579293
244000 -19.9997 -40 -19.9997 1.01644e-015 0.579293
245000 -19.9997 -40 -19.9997 -3.03548e-017 0.579293
246000 -19.9997 -40 -19.9997 -1.07715e-015 0.579293
247000 -19.9997 -40 -19.9997 1.01644e-015 0.579293
248000 -19.9997 -40 -19.9997 -3.03548e-017 0.579293
249000 -19.9997 -40 -19.9997 -1.07715e-015 0.579293
250000 -19.9997 -40 -19.9997 1.01644e-015 0.579293
251000 -19.9997 -40 -19.9997 -3.03548e-017 0.579293
252000 -19.9997 -40 -19.9997 -1.07715e-015 0.579293
253000 -19.9997 -40 -19.9997 1.01644e-015 0.579293
254000 -19.9997 -40 -19.9997 -3.03548e-017 0.579293
255000 -19.9997 -40 -19.9997 -1.07715e-015 0.579293
256000 -19.9997 -40 -19.9997 1.01644e-015 0.579293
257000 -19.9997 -40 -19.9997 -3.03548e-017 0.579293
258000 -19.9997 -40 -19.9997 -1.07715e-015 0.579293
259000 -19.9997 -40 -19.9997 1.01644e-015 0.579293
260000 -19.9997 -40 -19.9997 -3.03548e-017 0.579293
261000 -19.9997 -40 -19.9997 -1.07715e-015 0.579293
262000 -19.9997 -40 -19.9997 1.01644e-015 0.579293
263000 -19.9997 -40 -19.9997 -3.03548e-017 0.579293
264000 -19.9997 -40 -19.9997 -1.07715e-015 0.579293
265000 -19.9997 -40 -19.9997 1.01644e-015 0.579293
266000 -19.9997 -40 -19.9997 -3.03548e-017 0.579293
267000 -19.9997 -40 -19.9997 -5.53752e-016 0.579293
268000 -19.9997 -40 -19.9997 -5.53752e-016 0.579293
269000 -19.9997 -40 -19.9997 1.01644e-015 0.579293
270000 -19.9997 -40 -19.9997 -5.53752e-016 0.579293
271000 -19.9997 -40 -19.9997 1.01644e-015 0.579293
272000 -19.9997 -40 -19.9997 -5.53752e-016 0.579293
273000 -19.9997 -40 -19.9997 -5.53752e-016 0.579293
274000 -19.9997 -40 -19.9997 -5.53752e-016 0.579293
275000 -19.9997 -40 -19.9997 1.01644e-015 0.579293
276000 -19.9997 -40 -19.9997 -1.07715e-015 0.579293
277000 -19.9997 -40 -19.9997 1.53984e-015 0.579293
278000 -19.9997 -40 -19.9997 4.93042e-016 0.579293
279000 -19.9997 -40 -19.9997 1.01644e-015 0.579293
280000 -19.9997 -40 -19.9997 -1.60055e-015 0.579293
281000 -19.9997 -40 -19.9997 4.93042e-016 0.579293
282000 -19.9997 -40 -19.9997 1.53984e-015 0.579293
283000 -19.9997 -40 -19.9997 -1.60055e-015 0.579293
284000 -19.9997 -40 -19.9997 1.01644e-015 0.579293
285000 -19.9997 -40 -19.9997 1.01644e-015 0.579293
286000 -19.9997 -40 -19.9997 -3.03548e-017 0.579293
287000 -19.9997 -40 -19.9997 1.53984e-015 0.579293
288000 -19.9997 -40 -19.9997 1.01644e-015 0.579293
289000 -19.9997 -40 -19.9997 -1.60055e-015 0.579293
290000 -19.9997 -40 -19.9997 1.01644e-015 0.579293
291000 -19.9997 -40 -19.9997 -2.64734e-015 0.579293
292000 -19.9997 -40 -19.9997 1.01644e-015 0.579293
293000 -19.9997 -40 -19.9997 -5.53752e-016 0.579293
294000 -19.9997 -40 -19.9997 1.01644e-015 0.579293
295000 -19.9997 -40 -19.9997 -5.53752e-016 0.579293
296000 -19.9997 -40 -19.9997 3.63343e-015 0.579293
297000 -19.9997 -40 -19.9997 1.01644e-015 0.579293
298000 -19.9997 -40 -19.9997 2.06323e-015 0.579293
299000 -19.9997 -40 -19.9997 2.06323e-015 0.579293
300000 -19.9997 -40 -19.9997 4.93042e-016 0.579293
301000 -19.9997 -40 -19.9997 -5.53752e-016 0.579293
302000 -19.9997 -40 -19.9997 1.53984e-015 0.579293
303000 -19.9997 -40 -19.9997 -2.12394e-015 0.579293
304000 -19.9997 -40 -19.9997 1.53984e-015 0.579293
305000 -19.9997 -40 -19.9997 2.58663e-015 0.579293
306000 -19.9997 -40 -19.9997 1.01644e-015 0.579293
307000 -19.9997 -40 -19.9997 2.58663e-015 0.579293
308000 -19.9997 -40 -19.9997 1.01644e-015 0.579293
309000 -19.9997 -40 -19.9997 -3.03548e-017 0.579293
310000 -19.9997 -40 -19.9997 1.01644e-015 0.579293
311000 -19.9997 -40 -19.9997 4.93042e-016 0.579293
312000 -19.9997 -40 -19.9997 1.53984e-015 0.579293
313000 -19.9997 -40 -19.9997 4.93042e-016 0.579293
314000 -19.9997 -40 -19.9997 4.93042e-016 0.579293
315000 -19.9997 -40 -19.9997 -3.03548e-017 0.579293
316000 -19.9997 -40 -19.9997 -5.53752e-016 0.579293
317000 -19.9997 -40 -19.9997 -3.03548e-017 0.579293
318000 -19.9997 -40 -19.9997 -3.03548e-017 0.579293
319000 -19.9997 -40 -19.9997 1.53984e-015 0.579293
320000 -19.9997 -40 -19.9997 4.93042e-016 0.579293
321000 -19.9997 -40 -19.9997 -3.03548e-017 0.579293
322000 -19.9997 -40 -19.9997 -5.53752e-016 0.579293
323000 -19.9997 -40 -19.9997 1.53984e-015 0.579293
324000 -19.9997 -40 -19.9997 1.01644e-015 0.579293
325000 -19.9997 -40 -19.9997 4.93042e-016 0.579293
326000 -19.9997 -40 -19.9997 -3.03548e-017 0.579293
327000 -19.9997 -40 -19.9997 4.93042e-016 0.579293
328000 -19.9997 -40 -19.9997 1.01644e-015 0.579293
329000 -19.9997 -40 -19.9997 1.01644e-015 0.579293
330000 -19.9997 -40 -19.9997 -5.53752e-016 0.579293
331000 -19.9997 -40 -19.9997 -5.53752e-016 0.579293
332000 -19.9997 -40 -19.9997 1.53984e-015 0.579293
333000 -19.9997 -40 -19.9997 4.93042e-016 0.579293
334000 -19.9997 -40 -19.9997 -1.60055e-015 0.579293
335000 -19.9997 -40 -19.9997 -5.53752e-016 0.579293
336000 -19.9997 -40 -19.9997 -3.03548e-017 0.579293
337000 -19.9997 -40 -19.9997 1.53984e-015 0.579293
338000 -19.9997 -40 -19.9997 -3.03548e-017 0.579293
339000 -19.9997 -40 -19.9997 4.93042e-016 0.579293
340000 -19.9997 -40 -19.9997 -1.07715e-015 0.579293
341000 -19.9997 -40 -19.9997 4.93042e-016 0.579293
342000 -19.9997 -40 -19.9997 -2.64734e-015 0.579293
343000 -19.9997 -40 -19.9997 1.01644e-015 0.579293
344000 -19.9997 -40 -19.9997 1.01644e-015 0.579293
345000 -19.9997 -40 -19.9997 1.01644e-015 0.579293
346000 -19.9997 -40 -19.9997 -3.03548e-017 0.579293
347000 -19.9997 -40 -19.9997 -3.03548e-017 0.579293
348000 -19.9997 -40 -19.9997 -1.60055e-015 0.579293
349000 -19.9997 -40 -19.9997 4.93042e-016 0.579293
350000 -19.9997 -40 -19.9997 -3.03548e-017 0.579293
351000 -19.9997 -40 -19.9997 -3.03548e-017 0.579293
352000 -19.9997 -40 -19.9997 -5.53752e-016 0.579293
353000 -19.9997 -40 -19.9997 -3.03548e-017 0.579293
354000 -19.9997 -40 -19.9997 -5.53752e-016 0.579293
355000 -19.9997 -40 -19.9997 -3.03548e-017 0.579293
356000 -19.9997 -40 -19.9997 -5.53752e-016 0.579293
357000 -19.9997 -40 -19.9997 4.93042e-016 0.579293
358000 -19.9997 -40 -19.9997 -3.03548e-017 0.579293
359000 -19.9997 -40 -19.9997 1.01644e-015 0.579293
360000 -19.9997 -40 -19.9997 -3.03548e-017 0.579293
361000 -19.9997 -40 -19.9997 -5.53752e-016 0.579293
362000 -19.9997 -40 -19.9997 1.01644e-015 0.579293
363000 -19.9997 -40 -19.9997 -1.60055e-015 0.579293
364000 -19.9997 -40 -19.9997 1.53984e-015 0.579293
365000 -19.9997 -40 -19.9997 -1.07715e-015 0.579293
366000 -19.9997 -40 -19.9997 2.06323e-015 0.579293
367000 -19.9997 -40 -19.9997 -1.07715e-015 0.579293
368000 -19.9997 -40 -19.9997 1.01644e-015 0.579293
369000 -19.9997 -40 -19.9997 -1.60055e-015 0.579293
370000 -19.9997 -40 -19.9997 1.53984e-015 0.579293
371000 -19.9997 -40 -19.9997 -2.12394e-015 0.579293
372000 -19.9997 -40 -19.9997 -3.03548e-017 0.579293
373000 -19.9997 -40 -19.9997 -5.53752e-016 0.579293
374000 -19.9997 -40 -19.9997 1.01644e-015 0.579293
375000 -19.9997 -40 -19.9997 -1.07715e-015 0.579293
376000 -19.9997 -40 -19.9997 -3.03548e-017 0.579293
377000 -19.9997 -40 -19.9997 -1.07715e-015 0.579293
378000 -19.9997 -40 -19.9997 4.93042e-016 0.579293
379000 -19.9997 -40 -19.9997 -5.53752e-016 0.579293
380000 -19.9997 -40 -19.9997 -3.03548e-017 0.579293
381000 -19.9997 -40 -19.9997 -5.53752e-016 0.579293
382000 -19.9997 -40 -19.9997 -5.53752e-016 0.579293
383000 -19.9997 -40 -19.9997 4.93042e-016 0.579293
384000 -19.9997 -40 -19.9997 -5.53752e-016 0.579293
385000 -19.9997 -40 -19.9997 4.93042e-016 0.579293
386000 -19.9997 -40 -19.9997 -1.60055e-015 0.579293
387000 -19.9997 -40 -19.9997 -3.03548e-017 0.579293
388000 -19.9997 -40 -19.9997 -5.53752e-016 0.579293
389000 -19.9997 -40 -19.9997 4.93042e-016 0.579293
390000 -19.9997 -40 -19.9997 -1.60055e-015 0.579293
391000 -19.9997 -40 -19.9997 -3.03548e-017 0.579293
392000 -19.9997 -40 -19.9997 -5.53752e-016 0.579293
393000 -19.9997 -40 -19.9997 -3.03548e-017 0.579293
394000 -19.9997 -40 -19.9997 -5.53752e-016 0.579293
395000 -19.9997 -40 -19.9997 -5.53752e-016 0.579293
396000 -19.9997 -40 -19.9997 4.93042e-016 0.579293
397000 -19.9997 -40 -19.9997 -1.60055e-015 0.579293
398000 -19.9997 -40 -19.9997 -3.03548e-017 0.579293
399000 -19.9997 -40 -19.9997 -5.53752e-016 0.579293
400000 -19.9997 -40 -19.9997 -3.03548e-017 0.579293
401000 -19.9997 -40 -19.9997 -5.53752e-016 0.579293
402000 -19.9997 -40 -19.9997 -5.53752e-016 0.579293
403000 -19.9997 -40 -19.9997 -3.03548e-017 0.579293
404000 -19.9997 -40 -19.9997 -5.53752e-016 0.579293
405000 -19.9997 -40 -19.9997 -5.53752e-016 0.579293
406000 -19.9997 -40 -19.9997 4.93042e-016 0.579293
407000 -19.9997 -40 -19.9997 -1.60055e-015 0.579293
408000 -19.9997 -40 -19.9997 -3.03548e-017 0.579293
409000 -19.9997 -40 -19.9997 -5.53752e-016 0.579293
410000 -19.9997 -40 -19.9997 -3.03548e-017 0.579293
0.01 -20.0051 -39.9764 -20.0051 0.533871 0.579167
0.02 -20.0197 -39.9229 -20.0197 1.10063 0.579387
0.03 -20.039 -39.8544 -20.039 1.59996 0.580007
0.04 -20.0681 -39.7549 -20.0681 2.13093 0.580929
0.05 -20.0991 -39.6541 -20.0991 2.56389 0.581881
0.06 -20.1394 -39.5268 -20.1394 3.02595 0.583104
0.07 -20.1744 -39.4198 -20.1744 3.36812 0.584148
0.08 -20.2163 -39.2948 -20.2163 3.72953 0.585387
0.09 -20.2461 -39.2081 -20.2461 3.9621 0.586258
0.1 -20.2786 -39.115 -20.2786 4.1977 0.587203
0.11 -20.2946 -39.0697 -20.2946 4.30823 0.587668
0.12 -20.3086 -39.0306 -20.3086 4.4014 0.588071
0.13 -20.3086 -39.0306 -20.3086 4.38431 0.587747
0.14 -20.3086 -39.0306 -20.3086 4.32818 0.58669
0.15 -20.3087 -39.0294 -20.3087 4.18445 0.584008
0.16 -20.3085 -39.0239 -20.3085 3.98432 0.580342
0.17 -20.3095 -39.0124 -20.3095 3.72184 0.575624
0.18 -20.3117 -38.9908 -20.3117 3.38916 0.56984
0.19 -20.3156 -38.9582 -20.3156 3.02428 0.563752
0.2 -20.3223 -38.906 -20.3223 2.5831 0.556749
0.21 -20.3318 -38.8395 -20.3318 2.13643 0.550061
0.22 -20.3469 -38.7454 -20.3469 1.61555 0.542805
0.23 -20.3655 -38.6357 -20.3655 1.11358 0.536341
0.24 -20.3922 -38.4919 -20.3922 0.548238 0.529724
0.25 -20.4227 -38.3362 -20.4227 0.0191693 0.524178
0.26 -20.4628 -38.1452 -20.4628 -0.552068 0.518894
0.27 -20.5063 -37.9501 -20.5063 -1.07633 0.514755
0.28 -20.5585 -37.7281 -20.5585 -1.61751 0.511215
0.29 -20.6127 -37.5099 -20.6127 -2.1057 0.508674
0.3 -20.6723 -37.2809 -20.6723 -2.58084 0.506826
0.31 -20.7314 -37.0645 -20.7314 -3.003 0.505735
0.32 -20.7896 -36.859 -20.7896 -3.38195 0.505198
0.33 -20.8432 -36.6708 -20.8432 -3.71118 0.505106
0.34 -20.8885 -36.5167 -20.8885 -3.97118 0.505269
0.35 -20.928 -36.3862 -20.928 -4.18562 0.505568
0.36 -20.9522 -36.3083 -20.9522 -4.31177 0.505818
0.37 -20.9688 -36.2559 -20.9688 -4.39602 0.506019
0.38 -20.9688 -36.2558 -20.9688 -4.38384 0.50574
0.39 -20.9688 -36.2559 -20.9688 -4.32873 0.504488
0.4 -20.9688 -36.2558 -20.9688 -4.17685 0.501105
0.41 -20.9684 -36.2531 -20.9684 -3.98892 0.497011
0.42 -20.9674 -36.2451 -20.9674 -3.70965 0.491153
0.43 -20.967 -36.2307 -20.967 -3.39787 0.484883
0.44 -20.9665 -36.2056 -20.9665 -3.00964 0.47754
0.45 -20.9675 -36.1679 -20.9675 -2.593 0.470164
0.46 -20.9698 -36.1147 -20.9698 -2.12071 0.462557
0.47 -20.9741 -36.0448 -20.9741 -1.62512 0.455418
0.48 -20.9807 -35.9567 -20.9807 -1.09854 0.448868
0.49 -20.9902 -35.851 -20.9902 -0.55522 0.443273
0.5 -21.0033 -35.729 -21.0033 -0.00712502 0.438866
0.51 -21.0204 -35.5889 -21.0204 0.54933 0.435697
0.52 -21.0408 -35.4395 -21.0408 1.08525 0.433951
0.53 -21.0656 -35.2776 -21.0656 1.61901 0.433534
0.54 -21.0928 -35.1159 -21.0928 2.11014 0.434299
0.55 -21.1231 -34.9488 -21.1231 2.58658 0.436151
0.56 -21.1523 -34.794 -21.1523 3.00322 0.438688
0.57 -21.1827 -34.6433 -21.1827 3.39138 0.441801
0.58 -21.2103 -34.5148 -21.2103 3.70854 0.444857
0.59 -21.2361 -34.4001 -21.2361 3.98292 0.447876
0.6 -21.255 -34.316 -21.255 4.18152 0.450332
0.61 -21.2698 -34.2534 -21.2698 4.32425 0.452162
0.62 -21.2771 -34.2235 -21.2771 4.39222 0.45307
0.63 -21.2773 -34.2227 -21.2773 4.39408 0.453095
0.64 -21.2773 -34.2226 -21.2773 4.34059 0.451685
0.65 -21.2773 -34.2227 -21.2773 4.18854 0.447747
0.66 -21.277 -34.2211 -21.277 3.98631 0.442656
0.67 -21.2753 -34.2162 -21.2753 3.71994 0.436234
0.68 -21.2729 -34.2051 -21.2729 3.39705 0.42883
0.69 -21.2699 -34.1858 -21.2699 3.01772 0.420686
0.7 -21.2663 -34.1565 -21.2663 2.59433 0.412353
0.71 -21.2622 -34.1157 -21.2622 2.12662 0.404151
0.72 -21.2577 -34.0623 -21.2577 1.62888 0.396635
0.73 -21.2536 -33.9943 -21.2536 1.10224 0.390103
0.74 -21.25 -33.9132 -21.25 0.561195 0.385017
0.75 -21.2477 -33.8189 -21.2477 0.00894016 0.38159
0.76 -21.247 -33.7129 -21.247 -0.541599 0.379997
0.77 -21.2484 -33.5987 -21.2484 -1.08473 0.380283
0.78 -21.2521 -33.4768 -21.2521 -1.61024 0.382267
0.79 -21.2581 -33.3537 -21.2581 -2.1102 0.385781
0.8 -21.2662 -33.2301 -21.2662 -2.57763 0.390425
0.81 -21.276 -33.112 -21.276 -3.00308 0.395789
0.82 -21.2858 -33.0029 -21.2858 -3.38307 0.401529
0.83 -21.2961 -32.9064 -21.2961 -3.70741 0.40706
0.84 -21.3058 -32.8241 -21.3058 -3.976 0.412072
0.85 -21.3133 -32.7616 -21.3133 -4.17892 0.416154
0.86 -21.3191 -32.7169 -21.3191 -4.31891 0.419068
0.87 -21.3224 -32.6946 -21.3224 -4.3878 0.420525
0.88 -21.3225 -32.6937 -21.3225 -4.3905 0.420582
0.89 -21.3225 -32.6937 -21.3225 -4.34055 0.419109
0.9 -21.3225 -32.6937 -21.3225 -4.1868 0.41465
0.91 -21.3221 -32.6927 -21.3221 -3.97862 0.408788
0.92 -21.32 -32.6884 -21.32 -3.7195 0.401796
0.93 -21.3163 -32.6795 -21.3163 -3.38839 0.393344
0.94 -21.3111 -32.6649 -21.3111 -3.0183 0.384562
0.95 -21.3043 -32.6414 -21.3043 -2.58564 0.375209
0.96 -21.2957 -32.6085 -21.2957 -2.12696 0.36646
0.97 -21.2853 -32.5649 -21.2853 -1.62062 0.358329
0.98 -21.2736 -32.5113 -21.2736 -1.10183 0.351749
0.99 -21.2608 -32.4455 -21.2608 -0.554014 0.346838
1 -21.2478 -32.3709 -21.2478 -0.00723551 0.344123
1.01 -21.2349 -32.2865 -21.2349 0.547292 0.343669
1.02 -21.223 -32.1958 -21.223 1.08791 0.345475
1.03 -21.2125 -32.1005 -21.2125 1.61447 0.349364
1.04 -21.2038 -32.0035 -21.2038 2.11484 0.35496
1.05 -21.1972 -31.9077 -21.1972 2.5805 0.361762
1.06 -21.1926 -31.8156 -21.1926 3.009 0.369336
1.07 -21.19 -31.7317 -21.19 3.3851 0.376962
1.08 -21.1882 -31.6563 -21.1882 3.7142 0.384382
1.09 -21.1878 -31.5945 -21.1878 3.97763 0.390768
1.1 -21.1882 -31.5452 -21.1882 4.186 0.396101
1.11 -21.1885 -31.5121 -21.1885 4.32081 0.39967
1.12 -21.1889 -31.4939 -21.1889 4.39483 0.401666
1.13 -21.1889 -31.494 -21.1889 4.39374 0.401632
1.14 -21.1889 -31.4939 -21.1889 4.33037 0.399597
1.15 -21.1889 -31.494 -21.1889 4.18883 0.395123
1.16 -21.1885 -31.4931 -21.1885 3.98602 0.388884
1.17 -21.1861 -31.4893 -21.1861 3.72155 0.381084
1.18 -21.1817 -31.4815 -21.1817 3.39561 0.371988
1.19 -21.1756 -31.4685 -21.1756 3.02056 0.362248
1.2 -21.1667 -31.4486 -21.1667 2.59226 0.352175
1.21 -21.155 -31.4206 -21.155 2.13015 0.342649
1.22 -21.1404 -31.3835 -21.1404 1.62659 0.333995
1.23 -21.1237 -31.3383 -21.1237 1.10565 0.327083
1.24 -21.1045 -31.2828 -21.1045 0.559209 0.322196
1.25 -21.0848 -31.2199 -21.0848 0.0118815 0.319829
1.26 -21.0639 -31.1487 -21.0639 -0.542842 0.320107
1.27 -21.0431 -31.0739 -21.0431 -1.0826 0.323024
1.28 -21.0227 -30.9946 -21.0227 -1.61052 0.328311
1.29 -21.0043 -30.9155 -21.0043 -2.10908 0.335445
1.3 -20.9875 -30.8365 -20.9875 -2.57682 0.343913
1.31 -20.9734 -30.7619 -20.9734 -3.00307 0.353049
1.32 -20.9617 -30.6934 -20.9617 -3.38143 0.362213
1.33 -20.9521 -30.6331 -20.9521 -3.7083 0.370901
1.34 -20.9449 -30.583 -20.9449 -3.9738 0.378431
1.35 -20.94 -30.5437 -20.94 -4.18045 0.384572
1.36 -20.9367 -30.517 -20.9367 -4.31668 0.38875
1.37 -20.9352 -30.5026 -20.9352 -4.38976 0.391023
1.38 -20.9352 -30.5026 -20.9352 -4.38905 0.390998
1.39 -20.9352 -30.5026 -20.9352 -4.32606 0.388836
1.4 -20.9352 -30.5026 -20.9352 -4.18394 0.38403
1.41 -20.9347 -30.5019 -20.9347 -3.98173 0.377371
1.42 -20.9321 -30.4982 -20.9321 -3.71634 0.368981
1.43 -20.9274 -30.4912 -20.9274 -3.39163 0.359263
1.44 -20.9202 -30.4792 -20.9202 -3.01514 0.34878
1.45 -20.9101 -30.4612 -20.9101 -2.58856 0.338028
1.46 -20.8963 -30.4357 -20.8963 -2.12447 0.327803
1.47 -20.8792 -30.4028 -20.8792 -1.62289 0.318646
1.48 -20.859 -30.362 -20.859 -1.10021 0.311372
1.49 -20.8362 -30.3126 -20.8362 -0.555405 0.306407
1.5 -20.8114 -30.2565 -20.8114 -0.00670289 0.304273
1.51 -20.7853 -30.194 -20.7853 0.546905 0.305119
1.52 -20.7589 -30.1274 -20.7589 1.08739 0.308845
1.53 -20.7326 -30.0584 -20.7326 1.61492 0.315207
1.54 -20.7076 -29.9889 -20.7076 2.11344 0.323538
1.55 -20.6848 -29.9206 -20.6848 2.58163 0.333286
1.56 -20.6647 -29.8564 -20.6647 3.0071 0.343642
1.57 -20.6475 -29.7974 -20.6475 3.38655 0.353985
1.58 -20.6329 -29.7457 -20.6329 3.71214 0.363648
1.59 -20.6216 -29.7024 -20.6216 3.97908 0.372056
1.6 -20.6134 -29.669 -20.6134 4.18429 0.378802
1.61 -20.6079 -29.6463 -20.6079 4.32201 0.383466
1.62 -20.6053 -29.6345 -20.6053 4.3938 0.385933
1.63 -20.6053 -29.6345 -20.6053 4.39396 0.385939
1.64 -20.6052 -29.6344 -20.6052 4.34365 0.38411
1.65 -20.6053 -29.6345 -20.6053 4.18998 0.3786
1.66 -20.6047 -29.6336 -20.6047 3.98508 0.371448
1.67 -20.602 -29.6303 -20.602 3.72261 0.362644
1.68 -20.5968 -29.6234 -20.5968 3.39486 0.352222
1.69 -20.5891 -29.6123 -20.5891 3.02146 0.34117
1.7 -20.5777 -29.5951 -20.5777 2.59177 0.329648
1.71 -20.5626 -29.5716 -20.5626 2.13059 0.318844
1.72 -20.5434 -29.5408 -20.5434 1.62652 0.309076
1.73 -20.521 -29.5027 -20.521 1.10583 0.301414
1.74 -20.4951 -29.4571 -20.4951 0.559249 0.296259
1.75 -20.4668 -29.4054 -20.4668 0.0124647 0.294223
1.76 -20.4367 -29.3482 -20.4367 -0.542647 0.295446
1.77 -20.4061 -29.2872 -20.4061 -1.08225 0.299787
1.78 -20.3757 -29.224 -20.3757 -1.61027 0.306955
1.79 -20.3463 -29.1609 -20.3463 -2.10866 0.31623
1.8 -20.3191 -29.0995 -20.3191 -2.57673 0.326985
1.81 -20.2947 -29.0414 -20.2947 -3.00251 0.338335
1.82 -20.2736 -28.9884 -20.2736 -3.38146 0.349586
1.83 -20.2556 -28.9422 -20.2556 -3.7077 0.360084
1.84 -20.2416 -28.9041 -20.2416 -3.97402 0.369152
1.85 -20.2311 -28.8739 -20.2311 -4.17979 0.376439
1.86 -20.2241 -28.8538 -20.2241 -4.31721 0.381445
1.87 -20.2207 -28.8427 -20.2207 -4.3891 0.384088
1.88 -20.2206 -28.8426 -20.2206 -4.38963 0.384108
1.89 -20.2206 -28.8427 -20.2206 -4.34128 0.382263
1.9 -20.2206 -28.8427 -20.2206 -4.18601 0.376418
1.91 -20.22 -28.8418 -20.22 -3.97984 0.368858
1.92 -20.2172 -28.8385 -20.2172 -3.71889 0.359651
1.93 -20.2118 -28.8317 -20.2118 -3.38945 0.348622
1.94 -20.2038 -28.8207 -20.2038 -3.01788 0.337029
1.95 -20.1915 -28.8035 -20.1915 -2.58647 0.32482
1.96 -20.1757 -28.7804 -20.1757 -2.12701 0.313447
1.97 -20.1555 -28.7502 -20.1555 -1.6212 0.303091
1.98 -20.1316 -28.7127 -20.1316 -1.10239 0.295044
1.99 -20.104 -28.668 -20.104 -0.554433 0.289646
2 -20.074 -28.6177 -20.074 -0.00840028 0.287617
2.01 -20.0416 -28.5615 -20.0416 0.547472 0.28909
2.02 -20.0091 -28.5028 -20.0091 1.08651 0.293903
2.03 -19.9763 -28.4409 -19.9763 1.61457 0.301724
2.04 -19.945 -28.3803 -19.945 2.11339 0.311781
2.05 -19.9156 -28.3205 -19.9156 2.58056 0.323333
2.06 -19.8892 -28.2645 -19.8892 3.00769 0.335539
2.07 -19.8665 -28.2139 -19.8665 3.38505 0.347505
2.08 -19.847 -28.1693 -19.847 3.71309 0.358743
2.09 -19.8318 -28.1328 -19.8318 3.9776 0.368309
2.1 -19.8203 -28.1041 -19.8203 4.18527 0.376113
2.11 -19.8128 -28.0851 -19.8128 4.3209 0.381344
2.12 -19.809 -28.0748 -19.809 4.39453 0.384219
2.13 -19.809 -28.0748 -19.809 4.39424 0.384207
2.14 -19.809 -28.0748 -19.809 4.33156 0.381702
2.15 -19.809 -28.0748 -19.809 4.18923 0.376089
2.16 -19.8083 -28.0739 -19.8083 3.98616 0.368274
2.17 -19.8054 -28.0706 -19.8054 3.7219 0.358478
2.18 -19.7998 -28.0639 -19.7998 3.39594 0.346997
2.19 -19.7911 -28.0527 -19.7911 3.0209 0.334671
2.2 -19.7783 -28.0358 -19.7783 2.59278 0.321886
2.21 -19.7615 -28.0131 -19.7615 2.13025 0.309788
2.22 -19.7402 -27.9831 -19.7402 1.62726 0.298884
2.23 -19.7149 -27.9465 -19.7149 1.10594 0.290339
2.24 -19.6854 -27.9026 -19.6854 0.560018 0.28468
2.25 -19.6536 -27.8537 -19.6536 0.0122179 0.282602
2.26 -19.619 -27.7988 -19.619 -0.541932 0.284273
2.27 -19.584 -27.7413 -19.584 -1.08226 0.28953
2.28 -19.5491 -27.6819 -19.5491 -1.60958 0.297968
2.29 -19.5155 -27.6225 -19.5155 -2.10857 0.308746
2.3 -19.4841 -27.5652 -19.4841 -2.57601 0.321107
2.31 -19.4557 -27.5114 -19.4557 -3.00242 0.334089
2.32 -19.431 -27.4625 -19.431 -3.38096 0.346839
2.33 -19.41 -27.42 -19.41 -3.70766 0.358696
2.34 -19.3935 -27.3852 -19.3935 -3.97363 0.368869
2.35 -19.381 -27.3578 -19.381 -4.17987 0.377051
2.36 -19.3728 -27.3396 -19.3728 -4.31697 0.38263
2.37 -19.3686 -27.3296 -19.3686 -4.38934 0.385604
2.38 -19.3687 -27.3296 -19.3687 -4.38943 0.385607
2.39 -19.3686 -27.3296 -19.3686 -4.34345 0.383686
2.4 -19.3687 -27.3296 -19.3687 -4.18602 0.377189
2.41 -19.3678 -27.3285 -19.3678 -3.97983 0.368893
2.42 -19.3649 -27.3252 -19.3649 -3.71902 0.358772
2.43 -19.359 -27.3183 -19.359 -3.38943 0.346605
2.44 -19.3501 -27.307 -19.3501 -3.01811 0.333798
2.45 -19.3367 -27.2897 -19.3367 -2.58641 0.320248
2.46 -19.3195 -27.2671 -19.3195 -2.1273 0.307607
2.47 -19.2971 -27.2363 -19.2971 -1.62133 0.296046
2.48 -19.2712 -27.1999 -19.2712 -1.10257 0.287085
2.49 -19.2402 -27.1553 -19.2402 -0.554766 0.281117
2.5 -19.2071 -27.1059 -19.2071 -0.00825989 0.278985
2.51 -19.1715 -27.0511 -19.1715 0.546764 0.280848
2.52 -19.135 -26.9932 -19.135 1.0865 0.286512
2.53 -19.0987 -26.9334 -19.0987 1.61388 0.295548
2.54 -19.0642 -26.8743 -19.0642 2.11329 0.307052
2.55 -19.0315 -26.8168 -19.0315 2.57992 0.320159
2.56 -19.0021 -26.763 -19.0021 3.00747 0.333946
2.57 -18.9768 -26.7148 -18.9768 3.38457 0.347364
2.58 -18.9554 -26.6723 -18.9554 3.7128 0.359906
2.59 -18.9383 -26.6377 -18.9383 3.97735 0.370554
2.6 -18.9254 -26.6105 -18.9254 4.18494 0.37921
2.61 -18.9168 -26.5907 -18.9168 4.32072 0.38498
2.62 -18.9134 -26.5768 -18.9134 4.39419 0.388044
2.63 -18.9134 -26.5767 -18.9134 4.39444 0.388054
2.64 -18.9134 -26.5767 -18.9134 4.35489 0.386323
2.65 -18.9134 -26.5767 -18.9134 4.19139 0.379256
2.66 -18.9124 -26.5755 -18.9124 3.98355 0.370491
2.67 -18.9094 -26.5719 -18.9094 3.72492 0.359955
2.68 -18.9037 -26.5641 -18.9037 3.39271 0.347045
2.69 -18.8949 -26.5518 -18.8949 3.02435 0.333633
2.7 -18.8817 -26.5328 -18.8817 2.5895 0.319166
2.71 -18.865 -26.508 -18.865 2.13364 0.30579
2.72 -18.843 -26.4736 -18.843 1.62443 0.293295
2.73 -18.8179 -26.4329 -18.8179 1.10877 0.283622
2.74 -18.7883 -26.3835 -18.7883 0.558018 0.276973
2.75 -18.7565 -26.3282 -18.7565 0.0142851 0.274417
2.76 -18.7222 -26.2664 -18.7222 -0.5432 0.276092
2.77 -18.6881 -26.2021 -18.6881 -1.08114 0.2818
2.78 -18.6541 -26.1348 -18.6541 -1.60945 0.291131
2.79 -18.6218 -26.0679 -18.6218 -2.10848 0.303066
2.8 -18.5919 -26.0036 -18.5919 -2.57507 0.316722
2.81 -18.5649 -25.9425 -18.5649 -3.00303 0.331109
2.82 -18.5421 -25.8879 -18.5421 -3.37943 0.345073
2.83 -18.5229 -25.8394 -18.5229 -3.70863 0.358184
2.84 -18.508 -25.8005 -18.508 -3.97214 0.369236
2.85 -18.4967 -25.7697 -18.4967 -4.18089 0.378306
2.86 -18.4894 -25.7495 -18.4894 -4.31585 0.384313
2.87 -18.4856 -25.7384 -18.4856 -4.39016 0.387662
2.88 -18.4856 -25.7385 -18.4856 -4.39011 0.38766
2.89 -18.4856 -25.7384 -18.4856 -4.32793 0.384795
2.9 -18.4856 -25.7385 -18.4856 -4.1852 0.378293
2.91 -18.4845 -25.7372 -18.4845 -3.98142 0.369218
2.92 -18.4813 -25.7335 -18.4813 -3.71815 0.357878
2.93 -18.4752 -25.726 -18.4752 -3.391 0.344417
2.94 -18.4657 -25.7139 -18.4657 -3.01743 0.329993
2.95 -18.4517 -25.6957 -18.4517 -2.58787 0.314811
2.96 -18.4336 -25.6711 -18.4336 -2.1277 0.300437
2.97 -18.4101 -25.6385 -18.4101 -1.62254 0.28725
2.98 -18.3824 -25.599 -18.3824 -1.10246 0.276906
2.99 -18.3502 -25.5517 -18.3502 -0.555557 0.269987
3 -18.3156 -25.4992 -18.3156 -0.00864521 0.267464
3.01 -18.2781 -25.4405 -18.2781 0.546056 0.269562
3.02 -18.2403 -25.379 -18.2403 1.08594 0.276055
3.03 -18.2028 -25.3156 -18.2028 1.61336 0.286404
3.04 -18.1672 -25.253 -18.1672 2.11251 0.299518
3.05 -18.134 -25.1921 -18.134 2.57959 0.314386
3.06 -18.1041 -25.1357 -18.1041 3.00676 0.329934
3.07 -18.0784 -25.0847 -18.0784 3.38426 0.345019
3.08 -18.0568 -25.0402 -18.0568 3.71226 0.359036
3.09 -18.0398 -25.0042 -18.0398 3.97715 0.37092
3.1 -18.0269 -24.9757 -18.0269 4.18453 0.380534
3.11 -18.018 -24.9552 -18.018 4.32055 0.38697
3.12 -18.0139 -24.9432 -18.0139 4.39434 0.390465
3.13 -18.0139 -24.9432 -18.0139 4.3941 0.390453
3.14 -18.0139 -24.9432 -18.0139 4.33354 0.38752
3.15 -18.0139 -24.9432 -18.0139 4.18933 0.380612
3.16 -18.0128 -24.9419 -18.0128 3.98582 0.371073
3.17 -18.0094 -24.9379 -18.0094 3.72211 0.3591
3.18 -18.0031 -24.9302 -18.0031 3.39567 0.344913
3.19 -17.9933 -24.9175 -17.9933 3.02117 0.329601
3.2 -17.9791 -24.8989 -17.9791 2.59272 0.313514
3.21 -17.9602 -24.8728 -17.9602 2.13062 0.298121
3.22 -17.9363 -24.8391 -17.9363 1.6274 0.284048
3.23 -17.9078 -24.7978 -17.9078 1.10642 0.27288
3.24 -17.8749 -24.7485 -17.8749 0.56044 0.265381
3.25 -17.8393 -24.6934 -17.8393 0.0127771 0.262574
3.26 -17.8013 -24.6326 -17.8013 -0.541298 0.264748
3.27 -17.7629 -24.5689 -17.7629 -1.08158 0.27166
3.28 -17.7248 -24.5029 -17.7248 -1.60872 0.282692
3.29 -17.6886 -24.4375 -17.6886 -2.10791 0.296665
3.3 -17.6554 -24.3747 -17.6554 -2.57517 0.312486
3.31 -17.6252 -24.3159 -17.6252 -3.00178 0.328957
3.32 -17.5996 -24.2634 -17.5996 -3.38012 0.344965
3.33 -17.5782 -24.2176 -17.5782 -3.7071 0.359729
3.34 -17.5612 -24.1801 -17.5612 -3.97307 0.372317
3.35 -17.5485 -24.1509 -17.5485 -4.17952 0.382403
3.36 -17.5403 -24.1318 -17.5403 -4.31692 0.389267
3.37 -17.5361 -24.1214 -17.5361 -4.38916 0.392914
3.38 -17.5361 -24.1214 -17.5361 -4.38979 0.392945
3.39 -17.536 -24.1214 -17.536 -4.34984 0.390906
3.4 -17.5361 -24.1214 -17.5361 -4.18732 0.382695
3.41 -17.5347 -24.1199 -17.5347 -3.97873 0.372388
3.42 -17.5313 -24.116 -17.5313 -3.72072 0.360022
3.43 -17.5245 -24.108 -17.5245 -3.38831 0.344751
3.44 -17.5143 -24.0958 -17.5143 -3.01997 0.3288
3.45 -17.4989 -24.0769 -17.4989 -2.58549 0.311486
3.46 -17.479 -24.0515 -17.479 -2.12919 0.295324
3.47 -17.453 -24.0176 -17.453 -1.62076 0.280181
3.48 -17.4231 -23.9777 -17.4231 -1.10429 0.268401
3.49 -17.3876 -23.9291 -17.3876 -0.554665 0.260422
3.5 -17.3495 -23.8754 -17.3495 -0.00984787 0.257609
3.51 -17.3084 -23.8157 -17.3084 0.546063 0.260197
3.52 -17.2672 -23.7536 -17.2672 1.0854 0.267889
3.53 -17.2261 -23.6897 -17.2261 1.61256 0.280003
3.54 -17.1872 -23.6268 -17.1872 2.11254 0.29524
3.55 -17.1512 -23.5664 -17.1512 2.57827 0.312286
3.56 -17.1189 -23.5099 -17.1189 3.00694 0.330069
3.57 -17.0911 -23.4599 -17.0911 3.38294 0.347101
3.58 -17.0678 -23.4161 -17.0678 3.71242 0.362978
3.59 -17.0495 -23.381 -17.0495 3.97613 0.376263
3.6 -17.0355 -23.353 -17.0355 4.18455 0.38708
3.61 -17.0265 -23.3337 -17.0265 4.32042 0.394258
3.62 -17.0224 -23.3222 -17.0224 4.3939 0.398139
3.63 -17.0224 -23.3221 -17.0224 4.39448 0.398169
3.64 -17.0224 -23.3221 -17.0224 4.35941 0.396286
3.65 -17.0224 -23.3221 -17.0224 4.19263 0.38742
3.66 -17.021 -23.3205 -17.021 3.98219 0.37647
3.67 -17.0174 -23.3164 -17.0174 3.72663 0.363554
3.68 -17.0104 -23.3079 -17.0104 3.39131 0.347274
3.69 -17.0001 -23.295 -17.0001 3.02624 0.33052
3.7 -16.9842 -23.2744 -16.9842 2.58834 0.311954
3.71 -16.9642 -23.2478 -16.9642 2.13545 0.294808
3.72 -16.9374 -23.2114 -16.9374 1.6238 0.278428
3.73 -16.907 -23.1687 -16.907 1.11028 0.265737
3.74 -16.8709 -23.1166 -16.8709 0.558147 0.256953
3.75 -16.8326 -23.0595 -16.8326 0.0153132 0.253759
3.76 -16.7914 -22.9956 -16.7914 -0.542669 0.256369
3.77 -16.7501 -22.9295 -16.7501 -1.08062 0.26448
3.78 -16.7092 -22.8614 -16.7092 -1.60773 0.277354
3.79 -16.6704 -22.7939 -16.6704 -2.10834 0.293576
3.8 -16.6349 -22.7295 -16.6349 -2.57292 0.311631
3.81 -16.6032 -22.6692 -16.6032 -3.00321 0.33055
3.82 -16.5762 -22.6161 -16.5762 -3.37732 0.348477
3.83 -16.5534 -22.5691 -16.5534 -3.70885 0.365348
3.84 -16.536 -22.5321 -16.536 -3.97066 0.379257
3.85 -16.5227 -22.5024 -16.5227 -4.18095 0.390755
3.86 -16.5144 -22.4837 -16.5144 -4.31555 0.398265
3.87 -16.5099 -22.4732 -16.5099 -4.38984 0.402449
3.88 -16.5099 -22.4731 -16.5099 -4.39031 0.402476
3.89 -16.5099 -22.4731 -16.5099 -4.35422 0.40043
3.9 -16.5099 -22.4731 -16.5099 -4.18886 0.391143
3.91 -16.5083 -22.4713 -16.5083 -3.97733 0.379505
3.92 -16.5046 -22.4671 -16.5046 -3.72319 0.365902
3.93 -16.4972 -22.4582 -16.4972 -3.38626 0.348544
3.94 -16.4866 -22.4451 -16.4866 -3.02298 0.330802
3.95 -16.4698 -22.4234 -16.4698 -2.58334 0.310904
3.96 -16.4491 -22.3961 -16.4491 -2.13215 0.292596
3.97 -16.4213 -22.3586 -16.4213 -1.61899 0.274908
3.98 -16.3896 -22.3146 -16.3896 -1.10684 0.261228
3.99 -16.352 -22.2606 -16.352 -0.553703 0.251678
4 -16.3125 -22.2017 -16.3125 -0.0115862 0.248236
4.01 -16.2697 -22.136 -16.2697 0.545923 0.251144
4.02 -16.2271 -22.068 -16.2271 1.08457 0.260047
4.03 -16.1847 -21.9981 -16.1847 1.61136 0.274091
4.04 -16.1445 -21.9291 -16.1445 2.11251 0.291716
4.05 -16.1082 -21.8637 -16.1082 2.57635 0.311174
4.06 -16.0756 -21.8023 -16.0756 3.0075 0.331541
4.07 -16.0482 -21.7485 -16.0482 3.38071 0.350682
4.08 -16.0249 -21.7009 -16.0249 3.71321 0.368738
4.09 -16.0074 -21.6636 -16.0074 3.97427 0.383501
4.1 -15.9939 -21.6336 -15.9939 4.18525 0.395761
4.11 -15.9856 -21.6147 -15.9856 4.31958 0.403709
4.12 -15.9812 -21.6038 -15.9812 4.39406 0.408148
4.13 -15.9812 -21.6037 -15.9812 4.39448 0.408173
4.14 -15.9812 -21.6037 -15.9812 4.36066 0.406143
4.15 -15.9812 -21.6037 -15.9812 4.21747 0.397613
4.16 -15.9795 -21.6018 -15.9795 3.98258 0.383889
4.17 -15.9755 -21.5974 -15.9755 3.72672 0.369339
4.18 -15.9679 -21.5884 -15.9679 3.39177 0.350965
4.19 -15.9565 -21.5747 -15.9565 3.0263 0.331909
4.2 -15.9389 -21.5528 -15.9389 2.58903 0.310698
4.21 -15.9166 -21.5244 -15.9166 2.13538 0.290879
4.22 -15.8873 -21.4862 -15.8873 1.6248 0.271829
4.23 -15.8537 -21.4412 -15.8537 1.11002 0.256865
4.24 -15.8141 -21.3864 -15.8141 0.559567 0.246479
4.25 -15.772 -21.3264 -15.772 0.0148392 0.242707
4.26 -15.727 -21.2599 -15.727 -0.54012 0.245924
4.27 -15.6818 -21.1909 -15.6818 -1.08112 0.255771
4.28 -15.6375 -21.1207 -15.6375 -1.60579 0.27107
4.29 -15.5951 -21.0511 -15.5951 -2.10876 0.290326
4.3 -15.557 -20.9859 -15.557 -2.57111 0.311324
4.31 -15.5227 -20.9245 -15.5227 -3.0034 0.333325
4.32 -15.494 -20.8712 -15.494 -3.37587 0.353825
4.33 -15.4697 -20.824 -15.4697 -3.70884 0.373166
4.34 -15.4517 -20.7873 -15.4517 -3.96983 0.388904
4.35 -15.4379 -20.7565 -15.4379 -4.18068 0.401924
4.36 -15.4341 -20.7211 -15.4341 -4.31464 0.409855
4.37 -15.4358 -20.6902 -15.4358 -4.38998 0.414022
4.38 -15.4359 -20.69 -15.4359 -4.39041 0.414045
4.39 -15.4362 -20.6866 -15.4362 -4.39756 0.414427
4.4 -15.4363 -20.6866 -15.4363 -4.1947 0.401567
4.41 -15.4344 -20.684 -15.4344 -3.97004 0.387598
4.42 -15.4309 -20.6786 -15.4309 -3.73227 0.373138
4.43 -15.4236 -20.6665 -15.4236 -3.37677 0.352181
4.44 -15.4138 -20.6488 -15.4138 -3.03345 0.332792
4.45 -15.3978 -20.6182 -15.3978 -2.57361 0.308383
4.46 -15.3798 -20.5817 -15.3798 -2.14218 0.28744
4.47 -15.3545 -20.5272 -15.3545 -1.61101 0.264937
4.48 -15.3278 -20.4674 -15.3278 -1.11459 0.24803
4.49 -15.2952 -20.3894 -15.2952 -0.549083 0.234766
4.5 -15.263 -20.3069 -15.263 -0.0158481 0.229155
4.51 -15.2283 -20.2117 -15.2283 0.546405 0.231194
4.52 -15.1953 -20.1137 -15.1953 1.08412 0.240729
4.53 -15.1641 -20.0128 -15.1641 1.60798 0.256502
4.54 -15.1354 -19.9106 -15.1354 2.11512 0.276958
4.55 -15.1112 -19.8162 -15.1112 2.57042 0.298915
4.56 -15.09 -19.7229 -15.09 3.01156 0.32281
4.57 -15.0743 -19.6456 -15.0743 3.37442 0.344074
4.58 -15.0612 -19.5718 -15.0612 3.71672 0.365225
4.59 -15.0532 -19.5172 -15.0532 3.96969 0.381431
4.6 -15.0469 -19.4705 -15.0469 4.18703 0.395726
4.61 -15.0438 -19.4425 -15.0438 4.31775 0.404453
4.62 -15.042 -19.4261 -15.042 4.39382 0.409581
4.63 -15.042 -19.4258 -15.042 4.3952 0.409674
4.64 -15.042 -19.4258 -15.042 4.36554 0.407599
4.65 -15.042 -19.4259 -15.042 4.22679 0.397944
4.66 -15.04 -19.4234 -15.04 3.97982 0.381004
4.67 -15.036 -19.4184 -15.036 3.73365 0.364448
4.68 -15.0277 -19.4076 -15.0277 3.38796 0.341802
4.69 -15.0158 -19.3915 -15.0158 3.03357 0.319431
4.7 -14.9969 -19.365 -14.9969 2.58523 0.292607
4.71 -14.9743 -19.3323 -14.9743 2.14185 0.268127
4.72 -14.9433 -19.2857 -14.9433 1.62207 0.242837
4.73 -14.9093 -19.2328 -14.9093 1.11482 0.222865
4.74 -14.8683 -19.1668 -14.8683 0.558692 0.208004
4.75 -14.8258 -19.0958 -14.8258 0.0174422 0.202222
4.76 -14.7804 -19.0167 -14.7804 -0.538964 0.206145
4.77 -14.7351 -18.9341 -14.7351 -1.08067 0.219242
4.78 -14.6918 -18.8508 -14.6918 -1.60284 0.239303
4.79 -14.6508 -18.7675 -14.6508 -2.10984 0.264332
4.8 -14.6149 -18.6909 -14.6149 -2.5673 0.290546
4.81 -14.5826 -18.6172 -14.5826 -3.00505 0.318111
4.82 -14.5574 -18.5555 -14.5574 -3.37263 0.342731
4.83 -14.5355 -18.499 -14.5355 -3.70991 0.366301
4.84 -14.5202 -18.4563 -14.5202 -3.96819 0.384867
4.85 -14.5071 -18.4175 -14.5071 -4.17981 0.400368
4.86 -14.502 -18.3781 -14.502 -4.31479 0.410071
4.87 -14.5003 -18.3547 -14.5003 -4.38932 0.415415
4.88 -14.5002 -18.3537 -14.5002 -4.39187 0.415595
4.89 -14.5001 -18.3491 -14.5001 -4.40512 0.416537
4.9 -14.5001 -18.3492 -14.5001 -4.19873 0.401056
4.91 -14.4978 -18.3463 -14.4978 -3.96616 0.383862
4.92 -14.4936 -18.3411 -14.4936 -3.73742 0.367211
4.93 -14.4841 -18.3282 -14.4841 -3.37251 0.341218
4.94 -14.4724 -18.3119 -14.4724 -3.0387 0.318159
4.95 -14.4517 -18.2816 -14.4517 -2.57003 0.287211
4.96 -14.4289 -18.2473 -14.4289 -2.14648 0.261096
4.97 -14.3955 -18.1954 -14.3955 -1.60906 0.231444
4.98 -14.3612 -18.1397 -14.3612 -1.11724 0.209051
4.99 -14.3179 -18.0667 -14.3179 -0.549325 0.191106
5 -14.2746 -17.991 -14.2746 -0.0165944 0.184272
5.01 -14.2275 -17.9051 -14.2275 0.54399 0.188956
5.02 -14.1812 -17.8163 -14.1812 1.08479 0.204457
5.03 -14.1374 -17.7274 -14.1374 1.60413 0.227683
5.04 -14.0956 -17.6372 -14.0956 2.11639 0.256605
5.05 -14.0608 -17.5566 -14.0608 2.56637 0.285622
5.06 -14.0285 -17.4764 -14.0285 3.01235 0.31686
5.07 -14.0044 -17.412 -14.0044 3.37149 0.343401
5.08 -13.9834 -17.3512 -13.9834 3.71646 0.369815
5.09 -13.9693 -17.3071 -13.9693 3.96864 0.389598
5.1 -13.958 -17.2699 -13.958 4.18553 0.406896
5.11 -13.9517 -17.2473 -13.9517 4.31872 0.417621
5.12 -13.9484 -17.235 -13.9484 4.39176 0.423537
5.13 -13.9482 -17.2341 -13.9482 4.39723 0.42398
5.14 -13.9481 -17.2336 -13.9481 4.3998 0.424189
5.15 -13.9481 -17.2337 -13.9481 4.20421 0.408345
5.16 -13.9455 -17.2308 -13.9455 3.96764 0.389412
5.17 -13.9411 -17.2259 -13.9411 3.74303 0.371665
5.18 -13.9303 -17.2132 -13.9303 3.3742 0.343056
5.19 -13.9174 -17.1981 -13.9174 3.0439 0.318076
5.2 -13.8936 -17.1691 -13.8936 2.57218 0.283729
5.21 -13.8676 -17.1371 -13.8676 2.15094 0.2548
5.22 -13.8287 -17.088 -13.8287 1.6125 0.22126
5.23 -13.7887 -17.0361 -13.7887 1.12072 0.195596
5.24 -13.7384 -16.969 -13.7384 0.55387 0.174882
5.25 -13.6871 -16.899 -13.6871 0.0192941 0.167326
5.26 -13.6318 -16.8208 -13.6318 -0.538563 0.173822
5.27 -13.5765 -16.7401 -13.5765 -1.08247 0.19321
5.28 -13.5242 -16.6611 -13.5242 -1.59838 0.220734
5.29 -13.473 -16.5809 -13.473 -2.11377 0.254416
5.3 -13.4305 -16.511 -13.4305 -2.56103 0.287117
5.31 -13.3902 -16.4418 -13.3902 -3.00886 0.322169
5.32 -13.3602 -16.3876 -13.3602 -3.36724 0.351469
5.33 -13.3333 -16.3368 -13.3333 -3.71178 0.380451
5.34 -13.315 -16.3004 -13.315 -3.96578 0.402234
5.35 -13.3 -16.2586 -13.3 -4.17742 0.42051
5.36 -13.2941 -16.2216 -13.2941 -4.31778 0.432519
5.37 -13.2926 -16.202 -13.2926 -4.38497 0.438239
5.38 -13.2925 -16.1982 -13.2925 -4.39712 0.439267
5.39 -13.2924 -16.1928 -13.2924 -4.41319 0.440625
5.4 -13.2925 -16.1929 -13.2925 -4.20706 0.422689
5.41 -13.2892 -16.1891 -13.2892 -3.95801 0.401265
5.42 -13.2848 -16.1837 -13.2848 -3.74663 0.38327
5.43 -13.2731 -16.1687 -13.2731 -3.36464 0.351229
5.44 -13.2599 -16.1512 -13.2599 -3.04701 0.325122
5.45 -13.2347 -16.1169 -13.2347 -2.56425 0.286621
5.46 -13.2086 -16.0804 -13.2086 -2.1523 0.255269
5.47 -13.1688 -16.0228 -13.1688 -1.60675 0.216933
5.48 -13.1285 -15.9628 -13.1285 -1.11971 0.187511
5.49 -13.0775 -15.8843 -13.0775 -0.551038 0.162551
5.5 -13.0264 -15.8023 -13.0264 -0.0158861 0.152878
5.51 -12.9717 -15.7113 -12.9717 0.538805 0.16014
5.52 -12.9172 -15.6163 -12.9172 1.08758 0.183008
5.53 -12.8673 -15.5247 -12.8673 1.59709 0.21426
5.54 -12.8182 -15.4296 -12.8182 2.11929 0.252796
5.55 -12.779 -15.349 -12.779 2.55995 0.288696
5.56 -12.7417 -15.267 -12.7417 3.01308 0.327832
5.57 -12.7153 -15.2042 -12.7153 3.36802 0.359642
5.58 -12.6921 -15.1446 -12.6921 3.71415 0.391407
5.59 -12.6767 -15.1019 -12.6767 3.96882 0.415158
5.6 -12.6653 -15.0672 -12.6653 4.18117 0.435161
5.61 -12.6585 -15.045 -12.6585 4.3216 0.448476
5.62 -12.6554 -15.0345 -12.6554 4.38738 0.454735
5.63 -12.6548 -15.0323 -12.6548 4.40095 0.456027
5.64 -12.6545 -15.0312 -12.6545 4.40808 0.456706
5.65 -12.6536 -15.0302 -12.6536 4.13304 0.430833
5.66 -12.6508 -15.0272 -12.6508 3.95521 0.414256
5.67 -12.6462 -15.0223 -12.6462 3.75737 0.395944
5.68 -12.6324 -15.0069 -12.6324 3.35904 0.359506
5.69 -12.6182 -14.991 -12.6182 3.05962 0.332546
5.7 -12.5883 -14.9565 -12.5883 2.55802 0.288396
5.71 -12.5595 -14.923 -12.5595 2.16448 0.254981
5.72 -12.5115 -14.8658 -12.5115 1.60224 0.210178
5.73 -12.466 -14.8105 -12.466 1.12954 0.176997
5.74 -12.4048 -14.7347 -12.4048 0.550029 0.146623
5.75 -12.3453 -14.659 -12.3453 0.0220992 0.135451
5.76 -12.28 -14.5738 -12.28 -0.535589 0.145626
5.77 -12.2148 -14.4864 -12.2148 -1.08483 0.174462
5.78 -12.1555 -14.4042 -12.1555 -1.59061 0.211535
5.79 -12.0955 -14.3181 -12.0955 -2.11823 0.25651
5.8 -12.0487 -14.2485 -12.0487 -2.55235 0.296513
5.81 -12.0025 -14.1769 -12.0025 -3.0117 0.340803
5.82 -11.9704 -14.1247 -11.9704 -3.36162 0.375512
5.83 -11.9413 -14.0751 -11.9413 -3.71089 0.410784
5.84 -11.9216 -14.0398 -11.9216 -3.96387 0.436655
5.85 -11.9099 -13.9953 -11.9099 -4.17331 0.458023
5.86 -11.9076 -13.9542 -11.9076 -4.32081 0.472924
5.87 -11.9082 -13.9351 -11.9082 -4.38099 0.478967
5.88 -11.9088 -13.9283 -11.9088 -4.40103 0.48097
5.89 -11.9092 -13.923 -11.9092 -4.41574 0.482439
5.9 -11.9091 -13.9228 -11.9091 -4.21195 0.461655
5.91 -11.9049 -13.9181 -11.9049 -3.95416 0.435598
5.92 -11.8999 -13.9118 -11.8999 -3.75105 0.415204
5.93 -11.8857 -13.8938 -11.8857 -3.3622 0.376505
5.94 -11.8704 -13.8738 -11.8704 -3.0499 0.345773
5.95 -11.8402 -13.8332 -11.8402 -2.56424 0.298726
5.96 -11.8094 -13.7907 -11.8094 -2.15304 0.259843
5.97 -11.762 -13.7236 -11.762 -1.60971 0.210669
5.98 -11.714 -13.6534 -11.714 -1.11834 0.17014
5.99 -11.6544 -13.5635 -11.6544 -0.556706 0.133496
6 -11.5936 -13.4681 -11.5936 -0.0134263 0.117699
6.01 -11.5308 -13.3658 -11.5308 0.531634 0.1297
6.02 -11.4664 -13.2564 -11.4664 1.08918 0.165347
6.03 -11.4101 -13.1558 -11.4101 1.59057 0.208582
6.04 -11.3543 -13.0496 -11.3543 2.11775 0.259983
6.05 -11.3117 -12.9627 -11.3117 2.5562 0.305469
6.06 -11.2722 -12.8759 -11.2722 3.00768 0.353991
6.07 -11.2448 -12.8096 -11.2448 3.36774 0.393548
6.08 -11.2224 -12.7503 -11.2224 3.7062 0.431251
6.09 -11.2075 -12.7064 -11.2075 3.97095 0.461003
6.1 -11.1979 -12.6741 -11.1979 4.174 0.483932
6.11 -11.1918 -12.6513 -11.1918 4.32383 0.500905
6.12 -11.1895 -12.642 -11.1895 4.38475 0.507817
6.13 -11.189 -12.6396 -11.189 4.40123 0.509685
6.14 -11.1887 -12.6382 -11.1887 4.41014 0.510696
6.15 -11.1883 -12.6378 -11.1883 4.20831 0.48817
6.16 -11.184 -12.6333 -11.184 3.9643 0.461143
6.17 -11.1777 -12.6267 -11.1777 3.74538 0.437024
6.18 -11.1619 -12.6096 -11.1619 3.37375 0.396352
6.19 -11.1428 -12.5887 -11.1428 3.0439 0.360529
6.2 -11.1082 -12.5505 -11.1082 2.57549 0.310121
6.21 -11.0699 -12.5075 -11.0699 2.14846 0.264786
6.22 -11.0145 -12.4445 -11.0145 1.61913 0.209982
6.23 -10.9552 -12.3759 -10.9552 1.11671 0.160946
6.24 -10.8837 -12.2919 -10.8837 0.563303 0.115645
6.25 -10.8086 -12.2018 -10.8086 0.0155765 0.0947276
6.26 -10.7312 -12.1071 -10.7312 -0.528086 0.113136
6.27 -10.6518 -12.0076 -10.6518 -1.08305 0.159704
6.28 -10.5811 -11.9165 -10.5811 -1.58945 0.212588
6.29 -10.5123 -11.8252 -10.5123 -2.10874 0.271512
6.3 -10.4574 -11.7497 -10.4574 -2.55602 0.324431
6.31 -10.4086 -11.6799 -10.4086 -2.99785 0.377967
6.32 -10.3728 -11.6263 -10.3728 -3.36681 0.423333
6.33 -10.3451 -11.5824 -10.3451 -3.69808 0.464411
6.34 -10.3276 -11.5418 -10.3276 -3.9662 0.49777
6.35 -10.327 -11.4901 -10.327 -4.16924 0.522753
6.36 -10.334 -11.4408 -10.334 -4.31768 0.540886
6.37 -10.3394 -11.415 -10.3394 -4.38478 0.549048
6.38 -10.3406 -11.4102 -10.3406 -4.3963 0.550441
6.39 -10.3415 -11.4065 -10.3415 -4.40487 0.551479
6.4 -10.341 -11.4059 -10.341 -4.20337 0.526773
6.41 -10.3365 -11.4007 -10.3365 -3.96514 0.49777
6.42 -10.3296 -11.3924 -10.3296 -3.74066 0.470571
6.43 -10.3129 -11.3713 -10.3129 -3.37447 0.426433
6.44 -10.2925 -11.3448 -10.2925 -3.03982 0.386273
6.45 -10.2566 -11.2972 -10.2566 -2.57585 0.330804
6.46 -10.2163 -11.2424 -10.2163 -2.14538 0.279532
6.47 -10.1591 -11.1628 -10.1591 -1.61911 0.217295
6.48 -10.0976 -11.0747 -10.0976 -1.11492 0.158938
6.49 -10.0246 -10.9671 -10.0246 -0.562964 0.100393
6.5 -9.94832 -10.8508 -9.94832 -0.0154935 0.0674175
6.51 -9.87083 -10.7284 -9.87083 0.528611 0.0945077
6.52 -9.79289 -10.5999 -9.79289 1.08123 0.155053
6.53 -9.7247 -10.4813 -9.7247 1.59003 0.218982
6.54 -9.6611 -10.3636 -9.6611 2.10487 0.286984
6.55 -9.61197 -10.2652 -9.61197 2.55653 0.348244
6.56 -9.57196 -10.1765 -9.57196 2.99295 0.408361
6.57 -9.5444 -10.1067 -9.5444 3.36684 0.460329
6.58 -9.5258 -10.0512 -9.5258 3.69437 0.506052
6.59 -9.51447 -10.0094 -9.51447 3.96708 0.544176
6.6 -9.50875 -9.9808 -9.50875 4.16923 0.572421
6.61 -9.51132 -9.94901 -9.51132 4.31569 0.592818
6.62 -9.51726 -9.92489 -9.51726 4.38815 0.602855
6.63 -9.51802 -9.92197 -9.51802 4.39678 0.604051
6.64 -9.5185 -9.92013 -9.5185 4.40227 0.604811
6.65 -9.51769 -9.91925 -9.51769 4.20382 0.577673
6.66 -9.51269 -9.91381 -9.51269 3.96855 0.545728
6.67 -9.50422 -9.90429 -9.50422 3.74128 0.515043
6.68 -9.4847 -9.88204 -9.4847 3.37794 0.466182
6.69 -9.45976 -9.85325 -9.45976 3.04063 0.420963
6.7 -9.41653 -9.80262 -9.41653 2.57946 0.359134
6.71 -9.36728 -9.74414 -9.36728 2.14682 0.300937
6.72 -9.29774 -9.66048 -9.29774 1.62301 0.229997
6.73 -9.22184 -9.56777 -9.22184 1.11713 0.160866
6.74 -9.13197 -9.45617 -9.13197 0.567346 0.0855615
6.75 -9.03701 -9.33608 -9.03701 0.0190867 0.0251557
6.76 -8.94058 -9.21161 -8.94058 -0.523579 0.0800443
6.77 -8.84345 -9.08313 -8.84345 -1.07526 0.160682
6.78 -8.75839 -8.96701 -8.75839 -1.58433 0.237997
6.79 -8.68053 -8.85647 -8.68053 -2.09563 0.317402
6.8 -8.62054 -8.76669 -8.62054 -2.5499 0.389023
6.81 -8.57365 -8.69138 -8.57365 -2.98173 0.457697
6.82 -8.54209 -8.63508 -8.54209 -3.35843 0.517804
6.83 -8.52258 -8.59416 -8.52258 -3.68418 0.56973
6.84 -8.51165 -8.56554 -8.51165 -3.95835 0.613295
6.85 -8.50584 -8.54745 -8.50584 -4.161 0.645419
6.86 -8.50257 -8.53607 -8.50257 -4.31149 0.669219
6.87 -8.50128 -8.53117 -8.50128 -4.38409 0.680682
6.88 -8.50121 -8.53085 -8.50121 -4.38934 0.681508
6.89 -8.50118 -8.53073 -8.50118 -4.391 0.681771
6.9 -8.50016 -8.52972 -8.50016 -4.20219 0.652532
6.91 -8.49405 -8.52361 -8.49405 -3.9683 0.616648
6.92 -8.48395 -8.5135 -8.48395 -3.73971 0.581807
6.93 -8.4595 -8.48899 -8.4595 -3.37799 0.527024
6.94 -8.4284 -8.45776 -8.4284 -3.03921 0.475888
6.95 -8.37448 -8.40352 -8.37448 -2.58049 0.40662
6.96 -8.31195 -8.34055 -8.31195 -2.14539 0.34056
6.97 -8.2241 -8.25189 -8.2241 -1.62511 0.260686
6.98 -8.12648 -8.15321 -8.12648 -1.11653 0.181228
6.99 -8.01114 -8.03634 -8.01114 -0.570788 0.0939817
7 -7.88749 -7.91077 -7.88749 -0.0207517 0.00413244
7.01 -7.76249 -7.78348 -7.76249 0.518531 0.0880669
7.02 -7.63663 -7.65493 -7.63663 1.06905 0.184476
7.03 -7.52706 -7.5426 -7.52706 1.57728 0.27608
7.04 -7.42977 -7.44242 -7.42977 2.08319 0.36935
7.05 -7.3568 -7.36674 -7.3568 2.54031 0.454823
7.06 -7.30489 -7.31234 -7.30489 2.965 0.534609
7.07 -7.27302 -7.27829 -7.27302 3.34266 0.605349
7.08 -7.25654 -7.26003 -7.25654 3.6655 0.665342
7.09 -7.24921 -7.25128 -7.24921 3.93889 0.715721
7.1 -7.24771 -7.24937 -7.24771 4.03768 0.733835
7.11 -7.24694 -7.24832 -7.24694 4.10983 0.747033
7.12 -7.24639 -7.24745 -7.24639 4.20283 0.764005
7.13 -7.24626 -7.2472 -7.24626 4.24127 0.771012
7.14 -7.24621 -7.24707 -7.24621 4.27041 0.776317
7.15 -7.24621 -7.24706 -7.24621 4.16373 0.756924
7.16 -7.24276 -7.24365 -7.24276 4.00147 0.727764
7.17 -7.2305 -7.23146 -7.2305 3.71615 0.676992
7.18 -7.20721 -7.20832 -7.20721 3.39627 0.620671
7.19 -7.16977 -7.17109 -7.16977 3.03206 0.556938
7.2 -7.10853 -7.11018 -7.10853 2.58322 0.478485
7.21 -7.03566 -7.03762 -7.03566 2.15334 0.402897
7.22 -6.9274 -6.92975 -6.9274 1.61725 0.307211
7.23 -6.81519 -6.81783 -6.81519 1.13371 0.218821
7.24 -6.66761 -6.67049 -6.66761 0.561993 0.110817
7.25 -6.52281 -6.52572 -6.52281 0.0397205 0.00800924
7.26 -6.36397 -6.36674 -6.36397 -0.516686 0.106629
7.27 -6.21461 -6.21704 -6.21461 -1.05105 0.221994
7.28 -6.08518 -6.08715 -6.08518 -1.55743 0.335777
7.29 -5.97905 -5.98046 -5.97905 -2.05814 0.451418
7.3 -5.91139 -5.91232 -5.91139 -2.50023 0.554512
7.31 -5.87371 -5.87423 -5.87371 -2.91798 0.651221
7.32 -5.8605 -5.86074 -5.8605 -3.28958 0.735778
7.33 -5.85926 -5.8594 -5.85926 -3.42801 0.766902
7.34 -5.85908 -5.85918 -5.85908 -3.52799 0.789295
7.35 -5.85948 -5.85953 -5.85948 -3.66799 0.820564
7.36 -5.86199 -5.86202 -5.86199 -3.74925 0.838394
7.37 -5.9196 -5.91945 -5.9196 -4.01874 0.890143
7.38 -6.10789 -6.10746 -6.10789 -4.29807 0.923407
7.39 -6.16873 -6.16821 -6.16873 -4.36584 0.928948
7.4 -6.16498 -6.16449 -6.16498 -4.12193 0.87757
7.41 -6.16319 -6.1627 -6.16319 -4.0718 0.86714
7.42 -6.13225 -6.13196 -6.13225 -3.62657 0.776116
7.43 -6.11899 -6.11877 -6.11899 -3.49795 0.75017
7.44 -6.03801 -6.03823 -6.03801 -2.93032 0.636639
7.45 -5.99177 -5.99221 -5.99177 -2.68003 0.586634
7.46 -5.85502 -5.85604 -5.85502 -2.07599 0.464738
7.47 -5.74659 -5.74795 -5.74659 -1.67742 0.382404
7.48 -5.56876 -5.57053 -5.56876 -1.1083 0.260504
7.49 -5.37977 -5.38173 -5.37977 -0.574389 0.139617
7.5 -5.18472 -5.18669 -5.18472 -0.0686177 0.0172903
7.51 -4.94655 -4.94823 -4.94655 0.520607 0.13729
7.52 -4.75969 -4.76097 -4.75969 0.991169 0.271326
7.53 -4.5783 -4.57904 -4.5783 1.50953 0.429073
7.54 -4.46582 -4.46615 -4.46582 1.95796 0.570098
7.55 -4.41546 -4.41554 -4.41546 2.35262 0.692571
7.56 -4.4065 -4.40649 -4.4065 2.6964 0.795337
7.57 -4.40674 -4.40671 -4.40674 2.75896 0.813751
7.58 -4.40772 -4.4077 -4.40772 2.79553 0.824361
7.59 -4.6077 -4.60752 -4.6077 3.23786 0.914716
7.6 -5.29406 -5.29342 -5.29406 3.87072 0.955804
7.61 -5.69131 -5.6904 -5.69131 4.18755 0.963792
7.615 -5.79518 -5.79422 -5.79518 4.26889 0.965366
7.62 -5.87032 -5.86932 -5.87032 4.32776 0.966475
7.625 -5.91903 -5.91801 -5.91903 4.36593 0.967181
7.63 -5.94327 -5.94223 -5.94327 4.38492 0.967529
7.635 -5.94381 -5.94279 -5.94381 4.38535 0.967537
7.64 -5.94381 -5.94278 -5.94381 4.32218 0.953601
7.645 -5.94381 -5.94279 -5.94381 4.30647 0.950134
7.65 -5.94012 -5.93911 -5.94012 4.15127 0.916446
7.655 -5.93905 -5.93805 -5.93905 4.11954 0.909602
7.66 -5.932 -5.93104 -5.932 3.97875 0.879529
7.665 -5.92365 -5.92275 -5.92365 3.85431 0.853189
7.675 -5.8982 -5.89745 -5.8982 3.58117 0.796052
7.685 -5.84758 -5.84713 -5.84758 3.19973 0.717249
7.695 -5.7842 -5.78406 -5.7842 2.83694 0.642702
7.705 -5.67796 -5.67831 -5.67796 2.35328 0.542823
7.715 -5.56 -5.56078 -5.56 1.90962 0.449565
7.725 -5.39161 -5.39286 -5.39161 1.37083 0.33251
7.735 -5.20897 -5.21052 -5.20897 0.862182 0.216248
7.745 -4.99025 -4.99192 -4.99025 0.316124 0.0826582
7.755 -4.75622 -4.75774 -4.75622 -0.223824 0.061313
7.765 -4.52743 -4.5286 -4.52743 -0.738683 0.21224
7.775 -4.31613 -4.31682 -4.31613 -1.24519 0.374688
7.785 -4.16742 -4.16771 -4.16742 -1.69683 0.528173
7.795 -4.09073 -4.09076 -4.09073 -2.09814 0.664898
7.805 -4.07262 -4.07257 -4.07262 -2.43359 0.774508
7.815 -4.07243 -4.07238 -4.07243 -2.6933 0.857202
7.825 -4.07243 -4.07241 -4.07243 -2.87308 0.914418
7.835 -4.46676 -4.46645 -4.46676 -3.25464 0.947505
7.845 -5.15318 -5.15241 -5.15318 -3.79647 0.962357
7.855 -5.56013 -5.55917 -5.56013 -4.11469 0.968762
7.865 -5.77451 -5.77345 -5.77451 -4.2792 0.971077
7.875 -5.89224 -5.89115 -5.89224 -4.36844 0.972029
7.885 -5.91649 -5.9154 -5.91649 -4.38683 0.972223
7.895 -5.91532 -5.91422 -5.91532 -4.24102 0.940088
7.905 -5.91181 -5.91075 -5.91181 -4.12455 0.914798
7.915 -5.89455 -5.89359 -5.89455 -3.83343 0.852652
7.925 -5.87208 -5.87127 -5.87208 -3.59653 0.802934
7.935 -5.81835 -5.81784 -5.81835 -3.19338 0.719331
7.945 -5.75561 -5.75543 -5.75561 -2.83784 0.646016
7.955 -5.65001 -5.65029 -5.65001 -2.35983 0.546958
7.965 -5.52678 -5.52753 -5.52678 -1.90009 0.449938
7.975 -5.36417 -5.36536 -5.36417 -1.38378 0.337321
7.985 -5.17136 -5.17288 -5.17136 -0.850795 0.214899
7.995 -4.95909 -4.96071 -4.95909 -0.326089 0.0857833
8.005 -4.71684 -4.71833 -4.71684 0.227298 0.0627682
8.015 -4.48759 -4.48871 -4.48759 0.736714 0.213491
8.025 -4.27528 -4.27594 -4.27528 1.23893 0.376243
8.035 -4.12442 -4.12467 -4.12442 1.69288 0.532239
8.045 -4.04894 -4.04896 -4.04894 2.08899 0.668579
8.055 -4.03163 -4.03157 -4.03163 2.41776 0.777003
8.065 -4.03151 -4.03147 -4.03151 2.66813 0.857489
8.075 -4.0315 -4.03147 -4.0315 2.84169 0.913271
8.085 -4.0315 -4.03149 -4.0315 2.95748 0.950482
8.09 -4.03149 -4.03148 -4.03149 2.99956 0.964006
8.0925 -4.03123 -4.03116 -4.03123 3.01753 0.969846
8.095 -4.39245 -4.39186 -4.39245 3.29129 0.973848
8.0975 -4.74954 -4.74865 -4.74954 3.56162 0.977133
8.1 -5.0346 -5.03361 -5.0346 3.77795 0.979557
8.1025 -5.24771 -5.24664 -5.24771 3.93729 0.980606
8.105 -5.40225 -5.40113 -5.40225 4.05227 0.981181
8.1075 -5.51534 -5.51419 -5.51534 4.13646 0.981591
8.11 -5.59995 -5.59878 -5.59995 4.19946 0.981893
8.1125 -5.66514 -5.66394 -5.66514 4.24802 0.982123
8.115 -5.71678 -5.71558 -5.71678 4.2865 0.982304
8.1175 -5.75827 -5.75704 -5.75827 4.31742 0.982448
8.1225 -5.81838 -5.81715 -5.81838 4.36222 0.982655
8.1275 -5.85198 -5.85072 -5.85198 4.38726 0.982769
8.1325 -5.85548 -5.85424 -5.85548 4.38988 0.982781
8.1375 -5.85546 -5.8542 -5.85546 4.3382 0.971217
8.1425 -5.85547 -5.85423 -5.85547 4.34024 0.97167
8.1475 -5.85303 -5.85178 -5.85303 4.19505 0.939547
8.1525 -5.85213 -5.85091 -5.85213 4.16855 0.933752
8.1575 -5.84653 -5.84533 -5.84653 4.03803 0.905358
8.1625 -5.83942 -5.83828 -5.83942 3.92096 0.88015
8.1675 -5.83104 -5.82993 -5.83104 3.8121 0.85691
8.1725 -5.81369 -5.81271 -5.81369 3.62969 0.818272
8.1825 -5.77595 -5.77517 -5.77595 3.32951 0.755368
8.1925 -5.70535 -5.70497 -5.70535 2.90848 0.667783
8.2025 -5.61833 -5.61833 -5.61833 2.5002 0.582682
8.2125 -5.49109 -5.49162 -5.49109 2.01121 0.479267
8.2225 -5.33792 -5.33889 -5.33792 1.51549 0.371198
8.2325 -5.15195 -5.15331 -5.15195 0.99368 0.25191
8.2425 -4.93205 -4.93356 -4.93205 0.447374 0.118316
8.2525 -4.70093 -4.70239 -4.70093 -0.0769386 0.0213173
8.2625 -4.45236 -4.45349 -4.45236 -0.61579 0.179813
8.2725 -4.23155 -4.23225 -4.23155 -1.11061 0.340634
8.2825 -4.06079 -4.06105 -4.06079 -1.57177 0.501617
8.2925 -3.96714 -3.96717 -3.96714 -1.97724 0.645368
8.3025 -3.941 -3.94093 -3.941 -2.31218 0.759512
8.3125 -3.94027 -3.94021 -3.94027 -2.56112 0.841433
8.3225 -3.94023 -3.94019 -3.94023 -2.73736 0.899343
8.3325 -3.94025 -3.94024 -3.94025 -2.85817 0.939028
8.3425 -3.94022 -3.94021 -3.94022 -2.93315 0.96367
8.3475 -3.93992 -3.93988 -3.93992 -2.96245 0.97337
8.3525 -4.49965 -4.49916 -4.49965 -3.38914 0.9797
8.3575 -5.20212 -5.20107 -5.20212 -3.91154 0.982483
8.3625 -5.56402 -5.56283 -5.56402 -4.18129 0.983786
8.3675 -5.72083 -5.71961 -5.72083 -4.29829 0.984327
8.3725 -5.7937 -5.79243 -5.7937 -4.35267 0.984574
8.3775 -5.82948 -5.82822 -5.82948 -4.37939 0.984694
8.3825 -5.838 -5.83671 -5.838 -4.38574 0.984722
8.3875 -5.83802 -5.83675 -5.83802 -4.3501 0.976715
8.3925 -5.838 -5.83671 -5.838 -4.30893 0.967477
8.3975 -5.83642 -5.83516 -5.83642 -4.22061 0.947894
8.4075 -5.82991 -5.82868 -5.82991 -4.05209 0.911034
8.4175 -5.81184 -5.81075 -5.81184 -3.78871 0.854391
8.4275 -5.78032 -5.77939 -5.78032 -3.49013 0.791232
8.4375 -5.72635 -5.72574 -5.72635 -3.12119 0.714071
8.4475 -5.64814 -5.64791 -5.64814 -2.71079 0.628523
8.4575 -5.54092 -5.54117 -5.54092 -2.25849 0.533496
8.4675 -5.40055 -5.40126 -5.40055 -1.76581 0.427642
8.4775 -5.23072 -5.23188 -5.23072 -1.25699 0.314006
8.4875 -5.02608 -5.02751 -5.02608 -0.71987 0.186928
8.4975 -4.79946 -4.80096 -4.79946 -0.18625 0.0505753
8.5075 -4.55516 -4.55644 -4.55516 0.349422 0.099805
8.5175 -4.31713 -4.31803 -4.31713 0.86465 0.260118
8.5275 -4.11594 -4.11638 -4.11594 1.34471 0.423605
8.5375 -3.98271 -3.98283 -3.98271 1.77825 0.57823
8.5475 -3.92708 -3.92703 -3.92708 2.14681 0.707594
8.5575 -3.91974 -3.91967 -3.91974 2.44101 0.806013
8.5675 -3.91972 -3.91966 -3.91972 2.65263 0.875893
8.5775 -3.91973 -3.9197 -3.91973 2.79191 0.921881
8.5875 -3.91971 -3.91969 -3.91971 2.88594 0.952932
8.5975 -3.91972 -3.91971 -3.91972 2.94593 0.972737
8.6025 -3.9197 -3.9197 -3.9197 2.96527 0.979128
8.6075 -4.08241 -4.08218 -4.08241 3.09974 0.98425
8.6125 -5.0187 -5.01779 -5.0187 3.79859 0.98793
8.6175 -5.54458 -5.54334 -5.54458 4.19228 0.989739
8.6225 -5.73897 -5.73765 -5.73897 4.33685 0.990108
8.6275 -5.80145 -5.8001 -5.80145 4.38308 0.990166
8.6325 -5.82475 -5.8234 -5.82475 4.40032 0.990188
8.6375 -5.82476 -5.82341 -5.82476 4.36134 0.981414
8.6425 -5.82462 -5.82327 -5.82462 4.30491 0.96874
8.6475 -5.82371 -5.82237 -5.82371 4.2618 0.959185
8.6525 -5.81984 -5.81852 -5.81984 4.1347 0.93118
8.6625 -5.81057 -5.80932 -5.81057 3.96172 0.893605
8.6725 -5.78234 -5.78126 -5.78234 3.63829 0.824547
8.6825 -5.74449 -5.74364 -5.74449 3.33996 0.761782
8.6925 -5.67302 -5.67254 -5.67302 2.91769 0.673616
8.7025 -5.58468 -5.58462 -5.58468 2.50783 0.587887
8.7125 -5.45592 -5.45636 -5.45592 2.01828 0.48397
8.7225 -5.30099 -5.3019 -5.30099 1.52216 0.375355
8.7325 -5.11141 -5.11269 -5.11141 0.996899 0.254672
8.7425 -4.88999 -4.89145 -4.88999 0.454381 0.121171
8.7525 -4.65233 -4.65372 -4.65233 -0.0763287 0.021362
8.7625 -4.40207 -4.40314 -4.40207 -0.608841 0.179746
8.7725 -4.17558 -4.17621 -4.17558 -1.1063 0.3437
8.7825 -4.00338 -4.00361 -4.00338 -1.56244 0.505526
8.7925 -3.90967 -3.90967 -3.90967 -1.9633 0.649878
8.8025 -3.88446 -3.88438 -3.88446 -2.28906 0.762441
8.8125 -3.88385 -3.88377 -3.88385 -2.53363 0.844031
8.8225 -3.88383 -3.88379 -3.88383 -2.70074 0.899701
8.8325 -3.88383 -3.8838 -3.88383 -2.81062 0.936307
8.8425 -3.88382 -3.88381 -3.88382 -2.88098 0.959747
8.8525 -3.88382 -3.88382 -3.88382 -2.92627 0.974835
8.8575 -3.88382 -3.88381 -3.88382 -2.94241 0.98021
8.8625 -3.88194 -3.88176 -3.88194 -2.95786 0.98583
8.8675 -4.92454 -4.92376 -4.92454 -3.73688 0.989887
8.8725 -5.53541 -5.53416 -5.53541 -4.18873 0.990496
8.8775 -5.74573 -5.74439 -5.74573 -4.34439 0.990694
8.8825 -5.80482 -5.80346 -5.80482 -4.38814 0.990749
8.8875 -5.81246 -5.81112 -5.81246 -4.3938 0.990756
8.8925 -5.81107 -5.80974 -5.81107 -4.2397 0.956231
8.8975 -5.81106 -5.80972 -5.81106 -4.28721 0.966949
8.9025 -5.80786 -5.80655 -5.80786 -4.13781 0.93375
8.9075 -5.80388 -5.80258 -5.80388 -4.05152 0.91489
8.9175 -5.7884 -5.78722 -5.7884 -3.82362 0.865668
8.9275 -5.75121 -5.75024 -5.75121 -3.47261 0.791142
8.9375 -5.70583 -5.70513 -5.70583 -3.16429 0.726469
8.9475 -5.6144 -5.61415 -5.6144 -2.68782 0.626843
8.9575 -5.5209 -5.52107 -5.5209 -2.2966 0.544413
8.9675 -5.36407 -5.36477 -5.36407 -1.75016 0.426654
8.9775 -5.20488 -5.206 -5.20488 -1.27804 0.320803
8.9875 -4.99015 -4.99155 -4.99015 -0.719726 0.188196
8.9975 -4.76119 -4.76266 -4.76119 -0.187023 0.0511806
9.0075 -4.51825 -4.51951 -4.51825 0.337977 0.0972985
9.0175 -4.26915 -4.27001 -4.26915 0.868943 0.264245
9.0275 -4.07004 -4.07045 -4.07004 1.33701 0.425757
9.0375 -3.93498 -3.93508 -3.93498 1.76957 0.582123
9.0475 -3.88007 -3.88001 -3.88007 2.13465 0.711782
9.0575 -3.87337 -3.87329 -3.87337 2.42201 0.808947
9.0675 -3.87335 -3.87329 -3.87335 2.62218 0.875806
9.0775 -3.87336 -3.87332 -3.87336 2.75562 0.920372
9.0875 -3.87333 -3.87331 -3.87333 2.84518 0.95029
9.0975 -3.87335 -3.87334 -3.87335 2.90239 0.969392
9.1075 -3.87333 -3.87332 -3.87333 2.9339 0.979922
9.1175 -3.87227 -3.87222 -3.87227 2.96282 0.989846
9.1225 -4.6294 -4.62888 -4.6294 3.52479 0.991284
9.1275 -5.43706 -5.43582 -5.43706 4.123 0.9921
9.1325 -5.72855 -5.72718 -5.72855 4.33907 0.992372
9.1375 -5.78527 -5.7839 -5.78527 4.38113 0.992424
9.1425 -5.79027 -5.78889 -5.79027 4.38484 0.992428
9.1475 -5.78842 -5.78707 -5.78842 4.20829 0.952765
9.1525 -5.78841 -5.78704 -5.78841 4.20936 0.95301
9.1575 -5.7836 -5.78229 -5.7836 4.08234 0.924997
9.1625 -5.776 -5.77472 -5.776 3.94609 0.895269
9.1675 -5.77015 -5.76892 -5.77015 3.86457 0.877639
9.1725 -5.75072 -5.7496 -5.75072 3.65078 0.83181
9.1825 -5.71697 -5.71607 -5.71697 3.37545 0.773486
9.1925 -5.64292 -5.64241 -5.64292 2.92958 0.679875
9.2025 -5.55871 -5.55861 -5.55871 2.53402 0.596728
9.2125 -5.42812 -5.42852 -5.42812 2.0329 0.489902
9.2225 -5.273 -5.27389 -5.273 1.53477 0.380418
9.2325 -5.08552 -5.08676 -5.08552 1.01438 0.26042
9.2425 -4.85708 -4.85852 -4.85708 0.455271 0.122205
9.2525 -4.62505 -4.6264 -4.62505 -0.0611613 0.0172153
9.2625 -4.36596 -4.36701 -4.36596 -0.610293 0.181614
9.2725 -4.1419 -4.1425 -4.1419 -1.10006 0.344439
9.2825 -3.96838 -3.9686 -3.96838 -1.55824 0.508445
9.2925 -3.87566 -3.87565 -3.87566 -1.95615 0.652976
9.3025 -3.8516 -3.85152 -3.8516 -2.27962 0.765524
9.3125 -3.8511 -3.85102 -3.8511 -2.51959 0.846216
9.3225 -3.8511 -3.85106 -3.8511 -2.68106 0.900444
9.3325 -3.85108 -3.85105 -3.85108 -2.78721 0.936098
9.3425 -3.85109 -3.85108 -3.85109 -2.85597 0.959186
9.3525 -3.85107 -3.85106 -3.85107 -2.90007 0.974002
9.3625 -3.85109 -3.85109 -3.85109 -2.93421 0.985465
9.3725 -3.85107 -3.85107 -3.85107 -2.94906 0.990457
9.3775 -4.70968 -4.70897 -4.70968 -3.58634 0.991964
9.3825 -5.50398 -5.50268 -5.50398 -4.17507 0.992753
9.3875 -5.7309 -5.72955 -5.7309 -4.3434 0.992963
9.3925 -5.74842 -5.74703 -5.74842 -4.35638 0.992978
9.3975 -5.75099 -5.74964 -5.75099 -4.3583 0.992981
9.4025 -5.74947 -5.7481 -5.74947 -4.20006 0.957175
9.4075 -5.74741 -5.74609 -5.74741 -4.13234 0.942069
9.4125 -5.74285 -5.74153 -5.74285 -4.02695 0.918751
9.4175 -5.73076 -5.72956 -5.73076 -3.83791 0.877415
9.4225 -5.72518 -5.72398 -5.72518 -3.77087 0.862906
9.4275 -5.69935 -5.69837 -5.69935 -3.51926 0.808873
9.4375 -5.65951 -5.65872 -5.65951 -3.2291 0.747258
9.4475 -5.57131 -5.57102 -5.57131 -2.74575 0.645172
9.4575 -5.47526 -5.47535 -5.47526 -2.33187 0.557256
9.4675 -5.32795 -5.32861 -5.32795 -1.80797 0.44365
9.4775 -5.15654 -5.15758 -5.15654 -1.29325 0.327577
9.4875 -4.95345 -4.95482 -4.95345 -0.761978 0.200675
9.4975 -4.71123 -4.71263 -4.71123 -0.19699 0.0544618
9.5075 -4.47126 -4.4725 -4.47126 0.320747 0.0932763
9.5175 -4.21917 -4.21997 -4.21917 0.855484 0.263126
9.5275 -4.01572 -4.01612 -4.01572 1.33199 0.429684
9.5375 -3.88306 -3.88313 -3.88306 1.75894 0.586065
9.5475 -3.82993 -3.82987 -3.82993 2.12049 0.715958
9.5575 -3.82399 -3.8239 -3.82399 2.40087 0.811838
9.5675 -3.82404 -3.82399 -3.82404 2.59596 0.87779
9.5775 -3.82398 -3.82394 -3.82398 2.72605 0.921795
9.5875 -3.82403 -3.82401 -3.82403 2.8099 0.950134
9.5975 -3.82397 -3.82395 -3.82397 2.86468 0.968671
9.6075 -3.82403 -3.82402 -3.82403 2.89558 0.979105
9.6175 -3.82396 -3.82396 -3.82396 2.92194 0.988034
9.6275 -3.82289 -3.82284 -3.82289 2.93168 0.991596
9.6375 -5.0775 -5.07689 -5.0775 3.86565 0.994055
9.6475 -5.7383 -5.73697 -5.7383 4.35635 0.994672
9.6575 -5.72667 -5.72539 -5.72667 3.96302 0.906651
9.6675 -5.72674 -5.72553 -5.72674 4.02845 0.921605
9.6775 -5.66128 -5.66042 -5.66128 3.32559 0.769356
9.6875 -5.66139 -5.66064 -5.66139 3.37554 0.780892
9.6975 -5.51472 -5.51458 -5.51472 2.54696 0.604431
9.7075 -5.49163 -5.4917 -5.49163 2.44905 0.583564
9.7175 -5.27288 -5.2736 -5.27288 1.67423 0.414999
9.7275 -5.16273 -5.16378 -5.16273 1.34828 0.341119
9.7375 -4.92988 -4.93122 -4.92988 0.738313 0.195344
9.7475 -4.67945 -4.68089 -4.67945 0.159614 0.0444185
9.7575 -4.47831 -4.47954 -4.47831 -0.27246 0.0791134
9.7675 -4.18014 -4.18095 -4.18014 -0.904148 0.280597
9.7775 -4.00502 -4.00539 -4.00502 -1.31486 0.425249
9.7875 -3.86703 -3.86712 -3.86703 -1.75357 0.586605
9.7975 -3.81338 -3.81331 -3.81338 -2.12045 0.718933
9.8075 -3.80804 -3.80797 -3.80804 -2.39451 0.812943
9.8175 -3.80798 -3.80792 -3.80798 -2.58696 0.878293
9.8275 -3.80803 -3.80801 -3.80803 -2.71485 0.921699
9.8375 -3.80797 -3.80795 -3.80797 -2.79607 0.949289
9.8475 -3.80803 -3.80802 -3.80803 -2.84979 0.967512
9.8575 -3.80796 -3.80796 -3.80796 -2.88276 0.978719
9.8675 -3.80802 -3.80802 -3.80802 -2.90686 0.986886
9.8775 -3.80796 -3.80796 -3.80796 -2.91747 0.990502
9.8825 -3.80732 -3.80726 -3.80732 -2.92239 0.992341
9.8875 -4.42827 -4.42783 -4.42827 -3.3856 0.993916
9.8925 -5.29296 -5.2918 -5.29296 -4.02765 0.994787
9.8975 -5.57577 -5.57441 -5.57577 -4.2378 0.995049
9.9025 -5.59031 -5.58901 -5.59031 -4.24863 0.995062
9.9075 -5.59064 -5.58928 -5.59064 -4.24886 0.995063
9.9125 -5.58856 -5.5873 -5.58856 -4.06732 0.952886
9.9175 -5.58338 -5.5821 -5.58338 -3.93861 0.923566
9.9225 -5.57795 -5.57676 -5.57795 -3.84027 0.901355
9.9275 -5.55644 -5.55535 -5.55644 -3.57772 0.84289
9.9325 -5.55002 -5.54903 -5.55002 -3.51507 0.829057
9.9425 -5.47726 -5.47664 -5.47726 -2.99752 0.716105
9.9525 -5.41118 -5.41094 -5.41118 -2.65409 0.641574
9.9625 -5.27244 -5.27271 -5.27244 -2.08341 0.51648
9.9725 -5.13509 -5.13583 -5.13509 -1.6222 0.412573
9.9825 -4.93557 -4.93668 -4.93557 -1.05194 0.278018
9.9925 -4.71477 -4.7161 -4.71477 -0.503033 0.138972
10.0025 -4.52738 -4.52865 -4.52738 -0.0795245 0.0228502
